<?xml version="1.0" encoding="UTF-8"?>
<!-- Generated by org.testng.reporters.JUnitReportReporter -->
<testsuite hostname="b71d37b539cd" failures="1" tests="6" name="org.automation.tests.vendorportal.VendorPortalTest" time="8.256" errors="0" timestamp="2024-10-02T05:12:53 GMT" skipped="1">
  <testcase classname="org.automation.tests.vendorportal.VendorPortalTest" name="dashboardTest" time="2.867">
    <failure message="expected [8] but found [10]" type="java.lang.AssertionError">
      <![CDATA[java.lang.AssertionError: expected [8] but found [10]
at org.testng.Assert.fail(Assert.java:111)
at org.testng.Assert.failNotEquals(Assert.java:1578)
at org.testng.Assert.assertEqualsImpl(Assert.java:150)
at org.testng.Assert.assertEquals(Assert.java:132)
at org.testng.Assert.assertEquals(Assert.java:1419)
at org.testng.Assert.assertEquals(Assert.java:1383)
at org.testng.Assert.assertEquals(Assert.java:1429)
at org.automation.tests.vendorportal.VendorPortalTest.dashboardTest(VendorPortalTest.java:46)
at java.base/jdk.internal.reflect.DirectMethodHandleAccessor.invoke(DirectMethodHandleAccessor.java:103)
at java.base/java.lang.reflect.Method.invoke(Method.java:580)
at org.testng.internal.invokers.MethodInvocationHelper.invokeMethod(MethodInvocationHelper.java:141)
at org.testng.internal.invokers.TestInvoker.invokeMethod(TestInvoker.java:686)
at org.testng.internal.invokers.TestInvoker.invokeTestMethod(TestInvoker.java:230)
at org.testng.internal.invokers.MethodRunner.runInSequence(MethodRunner.java:63)
at org.testng.internal.invokers.TestInvoker$MethodInvocationAgent.invoke(TestInvoker.java:992)
at org.testng.internal.invokers.TestInvoker.invokeTestMethods(TestInvoker.java:203)
at org.testng.internal.invokers.TestMethodWorker.invokeTestMethods(TestMethodWorker.java:154)
at org.testng.internal.invokers.TestMethodWorker.run(TestMethodWorker.java:134)
at java.base/java.util.ArrayList.forEach(ArrayList.java:1597)
at org.testng.TestRunner.privateRun(TestRunner.java:739)
at org.testng.TestRunner.run(TestRunner.java:614)
at org.testng.SuiteRunner.runTest(SuiteRunner.java:421)
at org.testng.SuiteRunner$SuiteWorker.run(SuiteRunner.java:463)
at org.testng.internal.thread.ThreadUtil.lambda$execute$0(ThreadUtil.java:64)
at java.base/java.util.concurrent.FutureTask.run(FutureTask.java:317)
at java.base/java.util.concurrent.ThreadPoolExecutor.runWorker(ThreadPoolExecutor.java:1144)
at java.base/java.util.concurrent.ThreadPoolExecutor$Worker.run(ThreadPoolExecutor.java:642)
at java.base/java.lang.Thread.run(Thread.java:1575)
]]>
    </failure>
    <system-out>
      <![CDATA[<img width=700px src='data:image/png;base64,iVBORw0KGgoAAAANSUhEUgAABVAAAANbCAYAAACkabSxAAAAAXNSR0IArs4c6QAAIABJREFUeJzs3XecXHW9//H3mbq9J5tNIwlpJJCQhC5IrwoCAlIFlZ9exXqxXStevaLYvUoRvKhIFRFQOgiYgLR00hvpu5uts212Z+ac3x+zMzt9Z3dnZtvr+XjkMTnn+z1nvjO75zNnP/M532NcdPMuS8A49cRPZwz3EAAAAAAAAJBlHo9n0NvaMjoSAAAAAAAAABhDSKACAAAAAAAAQBIkUAEAAAAAAAAgCRKoAAAAAAAAAJAECVQAAAAAAAAASIIEKgAAAAAAAIBx68knn0zZTgIVAAAAAAAAwLgUSp6mSqKSQAUAAAAAAAAw7sQmTZMlUUmgAgAAAAAAABhXkiVLE6135GA8AAAAAAAAADBiXHTRRWn3pQIVAAAAAAAAAJIggQoAAAAAAAAASZBABQAAAAAAAIAkSKACAAAAAAAAQBLcRAoAAAAAAADAuLB69eq0+y5ZskSiAhUAAAAAAADj0b6DrcM9BIwSJFABAAAAAAAAIIkxfQl/ebFdkyc4VFZkl91uqNNr6lCLX/vqfAqYwz06AAAAAAAAACPdmEugzp7m0hnLinT8kYWqKrMn7NPjt/TuDq+Wr+7QijUd6vFbOR8nAAAAAAAAMBqYpimv16uenh75/X75/X5JksPhkMPhkNvtltvtls02Ni92HzMJ1OMWFOijHyjXtGpnv31dDkNL5+Vr6bx83fDBCv31ny36+wqPTKpSAQAAAAAAAEmS1+tVS0uLLCtx8aHP55PP51NXV5ckyTAMlZWVKS8vL8cjza5Rn0CtKrXrU5dW6riFBYPavrTIpo9fVKFTlhTpZ/fX62CDP+NjBAAAAAAAAEYLn8+npqYmmQOsNrQsS83NzbLZbKqsrJTDMepTj9Jov4nUtGqnfvKFyYNOnkaaM82lX/7nFJ28uDAjYwMAAAAAAABGG4/Ho4aGhgEnTyOZpqlDhw6pra0to2MbLqM2gTpriku3fqZGFSWJ5zkdjDyXoZuvmaATjxp6QhYAAAAAAAAYTZqbm9XR0ZGx/bW3t6uhoSFj+xsuo7KOtijfpm99vFrFhZnP/9ps0pevnajv3V2rddu9Gd8/AAAAAABAIv7tW+S59w7539shs6W53/5GfoEc02eq6MqPyn3c+3IyxqHqfus1tT/yZ/nf2yGrqzOqzSgskmP6TBVfd6Nci5cN2xjHq8bGRvX09GR8vz6fTw0NDaqqqsr4vnPFPu+kL94y3IMYqC9dPUHzDnNnbf82m3TU4fl67s02BQJZexqMAFedUzbcQwAAAAAAQIF9e9TwhRsVOLBPljfNgi6/T2bjIXlffVHOWbPlmHZYtoc5JN0r31DzLV+V2VAv+X3xHXw9Mhvq1fXSs3ItOEr2milZHY+nvVslxWPrZkeD1dbWFr4RVDKrVq3Xo48+pf37D+rtt9aosalF1dUT5HT2f0N30zTl9/uVn5+fwVEPTHd3tySptrY27W1qamqk0ViBesrRhTppUfYvsZ9QbteVZ5fpj0/1/40PAAAAAADAUHQ8/kjipGKa2v9yv9wnvj+jY8q0jr89PIC+D8m15NisjgdBPp9P7e3tSds7Ojr1o1t/o3feWSun0yGfzy+Xy6meHp+Kigr1yU9dq7PP7v93z+v1qqenRy6XK8OvIPtGVQLVZpOuOb98SPt4d4dXz73Rpromv6rKHDrjmCIdc0Ti7PdF7y/VE//yqKWNMlQAAAAAAJB5O3fVK2Baqtz7XtT60pu/LdcRR0qmKc9dv1L3yjdS7scfs/1IFNi/p2/B4VTVL+6WkZ8vw+WSraJKdZefG76sfzS8nrGiqakpZXsoeSpJPp9fktTTE0z2t7d36Oc/u0veLq8uvOictJ5r0qRJGRl3Lo2qBOrxCwtUUzn4IT/6z1bd93RfRemW3d16bW2HPn5RhT70/pK4/g67dOrSQj3xqmfQzwkAAAAAAJBId49f7R3By4oDMfOBdjzyJ7Xu3S33sSeq6Kob+k2gWp2Zu/FPtgRaW/oW/D41fO4GSVLhJVfKteSYqDlRzQzeyAjJdXd3yzTNpO2rVq0PJ09Tuf32P+qEE5dpwoTKlP0sy1JXV9ewXso/GKMqgXrGMUUp27fv61Fdo09L5xco321EtW3a1a37nm6WzZBOXVqkJfPyZVqW/rW6Q/vqk5fIn3lMccYSqDVVDv34s5N1sNGnW35Xq65uK66Pwy59+xPVOnyqW9+4/aD21AbHNrnKoVtvqtGhloC++usDMns3/dSllTrzmCL97yMNWr6mL7jUVDr05WsnqqrMrs/+dL/aOkzZDOnHn6vR3Onx88ealvTICy168PmWuDYAAAAAAJA5/oCpPXsb1d7eN9ep1+tT5EyS/r27JUm24lKZrX3FYHmnnyPD6VLX8//I6Zgj1da16lCDR1Z8WiOlCZYlI2adkV+gwsuvVdN3bs7kEEe0P/7pMZ1x+omaNq0mrm3Xe/v073+v0tVXXaSOzi797u6H9OlPXS2Xy6nb77xfn/3MdRkdS0tL6jzQ00+9lLTtsKoKdfv9qm0J5s3e+PfKtKpQPR4PCdRscdilxXOSv7nL13Top38+JEmaVu3UL/9zihz2vvZ124MT4X7xqgk6dWlheP3py1InZQ+rcaq6wqG6Jv+QX8OMGpdKi2wqLXLruvPL9bvH40ukLz+zTEfPDb7OmZNd4QTqnOlulRXbw/+aPMFpBZbMzZfbZWjRnLxwArWm0qH/+UyNKkvt2lvnk7c3UVtWbA8nT709lgJmX6QzTamrO/k3DgAAAAAAYOgCpqXtO+rU09NPnsHpUtXP7pRj5mx5bv+Z5HCo7MvfkWPyVMmwyb3seLX8/AdS741xcqn+0OAKzSwpLoFaeOmV6nl3rfzbt2RkbKNBq6dNz7+wXJ/4+BVxbc8+9y/ZbTZJUmFBvj5+w2XKy3PL7w/I42mXaZqy9bYPlWmaKatPJWnbtl1yu5y6cOlCeX1+5Tnsqikv1aTyUp0w+zC5nA5d/vP/U22LR+3t6VUNh543U68jF0ZNAnVatUtuV+xh1ueVlX2T3e6t8+m9Az2aPa1vUtozjy1WdYUzKnmarnmHuTOSQDUihn/+SSV68e127dzfE143qdKhS88oHdB+QpHH6P1PTZVD//PpYPJ090Gfvn3XQfn8Vtx23/99nd7dkeZd/QAAAAAAQEbU17f2nzw1DDkmTVbD5z8ue80UTbjrAXU+93e1/Og7yj/rfBlOtzqfeTxXQ46Tn+9SV1dPGj1TM0pKVfihK9T45U9nZFyjhcPhkM8f0JYtOzVv3qzw+g0btsmyLNnsfYnF0tLirI2jpye9n+G5i4/Qty49N2n7bdd+SB/9zX0qKk5dpBj73Hl5eWn3H26jJtU7uSp1rnf+jL43vbTIpmnVzqj2qjK7Tls28OSpJE2Z4Eyj18AYhvTpD1dGJTU/dUmlnPbkSeL+1FQ59MPeytOd+3v0zTsOqrWdqlIAAAAAAEaKVk9Xv30Md56KP/5pTbjnYVV8/+dqf+gPwUtHJVldnTKHeb7Tw2dOVEX5wHMsRkz9af77z5R3xcvy79mVwdGNDmef9T69+q+3ZPXOg2Cappa/9o7OPOOkcB/TNPWb2+8L94n0yqtv6rkXlku9N3J69LFn9cBDf9f9DzyhFa+tTGsM3WlUL8+eOU0XHH1Eyj6Lpk/W3Z+6StMnV6f1vBpA8nakGDUVqEUF9pTtl51RqvJiu/bX+3TW8UUpq1UT6e6xZBiSyxm/XVlx6uceqJa2gDbs9Op9iwt1zvHFeu6NNp20qEBL5+dr+eoOLZiVp8rSgT3npN7kaUWJXVv3dOuW39Wpw5s8efrtT1RHXcLf0WnqB/fWaffB5PPBAgAAAACAoQndxTyWWVoh7Q8mEi1vl5q/97WE/byvvZpwvX1i+smrodq2o1aHTatSUWGe9h1okmmmngzVZjM0dXKFesrKZNbXhdd3/uOxpNvYJ46+O7UPRHV1laZMqdaatZu05OgFWrV6g2bOmKqqyvJwH9O05PG0RyVQTdPUP556WQHT1EUfPEOS9Ne/Pa/jj1us+b3VrE/8/UVt375bs2cflnIMfn//V1tf9ZGLdIK//yuYjzpsivbMmdVvv5DRlkAdNRWo/TEM6azjinT9B8vTqhg1TWnrnm498mKrvnF7ra7+9m59+kf7lOiYdzgGXxWazH3PNCtgStddUK6JFQ594kOVCpjS/c82p7F1vKMOz1NFSTDp+szrbSmTp5KU5zJUmGcL/ysqsMuZhdcJAAAAAACCLMtKeuMl/+QZQ9q3Y9acIW0/EN3dfm3bUauAaWru7EnKz0ueh8nLc2ru7EkyTVNd1akTepGcOXw9w+XUU4/Xm2+tVUdnl955Z71OOeXYfre57/7H5c5z6ZIPnS273a72jk7t31+rTZt36G9PvKC/PfGC2to61NHZf6Wzz9d/Ed3sBXMVcLn67WcrKVbxAC7hT+e5R5JRU4Ha3jX0S9EPNPi1dmuX1mzt0rrtXer0RkethtaAurymCvOj88pd/SQjB+Ngg1/Pv9Gm808q1t3fmCpJeubfbTrYOLi5Vles7VBVmUPzD3Prpsur1N5p6q2NnUn7f/OOWuZABQAAAAAgh7zdyf/m73z/B5S/8lXZmhsGvF8jL1/FN/zHEEc3MJYl7T/QrJKSfM2cMVH1hzxqaGyL6lNVWayJE0q0/0CTWj1dsp9zuVxb18voTp3cMwqLVHzdjVl+BcOvqLBARx05T7+7+yGdeMISFeTnqaszda5mQlWlGg41qbu7R263S7Kk/Pw8XfKhswf8/IZhJJweIJanulrle/em7NNWUzPg5x9NRk0Cta5p4Jnp1nZT67YHE6ZrtnapoSXQ7zaBBLnShpah30AqkYdeaNHpxxQpz2Wou8fSw8+3DHpfXV5Lt/yuVt/9f5N0xAy3vnb9RN36hzq9s6n/bxwAAAAAAED2tbUl/xvdcuer8Ys/Vv4bL8rw9aiwwKWiojRusmPYVHD2BbJNyN0l/JE8ni5t6wpe0l9clKcDtcEraydPKpfdbtO2HbXy+YL5mMDEqWr8ys80Y/cqKZAkR2O3q+DcC2Urr8zlyxg2xx+3WO0dHTr2mEVp9b/g/FP11tvrdN+fH9dHrrhAxcVFKi8v1br1W7ToqHmSpAMH65WX51ZFeeoblTscjrQupfeWl8vb2qo8jydhe8DlUk/hwObEdThGTUpSGk0J1N0HffIHJEeKqUF7fJY27vJq7Vav1mzt0s4DA5tPweU0VFIYP6vBrgHuJ10tbQH99Z8tuua8cj32cqua2/pP8KbS1W3pe3fX6rs3TtIRM936+vUT9cM/1GvVZpKoAAAAAAAMJ58/oIaGtpR9rLwCdZ52kSSpy2aoYvYkuVwjP3Xj8wW0fWedJk4o0eEzg4ncxqY21dXHJ9zM4nIVXXnDMIxy5CgsLJCzN4HocNh17tmnhNucTocKCvKl3rljS0qKZLPZJJkqLi6UYRg64fijVVZWor/89Vl9/IbL9OFLztVzLyzX22+vlc1uV2lJkc4+6339jiPdBKokNc+YocodO+Tq6AiWH4fuim4YsmwDnyHU6cz8DduzaeQfhb18fksbdnq1eE78ty9d3ZZ++ud6rdnaJf8QcpALZ8Xvu8dnadOu/u9Klo5QVXRkcfQjL7Zq+ZoOHWzoq3Ltr3g6qro6vM/gf7q6Ld1yd61u+X/BJOo3bpior/z6oHYd6InaLvYmUqYpPfpSix5/NfG3CQAAAAAAYPB272mQP9Flr0mYpqVduxs0b87ouZlS/SGP6g+RV+jP9dddkrStpKRIV195oSTJZrPps5+5Lvz/z9300XC/+fNmhW8aVVxcqMsuPW/A43C5XOrsTD79Y6yu8vJgAtWIuIeOZcnh9crX2i5nafpzoLrd7oEOd1iNqptIvfxOe8L19c1+vbNpaMlTSTptafwP+q2Nnerx9z8fRDr21PnU3mVq/fbo+Swik6eStG5blzq6TL0XUfm6fW+PWttN7dzfo5b2vhe6akuXunusqH16e4JJ1Lc3Bt+Tot45XVvaAtq6J5gMjr2JVGG+TfnuUfXrAAAAAADAqGEzBn7jZtsYvNfzIN4GZMlAk5j+FP2/95O/65VXN2XtuYebcdHNuzKTHcwBt8vQn26ZrjxX/NH2nbtqtXbb4G+KNH2SU7+6eUpccPrG7Qe1YWdmKlAx8jzx06Hd5RAAAAAAgPGmtq510JWmEyeUaFJ16rk5c2XfwVZNrRkZYxkudXV1Ms3+K6NbWjr10vOr9dn5xXFtG2rb9f3nd0iSKsoLteToGVq6ZKYmTy5Pur+aYbjplKd3DtfVq1envc2SJUuk0XQJvyR191j6xwqPLjsj/pf7k5dU6uZfHpC3Z+D5YJfD0JeunhCXPF233UvyFAAAAAAAZMXmrQfV0xO8KtVut2nhEVOGe0hpmVRdOmKSoBiakpIStbSkvqn5W2/v0N+eeFuzppZLik+g7mzsu/dOU3OHXnp5g156eYMmTijRsqUzteToGZowoSTcp7R09P3ujLprth9+oUX1Tf649VMnOvXlayfK6RhYLbjLaehr10/UrMmuqPXdPZbueLRhyOMFAAAAAABIZOrkcjmddjkcNk2bUjHcw8E4lJ+fLyPJvArt7V7d/ft/6sGHX5fX61NZXuI6zE21iW+OVn/Io2eeW6sf/vhxffM7D+uFF9dLkgoKCjL4CnJj1CVQe3yW7vhro8wEhabHLsjX9/9jkmqq0iusnTvdrds+V6NjjsiPa7vnySYdaIhP1AIAAAAAAGRCUVGejpg3WQvmT1FJSXxuAsiF8vL4S+3Xrd+jW297Qhs37Q+v27q7Ua/tatGhDp+6/aa2HOrU7Sv2aOW+/qZzMNTZ2aOnn10jw3D103dkGlWX8Ies2tKlOx5t1E2XV8a1HTHDrf/98hS98Fa7XnizLe7u85Wldi2Zl6/TlhbpyMPzEk5e/PLKdj3/RuLsOQAAAAAAADBWuN1u5eXlyev1yuv16YGHXtf6d/fE9Wto69b/Lt8dtz5ZBassSRFNC46YqkmT4nN5o8GoTKBK0vNvtinPbejjF1bEJUGdDkMXnFSsC04qVle3pbomn0xLqip1qKQwddHt82+06fa/NmZ38AAAAAAAAMAIUV5eroaGBv38l09r794GJaw4HII8t1Pf+saVGd1nLo3aBKokPfkvj3bX9uiLV05QRYk9YZ98t6EZNf2XB/sD0qMvtejB51NPnAsAAAAAAACMNVVVVTJsRsaSp5YRLEC12wz97s7PyWYbdTOJho3ekfdau9Wrz/90v15Z2RF1qf5AbNjp1Rd/vp/kKQAAAAAAAMatH/3PxzRlSoUspZdkS9YrdPX+tKmV+tMfbpbLNaprOEd3BWpIW6epXzx4SI+93KILTynVyUcXKt+dOlve6bX0+roO/fOdNm3Y2Z2zsQIAAAAAAAAjkc1m6Ge33ag3396q3/3uaXV09qTsb8TMcxrejyFdfeVpuvCDx2VvsDk0JhKoIbtrffrNXxp052MNWjAzT7OnuVVT6VBRgV2WpLaOgOoa/dq+r1ub3+tWj3+QJasAAAAAAADAGHX8sXN17LI5euzx1/SXv74uWVbCm0XF5k/tNkOXXnyiLrnkZI3iK/bjjKkEaog/IK3b7tW67d7hHgoAAAAAAAAw6thshi679GRddunJ2rxln3bvrtXWbfu1Z2+DamtbZFmSy2lXQWGejl48U+ecdbSmT68e7mFnxZhMoAIAAAAAAADIjPnzpmr+vKk695xjhnsow2IMFdMCAAAAAAAAQGaRQAUAAAAAAACAJEigAgAAAAAAYNyZWlM63EPAKEECFQAAAAAAAACSIIEKAAAAAAAAAEmQQAUAAAAAAACAJEigAgAAAAAAAEASJFABAAAAAAAAIAkSqAAAAAAAAACQBAlUAAAAAAAAAEiCBCoAAAAAAAAAJEECFQAAAAAAAACSIIEKAAAAAAAAAEmQQAUAAAAAAACAJEigAgAAAAAAAEASJFABAAAAAAAAIAkSqAAAAAAAAACQBAlUAAAAAAAAAEjCMdQdTJ7gzMxIgEE4cMg3pO1bPR2yLMmyLBlG8FGKfOz7v2SFt+tbF+wTyYpdodTthjGklwAAAAAAADCixaZKjH6SIbHtkYvRbUZ4XWh1qN0wDFlWX9tQ0i9DTqAONYEFDLfgcWX0JlFjHxU+GEMHe/wxHpswJSMKAAAAAAAQEptL6T+Bmrx/KDGqqGRp7HJ08nSohpxABUaz2ERpsDrUkGRFHJyhBGkokWpFJEmtBAd96gpUEqwAAAAAAGA86y+pmTjB2lfglixxGuoXmzw1DKP/dE0KJFAx7kUnURVxoClcjRoUeaRFV6X27Sud58vMuAEAAAAAAMaiyCrTyHVBVsLEaWTVabI+g0UCFeNa/CX70Y+SkSCRGreXQT73kIYOAAAAAAAwqvRz25gIsZfeRxe+JUqcRidP+y7lV5KE7ECQQMW4Fjq4kidIB5JI7d3CMGIu8wcAAAAAAED/xWTJ8zPxN5ZKlDiN7zvU5KlIoGK8i02exlahRvSM2S7HAwUAAAAAABjz4hOl4RYjdjrFUJVq9E3AY6tP+4rnBj8qEqgY56zeytLgUrKEarREN5PqS6qmU6UKAAAAAACAxOKTpYq5MVT0Jf2R2yim6jTUfyhIoGJci75BVOrkaapkamSfdC/dJ8cKAAAAAADGk3SrQKOTpeG1KZOmSlB1GjklwFBSqCRQgajKU8XNe6q0k6mR85+G1+Rg9AAAAAAAACNf6mIyK6Jf4nlQE7VFJk37Eq9WivlUB44EKsa1RNWmkYnU2LZEy5G4fB8AAAAAAGAwEidGE/aMytNEX9ofmzjNRJ6GBCqQJJGqJMnUyMrUyH7K0EEJAAAAAACAoNhcS2SlabA9Mmma2cRpCAlUjGuRidNUy4pKpiomoaqIMvKBj8Eaym3gAAAAAAAARrjBJDND6ZLIG38rnDBVwqRpoueiAhXIkP4Sp7HrFJdQjdpbXL9+nn1wgwYAAAAAABgF+kuNxCc5E+VcEidME29PBSqQQUZUIjQ2kaokydTY9Yn0JV4zPWYAAAAAAICxJLZ4rf9kSrK8TKJL/oeaTCWBinGub47TyITnQJOmiapMmQ8VAAAAAABgaNLJryRKmobWh+ZIHQoSqIAUUxqePJka7h2TMCVZCgAAAAAAkH3Ji9v62iPnSc0EEqg5YrcZyncbcrtscjoMOR2Swx78gfsDlnx+Sz6/1N1jqrPblGkO94jHh0SX7CdLpiricvx0L98HAAAAAABA+tItUotMvaRKmnITqRHObjdUWmhTYb5NLqctaT+XzZDLGd5KktTjM9XRZaq1w1QgQDIu25Jdsh8/aXGihGv8PKdUpAIAAAAAAAxdbI1aKOfSlzBVVpKmkUigZoHdbqisyK7SItugf2AuZzDpWlZsqbXdVEt7gERqjsTPmxF/QCb+sfZ/qT8AAAAAAADiJc6hxRa2KeFl+dkuZCOBmkGZSJzGMgxDZcXBfba2m2ppCyhgkpTLFMMw+k1ypjMHau/aBNsOaXgAAAAAAADjRHr5rsHk3IaapyOBmiGGpIpiu0qK7NnZf28i1WZIDS3+DE2BC6W8fD+9bfpDFSoAAAAAAEBy2aggzeQ+SaBmgM0m1VQ6ledOPs9pppQU2eVyGjrY6ONGU1mQ+vL9zOwTAAAAAAAAmZXN/Ev2M37jQE1VbpKnIXlum2oqnWn0xFAF7+IW/w8AAAAAAAC5Nxy5GipQh6iqzK48V+7z0Hlum6rK7GpoCeT8uUFVKQAAAAAAwHhBBeoQFBfaVFo0fDno0iKHigv5EQ4FiVAAAAAAAICxbaj5H7Jvg2S3SRPKhr+Ad0KZQ3Z+ikPC5fkAAAAAAABjR6ZzPaTeBqm8xD4ikm2GYais2D7cwxhTmPMUAAAAAABgdMhFHmf4SyhHIYddKi0cOUnL0iK7WtoCCpjDPZKxa7AHn2VZGR8LAAAAAADAWDOSC9hIoA5CRYlDGkE/VMMwVF7CDaVGotDBv3rNet11173q6fHF9XE4HCoqKlB5Wblmz56lRYsWaOHC+cMw2tTuuedPWrt2g77ylc9p+vSpOd9+rHjjzXf0hz88oIsuOl8XnH/2cA8HAAAAAAD0g0v4B8HtGjnJ05B8Nz/KkWzL5m3h5GlsWbnf71dLi0e73tutF158WT/7+W91yy0/1vbtO4d72FG2bNuhjs5O7X5v77BsP1bs2LFLPT0+bdu6Y7iHAgAAAAAA0kAF6gA5HYZczpGXrHQ5bXI6DPn8XDI+Epm9l/IfccRcfeXLn4tq8/v9am/v0J49+7R23QatWPGG9uzdpx/f9ivd8NGr9L6TTximUUczen+1LA3ud2yo248VVvh9AAAAAAAAo8HIywSOcIX5mXvLbDZp6bx8HXtEvuwZ2G0mx4bccTgcKisr1aJFC3XdtVfo1lu/o8NnzVQgYOrePz6ozZu3DfcQAQAAAAAAxi0ybgOUl6HL9202adm8fE0od6ii1KHqiqEXA7ucI29qAQxcRXmZbr75Jk2qrpZpmvrDHx+UaXKHMAAAAAAAgOFAAnWA7PahJylDydOK0mDStKHFr9pG/5D36+CnOWbk5bl17bWXS5Lq6w/pnZVrhntIAAAAAAAA4xJzoA7QUC+1T5Q8Xb2lS2YGJkTMRHIXI8eCBfNUXT1RdXX1WrvmXR137NK4Pu+9t0dvvLlSW7dsV11dvXp8PpWUFOnwWTN15lmnat7c2Un3v+u93XrpxVe1desOtbR6ZLfbNXFilY5ceITOOOP9qqwsT7qt3+/X8uVv6LXX31RtbZ0CAVMTJlTp+OOX6rxzz5Tdbk/52gKBgF5/7S39a/m/VVtbJ9MKbb9Mp512svLz8pJu29Li0fPPv6x16zeosbFRNsOmispyLV50pE477WRVVVUk3bapqVmv//ttbdi4SQf216oJ+Sb6AAAgAElEQVSjo1OFhQWaPGWS3nfSCTr5fcfHbePz+fWd794qp8Oh7373a2ppadWzz76k9e9uVGurRx+54mKddtrJ4f7Nza166aVXtWbNejU2Ncntdmvq1Mk666xTdfTio1K+LwAAAAAAYOQhgTpADtvQkpSL52QneSpJDhKoY868ebNVV1evrdvj79h+55336q23V4WX3W63yspK1NTUondWrtHKVWv1sY9dkzAp+OKLr+qBBx+VJBUVFWra1CnyB/w6cOCg9u7dr3++vFyfvelGLVw4P25bb3e3fv7L27V50za5XE4VFhaopcWjffv2a9++/dq0aatu/s+bZBiJfx99Pr9+/evfaf27G+VwOFRaVqL2tuBNtPbs2acVK97Ul7746YSJ0HXrNujOu+6V19stSSopKZLD7tD+/Qe1f/9BvfTPf+nGG6/TsqWL47Z96aVX9eBDj4WnQ7Db7aooL1Orx6Mtm7dry+bt2rp1uz7+sWuitmtt9aiurl6StG3rDt1x1/+pra1dkmSz2aKSxdu379T//ubucHt+fp6cLqe2bNmujRu36Nxzzkj4ngAAAAAAgJGLBOoAWZKGkqYkxYmBmFxTLUlqbmqJa3tv915NmzZFZ51xqhYtXqjS0hJJUnd3jx5+5G965ZUVuv/+v+iYZUcrL88d3q6+7pAefOivkqTrrr1Cp576PtlswdLqzs4uLV/xbz3zzAs6eLAuYQL1ySefkcPh0E033aijFx8lu90mn8+np556Xk/+/Vlt3LhFb721Sscfvyzha3rmmRfU0dmpj91wtU488Vg5HA6ZpqnVq9frj396UAcP1urOu+7VN7/xn1FJ2D179uk3v71Hfr9fixYt1FVXXqrq6omSpKbmFv3lL4/rzTdX6o47/k/f+ubNmjFjetTz7tm7X8XFRTr99FN03HFLVD1xogzDkGVZWrHiDd37hwe0YsUbOunE4zR//py+Da2+bzh+/4c/y+/z68MfvlALFszT1ClT5HQGw2h7e4d+89tg8rS6eqKuv/5KzZ8X3I/X262X/vmqHnvsH6qsSF7ZCwAAAAAARh4SqAPkD1hyDaEKdc22rvAl/FVlDi2Zl5+xKlR/IEOlrBgxCgsKJEmmaaqry6v8/L5L2//nB9+SPcGcEm63S1df9WGtWrVWHk+bNmzcHFWRuWHjZlmWpXnzZ+v000+J2ragIF/nnnNGykrJzs4u/ff3vq6pU6eE1zmdTl188Qe0dfsObd60TWvWrEuaQG1qbtGXvvhpHXXUgvA6m82mZcsWq7yiTD/84c+1c+d7cUnYhx55TH6/X3PnHq4vfP5TUcnVivIyfeqTN6inu0er16zXffc9om9/+8tRz3vD9VdJUlxlrGEYOuWUE7Vm7btavXqdVq1aG51AjdDR3qH/vuW/VDWhMq7tqaeel8fTrsLCAn39a18IJ7TVO6ftBy44R06HQw89/Lek7y0AAAAAABh5uO3QAAWGmKQ0TWnlli41tQZvGhVKog5xZoCMjA0jT6qfaKLkaYjD4dDkKZMkSYcONSTuZA5uTMcfvywqeRpp/ry5kqT6+sak28+Zc3hU8jTSrJmHacmS4DyhkdMTNDY2a/OmbZKkiy/+QNLpAS659INS7/yutbV1UW2GYSTdTpIOO2yqlOr9knTRReclTJ5K0jsrV0uSzjrr1KjkaaQzzzwtaRsAAAAAABiZSKAOkH+QSadIiZKokyqHXgycibFhZOns7JR6KzQjq08T8fn8am31qOFQo+rrDsnvC0iSujq9Uf3mzZ8jwzC0Zet2Pfrok2pubh3QmGbNOixpW3FRoSSpo3fciSxcOC/l/hccEZw24L33dofX7di5S5Lkcjk1d87hSbedOmWySkqKJUnbt+9K+Tymaaq9vUMNjU06VN+gzo4uSVJnlzfpNrMPn5VwvcfTrsbGZknSwgXx0x6E2O22lDf2AgAAAAAAIw+X8A9Qjy8zVZ6hJOrRc/NlN6S6Jv+IGRtGjv0HaiVJFZXx82Z2eb169dXXtH79Ru3ff0AeT3vCfVhW9O/F5JpJuvaay/XgQ4/p6Wde0NPPvKAJE6o0c8Z0zZkzS4uPPkpVlcnvZO92uZO2hWb5tVLUzpaXlaXYXqqoCLZ7PG2yLEuGYai1NZjkLSktCc/XmnT78nJ5PG1qbomeN9ayLL351kq98/Zq7dmzT41NzXHvTW/HpPvOS5LE9rR5wv8vK0/9+sr7aQcAAAAAACMLCdQB6ugyVVmamX2ZprRqc1dmdtY7NowtW7ZslyTNmxNdtdjR0anvff82NRxqVEFBvo46aoFqaiapvLRUDpdDDodDDzzwqFpbPQn3e/rpp2jRoiO1cuVqbdy0NTjn6Nur9Nbbq3T/A4/qtNNO1jVXXxZ1h/lMMfpJgJpm/O+xzbBFPaazvRkzsfBvfnuPVq9eJ5vNpgUL5+mkk45TaWmp3HluOR0OvfLqCm3atHWAr6ZXRNK1vwRv7LgAAAAAAMDIRgJ1gHx+Sz0+Uy7nyJr9oMdnyucnMTOWbNywRfX1hyRJRx99VFTbiy+9ooZDjaqoKNd3vv1VlZQUxW3/2mtvat26DUn3X1lZrnPOOUPn9N4wqr7ukN5euVpPPfW8XnllhUpLivWhD12Q8dfV3Nycsr2pKVg5WlJSHJ6ztKy3arW1tVWmaaZMUoYqT8si5hrdvGWbVq9eJ8Mw9LWvfUFzZsdfit/Y1DjoBGpJSd+3Ks3NzapIUWXa3+sHAAAAAAAjy8jKAo4Snd6RV+lJ9enY0t3drT/f/xdJUnX1RC1duiiqfe+e/ZKkhUfOT5g8laSDB+sSrk9mYvUEfeCCc3T5ZRdLklatXjfI0ae2cWPqJOW7GzZJkmbO6Jtrdeasw2QYhrq7e1LObfre7j1qawtOZXD47Jnh9fv2Bt+vCROqEiZPJWn/gYG9X5FKSorC0x5s2LAlab9AIKBNmwdZ5QoAAAAAAIYFCdRBaO0wE8+dOEwsy1JrOwnUsaK5uVU//elvVVtXJ7vdphtuuCru7vFut0uS1HAo8d3u1659N+nd5P1+f8rf34KCfElSd3fPEF5Fclu2bNOGDZsTtm3fvlNr174rSTru+GXh9RXlZZo/f44k6fEnnko4fsuy9Njf/iFJmnHYdE2dMjnc5nIF36/W1lb5fPHzDTc3t+q1FW8M6XUdc8wSSdJLL70qj6ctYZ9nn3tJHR3Jb7AFAAAAAABGHhKog+D3W2ppCwz3MMJa2gIKMK/iqBUIBNTS4tH69Rv15/v/ov/6xve0Y+cu2e123XDD1Qnv2r502dGSpE2bturll1dEJRTXr9+oe35/n4qLE1em/vi2X+urX79Fy5f/W15vd1RbXV29nvz7s5Kko45ckOFXGjRx4gT99vZ79Pq/31YgEEz8W5alt99ZrV/96i5J0uzZs3Rsb0Iy5JprLpfT6dTmzdv0m9/crYaGpnBbQ2OT7rzzXr27fpNsNpuuvPLSqG0XLVooh8Oh7u4e/em+h6KSw7V1dfrVr+5M+n6l64ILzlZJSbHa2tp1222/1vbtO8NtXV6vnnjyGT322D80qbp6SM8DAAAAAAByizlQB6mlLaDSIrtsNiON3tljmiMrmYvEbL0VpJs2bdUnbvx8VFuiasrp06bq2msv1+wkl5svW7pYp7z/RC3/1791358f1lNPP68JE6rU1NysQ/UNOuH4Y+R0O7X8X/+Oq15dtGiBHn/8ad37hwf0xz89pEnVE1VYWCBPW7vq6uql3grOiy+Jnv/U6t2NoeS/80aKPqHtzz/vTK1Z+67uuedP+vOfH1ZJSYk8Hk84mTt16hT9x6duiBv35JpJ+txnP6m77rpXq9es1+o161VVWSHTNNXc0irLsuR0OvSJT1ynuXMPj9q2rKxUH/3olbr33vv12mtvas3q9Zo8pUbd3m7t2btPk2sm6aILz9f9D/yl70XEvqh+XntRUaE+//lP6de/vksHDtbqh7f+QiUlRXK789TU1KxAIKALzj9bpmnq2efqUuwJAAAAAACMJPZ5J33xluEexGhkSfIHLBXl26RhS4VYqm/yq9tH9elgXX5maRq9hs4f8Gv16nXhistIDodDxcVFqplUrWXLjtYlH/qArvjIxaqoKE+5zyVHH6XqSRPV3t6ppqYmNTY2qrysTBdddJ4+/OEL1dHRpY0bN+vMs05VzaS+qsd5c2fruGOXyOV0y+f3qaGxUfWHGmSapmbOPEznnXuWrrvuCuW53VHPt2fPPjU0NOr8C85SWVni982SpbffXqVFixdqScyNr/bs2aemxmZdeNF5OvOMUzWhqlJNTS1qbgreVGnKlBqdd96Z+uh1VyStBp04sUonnnic3C6XOju71NrqUXdPtyZMqNIJJxyrT37y+qRznE6fPlVHHXmEOjo71dzSqvr6Q3I4HTr1/e/TJz5xrYqLC/Xmmyt19NGLtHDh/PB2LpdTK1etU15eni644Gw5HMm/dyovL9MJJxwrh8OhjvYOtbUH52OddfhhuvbqK3T66Serp6dHa9e+qxNPOk5z5hyedF8AAAAAACBzAn6fJKm2tjbtbWpqaiRJxkU37yL7NgQVJXaVlwxPIW+zx68mD9WnQ/HID6cN9xAAAAAAAACQZd3eDknS6tWr095myZLg9ILMgTpETZ6AvN25v4FTp9ckeQoAAAAAAABkGQnUDKht9Mvvz10S1R+wVNfoy9nzAQAAAAAAAOMVCdQMCJiW9tT65GnPfkWopyOgPQd7ZDLxAgAAAAAAAJB1wzN55xhkSTrU4le3z9SEMkf8nbyH/ASWDrX45enI/XQBAAAAAAAAwHhls6zoUkaWh7bc2h7Qnjqf2joCwbaY9oEuW5alto7gPj0d5rC/vrG2DAAAAAAAAKTiMGIqJVke+rLPb6m+2a9Gj6HyYrtKCm19/WIrU5Msm6YlT4eplvaAAgEronn4X99YWgYAAAAAAABScViSjN7KPMMwZFnBHF54mfZBtwcCwcv6G1okt1MqKnDI7TJkt0k2m2S3Bbe3zOA8qqYpdXWb6vCa8nabwz7+8dAOAAAAAAAApOIIpZBCyaS+QsneZdoz0t7tk7pb/UrXSBv/WG0HAAAAAAAAUnGM1MpA2mnPRftYwLyuwODxZUp6iDPA4BFn0kOcAYaGWJMeYg0weOM9zjgik0tKUrlHO+1jtX2k4QMdyK3BHHOj/cSBOAPkFnEGQC4QawBk23iMM5FswYq8vjci0SPttI/V9uFiWVbCfwBGvtFy/I6WcQKIN1qO39EyTgCJjZZjeLSME0C8sXT8OvrmhgxV6kUsK2aZdtrHWHuujNYAASB9scd5rr9tJc4AYx9xBkAuEGsAZNtwx5nBsKWq1DP6qeSjnfbR3p5No/3bFQBDk4sYQJwBxjfiDIBcINYAyLbREAN650C1Yir1WGZ5fCxnWiYP9pEcOIDxZqgxI/J4zuS+hoo4A4wcxBkAuUCsAZBtIynOZJItlEyKrtRjmeXxsZwp1hC+KbHG0JwgwFiVyeN0sNsSZ4CxjTgDIBeINQCybSTEmWzorUCNrsxjmeXxspwJA91PNg7+kRJQgNHEyMC3mbHH3kD2GYpJg3meTPcfrn0CYx1xZmCIM8DgEGsGhlgDDNxoijPZ4uhLKvHI4/h7HIqBfPAO5kOaD3YguwZyjA3mj4J0tgn1T9aXOAOMbsQZ4gyQC8QaYg2QbaMhzmSbQ4pOKkUvS7TTPrbbByfd4JFOv4F92EcHCk4UgKGL/wCOP64SHWv9fXAP5AM+0Zc6xBlg7CDOxCLOANlArIlFrAEybaTGmVxwSCOjEpBHHofjcaAy9eGfut1I2Cc43ETrAAxNog/96OW+eGFF9EnvEpR0TwYGelJPnAFGE+JMeC1xBsgiYk14LbEGyJKRFWdymUgNV6CGH2Mq9WinfWy3py+d/qn6JG+LHothhALB0McDID2xH7zxx1/weIs87ILbJD4pSPRBns6H/ED6DKyNOAMMN+LMwJ8LwMARawb+XAAGZqTEmVC/XCVRqUDlcVw/pqu/D9yBf/j3ffAbhhUXcPiAB3IrnWPOMIyYY9UKnxQkOyEYyMlA5BgSxSjiDDC6EWcA5AKxBkC2jYQ4E9snF0lUR3hARl9QsmIq9GinfSy396e/fsna49cn/+BPZyycGAC5k+rDO7JPX7fEJwT9nQyE1ic6vvtrT7yeOAOMFsQZALlArAGQbbmOM4n0154JjtDgrBFSEcgjj7l87E9/H7zJThCihZ4vvQ/+gXzYc2IADF06H/iJ+kb2SXRCkM7JwGBiTOL1xBlgJCPOpEacATKDWJMasQYYuuGOM8OZRHXEVeqxzPK4Wh68RNtHr4v/8O9/m3TajLj/czIADFxfJUTk2vhjKdkHf/Q+Ep0QJD4ZGMiJQLL+ESMgzgAjGHEmVRtxBsgUYk2qNmINkAmjIc5kmyM4sOAAQ5V5LLM8XpZTGciHc/yyBvzhH9/HiEr4htcaiYJU8teR+jmAsSf9D9REx2X8voLrUn/4JzpRiD8ZiG+P/EIn2R8VlmVF9Y0cK3EGGB7Emfh9JFsmzgCDR6yJ30eyZWINMDijKc5EbjOQL2syxdH7FFEDCyVVo5dpp32stscbfPI09M1pOn0TbxteirmjZN+JR9KhAcjQyW7fh278cRd74p9oOXIcoZMBK+YbVdM0k54IxL6G6L7EGWC4EWeIM0AuEGuINUC2jZY4E5sYHY4kam8CNTSo3sfQaGPX0077mGtPfLAlk+pD3ErxzWny7YyIQBG9baJh8C0okH2JKiNC64OiJz2P/VY00XLsN6qpTgRiRVZtSAZxBhgDiDPEGSAXiDXEGiDbchFnIo/14UyiRlWghh+tmGXaaR/T7enpP3marC3R/6Pn+En0oZ/sAz9+fea/WQHGj+jjKdUJQOz60DeioW9Hk334x/7fMCTTTHwikOyEQr1xxmaLGDlxBhgliDMJ3xXiDJBhxJqE7wqxBsig4Ykzg02iZprDCn73o1BlnmVZESHFkCWLdtrHbHusdD94kyVPB/Phn+q5Q9/ORq+L65VwzFJ0UhcYr4ZWfJB4rq74D/3EJwOJ/q8kJwLRY45dVlzMiO1HnAGGD3GGOAPkArGGWANk20iLM9GX9IfGmF4SNdPJVUdvfje099hwI9ppH8vtQ5V+8jS9D//YD/1gU/QJSqITjlTjA5CeyA/z5KyUH+6xJwOpvlGNPRFI+oxJThaIM8DoQ5wJvQ/EGSCbiDWh94FYA2TLSI0z2RSeAzWqUi+8HEI77WO5PWig1af9JU/jvzlN1c8I7zP0oR+a8yP6uVOPFUB2JDrkIo/pRCcGqao1Yk8E+o772D8kjLg4k7pCgzgDjFbEGQC5QKwBkG2ZijOpkqjDUYUangM1qlIvLrlEO+1juT25ZMnTvhtTpU6eWhE3lkp8oqDwSYJigkqqD/zocQAYmuQn1fGXqRlxx1+ik4Hob1QVdVIQeyIQ3T9yLPEnE7HbiTgDjBLEGeIMkAvEGmINkG3DG2f69mWlnUTNFEd4gMHvhMLf9oQGFf72h3bax2B7SKIP2lSi9xO9j+gTgL7lQ60B5TslyzIzeHkI36YCmZPoeEr/GDMMyW6zyem0yRm6vsMwwrHANM24E4HQdsliSrI407ev6DhzoLtDJaZbltnf5TQDQZwBMmf0x5k6r0+Flk2WyfkMMHKN/ljj9zapxypWwExczTY4xBogc7IbZxIlUZUizqQcaYYSq47QPkIVetH77Fumnfax2J5KbFI1NjEavS558nR3rV93P+7R7jq/jjrcrVs+WSOHPeVTAxil/H5TXV6f2jt6lOe2y263wicCSlChEfqjwYi57C3yMrfIP1KUJM5s6j6kb+37pzZ3N+ik4mm674jL5TIINMBYNFxxZnunVz/ddkA7Oru1rLxIvzpmrpwZ+GMEwMg0XLHG1rVDxu5fyOndoYLSJco76ieS4RyOtwBAlqWKM4mSqKHHUJyJ7BOSzSpUW18A5JHH8feYrkSXfSS6rCS079CB3O2z9MuHW7W7zi9J+sDJpSRPgTHM4bCpuMitsrIC9fgCUvhDPD7uJP4Cxoi6NC2dONNl+fSFPc9qc3eDJOmGSUtJngJj2HDEGa9p6nub92lHZ7ck6fLp1SRPgTFuOGKNYXXJtvMHsnl3SJKcky8leQqMYUOJM0FGgnXZYwtX6IUuc45Yjn2knfax1q4kB1uyAzBVqbhlRc/ZIUl/e6VdDS2BcJ+5092JNwYwpuS77XK7HPJ2B4//YMVF8EQg2R8QodjR3xQhVsTlc5J0e/1b2u/zhPsuKZqc7ZcHYATIZZy5b+8h1Xb7wn0XlhVm++UBGCFyGWuMAw/I8NWG+9pKjsj2ywMwAsTGmcgkarLcTGTeJdZAcjwDEVWBakQFNMU90k77WGsfmOTVp33fsiqqz7rtvqh1JYW2wTwxgFGooMClgBl7EwX1U41hxH2T2l+cWdG+N2pduTM/K68HwMiTqzjzTktH1Lqy0GRlAMaFXMUao21l9N6dpVl5PQBGnsHFGcXFkmyyRc4dIEVP2qpwVpd22sdmezoiD9JE28W2h75tlaSDjf6ovk5H7g5uAMPL6bArYEZWWfTFCMV88Pf931JozrBE7YnizHs9LVHP6+byfWDcyFWc2dvVE/W8LhvnM8B44nTYFQhkP9bYuvdFP7Hhyu4LAzBiDOScJqS/9kyzhZJJUZV6LLM8bpbjD7L+DrzEJwrRB2+o3R9IuAsA44BhBP9uCF2Wpog/Fkwz8R8SqdaZphUXZ0zTVI9FoAHGq1zFGV8O/igBMHKFikiyHWtkRV+9B2D8CJ3TxMaPyPyNksSURLJxGX+wAjWmUo9llsfLcn8iL0ExklafJr40JZel5ABGsuQxIrLqIhRngrGmbxviDID+EWcA5AKxBkC2pY4zcb2N+G2yxWZZVu/ckH0VdCyzPF6W0xV78Cb6ViS6PfsHL4DRweq9SYIiYkQoHkX3if8X2U6cAZAMcQZALhBrAGRbunEm0WO22RQxJ6TVW5oXWalHO+1juj1GsgMvVfVpspOGgSRoAYxdoRgR+QHfFyOMqBODyG2UIM4k3geA8Y44AyAXiDUAsi02Rijqi5dUVajxMp1YtSliYlajtzQvslKPdtrHdHsKfQebkWR9sv/npnwcwOiQKjb0zSVmJIgnRkwf4gyAxIgzAHKBWAMg21LFhmT/T9Y/08IVqH2VedHLtNM+ptvT0F9ZONWnAJKJveykvxOA2IqMZH2JMwBCiDMAcoFYAyBX+oszkfrL12RSuAI1WaUe7bSP6fZBCn2TGr+Pvm89+BYVgOLiQXTQCMaQxJeiEGcApIs4AyAXiDUAsm2wcSYXbOEnD1fksczyeFruT6IP+qBE354qfFADQLRQbIj/NjVx3DBCczcrfjviDIBEiDMAcoFYAyDbkseZxImcUHI1m2ySJaM3ogWfkGWWx9Nyn1QHZbKy8OhlI3xw8w0qgEihuBCc+ytxtUVk/Ej2BY1kyDRN4gyAOMQZALlArAGQbdHxw4haH9sv1fpEbUPRW4GqiDJYllkeT8upJe/TV5marA/nAQCUIhb0xY7oE4M+Rm8bcQZAasQZALlArAGQbf3FmVSVptn+MsYmWb3P3VuZxzLL42p54BIdlKFvRwa5SwDjhJFgQvSQ/r4pJc4ASAdxBkAuEGsAZFu6cSZXHFJoQpK+yjyWWR4/y4OT7AOfS1AAJBN5yVryttTrUq0HAOIMgFwg1gDItv7izHB8AdNbgZq6Uo922sdue2qRB2WqeTVid2ZZnBAACAp+sRK7NjJmWDF9rYRtxBkAyRBnAOQCsQZAtvUXZ1LlZbKdVLVFVuT1VeZFL9NO+9htT6X/o48PegBDkU4IIcwAGAriDIBcINYAyLb08i/Zy6IGK1AVqsjrfWSZ5XGzHK//g9KI2jR6MmMASC3RXD7B+BEZROLjDHOFAUgXcQZALhBrAGRbKFakjjPxslHsZgsnk6Iq8mIq92infcy2965JcHCF1vU3CXpofXy/zB+wAEYjKypGxP4/9jHdNuIMgD7EGQC5QKwBkG3xuZV05lFOlL9J1G8ooitQwxlcQ1bcetppH4vtAxd/8BlRbVzWD0AJYkV8fDCS9ifOAEgHcQZALhBrAOTaQOJMrtgSJ5ms3qElS0LRTvtYac+GwSVmAYx1mYwNxBkAiRBnAOQCsQZAto282GAL31CnN7kUXZkXccMd2mkfg+0AAAAAAABAKrbg5KvJK/dop30stwMAAAAAAACp2IIppL5KvfCyYpZpp30Mtg9W7HwbsXeR5K6SACL1FyPSmeycOAMgFeIMgFwg1gDItsHEmVywhSryQpV64eXYR9ppH4Pt6crmndwAjG+J7hiZ6i6SADBQxBkAuUCsAZBtw5mbsQWfJ7JSj2WWx89yJiQ7gDlJAKAU8WAgMYI4AyAV4gyAXCDWAMi2TMSZbLEZhmTFVOqxzPJ4WR6M/i4xGQkHNoCRp7/YEBlbiDMABoM4AyAXiDUAsm0gcSZXbJYlGZGVeSyzPI6WkzPSOiC5JAXAYITmZU7vixyrN34RZwCkjzgDIBeINQCybSB5l2AeJzvZ1b4KVB55HIePmcSlJ7n1jxUedXWP7ff778vH/mscb4YaJ4gzufViyw5t6jw03MMYsmeat2lbV+NwDwM5QpwBkAvEGgDZNtLihMOyghna4GPw2yCWWR4vy6Ndh9fUJ/9nn9q7zPA6h1266xvTVFVqlyQdag7oK78+oOsuKNeZxxaF+63Z2qX/vqdOgd5NC/NsWjw3TzddXqWifJvue6ZZO/f36Nsfr5bNFuyz6b1u/erBQ7rzv6aqo8vUZ27br+/eWK0J5Q7ddNs+3XzNRC2ekxd+ju//vk4nHlWos44LPu+BBr/+8I8mrdvWJUmaNcWty88s1ZJ5+ZKkp1Z49I8VHjW0BDShwqFzT+Qu2NUAACAASURBVCjWh95fEve6d+7v0d2PN+nkxYXausenXz54SD/9wmRV9r5mKfgz/uYdtTp6br6uOKtUkrS71qffP9GoTbu65XIaWjIvXzdcWBF+r77+24NaOi9fV5xVFt7PY6+0am+tTxefWqov/WJ/+P2KdNaxRaosc2hPbY++fv3E8Pq2DlM3/WSfvv+pGh1W49Q376jV+xYX6oKTiiVJz73Rpqdfa9OPPlujfHfw9/Hp19v07Ose/frLU/TcG23q8Vn68BmlA/m1ADLuI5se1uuePVHrbp99oS6snC9JMmXpkg0PaG5+pX4y67xwn9ZAt05afZc8gW5JUp7h0MLCifrhzLO1oGCiXm7dpW/tekGPLbxG1c5CSZLX8uuUNXfrgflXaE5+pa7Y9JA+UDFP11cv0aUbH9CppTP1hSknhp/jjoNvaWtng35x+AWSpLZAj36yb7n+0bhFHr9XM/LKdc3ExfrYpKWSpOWtu3XbvuXa0tmgUodb55XP0VemnaISuzvq9Xktv76841l9f8aZOqJgQnj9D/e8qn+27NRTR31UbqMv5vQ3tv5ea7HdrfPW/1GPL7xaM/LKw/s4e929+uLUk/SBinnhdc81b9dXdz6rRxZcqXn5VeH1P9v3mrZ3NeqOORdFvZYVre/pgbq1um/+ZWn/zIFcu3vHAd2z42B4eaLbqSumT9R1MyfpzUaPvrRquwK9f0QVOew6rrJE/7XwMJU4gsfhjvYu/WLzXq1raZfbZtPxVSX6/NxpmpjnlCR95p2tWtnUFt6/Ien2Y+fpnUaPdnd6tay8WD/etCduXJL03SNn6ILJleHle3Yc1NuNHt1x3DzZIvo1dPt0wxub9N+LZmlped8516v1Lfrhht2649h5mlXUd56Uzut6s9Gju7Yf0La2ThXY7TqmslifPHyyDivM0++2H9DuTq/+Z9Es/bvBo9s27dbdx81XlTv4mrtNS5ctX69fHzNXMwvzBCDEVPeaz8oomCHX3K9Kkvz7Hlag8V9yL/5tdM+Wt9Wz5VblHf+oJFvCbYM7aFfXO9cp78jbZBTNUfe6L8g+4TQ5ai5JOIJA4wr1bLtNeYt+JaNgZt9u9vxBvt33hpcN9wTZK06S8/DPS4Yj6X5jt5MkR83Fcs7+UtS6yO19790ts32b3EfeKikYc0zPu+rZ8kPlHXOfut68TO65X5Wt4sSYfXxJ9sr3yVY4Q93vfk2y/H3jLThMecv+lHLf7gU/kHf1jZIViHtf7NUXyDX3awo0Lpfvvd/L6torw1ku+8Sz5ZzxMclwBd/rtz4iBdqDG9lcshXNkWv2f8oonC3vW1fIOf2jsk/6YO+b3S7vmpvknH697BPOSPjzANJhUziZFFGZF7FMO+1jun3ARlbS1dNuqr3L1H9cWqlbb6rRrTfV6EefnazKkr4/6v/2aqtKimx64LnmqORffbNfAVP6wX9M0m2fq9GnL6vU+h1ePfhciyTpULNfqzZ36b5nmsPbNHkCOtgY/ID0dJhqaQuosTWg9k5Tre2mfvLnejW09H0Q1jX5dag52L++ya8v/ny/Dhzy6apzy3X9BytUUWLXk8s9kqTX1nXqd483adkRBfr8R6p02tJCvfJOuzq88RnLZ15v06zJLpUV29XsCajJE9ADzzZH9fnX6g5t2OlVQ0vw+Q82+PXlXx5QV7elT11aqSvOLtPGXV59/TcHws9R1+jX/c+26J1NXeH9HGryq67Jr6nVTt3yyUn67o3VOn1ZkZwOQ9+9sVrfvbFaHzm7TLWNPtU3+6PG0N4VfF8aW4PrDxzyqbbRF25fdkSBGlr8uvOxBknSrgM9+v0TjTrzuGCCdfGcfL3wZpswnhgjLs5I0s6uJl01cZH+uuAq/XXBVXpswdU6q/zwcPtzTdvU6OvUk42btcPbFF7f7OuUJ9Ctb00/TU8svEZ3z7tYAcvUF3Y8LUmq7W7Tnu5WfXrbE/JbweOwM+BTbU+7GnydkqRdXc3a090qSdrrbdVP963QP1t2hp9jf7dH+7qDccRvmbps44P6W8NGXTtxsb4/4yy9r/Qw/b52pdoCPTrY06aPbfmryu15+tHMc/SZycdrQ2e91nfUxb3mZ5q2qdnfpVPKZoTX1fs6dG/dKpmy9NdD70b1729s/b3Wxv/P3n3Ht1Hf/wN/3UmyLct7j9jZeyeEDEYgkKTsvTdfOlht6YK2tIWWMvpjtbRQKFD23oRNIYEwkpBFduLEzvCME8fbssb9/jjd1GnYsexEej0fjzxOn/t87nQy3Fun973vziv/a/C0G//2XU3YHViH4t49S1GQlIZ/Vn9rmL+zqwk73QeCPsvRmUOwuLkStd2MJ4RDNs7s7nBjsCsFT8wcg8eOHI0zBuXjn9uq8d3+VtR1dsMnSfjXEaPwxMwxuGXcYKzc34r/VNSoy1717SZ0+Pz41dhyXD28GGub2vDD5ZvR5pWPS3a1d2F+UTYePXI0Hj1yNP5z5BhMzHJhT6cbezrcOLE4B3+fPhIPThuJkelOjMtIxYPTRuLv00dibkGWYVvru7qx5kAbPqwxVnY/tr0Ge90eNLq7jfMrapCX7MBTO2oN8yN9rv/VN+GnK7chw2HDTWPKcOWwIuxze/BpvXzMo2w7ADR0daOmsxu/W7tDTch2+nxocHuw3+0BUf87NGMNAPgal0LyNMG39zNInfKJEzF9FPwt6+FvWmEY69n1PATX8EDy1HpZAJC8BwDPfvi75StXpM49kDqN+7xhvTufgJCUC8+u5wzz/Z27IaaPQ8r0/yJl2pNwlF8Bb+3b8O37Kux6/Z27IaaNRvLkh9R/jvIrgsbpl5fcdfA3LYOn8nGtv7sRUlc1INggppbBs+tZ4/s0r4W/eRXEjHGQuuoAyW94z+Rxd0Rct5A6GMkT7kXyhL/BVrAQEJKQPOFvSJ7wNzgGXw5fwyfo3ngrRNdwJI36DWyFC+Gtfg3dm27T/ta+NjiGXofkKQ8jedxfAckH95a/AgBs+fPQXfF3SB1VAIDubfcCvg7Yso8M+d+DDlf9G2PsMFSghqrUYz/747O/70V7/5++VVbowOjBcvWUKED9bG2dfny6vBV3XluMe55twNI17Zg7zWVYdkRZMpzJAkYPTsbilW2oadQOsl0pIt5a3IzRg5Mxa0JqxO0QANz9dD3uvqEEdpux77kPm5DsEHDPjcVwpcgHICfNTlf7t+9xIzNNxDVn5Kjz9JWgemu3dapVq4rPV7bh9LmZGFzkgNcnv5/eCx81IdUp4o6fFCE5Sf4DTR3lxI33VuOzFW047Ri50jU9VcT9L+zFAzeVoDDHri5vE4FJI+TqjYo9bogiMG2McRskPwyX3Ls9FuWqOnmZNtxwfh7ufroBE0c48dbiZkwc4cTpgW0ZVZ6MRUtbUL/fa9gWOpz1ReAZmDhTnJSOaWklQOD+P6Lus/y7dgUuK5yCzR178WjtCvxt6ELDssOdOeqymzsacd/upYb+qq4DuGPXYtw2OHJVQJY9BT+tWIT3J16B8mRjdfarjeuxsaMBb42/BNMD7wcAtwfWu7KtGm7Jh1sHH49RTrma7KrCaZbv81XzTgxNyUaWTavaerJuJY7KGIyTc0bhXzXf4qKCyYb/ouG2rTef1cqS5irUdbfizfGXYMH3/8Ut3ceiNCm4Ul9valoxAOCL5ipckD+xV+9Lh5PDN844bSImZMrHKZOz0vDSznpsbulAeuCgYlymC6mBMR/U7MPuji4AwH8qauCy2/DwEaOQYpOPMWbmZuKirzdgUfU+XDhYvjokLzkJEwPrFwTBUD2aYbdhVq68Lz1XZUeyKGJ2Xvh9698VNTixKAdJooDK9i58WLM/aMy3+1rQ4O7Gf44cg0u+3ojrukpRlJJkGBPqcz24ZTdm5WbgwWkj1bEXDS4Mu027O7rwj617cNPosrDjiA7e4RtrvHtegr34TPg7tsOz52Ukjfw1xMypENJGwVP9GpKzZwAApPYd8DevRvLE+8Iu21P+phWQ3I1ImfJPdK28GpL7RxCSdfu2LQVC6jAAgOCXf5sJjvDxSF7OBTF9vPxagFr5GX6ZNHj3vAQxYxxsuccYuuyDLkD3ht/B37oZYrp81ZG3+jWIGRMgpo+Dr10+aay+JwDors4JuW7BBjFLPv4SW7fAJ4gQs2eq3Z7KG2DLmYOkMX+A8imE5Hx4Kh6A1F4BBI7NhNQy9b1t7Tvg2fkEAMAx5Br4D6yCe/OfYS8+E769S5A8+e+AXbsygA4Xh9ZJGFFJKoWt1GM/++O0P178/pE6nP2bKpz9mypc//+q1fkffN2K0jwHRpQlYf6R6XhzcXPQsq98cgDPfdCEB17ci5WbOzFnopZgHT88BRctzMaDL+5FTaM3aFmzX1ycj33NPjz+VvC99rbtcmPiCCdcKSL8EnD5bbtwzs1VuOl+ucpi9kQXOt0SfvuvWrzyaTPWb++C3yL/6PFKqN/vRUmeQ52XmiLg+CPS8Mx78g+X975qQZpTxHRdgrNitxsThqWoyVMAKC9yIC/Lhoo9bnXeeSdkYVR5Mu5+ugHd3p79T7KjphsX/n6n+u9n99VEXGb2xFQsnJWOh15uRHObDz+7ME9NgA8qkD/j7npWjtDAu3/PVxi6/D4MXX4fhi+/X61m/K6tGuva63Bu/nhcXDAZr+/dgL2mKso3Gjfib7u/xB+qPsU/q7/BSbmj1L50WxIeHnkanqpbhXf3bY64HTeWzMKUtGL8eOvb6JKMcWlNWx1y7alq8vRHW9/C8OX3Y/x3/0Btdyump5VicHIW/m/rm7hz1xJ82LQNHX7r/WtrZyOG6i6l7/B78Fz9GlxcMAmn5Y7GXk87Pm6qiHrbevNZrTxauxzn5k3AiJQczEwvw39qv4u4TJEjDS7Rwfug0mHBJ0no9kv4qrEZrV4fSpxasvHJ7TX4d0U1bltXia8bmzGvUN5HN7a0Y1pOupo8BYBhaSkoTEnC5hYtHr24sx5zPlmFOZ+swtxPV6HT6r48UToqLxPJooBXdjUAAP61dQ/OLsszbAMAPF9Vj1NKcjHElYKp2Wl4cWdwxbvV52p0e9DQ5cGxgerXTS0dOPbT1Tj6k1W4f/Nuy21y2W24c/JwvLqrAZ/WNVmOIUp0/pb18Ldtgb1wIexFp8FX/xHgkX9DOEovgL/pW0id8j7mqX4NgmsYxKwjIi7bE549L8FeuBCCczDEzMnwVr9i3MYDq9D55fHo/PI4uNf8GLa84yBmTo382ZpXoXPpPPnfl/Pg2/tZxGVsWZPhGHw1urfcCalzj7EvZw4EZxm81a8CgapS376lsA+6QP+u2nsunQdPxX1RrTsUqXsfpO5GiDmzjNsSSLD627ao83wNH8NT9Tg82x+EZ/ezsOXNlTsEO5LG/hFSZzU8FffBXn4pxIxJUb0/UTiiklQyVKIiuHKP/eyPx/54ccN5ebjvZyW472cl+NM18tlLj1fCu182Y96MNPj8wPHT01BZ0421W7sMy7Z0+LCz1oPFK9tx6Q+yMX+m8czceSdkYsLwFNz9VD3c3eF/aGSm23DzFQX4eFkrPl/ZZugTRAF+v5yQFAXg/ptKcf15eajbLycvRpYl4ZFbBmHWBBcqa9y466kG/PyBarR2GN9TaTtTjP8BL/lBNtZt78Ky9R149dMDuPq0HMN/Y0EU4PMHJ0RtomBI1AoC8MuL89Ha4cOjr/cs2VCa71BvpXDX9cX41aX5USwFXHWaXHW7YFY6stO1s7Yup/wjrKU9+P5ARP3tsoIpWDThMiyacBk+mHA5ipPkCvJ/1yzHiVnDkWlLwdS0YpQmZ+C/dasMy7Z53ajubsFT9atxRPog3DfsJEP/rPQy3FI+F7/a8WHEJJ8oCHhoxKlo8nbi1spPjX0AfJK2Q/9t2A/w0aQr0eJzY7+3E+m2JHw06Ur8tHQW9nk78Jedn2PW6kexui34UrgD3i6k27TEzYsN38Mu2HBs1hA4BBtOzRmDf9csj3rbIn1WpaLXb6rE8UNSq+Q2dezFl807cX7+BHglP87Pn4AXGr5Hs8+NSDLsKWjydkYcRzSQNrd0YM4nq3DMp6vwi1UVOKEwG8cVaicymj0+VLR24oPa/fjJyFKcXirfA1gUBPWydT2bAOi/+n9QnIOnZo3FU7PG4pnZ4+A0JTt7wiYI+OnoMjy1oxZf7m3GmqY2XD2sxDBmW2snlu9rwSklefBJEk4tzcNbexrR6jV+r1t9LjFwEKN8rjEZqXh+zjicMSgPtZ3GWwToTc1Ow3UjB+GODVWoausKOY4oUXn3vAhbzhzAng4xfRyElEJ4qt8AANjyj4eQnA9v9euAtxm+hk/gKL0wqmWjJbVvh//Ad7AXngRIPtgLT4K3dhHg1X47yZfwP4GUaU8iacyf4Nv3FXyNn0dct5g+BslTHw38ewy2vKOj2iZ7+aWwZU6Be+MfAMMxhQB76fnwNX4OqbsR3po3IKQUwZarX6+oe89H4Rh8TZTrtqY+p8R8f1SlslV3nCd5OyC56+GteRNixkQkjbpFG54yCLb8EwAAjvIro/o7EEViN1TmmSv12GY73ttxorRArjLVW7yyHc1tfjz+9n48/rZ2ZvSNxc2YPEq7JPWaM3LhTBbw0MuNeOfLZpxydIb6QCMEEoo3XZSPXzxYg8fejJxQHDM4GVefnoOHX9sHr0/7Iw8vTcLqrZ1o7/LDlSIiL9OG/GzjZel5mTacMTcDZyADzW1+XH7bLizb0IETdQ+/EgObZi4aycmw4ezjM3HnUw04YqwTE0ek4K0lWsXtiEFJWL2lE13dElICVai76z2o3+9VL99XpLtE3HJ5IW7+Zw0cdgHDSo0PlwklJVnAuKHa2NrGKC6bAZDkkLcnJ9043hf4+yn9RAOpMCkNk11FhnmVXU34KFCFOXS5VnHwbP0a3FCqVQ5cXjQVJ2YNx7GZQ/Dz7e9jfXu9elm54ifFM7CqrQY/3vp2xG3Jtjvx6KgzcPaGF5Ak2jAhVT5xNNFViOca1uK7tmockVaKLHsKsuzGB6e4RAfOy5uA8/ImQAKw4Pv/4un61UHbI0KAN5DM9EHC43XfYZ+3AyOXP2AYt7KtxnC7gFDbFumzFiXJca6icz9mpcuX3la5D8Ar+ZHrkG+h8kitnLBdsO4pw/qerV+NG0qMlRpmXsmPZIG3AqFD2xBXCm6bKD9MpSDFgdwkh6H/pjFlSLWJuGNDFV7eWY/zygvgsokYm5GKbxtb0Onzq0nRyvYu1HR244Jy7cqanCQHxmZEviVRtI7Jz8SojFT8anUFfjpqEDIcxu/x56rqAACXfrPRMP/13Xtx5VAtnlp9ruwkO/KTHfhybzPOLy+AAKAsNRlZSXY0dIW/MuXSIYVY39yGW9Zu77PPShQPpM498O2TbyPUuVS7lY639i04yi8BRCfsJefKD2OyJUNwpMNWMC+6ZaPk2fMiAKBr1dWG+d7at2Avu1Ru6C7ht7mGQdj9AvzN62DLOz78ym2pENPGRL0tGgFJo3+PrtU/RPf2Bw099sKF8FQ9Du+el+Ct/yCQIDWefAr/nqHXbcmRDSE5H77938JecrY627f/a/m90sdq21ZyJmw5c+DLPgLdW+6Ev20rxPRx2jsn5QD2DONtBYgOQoh7oHLKaWJM48XOWq0SIckuYFhpEt7+ohkzxjlx4XytcmNjZReeeGc/qmqDKxcuWpiNxava8M4XzbhgvvHeoy6niFuuKMBv/hH6Ruh6px6dgc073fhytXbZ3NnHZ+Lr79tx80O1WDgrHS6niMWr2tSzjP96dR9q93lwzBQXMlw2rNkqV0qVFxp/PKW7bLDbgFaLqsyz5mZi6043rj4tJ6jvnHlZ+Pr7Dvz+4VosmJUOj1fCW0uaUZhjx0LdvVgVI8qS8KOzcvHwa317yWttoxffrpcfjiOKwMThzpAJ0uZ2OUucnc4vfRp41d0tWN4qX34lQMAEVwEeq12BQocLj48+W71DUavPjcs3v4aXGr7HvKxhhnWclTcOj9Qsx927v8DLYy8Ieo/7h52EU9Y/g33ejojbM9lVhD8POQG3VH6szjsjsP6rNr+Bq4unY3BylvpQJREC3mjciH9Uf4MLCyZhcHImdrqbsaOrCWfnjw9af0GSC/sDD7J6b98W7HG34PFRZ6mJTgD4ecV7+HfNcvxn1JkRty3SZ822OzE7owz37P4C7b5uZNiT8VTdarhEB47NHILa7la8u28zfjHoKMPf9Ym6lXiybhV+WCzfr63F68aHTdvU/omuQhQlpeOAtxP5SS6LLSE6dKQEkqGR/HB4CT6s2Y+Xdtbj/4YV4/KhRfisvgnXrtiCMwblw+P34/mqepQ4k3BWWXRXg/TWL8aU4ZFt1TivvMAwv6HLg0/qmvDD4SU4Kl+7J/JLO+vx8s56XGxxL1Pz57p6eDHu2bgLv1hVgWMLsiAAeL9mH0amR/4b/WHCUFz5zUY0dUe+BRNRovBWvwwhKRdJ4+7Ubq3obYd7/W/grXsP9pJzYS8+FZ5dT8G75yU4hvwQEBxRLWvLCT6RKXXtgW/fl3JDECGmlMO39zM4Bl9luETdW/0aPNWvwz7ofHmGrwtSh3x/UX97FaSOKgjFp4dcry1zmro9/pbv1XFiyiAgKfh3kSV7GpLH/QVda641zheTYS85A95dzwD2NNiLfhC0qP49BUcWBGd5dOu2JMBRfhW6t/0N3Ztugy1nFvxdtfDueQG2/BMhuEZA6jLdaqBgPoTdL8JT+R8kT3og5JqJDpZagcoppwk5PcxluES4UkT8+w0tyWe3AXffUILmNh9+f3UhinO1iqMRZUlYvqED32/rQnmRAwU5diQHknd5WTacOy8L67Z34YL5QH6WHZ3d2h9paEkSrj8vD899KFezprtEZKaJyM20IS1Vfp3h0hJ9N5yXh9q9HuRk2tTl77q+GC9+dAAvfNQErxcoyrOrydoz5mbg2feb8Oz7Teh0+1Gc58DPL8rDqHJj9adNBMoLk1BVK1dfZKfbUJgjH9gkJwn44zXaD5LcTDvysuTPP7jIgTuvK8Iz7zXhiXf2wyYC08em4prTc5Bkl/8GhTl25GZpf6+Fs9Kxo7obHV3Gctf8bDtK84yJ3aJcR9D/UxkuEVnpNuRmyussznNg+YYOLN8gJ0wEAfj9VYU4YqwTRbn2oIrcXXXdsInA8EHRVcASxcpQZzZebPgeLzZoB8gPjzgNK9tqcOvg4zHFVJl6Q8ksfN2yC+fkT0C+w4WSwOX+IgTcOvg43FixCJ1+D4qS0lCWrJ2wSbMl4bFRZ+LiTa8gx+FU31t5INOg5Ez11gEAcEnBZKxvr0ebTz4p5BIdeH38xbh79xd4tn4NDng7UeBIw6UFkzHUmY3S5AysaqvBk3UrsdfTjnyHC9cUH4EfFh0R9JnHpxbizUa5amx56x5cXjgFC7NHGMbcNuQE3LT9fUhRbFs0n/WfI07DHTs/x6O1K9Di7cI4VwGeHnMu8h0uLNq/BSOdufhp6WzYoJ10+UP5cThp3dPY0tGIISnZeHPfJvxw61tq/7XFR+KCgonwSH5DpSzRoWaQMxkei1vtAECRMwklziQki3LVU2FKEq4YVoRV+1vxf8OKMTzNiX/PGI1/bavGg1t2wyYIOCovEzeNKUNy4NKVstQUlKUGf58OciYHXf5fmpqsvpeV/GSHut4RaU7cN1WLDcUpSchLTsK65jYMS0vBVcOKYdOdJ/3Z6DJc9s1GbG/rjPi5zh6Uj1SbDS/trMf9m3fDLgAj0lNx1qD8oG3PT3EY7hfrsom4Z8oI3PDdVmSbKnmJEpWvZQMcw65TH4iksJddCv+B1UDJuYAtDY5BF8Fb9z7sxWdEvay9YCHgyIaYJO+fgrNUvvR+31eBkQLsZRdCSB0Ce/llhgc8JQ27Dl2rroG/vRKiswyehk/RtfKqwBtkwF50MuxFp4Rcb9L4O9Xl3Gtv1Lat+Ew4Rtxk2F7BOQiCU77qRkguBHza7X0E1wgkjfw1PFWPG5ZxlJwNX90HsJeeA4jaMyaElEJAEAzvKaQORsr0Z6Jet5BSCMFpfOidregUJIl2eHa/JFf9OtJhH3QhHOWXy8vYswBHDsRk5cSViKRh18G9+S+AvwsQ5auPxJRiiM5SEPUV4ZSfVwSeqKNU5ikv2GY7/tuv3iWfHZN0B86SkmENXLopSZLaL08kdZ78Tz9PWV5uX3O38aFNb987pB937/j10scH8P7XLXj6T+VxVUlsdu9ze9Ha4cftPwr/xF06NEmShD21zUh2+CEIQqDyXdD9PytCECTtXk8AtJIGY0ySJAGAP9CW5ykxbfqOJwzvu3tmz58GS8G+bd2N8za+hP9NuhqjnLkDvTkH5bmGtbhr1xKsnHYdUkRexh9P+ivOnLa60vC+yxZMj/VHI6JDSH/FmvTNZxne13nMklh/NCI6hOjjDCCocUZrK7FHMMwDoJsHNZ+jj0nK6263XMy0evXqqLdr6lT5IW6iXIqnr8hjm+1EatPhaOHsdHR2SajbF9+XpW2q6sLpx2ZEMZKI+tqs9DKMTy3Aytbqgd6Ug/ZdazUuKZjM5CkRERERUS/ZjY8nt6rUYz/747ifDkvZ6TY89OtSFOXGdzLgjmuLDbdgIKL+9eyYc5FqS4pi5KHtlrJjkeVIiWIkERERERFZsasVeerUVKnHfvbHdT8druI9eQqAyVOiAZbviI+HLukffEVERERERD0nyiV5ckMuyFPa5in72R+P/URERERERERERKFp90A95CoD2c/+/ugnIiIiIiIiIiIKTVeBajFFiPnsZ3/c9BMREREREREREYWmq0C1mCLEfPazP276iYiIiIiIiIiIQhMlU6Ue22wnUpuIiIiIiIiIiCgcUYAQuJxZCOSU2GY7cdpEREREREREREThBCpQBbUyj222E6kdj6qqdmPxkq8HejOIKI61tLTigw/+h64u549kFQAAIABJREFU90BvChERERERUczZlYo8TjlNxGk8evqZl7F12w6MGD4UgwYVD/TmEFEc+vCjz/H2Ox/CZrdjwfy5A705REREREREMSVKkr4iTwDbbCdSOx55PF4AQLene6A3hYjilMfjCUwZZ4go/kiShM8Xf4X9+5sGelOIiIjoEGEXBDmZpFbmsc12ArXjhdvtxvsffIblK1Zh165qAMDtf74PEyaMwdxjZ+PIGVPVsXv37sOtf7wbbW3tluuy2+247idXYubMab0aH843367Exx9/jurqOnh9PpQNKsH8E4/F0UfPHJDxRBQ9SZKw9KtlWLzkG2zevA0A8MKLb2L5ijWYNXM6Tph3DJKSHOr4W/94Nyord1muSxAELFhwHC6/9Lygvm+XrcTixV+jsmoXOjs7kZubg8mTxuPkk05AQUGeOm7fviZ8/MlirF69Dg1790EQgPy8XEyfPhmnnjofrtTUiJ+pN+vYvmMn3n7nQ2zfXon29g7k5eVizuwjcOopCwyfv7fjiRLdiu/W4PPPv8KOyp3o6OhAamoqhg0djOOPOwozZkwJGr+/6QDeeecjrFm7Hk1NzUhPd2HypPE455xTkZOdZRhbW1ePZ599DVu2VkCAgIkTx+Lyy85HdnamYdyHH32O555/DaedugAXXnBmzD8zEQ2s/fubcP8Dj+JAczP+fPvNhtixYsUa/PPhJ+H1ei2XTUtz4S+332w4RiGi+GRXkkmSZEwusc12IrTjQUtLK27/y32oq2swzPd6vVizZj3WrFmPeccfjf+7+mIAQG1tfchkqLJce0eH2u7p+FBefuVtvPPuR4Z5FdsrUbG9ElW79uDSi8/p1/FEFD1JkvD3h/6DFSvWBPVVVFSioqISS5Z8jb/e8VvYbDZ4PN6QyVNlfS0trYZ5Pp8fDz/yX3y7bKVhfkNDIz75dAkWL/kad935OxQXFeK7lWvx93/8B36/3zC2uqYO1TV1WPHdGvz5tt8gNdUZcht6s47Vq9fhgb8/Bp/Pp86rra3H62+8h3XrNuF3v/0ZHA5Hr8cTJbrnX3gd73/wP8O81tY2rP1+A9Z+vwE/WDgPl116rtrX0NCIv9xxP/Y3HVDnNTU1Y/GSr7Fq9fe47Y+/RmFhPgCgvaMDd/z1ARw40IKyQSXweL1YvmI1Ghv348+3/0Y9LmxtbcMbb74HQRBw1JwZ/fbZiWhg+Hx+/P0fj6OySj5u2blzjyGBun1HVcjkKQB0dnaiu9vTL9tKRANLuweqPrkUoXKP/eyPl/548Mxzr6rJ04ULjsOcOTOQ5nJhf9MBrFixGl9+uQx79+5Tx+s/989/9iMMGVxmWJ/DYUdWVmavx1vZvmOnmtycccQUnHXmyYAAvPnW+1ixYg0++OB/OGL6ZIwZPaJfxhNRz3y++Cs1eTpxwlicesp85OXloL29A+s3bMFnn32J/U0H4PF4YbPZDBX+p54yHyeecKxhfYIoBFWGvfnWe2rydPbsI3Ds0bPgSnOhpqYWn33+Faqqdqmr3dvQCL/fj6lTJmDOnBkoLMiH292N/332Jb5dthK1tfX4fPFSnHLy/JCfqafrcLvdeOzx5+Dz+VBaWowrr7gAOdlZ+PqbFXj9jfewddsOLHrvEzn+9GI8UaKrq2tQk6cTxo/BJRefg4KCPDQ0NOL5F17H+g2b8eFHn2He8UehtFS+x/vTz76C/U0H4ExJwVVXXYQRw4egYnsV/vvUi2hpacPjTz6P3//25wCAb75ZiQMHWjBp0jjc/Osb4PV6cctv/4odlTuxYeMWTBg/BgDw6mvvoqOjEyfMOwZlZaUD+Bchov7w+huLULG9UpshWf9GtNlsuO//3RY0PzXVCZcr8lUvRHT4s6uVeeapuXKP/eyPw/54sGrV9wCAGTOm4PLLzlfnFxUVYNzYUbj4onNgs4mWy2ZnZSI/Pzfq9+rpeMVHH30OAMjJycYN118Nu90OALjhuqtx0y//hP37m/Dpp0vUBGesxxNRz3y3ci0AICsrE7/65bXqPgYAw4cPwemnLYDX67WspnS5UiPGjfaODix671MAwIL5x+GKy7VYNnzYYBxz9Cz4fL5AchY46aQTcOyxs4N+sIwdOxIbNm5Ba2sb9uypDfuePV3HN9+sVKtmf3bjNWoC5+yzTkF1dR2+XbYSn/7vS5x5xkkQBKHH44kS3c6de9TXP/7x5epJlvLyUlz7kytx/Y23AAAqK3ehtLQY9fV7sWbNegDAhReepVaLFhbmo7OzC/996kVs3LgVtbX1KC4uxJ49NQCA8eNGA4FbEI0dOxK1dfWorq7DhPFjsHt3NT77fClSU50479zT+v1vQET9a9PmbUFXsIUiCEKvfgcRUfywCwKMFXtKW63cYz/747f/cOf3++H1ypeGZmakW45xOOyW8/U6OjqRnJykJif6evyGjVsAAEdMn2xIvNjtdhwxfRI+/mQJNm7a1m/jiahnvIGH07lSnYZ9TCEIQsRL0d3ubgASkpOTg/pWr1oHj8cDQRBw9lnWFZnmeGNV7eH3+9VL8rNNFa5WerIOJc6UDSpRk6GKmTOn4dtlK3HgQDPq6hpQXFzY4/FEiS49Iy1kn/5EsCvNBej2SQCYZboP+8wjp+K/T70IANi4aSuKiwtht8sxRNJVl4mifPJCuTz3mWdfhSRJOPvMk5GeHnp7Dtbi2iY8XVmLnZ1utPv8USxBh4JF08fEdP2CANhtIlKdSUhKiu4Ym3qvvb0DDz/yFCRJwkk/mIcPPvwsquUkSUJHRydSU508AUqUYOySBOsKPU45TYDp4U4URQwfNhhbt+3A4iXfICsrE7NmTo/6x/ii9z9BRUUlmpqagUAl2fnnna5exnaw4xFImhw4II+32i5lXnNzCzo7uyCKYkzHO50pEf8uRGQ0YsRQbNi4BdU1dXjk0acx/4RjMXRoeVQnUdau3YBvv12Jnbvk6rKC/DycdNIJWDB/rjpmR+VOILC/CoKAx594Hiu+W4POzi4MGlSM005ZgNmzj7Bcf0tLK7rcbjQ0NOLdRR+jvb0DqalOzJt3dNSfL5p1KLdKCRdnAKAmUO3W0/FEiW70qBEoKSlCTU0dHnvsWVx22XnIz8tFfX0DXn7lbQBAbm42JoyXK0jr6vYCgQe4pAWSqor09DSkpbnQ1taO2tp6AMCg0hIAwPoNm3HqKfPh9Xqxbv1mIHCiY8V3a7Bx01YUFRVg/vy5+OrrFVi/fhP8koQpk8Zj1qzpfXLs+L+a/fjd+sooRlKikSTA4/WjubULmekpTKLG2H+eeA779zdhwfy5mDJ5QsQEqtfrxZP/fRFffb0cXV1u2Gw2TJ0yAZdccg4K8vkAKaJEoKtAhfHyZv189rM/TvvjweWXn4+773kIbW3teO31RXjt9UVwpaZi2LDBmDhxLI45eiYyQlSnmh8Is317Fe6+5yH88qafYOrUiQc9HoFLcxUuV/ADXVJ1T7nu6OiEIAoxHc8EKlHPnXbaAqxesw67dlVj6dJlWLp0GRwOOwaXl2Hs2JE45uiZQVWWis1bKgzthr2NePqZl7Fv335cdOFZAIADzS1AoCL0rnv+gaqq3er4nTv34J8PP4nmlhb8YOE8w7q+W7kWDzz4qGFeYWE+fvmLa5GXmxPVZ4t2HUosS7WIMy7dg6Y6Ozp7NZ4o0dlsIm7+9Q24976HsW79Jvzm5j8b+ouLCnHTz3+kVru3d8gPuAx178HUVCfa2trREdjH5syZgdfffA/r12/G72+9C52dXWjY24iyslKMGjUcv/3dXwEAl15yLp5+5hV89vlSdV1Lly5DZdUuXHzR2Qf9OZ+pqjvodVD8a+/sRlJS6Ach0sH57POlWLFiDUpLi3HxRWdjy5btUS33v8++VF/7fD58t3ItNm+pwJ13/A65udkx3GIiOhSIkoTAvSJ1lahK2zxlP/vjrD8eDB1Sjnvu+gNOP22hWsXU3tGBdes34YUX38DPf/FHrF69Th2f6pQPxux2Oy684Ew8eP9f8Phj9+OnN1wDZ0oKJEnCM8+92uvxZpJfS1Rb3pNdN9NmE2M+noh6zpmSgr/cfjMuv/Q8jBo5DKIowuPxomJ7Jd5d9DFu/u0deO31Rep4m82GpCQ5yTH32Nm4+87f48nHH8Dtf/q1mmhd9N4naNy3HwDgD1zCum3bDtTWNuBXv7gWTz35d9x9160YPmwwAOCll99Ce3uHcbucKer7KOrr9+Kx/zyL5kBSNuJni3IdaqyxiDP62CMG4kxPxxMRsHLlWjTsbbTsa9y3Dxs2blXbyj4mhXjgi7LvKZXySUkO3HLzjZg0cSxqauvR1t6OmTOn4Zbf3IiPP1mMhr2NmDRxLLKzMvHZ50uRmZmB+++9HXfe8Ts4U1LwwYefob5+70F/xl2d7oNeB8U/H2/tEDO1tfV49rlXYbfbccN1V0e8BZEz8FsoOzsTN97wf3jkX3/DI/+6B+eecyoAoK2tHW+8+V6/bDsRDSw71Mq8QEUe22wnUjtOZGVl4ILzz8AF55+BtrZ2bN9ehe/XbcL/PvsSbrcbj/z7aTzwwJ/hSk3FiBFD8atfXofiogIUFRWo65g5cxr2Nu7Diy+9iYaGRjQ0NKKgIK/H48301VcdHR1B/fqEiMvlgtfnjel4Iuodu92OhQuPx8KFx6O724Oqql3YtLkCn3y6GE1NzXjzrfcxfvxojB0zEqIo4tbf3QSv14fRo4er6xgxYih+/KPL8cc/3QMAWL9+M46bOweuNK2C7OKLzlIr2ssGleC6a6/CL399GzweL9Zv2IyZR2r3Ohw/bjT++8TfAQCdnV3Yum07/v3oM6ioqMTTz7yCn954TcTPFe06Ul1OYK+xql6hjzNpgTjT0/FEiW7t2g3qCdlzzzkVc4+djYyMdLS0tGLJF9/gtdcX4elnXkZJcSEmTBiD1EDlaUeIKm5lP9NXqJaWFOHm39xoGHfgQAvefudDiKKISy85F6sCJ51nzZqOwsJ8AMD0IyZj6dJl2LBxizqPiA4/Pp8P/3z4SXR3e3DpJeeivLw04jIL5s9FSXEhxo0bZYgnZ515MrZVVGLt2g34ft2mGG85ER0KRKiVeYGKPLbZTqR2HEpLc2Hy5PG47NJzcdWVFwKBitTKHbuAwMNepk6ZYEiGKgYPHqS+Vn549HS8mTMlBVlZmQCA6urgp2JX18iXsuXl5cDhsMd8PBEdvKQkB0aNGo4zTl+IP976S3X+Ot0PiOHDhxiSp4ohFnGjqFCLL+Vlxh8zRUUFavV4W1t7yG1yOlMwedJ4LFxwHABg9Zp1oSvTerGOkuIiAEB1dfDlt0qcge7+pj0dT5TovvxqGQBg7NiROOvMk5GTkw273Y6cnGycdebJGDt2JADgq29WAABKAvtOW1s7WlpaDetqbm5RT16UlBSFfd+XX3kLXV1unHjCsSgtLUZzYF3ZgWMLAMjNkR8ot29f00F/znJn8IP0iMx41VRsLPniG/U2Qc89/xouuew6XHLZdbjrnn+oY+69/xFcfc1N2LxZfgCt05mCGTOmWN4uRDmmCfU7iIjii6hU5HHKaUJO40Djvv3weDyWfeaHKiBwqVuoS9AqKqrU17mBe//1dLwV5YEP36383rCtHo8XK1d9DwSqwPprPBH1THt7B1pb2yz7XK5UywerNDQ0Wl6CqI8beXly3Jg0aZw6r2rnbsP46po6dT3KPUk9Hk/IZKryI8bj8cLvDx3ne7qO8YE4U1NTh927qw3jly1bCQQekJWfn9ur8USJrrvb+lhGoRy2dQT2T/0DLL/5dqVh7LfLVqmvx40bFXKdlZW78MWX38LlSsU5Z58CAMhITwNMCZGuLvmy+6SkpJ58JEuXDwmf0CUCAJfz4P9fo2BSlA8Sdrvd6OiUq9u7utzqA3TNlGMa5XiGiOKbHRIAAbrKPOWBO1qb/eyP1/7DXVNTM276xR+RlubC3GNnY9y40cjNyYJfklBZuQuvvvoOEEhwjBw5FADw6mvv4O13PsLQoeU4bu4clJYWI8nhwPfrNuHNt94HAEycMBYZGWm9Gv/Ci2/iy6Xf4uSTTsBppy4AAMw/cS6WfrUcBw4046F/Pan+SHn9jfdw4EAzBEEwPBwm1uOJqGdu//O9aNjbiNmzZ2DalIkoLMyH3W5DfUMj3nnnQ/WE1NQpEwAA69Zvwt33PIScnGzMO/4oDBs2GBkZ6di9qxovK3EpNRVTJo8HAAwuH4RJk8bh++834sWX3kRmRgbGjx+N+oZGPPHk8wCAjIw0NSn5l78+gMrKXZg6dSJmHjkNhYHbh6zfsBkffbwYADB61HC1gmfZ8lV45tlXMHLEMPzspz+EIAg9XsfMmdPw8itvoaWlDf/45xO46ooLkZOThaVfLceK7+QH7J10khZnejqeKNGNHDEUK1euxaZN2/DmW+9rl/C3tmHJkq/VarARI+TjmYKCPDVuvPLq2/KxzoihqNheiVdefRsAMGPGlLAPlHvm2VeAwC0DlJPOQwaXAQDWfr8B5517OgBg3frNAIDhwwcf9Oc8oSQH9wgCnq6sxc5ON9p5r0sKEATAbhOR6kxCUpJtoDcnLp0w7xjMmT0j6ATq1m3b8fAjTwEAfnjNpZg2dZL62+buvz2EiopKTJs6ETNnTkNhYT48Hi8WL/kaGzZuAQAcNefIAfg0RNTf5OtZA0lUrTIPxgo99rM/nvsPYynOZOTkZKGxcT/eXfQx3l30cdAYh8OBa39yJZKT5UvGSktLIAgCKit3obJyV9D47OxMXPN/l6jtno7/5NPF6O724N13P1YTqCNGDMVppy7Au4s+xsqVa7Fy5VrDOs45+1TDPYhiPZ6IeqaktAjVNXX44otv8MUX31iOOevMkzBy5DAAQG5ONlJTndi/v8nwcCmF3W7HtddqcQkArrn6Evz1rgdRX78X//jn44bxNpsNP/nRFbDb5cOWweWDsH17leX+jsDTt6+4/AK1veSLb3DgQAtWfLcGu3fXoLy8tMfrcKak4EfXXIb7H3wUNTV1+OtdDxrGT5o0DifMO6bX44kS3fwT52LZ8lWorNyF115fZBk7hg4tx/wT56rtq668ELfdfi+am1vwyL+fMozNy8vBZZecF/L9vvnmO2zdtgOlJUU4Yd6x6vyJE8di6JByVFbtwm9/dwcgCKipqcPQoeV9djXLccXZOK6YT+wmGghOZwqczhTDPP3D67IyM9TkKQK3Ftq2bQdWrvpevbJNb9y4UTj1lBNjvNVEdCiwjZz109sEQUsyKZV68lQexH72x2v/+Sdmhdg1+qY69Z2lxietXrQg1Pv1jsNux/HHHYWszAx4PF50dnWpl8Clpblw7DGzcN1PrlSrNRA4CJh55DSINhvcbje6utwQRRsKC/Jx3Nw5uP7aq9R7ivZmfFtbOyoqKpGcnKQmUAFgwoQxKCoqQFNTM9o7OpCcnIShQ8pxySXn4MQTtB8u/TWeqD+0tLlht2mXiwmCoMYmQH5trIYPFXuUQKabExj6WNNqw/xfDDqqz7ZfMfPIaSgrK4XP60NXlxudXV1q34wZU3DVlRdi7rFz1Hnp6WmYd/zRSE11wt3djc7OLkiSH9lZmZh+xGRc++MrMXqU8f6oqalOHDXnSNjtdjS3tMLt7kZqqhOTJo7DtT++AmPGjFTHTps6ESNGDAEAuN3dcLu7YbfbUJCfjzmzZ+D666823LdZFG1YvkL+Oy2YfxwyMtJ7vA4E7lc6edI4HDjQjNbWNggCUFRUiFNPmY/LLjlPTfD2djxRb/RHnHmx7oBh/g+Hl/TZ9ivsdjuOPmom0tJc6Opyw93lhs/nQ6rTiSFDynDSD+bhqisvQnKydmmzy5WKObNnoLOzC83NLfB4vMjNzcZRc47EtT++Ajk5oY+73n73Q+zZU4Prr7vKsK8LgoApUydgb0MjqnbuRleXGzOOmIzrrr0aKSm8fyklrv6INcmNLxvmOwZf1WfbH44zJQXLlq9CqtOJs8482bCvT506ESNHDoPkl9DldsPt7kZKSjIGl5fitFMX4orLz4fNxophor5gjDOCGme0thJ7BMM8ALp5UOOPPiYpr30+OV9SVxf8nIJQiouL5XWc/PMK48PIzfGMbbbjuP36PfKlWPpqVEkpUQ0MlCRJ7ZcnkjpP/qefpywvt6+523i/nLfvHYJYu/UPd6Oyahf+8uebMWzowV9q1hu/u/VO5Ofl4qaf/3hA3p/oUCBJEvbUNiPZ4dceXmf4sSFCEMz34lJeG2OSJAkA/IG2cg8veTp9xxOG990989ex/mh4/oXX8f4H/8PFF52FU06eH/P36wvPPf8avly6DI/86x6IIh/OQfGhv+LMaasrDe+7bMH0WH+0mNvfdAD19XsxVndyhois9VesSd98luF9nccsifVHI6JDiD7OHHwCVbJMoHa75Xucr169OngDQpg6dSoAQFQr86BV5rHNdsK045DypHmHwzEg7//tspXYvbsGZwfuQ0pE8UeJLwMVZ3pq374mfPzJEpx7zqlMnhIRACAnO4vJUyIiIopa8D1Q2WY70dpx5vLLzkfVzt0oG9T3l9dFY9So4fjtzT/F4PJBA/L+RBR7Cxcch7Q0F445etZAb0pUsrIycP21V+HII6cO9KYQEREREdFhSE6gClpSiVNOE2oah4YOLcfQoeUD9v452VnIye7be70S0aElMzMDJ590wkBvRtRsNhtmzpw20JtBRERERESHKfk6NqUQj1NOE3FKREREREREREQUgmh4gpQAsM12IrX7HrOyRBROX8QIxhkiCodxhoj6A2MNEcXaoRUjREGfRZIAttlOpDYREREREREREVE4ooTwlXrsZ3889/ccs65EFEsS4wwRxRjjDBH1B8YaIoq1/o0xooDwlXrsZ3889xMREREREREREYUjhqrUY5vtRGj3JUEQIAhMzBJRaL2JE5K+gJ5xhogiYJwhov7AWENEsXawcaaviVaVepJF5R772R+P/aFJUe14ys7ML38i6gk5ZqjRKKqxjDNE1BOMM0TUHxhriCjWep53iU0WVVeBqk0FU5v97I/X/t6IlFjlAQERWYkUG/SxhXGGiHqDcYaI+gNjDRHFWk/iTH+xaxV6SmUe22wnTrsvaGddzfOIiLRLT8xf8j2JE4wzRBQO4wwR9QfGGiKKtVCX7R8KcUKUJFNlHttsJ1A7WofqDkxEhz+rS1J4exAi6kuMM0TUHxhriCjWBjI3IwqCEEgmaYGNbbYTpd1b5h3UfBZ2IMrJiejQFSlGRHMgwDhDROEwzhBRf2CsIaJY602c6Q+iJMnJJGNlnq7NfvbHcT8REREREREREVE4WgWqrjJP0lfqsZ/9cdxPREREREREREQUjqECVZsC1vPZz/746o8NJmaJyEpfxgbGGSKywjhDRP2BsYaIYu3Qiw12CIGkkiBX5rHNdkK1wxDCPiFSP18K6pd4iwCihGe+N48Q9ERJCYIghhivxR9BECBJ/qBxDDNExDhDRP2BsYaI+ptVnIGuCE7ut14uVslXEUoyKVCZxzbbCdUOMB8UIMo+/Rj9OPn1wNzYmIgONYIhRgQfDET3wAXrdTDOEBEYZ4ionzDWEFGsBedWos3J9KavJ+QKVEhqZR7bbCdUO8TOFb6CVFLPkurPmvLMKRFFQw5F2o8GLaYYK9slST9G/sfqdiKKBuMMEfUHxhoiirVAGseQSJXnSWFPvPRV0lRPrkCFoFbmsc12QrXD4pc6EcVaNHGGsYiIDgbjDBH1B8YaIjoUxC7OiHIuSV+ZxzbbCdSOtOvphoS/PMV4H1TlDAkRkXVM0MefcJeoMM4QUWSMM0TUHxhriCjWIsWZcHmZWBe2i1DK7tXKPLbZTqB2L4X6gucXPxGF05PYwThDRL3BOENE/YGxhohi7VCLHboKVF1lnqHNfvbHcX8vhDooEAQh5mc8iOjwJklWFRky/TzGGSLqLcYZIuoPjDVEFGvRxpn+IkICIBgr84xt9rM/jvsjUMYEjw1+kFTwsge/gxLR4S9ULNBih/zQheAfG9qN0RlniCgcxhki6g+MNUQUa5HijBT0oLpweZu+ZVe3QP/kcbbZTqR2gKCbJ1j0W803to0HC72tcCWi+KOcOZVjhh+AYDoI0MZZLQs1pkgQRVE9aGCcISIF4wwR9QfGGiKKNa3qNPgETKQ4Y57fl0lVMbBGrTKPbbYTrR2WVmlqZt4prQ4ciIgUSmwwX4aihCSr8fowxThDRJEwzhBRf2CsIaJYCx1nrPM4kkVlal8T5YSurjLPPGU/++O5v5eUS1GCV6FVsA7EPTmI6NBjjAfGoKF80Yeu0mCcIaLIGGeIqD8w1hBRrPU2zvQHUdKqYY0VeoEp+9kfz/3hmO+jEW15uLmsnIgSl766wursqVWcCTcPjDNEZMI4Q0T9gbGGiPpLqDhjJdq8TV8QBeiSuhaVe+xnfzz3R8d4ttS8Eyt9wWdJBAwrsRvW5PHy6IAoUXR7fLCJgu4sjlZlAd2Bgdan/7IXDOPDxZkJKQWG93VLvlh9JCI6xPRXnBntSjG+r5/HM0SJpL9ijd85yvjGUneMPhERHWp6FmeMr5XK1FhT74EqwVipJ1fu6Sr52M/+eO3X6cnZCuVSFPNy+jMl5UXGBGp7pz/q9RPR4a2zywNR/pYNqsLQ/2gIF3fMccZqHWNS8gzLtHi7YvFxiOgQ1F9xZrgr2bBMm5cnaogSSX/FGsk53LiQty0Gn4aIDkWh4gwM+ZaeXb7f19Wo8uZZVOoJMFbssZ/9cdsfhXBl4cqZVOOBgNw+eXYq0pza2D0Nnqjfk4gOXx6vH+3tbjjsYiA2yPP1l6pZnXgx/9P3h4ozV+VMRaZNS25s79rfnx+ViAZIf8aZ84pzkW4X1bFV7TxRQ5Qo+jPWePPPhWRLV8f6O3b150clogHSmzhjNY010ZBCUir12GY7QdqR6M90WOXpRijsAAAgAElEQVRb9WdSrZYpzLHhlxdnISVJnvPW4mawaIMofnm9fjS3dKJhbytSkm0QRetKdZkUVLkhScZLULT+0HGmPCkTj5SdhlRBrnh/tGY5PBKr3Yni1UDEmZKUJPx1TDmc8s2/8HxlLby8aSFRXBuIWIPkYniG/gWSKN82xLP7ZUDyxvaDEtGA6U2cMTPHmVgSTvrpNh79UMJ68/8NhWTxA0A/T3ktn/Uwz9OmSr/8Wt8vwOeT0NTmgzOpR4WvRHQYEQRAFAXYRAEOu/YjQT5rKpnOoOqX0/q1+4JBN08fj4xxRusX4JX82NvdgQwpGZK/f87CElH/GvA445ewv9sDF0TwPA1R/BroWCNJXvjdzehGOnx+0WILiehwFy7OIKj6NHTVqT4OWV/2D8M8d1c7AGD16tVRb+vUqVMBAHY5RGm3euaU00SaRrdjC4Yv9VAnNfTjAOOBgigCuRk29cyIPimrb5v79WO0ttSjdj9VsxMdksz7T6SzkuZ+84+CwCtD2+oLW94Pg38s+P3B8/TLSJKuCgPGEzLKe8vr0L8PIEl+iBJQ6EiNSZyx2lY9xhlKZAkVZwDkJdkZZ4gGQCLFGkkSISRlI5mxhqhfRYozkdtWfZHijBYrrJOngrqvW22vOfEaS3ZzMoltthOp3TPaThucVNUnT6WgMeoaJBgOQMxnZK2/38N/6VsFsUgHCkSJwvpLPLrxwcsIpvnGL3lljNXBgbJPWlVwGMfEPs5oBzH6T2qOGeH/VowzRBrGGcYZov7AWMNYQxRrPY0z4fY3fRV6T+OMcRuClzNuW//tv6xA5TShp8rOF3zm0fqLVP7Stj4zqU+CWlWtGi9nMa9bMgQGfbCx3obwQUJ7HyJCiH0peEzwIP2+pPUr1RKC6cdC6C95URQDVRZWBw6BtRpuE2J9AKOPM6Ioho0zoT8z4wxRLDDOGD6V+h6h/jaMM0S9w1hj+FTqe4T62zDWEPVcX8eZEGsImyCV9/3QlaXhYkOobTtYhgpUQ1IpUtKJ/eyPg/5ohUuymvu0JKvW7/fLNwqTJD8AJagIEQ8GrLcl2m2ObhwRyawPnvVPgdTPM365h/uhEerg36piQ4lMVj9IIsUZqynjDNGhhXFGv22R/lo9G0dEGsYa/bZF+mv1bBwRyQ4+zsj5EWUfF0XRMMYqzsAUS8x9ofr7il0NSkpSiW22E6gdTnBiVH9GFGopuvUXPdR7+pgvRdG9g+7SE331qWTxBd67IMADAaLge/mEZj4wD94XjfuyuUJDWYfxC1w7QAj+4lcqLrSDBP2Pi8hxxvyDw+ozMc4QxR7jDOMMUX9grGGsIYq1gYozWvGZBFEMPnmjn+oTrLFMmJrZDcklJTCyzXaCtNVd2ZQsjUT/Za+fp1WaSkEHF+aDhcBSgT5lHdr6jNtj3jalHT5Y8FIUomj0bEcJ3l+lwPzgfVw7kRL8o0ER+iEMygGE+eEIxvF+v7YtyjxtvH4583ZH+jswzhD1HcYZ678D4wxR32Kssf47MNYQ9Z3IO4o+4Wm+pF9/giVUYlQfG5TKVPXdIzxYKtz2HCztHqiHWGUg22z3RzuaHc2qClU766mcJfEb+rV1y+9odRCiJVkldZzfH/xefbWzE1Eoxi/uoF7dF3/wWVMELauMFwQh6L49Vq/lig2/YZ4SF+QDBuOPC/OBRjRxRv9ZteoN4wEKEcUS4wzjDFF/YKxhrCGKtZ7EGS1vAst9PnKcUeKF/hJ/8/r042NJuwfqIVYZyDbb/dE272xWVajhkqjy7OADAfNr89T8PsYdPfROHyoe9KR6lojCC787Sbpx5oN6+bVWfeEPigf6sZJ6mZtxncZt8ZsexGB8T/045SSMuXLD+FpSf5won9X8efm7gyj2GGei/EMR0UFhrInyD0VEEYVKVgbHGcFQ1W6+pQd0+78+eQqEP0mjnDBR4ky0ydO+TKraJYvkjiHZxH72x3H/wVC+vM339IFFElW7tF8fIEIfrGjrN26pfGBgdSQUKlgc5IckigPRnl/Qznwa5gZVO8DiC924vBTxAAC62BGJYLrvsn49wSdr5G0MFVtCV2YEH9REGyUZZ4gYZxhniPoHYw1jDVGshYoz5vnW+6A5uRk+zijLSKZL9UPHGcmQT+lvdugyvpK8dYZKPfazP677TfRf3tHMR4gDAePZWKtLT8JXpOrf1zTH0Ip0QMDCVKJIIu0kguWXtH6efL8uQf3yN//4ML+G6T5igDF2WLWV91FuqA7T/h/8WjlhY67u6O2PCsYZot5jnGGcIeoPjDWMNUSxZnVCRb/jWO9f+gRpqBM0yj6utI3FZeFPcIRKqPZ1otWOUBV6nHKaANOeEHSVpEpbOzDQHzTIU/1Bg/kAwlyRaixzD5XE1SdgYVgfEfVW8D4UzRew/keCVXWGebz+RwcA6O+FbjVO39bHGW1+cGyx+qFiPmGjX0eoONib+EhE4TDOmDHOEMUCY40ZYw1RXzPvT0p+JXicoEuuSpJ2SxCrilME7e/GOGOVA1HihHk9sWRXKvKUSj1D2zxlP/vjrd+C/ktbT598tRqrJFGVs7DmACDpKk2t+5QDAiUQBJ9VNR7shPoERHQwrA62JQmm/VcKGhtq/1ZeaxUbxmXNMQUW+7e2Lgnm+4KZxwcv69e9Nr9f8GcnothjnCGi/sBYQ0SxYI4rwbmL4FhhnBrjjDJPv14l4RqugCxccVwsTp6wApXThJ6GYj4AMB8MWLW1ABBcYm4+CJEPFuQbpOvPuuqrVyXJ+qBDGdObgMADCUoEB/Nlqewi5svQ9A9FiFSZYTVPiwnGAwWrHxqwiDPaJS8SlHuY6eOMfrzxfYNPvBg31RxnlM8b7q8UHuMMJQLGGcYZov7AWMNYQxRrfRNnzPusPvmpT5rKhW1yHDDmW0LFGUnS4kyo7TYvfzCfKZzAPVAlU6Ue22wnSDsMc2LUqg+mYGFOoipf7PIOrN0CQBAk9SyN1XtoAcaYVEUg6Jjxy51IE+3+YP3FGqpKwvo99Puqeb2S6ayr/geM+QSNeV64PuNr48mXUJ8/9N/EOsYxzhCFxzjDOEPUHxhrGGuIYq0v4ow5cWp1j2JBEHSVqloc0SdTw1Wd6mNYqFhmlWjtS2ErUJUsEPvZH7f9EYQLJoLpnqhW8+S3EOH3+yGKkqG03Xw/Vav55nWbhRpLRJGZfzBEGmc11modwT8yjMv37MdApB8P2okV84+OcOuNfKBk/eOGiHqGcSYcxhmivsJYEw5jDVFfUPYf4z1Hw5+gMN+fVL8ObR+XAg+WEyEIfovkqnH5cPc81SdZYyFQgWqqzNMln9jP/rjujyDUgQHCnEXVzpAobX/g5ur6ClToxgUfjOjXF/xaX5ouBo0jop6x2n1CffHqxxr3Va0v1I8Mq/eyqvaIrt883/ijA+oJHOt4Eu4JmRZbYTmWiKLHOIMQY8KPJaKeYaxBiDHhxxJRZNb7fvCJl1D5DH11qHJyBoEkqShKAPy6y/W15c3rDpckjWXyFEoFqrlSj222E6UdjvaFHZxENQcCcyWo8jbKsvJ4/ZnU4GRqcLJULn03J06tNjvaQMFEK1G0gveV4P3MeAmbdk8xqxMiodan/TAw75+R+qGLB/ofHfo4o//hEU0lR4yPOYjIgHGGiPoDYw0RhXYwSUftuS3auuTXwYlPBC7Rh1qBqpws8atjtNscBscEfeWpVRJVn5yNVSLVDugr9QJJG7UNsJ/98d1vzepLX5lnlUwNrjo1rseYSIV6QCAFHhalbJu2rHbWJdTZWiZDifpO9CchjMtY/cCItL5wZ0z1MSPUctY/Eqz6rH94QHfiJhLGGaK+wzhjjXGGqG8x1lhjrCGy1pt9Q9nnzDkLbZ1CIDeixQPlRIrcNt7O0Jz8FARtWX1uxVzdqm1H8C1JYpFEtQPGy5055TShphZCBRDrSlN91aj2BS6ZLss3H0Bo69EfXGjJU0mS1LMz2vvzi58oVoJPUBj7raourKsrrPsQ4cdCpO3pzRjzDw9jn/W2xOA4g4gCGGeUbYz4tkR0EBhrlG2M+LZE1EvBV+QGxxDtxIykKzTT8h+hKkqV16GqUc3xKdQ9UWORRLWrySSYkktss50I7R4w79RWyVO98IlUUa02VRKz2jDrs79yf6hL/Ymot6wuYzML9+NBGxN+/ZFCjtWZ0whLRBgXbn3WyyhxpmfbQUSRMM7ox0Rajoh6i7FGPybSckTUc9b3JLUcaZqvJDolSbCsUteqT82X5hvzLeZxsbxk38yuvllgi9hmO5HaZtHu/MY+485sXsZYuapsg3YJP8IEnuAEqWQxLvS28cwrUTQiH0xbfymHX86qwiP82ODKiWgO9K3iT7hxetbLsIKDqO8xzpjmRlyOiHqDscY0N+JyRGQUaVcNv39aJzODE6ZSII8SXJFqrlQ1XtIfepus3revk6t2AboMkCSBbbYTqX0whMB9VLWbHwcnT5XX+orTSGO1hKlV4LFOtoZO/Pb20xHFv558mUZbsRDpkrdQ43t26VpksaiwYNUGUc8xzvQM4wxR7zDW9AxjDVHPBVeGWlWkC4GiMaUdnAwNToxqFalWVaVaxam8/oE8EWKXdB+CU04TbaoXOglpnazUzoAY742q9SvLKe+nzdMHDkmXNJVnKWO019q6w28rEUWvL/ajaONIqGV7Mv5gtpcxg2hgMM4QUX9grCGiWOvZPh48Tx9izMlR/RSmHKUyTqtQ1arazSd6rE4mhZrfG3YBxsq84Cn72R+//ZGESp7KCU8tAWo+42pMshqTp/p1yv2iOk8UzYlV60Bl3A4iirVQX7o9PYY3fsn3eCt0y/Z04VDbzx8hRIcKxhki6g+MNUR0cMLdQtCY+BQEfTWqcgUvQiRKJVglR62qUpV8TLRJ1L5ilyAnmSRdaS3bbCdKW7+j9YRSUWqepxACT6LTB4dujx9enwRRFODx+M2rDMMqADBxSnR4OtQO7hlLiOIP4wwR9QfGGqLEFM2+Jpmmwex2EZLkh90mIMkhV5cqCVdRDJ0U1RKs0W9xXyVW7YG8rbEyD8bKPfazP177w4l86b5Vxak2RqkmFQQB7Z1eZKanwGYT+eVORERERERERAlOgs8noam5A+kuB6BelWusRDVP9Q+V6s8qVFG++6Kg3HVRngpyhZ7SZj/747U/WlaXzIe6xN5clt7l9iMnKxU2m43JUyIiIiIiIiIiCLDZRORmu9Dl1vIrVs/8ts6/CBbzYkfUKvJCVeqxn/3x248QO1uoHTBcqbgkSRbJUy/S01KYOCUiIiIiIiIiMhEEAWmuJLjdPsCURA2Vm9HnXcx6kuPpCVF/ZwJBUCr1YKzYYz/747S/Z0JXn8pT4/okSYLPZ7x/BxERERERERERaWw2AV6/ZJHojPSg7f7Lt4iCklyCVpmnpYJMbfazP876o6HfSa2qT839ciWqPE+0MXlKRERERERERBSaADGQcFFyKvoqU6sK0kj9fc10D1QlucQ22wnS7kVpt9UOar50X+n3ePxh10VERERERERElOg8Xn9QTsV8P9RoE6axuIxf1N8bUqnMY5vtRGlHon94VOjqU8Ew1uqBU0REREREREREFE7o/EqoKlTzMrEiShJ0ySUBbLOdSO1ohbvnhv7Sfq2//54ER0RERERERER0uFMezg1dfsXqal+raayJEIyVeWyznVBti53VSrjqU6udOdT9UomIiIiIiIiIKJj5uTIwFK2Fq0IN1teJVRFKRV5gyjbbCdUOI9Sl+FZnPqzGswKViIiIiIiIiCg64fIqoV6HGt/X1ApUTjlNyGkUIpWFs/qUiIiIiIiIiOjghapCtdKfl/GLkCRDZR7bbCdUu5f0l+8baWc9WIFKRERERERERBQdYy7FmHAJdxl/fxAhyA/W0Srz2GY7gdoRWSVJZVaVp1B3aiIiIiIiIiIi6in9g7qjqURVkquxJN8DVTBV5rHNdqK0dcLtlKHKwo1tQd25WX1KRERERERERNQzxryKYJhvHhduvlXfwdDdA/UQqwxkm+3+aEcQemfTKlND34sj8vqJiIiIiIiIiCh0HsV4xa91pWmsC9lEdet0lXlss50w7V6w2in58CgiIiIiIiIior5h9TApxUBc9SvKWxSozJOULTRW6rGf/XHb30vhngDHy/eJiIiIiIiIiHonXG5l4B4iJQUeR241RYj57Gd/vPRHoK8ojXT/U2PfwO3URERERERERESHGzlxap4b+T6oMOVvYkFXgcoppwk4DSvy3sckKRERERERERFRbEWXf4ldFtUu37cxcH2zIIBtthOpbSXyTilAELSzIsqT4ZTV9qeVm7vwybJWVOzpRkeXH7lZdowpT8ZJc9IwrDSpz96nsrYbmyrdWDAzHXZbn632kLNsQyc+Xt6KHXs86PZIyM2wYdoYJ045Kh352b3/4G8tacEHX7fh1qvzUVbo6NNt3rvfi1sersfRk13/n737jm/rvu/9/z4HAElwD5EUKWoPytpb1rBsDbveju1YTpybOImduk3SpOlte9evt/ndPNLm9jZtb/LrSNPEdhIn8ZD3lGzL2lvUokTtQYqb4h6Y5/cHCBCgSFiSRUEEXs/HQ48vP+dzAHwBEtDhh5/zPfraA9mX5Y9fcOl/P9+oR1Zm6v7lGep2Wfov/1+tvF5LP/r2SGWmmZ/6GIny/QcAAAAA3DyCZZtQLSe0LXqhNHz/68VuKKyYZEnExIkUh7+5Bn7DReaCxdKB9g2/w7546P768e+vN+vD3R2SpJQkQyOy7Gpu92lTWae2HuzUT/+8WCOyr0+163cftOrAiR6NK3Jo2viU63KfN5ufvd6sj3pfz/wcu/KyDNU0evXu9nZtKuvUf/nyCE0dl3xN933iglvN7T7VNHmvewG1tsmn9i6/TlW5B8yfr/Goo9uvs9WBvN9vqb3TL4/Pksd7ZRX/RPj+AwAAAABizeot2QRqKcF6zEC10PAiafDrgS7ufb2KqfZAVSn2nYDExDGJr8Hlb0gjVDy9UReR2ri3Ux/u7pDDbuipB3K0Yl6a7DbJ75f2HOvW8fMuZWdcv1ZBry/wnHzeIV5U5DPyW5J5DVPcuLdTH+3ukDPZ0Pe+OEJzpgSKhC63pf94o1mbyjr1T79v0j9+r0jO5IEK6IM2NF831/rc+ktzmvrX/1osy9KAz2Ug1/P7f72eBwAAAAAgPvUVToO/PPa/7szlhdKhZpf6deYREydUPBSMiG7UofDW1nZJ0iMrM7VqYVpou2lKi6c7tXi6U5LU1OrT//jXOt0+L01fvCsrtN9f/rROaU5Df/10gSSpss6jF95v0bFzLvktqSTfoTUL01Qy0qH/9R8NoU7FHzxbL0m6a3G6nn4oR60dfv12fYv2V3Srs9uvwlyH7lycpnuWZIQ+zH70fIMaWnx66sFsPftWq6obPRpXlKQ/WZur0xfdemlDqxpavBpfnKxvr81VUZ5d6i1Kvru9XRt2daqxxauCXLvWLErT3UsyZBpSZ49f3/1xjdYsTFdulk2vbmxTaoqpf/jTkdp7rFvrPm7ThTqPkh2GJo5O0udWZGr6hIE7SIOv59o1WaHiqSQlJxl65pFcVVxwqa7Jqx2HurRqYZrKT7v0o1836LtfyNOBEz3aUtap2+am6ekHc1TT5NUv32pWxTmX0lJM3bMsfcDHLDveo3Ub23Suxq2sdFPzSp36wl1ZSksxQ6+11yM9fmeWfvlWs2oavfq//7lII7I+e2H8H37bqKZWn/7+OyNlGEP7/R/sefzyzWbVNnn1o28VKskR2Nnnl/7nz+qVl2Xqz54Y8ZmfJwAAAABgOLr5um7slsLbXAfv1CNPPh7zw1FXj6Wqeo8kackMZ9R9q+u9utTm08lKV2ib22vpXI07tJal22vpB79sUI/Lr/uXZyo5WTp62qXXt7Trb/64UI+szNTHezvV0OzVbXNSVZBj18xJyfL5pR8+26BzNW5Nn5issYVJ2nOsW8+93aL6Sz599f7AepwnK91q7/Lrxy80aeF0p+x26WSlSz/4ZYO6evy6dUaqzla7dbLSpV+82az/52v5kqTn3m7RezvatWCqU/cvT9fxC24993aLetyWHrkjU7WNXrV1+vXu9na5PZbGj0rSrTOcOnPRrf/zm0YV5tj1+J2Zcrkt7avo0Sf7OgcsoIa/ngunXf562m3S3Ckpen9Hh45XurRqYZpOV7vkclv66YtN8lvSpNFJmlfqVGe3X9//93o1t/uUkWYqJ8OmF9e3yt+vnr7zSLf+4beNGlPo0JfvyVZLu09vbWlXdZNHf/W1QFH7xHm3XG5Lf/+bRmWkmrptbmrU9UovNrj1w+caLtve1OK7bFvFOZd63JZcHkumqSH9/g/6PCypqt6j7Ye7dMe8wB8B9hzt1slKl0bmpQ76PAEAAAAAuNFCa6Aan9KpR558POaHo85uf+jrzPTP3o3Y1OpTS7tPsyanaO2aTEnSQ7f15R9dmanyMz1qaPbqjrnpmjk5UITcuK9T52rcmjU5JVT0fGRlpr7z42q9v6NdD67IUG5m3/ye/lyulsxwqq3Tr6d/eFENzV7996/ma86UFLW0+/SHf1utirOBQm9Ds0/v72zXhFFJ+suvBDoR1yySWjsChcZH7sgM3W+P29JfP1Wg6RMD8/pod4csS1q5IE0P3hbY77HVfd23UV/PtIFfz+DzaO/wR2xPSTL1t98qDOXf39Gh5nafxo5M0g/+qEApSYbOVrv13/+lLuJ2L3zQIrtN+p9PF4SKoslJhn77QavO17o1dmTfBcDuWZoedf5BXT2WDp7o+dT9FNYfbVk37vvf/3nctThdeyu69dHuzlABdcPuQCfw3UsG7toFAAAAACAWBu1AZWRMhPFaWf1O/w82tQ4WX09Z6X1diG0dPqU7P/0q6tEU5Ng1ZqRDh0726M9/UqvSsckqHZOsxdOdSk4a/DU6URm4KNGC0r5T3jPTTE0ek6yDJ3p0ptqt3My+js7SMUmhfew2yeuTSscGinHZGTaZRqAb1u+XTla5ZFnSmYtuPfFXlaH78PY2U3b29BUyC3LtoeKpJE2fmKKUJEO/39Cqg6d6NLE4STMnpmhO6cAXPwp/PS+1eVU84vKLPLV1Bh4vPTXytZ4zJSWiSHihLtDJunhGYA6SNL44SVPHJ6v8dKA43NrhV12TV5L0Rz+6eNlza2j2aezIvsdYOf/KiomTRyfrh39ccNn29bs69B9vNA96uxv1/e//PGZPSVHxCIeOX3Cpss4jh93Q4VMuTR6drMmjr+1iXQAAAACA4a1/qWagi0LF4hT/iA5UK9SpN/BInny85a9U/4LpYNtuhCSHobEjk3S+1q0dR7r16MooV3Uf4DPF642Mbab0g2cKtfVApyrOu3T4VI827OrQ65sc+tG3C5VkNwZc7SB4ISB/v+0eT+/2fgm77fI7sQ3Q8Bn+qi6Y6tSX7onsvkxJMkPrhEpSkj3yfkfm2fXj7xZp68FOnapya1NZp97a2q475qfpm4/mXvZ4SQ5D44qSdK7Grd3l3frc7ZGvp98v7a8IdHZOHZt82W0Hmnv4/KSBL5qUnWHTXz+dH7HNZhoqyLVHfYzr7UZ9//s/D8OQ7r41Tb98u0Uf7ekM/XzcO8iasQAAAACAxDZQM9xnbZC7UqalQOU21IkaFqtfTJ58vOWvh8GKq0NZYL2vt8j06sY2fbK/Uz5/8HGl/cd79MJ7rXJ7LDlTAs8xfB3Mg6cuP83bmWzozsXp+pO1efrJfy7SwmlOVdV7VNnbUelMChQE65o9odtMGhXoKN17rDtUi27v9OtstUumIU0oTrrsca5U8L7P13k0IsuuUfmO0L+UK7hyfH6OTQ/fkam/+E8j9G//dZSy0k3tPNw16P7Bot1rn7Rp77Hu0HaX29LP32xWdaNHORk2LZsdfW3OsYWB4mtZ2Kn0nd1+nbzgDsVZ6abyc+xq6/DJ51PEc8tIM2NyhfpYff9vn58uZ7Khj/Z2aP2uduVl2XTrDNY/BQAAAIBENFgtJVYNbOHsgeuFh3fmERMnTnwtPu30/Bvxxr5jfppOVrm1YVeH/uWVS3r2rWZlpdvU2uFTt8uSaUhrFqVp7EiHMlJN1TR59YNn65WTbtO+Y5EF1EMne/Tj3zZq4TSnxhUlyeWxAleQd5qh09lnTEzR7qPdeu6dFh040SObKX3rsTy9tbVdR0679P2f12viqCTtqehWt8vSA8szNCL72tdnLci1665b07V+Z4f+7Ce1mjclRZakQyd61Nrp0/N/XTLobX+3vlWbyzq1eHqqCnJtqr/kU1unXzMmDX5a+B3z0nSyMvB6/t2vG5WdYVNupk01jR51uyylphj63hN5UU9pl6Tlc1L16idtOnCiR9//eYMmFDu0t6JbPe7In4kv3Z2lf/pdk/7qZ3VaPCNVaSmmTle5VXHepb/9VqEmjrr24nN/A804uM0wYvv9dyYbWjk/Xe9uD6x9+vDKdNk+24oUAAAAAIBh7tO6SmNxTXDbxEV/8n0j2KEno7c/j5g4MeIv3JUzyFtj4NOW++srllph2/ryPr+htNTrVwwLN3+qU+OLk9Tt8qu9y1JLu085mXbNK03RNx/LVUmBQzbT0KRRyTpb7dbZi265PNIzD+eqqdWnkSMcWjE3TdkZNvn8gfUndx/t1ulKtyaUJOlbn89VQU7gdPIJo5Lk8UjVjV6dq3ErN8uuO+anacnMVHX2WDpR6Vb5mR6lOk09viZLD6/MDL1+x8665LOkB1dkhrorD550yZli6t6lGaHnc+i0S9npNt25KNANOmeKU5mppi7We3X4VI8uNnhVMtKur92Xo8I8u5KTDH2yr1PTx6do4bS+tTYLc+xq7vBpf0W3dh/tVl2zT4unp+obD+WG1iUd7PUcMzJJHT0+tbT51NjiVVa6TUtmpuk7a/M0tqjv++j1SjuOdLU+N+gAACAASURBVGnV/HSNDyt2JjkMzZuaouomj05ecKvukldrFqVrzpQUna/16P5lGcpKt2l0oUNTRierrsWr8tM9OlXlVmqKqUdXZmrBLU4ZhlR+tkemDD0Q9roNxDSkzWVdmjvFqbmDrPO67WCXls9O05QxgSLysXMuOeyG7l2aoZwh/v5/2vPIzjC1YXenkuyGvrP204vUAAAAAID409Xtlt0WLJwaMgwjrIgaGIPbgtvDx8C/yH2Dgl/7fIGzKmtra694XkVFRYH7+INvn7ACxST1Ky4RE8d//MbfT5D6dY32LUhsheJgPnzs+6dAX+sAsctjKj+PNR2Bwby7vV3Pvd2i1YvS9cznBvuDBgAAAAAgnjU0dSjZ4Q8roCqsWBoZD1ZADQjUcwYqoLpdgaX9ysrKrnhec+fOlSSZwQvrDNqpR558HOcBxNY72zskSfct5Q8NAAAAAICbkylDYUWl3u668Jg8+XjOXzWKrsD14vUFGr1vn5emkgJHrKcDAAAAABg2bmx9xq7wTj3DiCguRYzkycdh/vrrO/UfQHR2m/TPf1EU62kAAAAAAG46N1cDm6nejry+Tj1FdOqRJx/veQAAAAAAAGAwZqC21LvoqgxZ/WLy5OM6DwAAAAAAAEQRtgZqZKeeBuvcI08+nvIAAAAAAABAFKEO1FBn3iAjefJxmQcAAAAAAACiCHWgMjIm5AgAAAAAAABEYYZqSGGdecTECRMDAAAAAAAAUZgKLA4Z0ZlHTJwwMQAAAAAAABCFGSwmRXTm9YvJk4/bPAAAAAAAABBFRAdqX2deZEyefNzmAQAAAAAAgCjMAYtMGrz4RJ58XOUBAAAAAACAKAbsQGVkTJgRAAAAAAAAiGLgDlRGxkQZAQAAAAAAgCjoQGVM7BEAAAAAAACIwrQsK6KoREycSDEAAAAAAAAQjWnIiOjIIyZOpBgAAAAAAACIxrQCVaVQZx4xcSLFAAAAAAAAQDShDlRGxkQcAQAAAAAAgGj6OlAZGRNwBAAAAAAAAKKxGzJk9evMIyZOlPhGaGjquDEPBAAAAAAAgOvObsmSYRiyLEbGxBtvhJKirBvyOAAAAAAAAMNRVU1rrKcQlRnekcfImGgjAAAAAAAAEI1pyZKhwJqQRu/akMTEiRIDAAAAAAAA0ZiS0VtUCuvMC4vJk4/vPAAAAAAAADA4U8FiUnhnXlhMnnx85wEAAAAAAIDBmcFiUkSn3gAjefLxmAcAAAAAAACiMS0rUEwKdepZ/YpM5MnHcR4AAAAAAACIxpTRryOPmDiRYgAAAAAAACAKs39nHjFxYsUAAAAAAADA4Mzg2pDBzjxi4sSKAQAAAAAAgMGZsgJFJQU78vp16pEnH9d5AAAAAAAAIAozUEMK68gz1K9Tjzz5OM4DAAAAAAAAUZiBmlJ4px4xcQLFAAAAAAAAQBRmqCMv1KlHTJxAMQAAAAAAABCFGaghhXfm9cX9R/Lk4y4PAAAAAAAARBFYA9Xq15lnRXbskScft3kAAAAAAAAgikAHqtGvM4+YOFFiAAAAAAAAIIqIDlRGxoQbAQAAAAAAgChMy+ptxOvtzCMmTqQYAAAAAAAAiMY0FCwmBTryDKNfTJ58HOcBAAAAAACAaExLgWJSsDPP6tepR558POcBAAAAAACAaMxgR16wU8/o16lHnnw85wEAAAAAAIBozMhOPaNfp55Ennw85wEAAAAAAIBozOBSkKHOvIhYIk8+nvMAAAAAAABANGbvkpARnXrExIkSAwAAAAAAANGYobUhg515A4zkycdrHgAAAAAAAIjGbsmSISOsM8+S0btWZCgmTz5O88PZmTOV2rX7gOrrm9Tjcik7O1O3TJ2oWxfPVVKSQ5Zl6af//Gs9vvY+FRbkxXq6AABgmOvucWnnzjKdOHFWLa3tSnLYNapkpBYvnK2xY0fFdG579h5S1cU6PfzQnTGdBwAAiE/2UHEp1Jln9OvcI08+fvPD1ZHyE3rr7Y916+I5WrRotpKTk9TY2Kz9ZeWqrKzRl554SD6fXx0dnerq6o71dAEAwDDn8Xj1wm/fkGEYWrp0nvJys9XV1aPzFy7qxZff0RfW3q8xY4pjNr+Oji61t3XE7PEBAEB8C3SgGsbAnXoyRJ58POeHq02bd2vxotlaecetoW0lo0Zq9qyp6ujojOncAABA/Kk4flpNTS36zp88KWdKcmj7pEljtXjxHDlTUmI6PwAAgKFk7+vIG6BTT+Ede+TJx19+uPJ6vcrMTL9su2EYysiI3N7Z2aV1r76vs+eqZJqmZkyfojvXLJPRu4aBZVnatn2fDhw8po6OLuXkZGrxojmaM/sWSdKWrXvU3e3SXXcuD91nY2Oz/v0/fq+nn1qrgvy+5QE2fLhVaWmpWrpk3hA+ewAAcKN5PV4lOewRxdOg9LTUiPjc+YvatGmX6hualJaWqhnTJ2vZ0gWy2UxJ0vETZ1V2oFw1NQ3yeDwaNWqk7r37duXkZEmS9u47rNraRo0eXaSt2/YqOytDX3riIVmWpV27D2rvvsPq7OxSTnaW5s+bofnzZ4Qe+9Dh49q2fZ/a2to1Ii9Hd999u0YVF0qSyo+e1Mcbd+jpr6+V00nBFwAAXDkzsAZq2NXJiYkTKB6upt0yWdt37Nfx42fk8Xij7rt+w1aVlk7QM9/4oh64b5X2l5Xr0OHjofzmLXu0v+yo7r93pf7kW1/RbcsX6sOPtmnP3sOSpPwRuTp0uEJery90mwMHj0mSDh6sCG3zen06eKhChYUjhuAZAwCAWJo4cax8fr/efe8TXbrUMuh+lZU1Wvfq+7p18Rz95+89pSe//IjOX6jWJ5t2hvY5efKsppZO1NeefFR//MwTSk5O0tvvbAzl29s7dazilMoOHNWda5bpkYf/QJL0yaZd2rmzTKtXLdU3/+hLWrN6mS5U1cjn80uSLlbX6fiJM/r8I3frmW98UZmZGXrt9fWh+83MTFdxcaEcDvsQvUoAACBe2dWvM4+YOLHi4WnN6qXKzs7Q5i179Orr6zViRI5Gjy7StKmTLlt/bPGiOZoxfYokKSMjTePHlaiyslqzZ02Vx+PVzl0H9OADqzVuXIkkadotk9Ta2q7tO/ZpwfwZmjx5nEzT1KnT5zW1dIIsy9LRYye1bOk8HTxYoTWrl8owDJ08dU5JDocmjB8dk9cEAAAMnczMdH31yUe1ecse/eLZl2W321VcVKAJE0Zr5oxSpfR2pm7asluLFs5SaekESVJamlP337tSv3j2Za1etVSSdP99qyLue+GCWXrht2+ELvYpBc6q+cLa+0L363Z7tGv3Qd17zx26ZepESVJGRromTOg77khKcuhzD94ZKpAuXzZfzz6/Tq2t7crKytDokiKNLim6Ia8XAACIL3YpbK1IRsYEG4crwzC0cMEsLVwwS93dPaqta9T58xf1yqvva9q0Sbr7rhWhfUeOjOwITU11yu32SJIuXWqRz+fTmNGRRdcxo4u08ZOd6ujoUkZGmm6ZOlHlR09qaukEnTt3UaZp6rblC3XwYIXOnb+o8eNKVF5+UtOnTw794gMAAOLLiLwcPfK5u+T3+9XU1KLqmnodPXpSW7ft05f/0+c0Ii9HVVW1unChWuVHT4VuZ1mW7DabPB6vHA67zpytVNmBo2pqapblt9TU29Hq9fpCxc/c3OxQ8VS9xyx+v19jo1yoKjc3O6K7NDXVKUlyezxD8noAAIDEEepAZWRMzHH4czpTNH5cicaPK9HYMaP0uxff0vKl85XSezEH0zQvu03wuXt9gdPy/X5fRN5mswX2623TnTWzVL/57Ztyudw6Un5cM2dMkWmamjZtssrLT6i4qECnz5zX1578/BA/WwAAEGumaSo/P1f5+bmaPWuqfvXr17S7tzvUNA09+sg9mjxp3IC3rW9o0u9ffFsP3L9KU+9fLYfDrpqaej37/LrQcYckmf3+IOv3B07Tt6KcQmQb4JgncKNre54AAABBZt95zIG1IWX1jmExefJxmx+mmgZbe6z3SQXXAvs0I/JyZLOZulBZE7H9QmW10tKcoQtVjRo1UpmZ6SovP6njJ85qxoxSSdLMGVNUcfyMjhw5obzcHBUU5A34OAAAYHhrb+8IncEykOCxx8jCfJ0/f3HQ/errm2S32zRzRmmoW3TQ45owI0bkym636VyU+wYAABgq9sCVdKy+jjwjcHpzeEyefNzmh6GOjk79xy9e0oTxo1VaOkE52Zmy2UzV1Tdp67a9mjRprLKyMiIu+jSY5OQkLZg/Ux99tF3JyUkqLipQZWWNtmzdqzWrl0XsO3NGqd5fv1lFRfnKy82WJBUWjlBWZoY+2LBFq1ctGbLnDAAAYmvHzgOqqDituXOna+TIEcpIT1N3t0uHjxxXdU29Vq8OrG96220L9fIr7yozMyO0dvrJU+d06vR5fWHt/SoqKpDfb2nvvsOaO2e6GhqatHvPoU99/KQkhxYtnK2NG3coOcmhkpIiNTY16/Dh43rg/lWfentJqqyq0Z49h/TgA6tlt3MhKQAAcOXs6l2s3bKsULHJkBFaxN0iTz6O88NRenqanvnGF7Rz9wHt2LFfbe0dMgxDWVkZWrhglhbMnylJstlMZWSkKa13/a+gzMw0ud3eULxq5RKlpCTrg/Vb1N7eqaysdN1153LN7O0yDZo9a6r27T+shQtmRWxfuHCWtmzdE+pKBQAA8efONctUWDhCR4+e1L79R9TT41JqqlOjigv05JcfUVFRviRp/LgSrf38vdqyba82bd4lu92uUcWFum35QklSXm621j52r9av36KNn+xUSclI3X3XbVr32nrZ7YElhDIy0pSZlXHZHO64fbFSUpL1yeZdamvrVHZ2hpbcOleGYQRu03vmTFBycpJSU51yOgPLGrW1dqjqYp08Hi8FVAAAcFWMNd+ssIIden1jUP/t5MnHV/6tf5gU+CpsPa3A18H9A3EwHxis0LbAv/BtwdsHYpfHVElRlgAAAAAAADCwqppWJTv8vc1uhgzDkGEoLFbvNiNim6SwbQrVc8Kb5oJfu11dkqSysrIrntfcuXOlvjVQjd61IY2+NSMjYvLk4zQPAAAAAAAARGGG1og0wtaMtKy+tSLJk4/nPAAAAAAAABCFPVhMYmRMyBEAAABXzOO15PLwR2gkhmSHIYed3xkAAJI9vEOvr6hETJwgMQAAAKLyW5bqLvnU0u6T18fxExKL3SZlZ9hVmGuTSQMGACQsM3TBnN7iEjFxIsUAAAAYXI/Lr1NVbjW2eCmeIiF5fVJji1enqtzqcfljPR0AQIwE/ogW1plHTJxIMQAAAAZmWVJlvUcut9VvO8dQiH/9f85dbkuV9R5OYgOABGUP1JICnXmGEdmpZwwwkicfT/nhrq6uVW3t3TJtpjo7XbGeDuJQWmqy/H6/MjOdKizIivV0AAA3UN0lj3rCiqfdPX519fhlWYGuPCCe2W2BnotUpylnsilJ6nFbqrvk0cg8R6ynBwC4wezBjryIzrywmDz5eM4PZxXHq5Wfn6lRo3LlTHHERUEYNx/LstTd41F3t1vHjlfrltLiWE8JAHCDNLX1VUm7e/zy+6VZk1KUm2WP6byAG+VSq1cnLrjV7fKHiqhNbT4KqACQgMzAkpCG+karX0yefPzmh6tjFRdVMipXebnpSnUmUTzFkDEMQ6nOJOXlpqukOEcVJ2piPSUAwA3g8Vryhy332NXj15QxSRRPkVBys+yaMiZJXd19bwa/P/D+AAAkFtNQsEOvtzOvt+Mo1LlHnnwc54ej+oY2jSzMVnp6SqynggSTkeFUfl6G6upbYz0VAMAQc3n6jpMsy5JlieIpElJull2WZUSsiRr+/gAAJAbTUr/OvN6Oo1DHHnnycZwfjlpbu5SSwmlDiA2n06G29p5YTwMAMMRMs+9rwzBY8xQJzeuLvH6COTx/jQAAfAZmeKeeFd6xN0AnH3ny8ZYfjkzTlNOZFOtpIEE5nUm9/3EAAAAAAJAYetdAVV9nnjRApx558vGZH446u1yxngISmGEY/AwCAIaN737vr2M9BQAAEAfM4FKQ0Tv3yJOPzzwAAAAAAAAQjRnZmad+nXuGyJOP5zwAAAAAAAAQjRm+NmSwU88K79QjTz6O8wAAAAAAAEA09t4lIsM68yxi4oSJ451lWdq+fa/ee3+j/vIvvqnMzPSIfHV1nV559R1duFCt1FSnbl+xWKtXLY/ZfDH0Xn3tHUnSIw/fF+upAAAS3IYPt+jM2Qt65htfuu73/W///htNnjTuut8vAABITHYFi0lhHXnExIkUxyuXy6Wf/+J36ulxqb2jUy63OyLf3dOjf/7X53X7ilv19a8+rvqGJj33/EtyOp1aumR+zOaNofPqa+9o3avvhGKKqACAWJo3d4YmTRyaIucf3Hm7MjPT9eZbG4bk/nHz6uzxat2OSi2alKvSksxQ04RlWTpX16GPDzdo7fLRynA6Yj1VAMAwYiq8A7V3IzFxIsXxym9ZWjh/tv70O08NmN+z56CKigp0150rlJ6epgnjx+hzD92tTZt33PC5Yuj1L56ue/WdUDcqAACxkJeXo/HjRw/JfY8fP1p5eTlDct+4ub27+6J+s/60/scvD2j38SZZliXLslR2uln/47kDevHjM3pzR1WspwkAGGZCHaiMjIk6xitnSooWL54rv98/YP7sucrLuj4mTxqn53/VIJfLreTkpBs0Uwy1/sXToOA2OlEBANfDwYNHdeTocaUkJ+vAwXLZbDatfewBtbd1aMOHm9XW3ql5c2fo8bUPyDAM7dt3SCdPndUXHn9Ifr9f772/UQcOHlVHR6dSU516+HN3a8b0UknSulffVU5Otk6cOK0LldXKzc3Wk195TFu27tKBA+Xy+fy6955VWrZ0gSTpxZfe1IQJY2P8iiAWlk3L1xtbzqmqvlP/+4WD+uHT8+VMtutvf1WmhtYejcxL1dJbRsR6mgCAYcYuWTJkhDryIkYjeMEd8uTjM5/IOto7NanfLxbp6WmBXEcnBdQ48sjD91EkBQAMuY6OTu3efUB/+PQTevSRe7V7zwE99/zLmj37Fv23//ptdXX36G/+9qeaO2e6Sksnqr2jU61tHZIkn8+v9PQ0feuPn1R2dqaOnzitZ597ST/8wV/KZrOpvb1T+/Yf1p/96TeUl5ej3/3+Df39j/9NDz14l/7X9/9cx0+c1s/+/QUtmD9LyclJam/vVHt7R6xfEsRA8YhU/cXa6fq7Fw6osq5N3//5LpmGobrGThXmOvXnj8/Q+KKMWE8TADDMmOotLmmgDj1LIk8+vvOJK9oasIaZ4NVlAABwTUaXFGl6b9fo9GlT5HK5tGbVbbLZbMpIT9PokmLVNzRddjuHw67bV9yq7OxMSVLplIlyuz1qbWsP7bNo4RyNGJErwzA0fdoUOex2LV2yILS/ZVm61Nxyw54rbl6zJ4/QD76xUKNyHbpY06TK6kYVZTv0/acWakFpfqynBwAYhuwKdeRF6dQjTz5O84ksIyNN7R2dEduCnRrpaakxmhWGwmCn8EvSo4/QnQoAuH7S0tJCX9vtdklSenrfcYXNbpPP57vsdj6fT5s271TF8dPyer0yDEM+n08+X99SRGlhxyd2u01p6ZHHK3a7TX7fwEsXIfHYTUuenk55egLHt65uQzaDnw8AwLUxFerIi9KpR558HOcT1bhxo3Xq1LmIbSdPnlVxcaGSkjh9P5488vB9evSRy4ukFE8BADeL3XsOasfO/Xryy5/Xd779dX3jqSdCV08HrlZZxUV9929f0+nzFzUiy6bCHIfOV9Xoez96XbsPn4/19AAAw5AZfh6zIYmYOKHiBLZwwWxV19Tpw4+2qqurW+fOVemNt9Zr5R1LYz01DIH+RVSKpwCAm41hGHI47LIsSx99vDXqckPAYM5VNem//f2rOnm2Srnppv7+z+/TT/7bgyrItquyukb//R9e17HTNbGeJgBgmLGHX0nHkkRMnFBxHDt7tlI//edn5fcHTlX64d/8RKZp6rvfeUpjx4xSaqpTf/xHX9Er697Wu+99rMyMdK1auUyLFs6J9dQxRMILphRPAQDXW3p6mjIywk/htyk7O1MOhyO0LSMjTRkZ6YGv09OUlRn4evGiOaqtrdeP/u5fZLcH1kMdOTJfKSnJodsFL3YpSalpqcrKyox4/JycLDmdKb37p4ceB4ll2/6Tqm1oUFZ6iv7nN+/R1PGFMgxD3//Wffqrf1qnxqYm7Sg7pVsmFsV6qgCAYcRY/UdHrd7LlYuRMdHGt/9xkiRFdDgEvjZCJVbLskL5wGCFtgX+hW8L3j4QuzymSoqyruub9tCRSs2aMfq63idwNfgZBID41+Xy63SVOxTXNnp15+LhV5D87vf+Wv/3H//fWE8DN1B3j1u/e2u7Zt0yRvOnj49YCuLoqYvavPuY/tNDy5WelnLF97lhV4dGjrCH4omjkpSaYl73uQNAIquqaVWyw9/7uW3IMAwZhsJi9W4zIrZJCtumUD0n/PM/+LXb1SVJKisru+J5zZ07V4roQGVkTMQRAAAAQNxwpiTp64/dMWBu2qRRmjZp1A2fEwBg+DNDnXeDjOTJx3MeAAAAAAAAiMY0wk9rliJPcw62uZInH6d5AAAAAAAAIBozWEyK6NQjJk6UGAAAAAAAAIjCDHTkXd6pFxGTJx+v+WEoNS051lNAArMsS2mp/AwCAIYHLiAFAACuh8AaqMandOqRJx+n+eHI8lvq7nZfwZ7A9dfd7ZZ/mP7xAQAAAACAa3HZGqg3TWcgefI3ID8cZWc61d1DARWx0dXtUWamM9bTAADcQJZlyW6L9SyA2LHbxBJgAJDgejtQ+zrzImKjX0yefJzlh6P8/EzVN7Sro6Mn1lNBgmlt61bTpXYV5mfGeioAgCGWkmSGvjYMQ4YhXWr1xnROQCxcavXKMHobMXqlJJtRbwMAiD+hDlRGxkQch6upU4pUVd2spkvt6upy8RdxDBnLstTV5VJjU7tq61pUOrko1lMCANwApiElO/oKRqlOUycuuCmiIqFcavXq+AW3Up19BdNkhyFzmDZiAACund3qLSYxMibiOJxNnVKkuvpWXaxpkWkY6uxyxXpKiENpacny+y1lZjopngJAgsnNtKmmKVAwdSab6nb5dehUj/x+yeeP9eyAoWW3BVb9SnWacoZ1nOZmsp4FACQiu9HbYRTqzJPRLyZPPn7zw11hQZYKC7JiPQ0AABCH8rJsaunwqdsVOGZyJgcKSfHwh2jg0wz0c56SZCgviwIqACQi0+pd18gKrg0pq19Mnnz85gEAADAwwzBUPMIx4HYg3vX/OTcMqaTAwc8/ACQoe6gjL/hXtlDcfyRPPv7yAAAAGFxqiqnpE5JVd8mnlnafvD6On5BY7DYpO8OuwlybTIqnAJCw7OEdeYyMiTYCAAAgOtMwVJRnV1GeXR6vJZeHIioSQ7LDkMPO7wwAAMmufp15xMSJFgMAAODKOOwUlAAAQOIxFVwjUn0decTEiRQDAAAAAAAAgzGDa0Mq1JlHTJw4caI7duyUOju7r2jfXz77sj7ZtGvI5wQAAAAAAHAzMS1JwT68QGeeZMjoF5MnH5/5RPfB+i06c/bCFe07e/YtGj+uZMjnBAAAAAAAcDMJrIHaG4Q689SvU488+TjOJzLLsq74dZg/b8aQzwcAAAAAAOBmY1dvR16oqBQR9x/Jk4+v/HC2b/8R7dl7WO3tHcrJydKSxXM1ffpkSVJtbYNef2ODHnhgtTZ8uE11dY1KS3Nq+bIFmjP7Fu3fX67312+WJL39zka9/c5GFeTn6emn1mrvvsOqrW3U6NFF2rptr7KzMvSlJx7Sa6+v1/jxozVn9i2SJI/Hq0827dLRYyfl9fo0snCEVq1cqqKifEmS1+vVhx9tV8XxM3K7PRqRl61bF8/VtGmTYviqAQAAAAAAXJ3eDtR+nXqyBhnJk4+//HC0bft+HT5yXA8/dKcKC0eorq5Rv3/pbSUnJ2nSpLHq7OrWpeZWffzxDt21ZplycrJ04OAxvfveJxozpljz5k3X7NlT9ZOfPq877rhVM2eUymYzJUnt7Z06VnFKjU3NunPNMo0uKZIktba2q7W1LTSHV159Tw67Q1//6mNKT0/V0WOn9LsX39IfPv240tPTtHnLHlXX1OvJLz+i9PRUXais1rFjpyigAgAAAACAYcUMDwwZCq8p9e/QI08+nvPDhcfj1fYd+3TP3bersHCEJKmwcIRuX7FY+8vKI/ZdvWqJiosL5XSmaMmtc5WU5FBVVa0kyWaz9Y6m7HZbxJqwhmHoC2vv05TJ4+V0plw2hwsXqlVVVasHH1itjIw0GYah6dMma+LEMSo/elKS1HSpRWPHFCsnJ1MOh10TJ4zR/fetGtLXBgAAAAAA4HqzhweWLIXXlPp36JEnH8/54aKh8ZI8Hq/eeXejTLPvbyBut0eFBXkR+xYUjIiIU1KS5XF7PvUxcnOzlZKSPGj+YnWdPB6vfvncKxHbe3pcGpGXK0maM+sWvf7mBrV3dGpMSbHGjh2lvLzsK36eAAAAAAAAN4O+AqqliOISMXFCxcNJ70Wfnv76WiUlOaLuapqXP8krKRybxqe/OCMLR+jrX3ts0PzkyeP0x888odNnKlVVVaNNW3ZrwoTReuiBNZ963wAAAAAAADeLvva1/vUSYuJEioeRESNyZbfbdP78xc98X3aHXS6X+6pvN3JkvhqbmtXZ2R11v/T0NM2eNVX33btSX/3KoyovP6mWlraotwEAAAAAALiZmJc1oxETJ1I8DCUlOXTr4rl674PNOn7irDo7u9XY2KyPPt6ujZ/svKr7Ki4uVNmBo6qpaVB7e+cV327c2FEqLi7UK6++r4sXa9XV1a2qqlq9+vp6HT9+RpL05lsf6ejRU+ruccnj8erU6fNKSnIoPT3tqp8zAAAAAABAqtgFJgAAIABJREFUrNhj3vlHTBzLeJhacdtCpaU5tWnzLjU3tyktzakJ40dr+bIFkqS0VKcyM9Mj1kiVpKysDGVkpIfiu9Ys09vvbtSvfvOakpIc+tqTjyojI02ZWRmXPWZWVoYyMwPbDcPQ44/dp02bd+vV1zeoq6tb2VkZmj59iiZMGCNJKi2doF27Duj99Zvl8/k0sjBfX3j8ftnttiF+dQAAAAAAAK4fY9UzRy0ZgWUVDSNsbch+I3ny8Zh/558mS5Isq681NfB1cKdAHMwHBiu0LfAvfFvw9oHY5TFVUpQVkzc3AAAAAADAcFBV06pkh1+GYUgyZBiGDENhsXq3GRHbJIVtU6ieY4Rd2yX4tdvVJUkqKyu74nnNnTtXkmQq9GBhjzPASJ58XOYBAAAAAACAKMxQ511wICZOoBgAAAAAAACIxjQMo++05mBbKzFxgsQAAAAAAABANIEOVKOvM4+YOJFiAAAAAAAAIJpQByojYyKOAAAAAAAAQDSRHagRowbZTp58/OQBAAAAAACAaExDhizLiujMsywFrlpuSeTJx3MeAAAAAAAAiMa0ZPUWlfo69IzwTj3y5OM4DwAAAAAAAERjhjrywjr1rIhOPfLk4zcPAAAAAAAARGOGOvLCOvWMfp165MnHax4AAAAAAACIxrysM4+YOIFiAAAAAAAAIBrzss48YuIEigEAAAAAAIBo+jpQ+40aZDt58vGUBwAAAAAAAKIJdKDK6OvM6x0VHpMnH6d5AAAAAAAAIBq7pL4i0wCde+TJx3t+uKmqaY31FAAAAAAAQAIrKcqK9RRuKLukvjUhwzv1rAFG8uTjLD9cJdoHFQDcSFU1rXzOAjch3psAcGX4vMRQS8TGLlPhnXkKXxtygJE8+bjLAwAAAAAAAIMz1VtU6lsTkpg4kWIAAAAAAABgcGZg6N+RR0ycSDEAAAAAAAAwMFOSDIV35hETJ1YMAAAAAAAADMaU1Ls2pHqLSsTEiRUDAAAAAAAAgzEDNaRgJ56h8NjoF5MnH3d5AAAAAAAAIAozUEMK68gLi61+MXnycZcHAAAAAAAAoujrQB2sU488+XjOAwAAAAAAAFH0daAO1qlHnnw85wEAAAAAAIAoTCuihmTICqsxRcTkycdhHgAAAAAAAIjGNCJqSJZCsdEvJk8+DvMAAAAAAABANL0dqH2deQOP5MnHZx4AAAAAAACIprcDta8zL2K0gjF58vGZBwAAAAAAAKIxo3buGZ/S2Uee/DDPAwAAAAAAANGYhhEoJoV35ln9OvfIk4/XPAAAAAAAABCNGSwmhXfmERMnSgwAAAAAAABEE9GBGurM6xeTJx+veQAAAAAAACAau2VZMnrXigwUlYiJEydOJBs/2aljFaf1xccfUE5OZkTO7fbo5794UTNnlGrFbQtjNkcAGK5aWtr0q9+8plumTtSda5bHdC5dXd06dPi4ZkyfovT01ND2197YoNOnz+vzj9ytceNKYjpH4EaqqDit19/8UH6/P7TNNE1lZ2Vo6tSJWrpknpKSHEM6h/PnL+q119dr9eqlmjmjdEgf62q1tXXoF8++rO7untA2u92uzIw0jR1XokULZikvL/uq7/fEybPy+fy6ZerE6zzjgJdefletbe16+utrZVzhgf1gn48ALrdn72Ft3bpHd965XDOmT4n1dK6ZZVnav79cRcUFKi4qiPV0MIyZhsKLSxIxcSLFiaSyskYtLW16ed27crs9EbnW1na1trarqqomZvMDgOGsuaVNHR1dunixLtZT0cFDFfp44w6VHTgasb2zo0tut0eufv8HAPGurr5Rfr9fBfl5mj1rqmbPmqrSKePV43Jr+479emXde0M+h5raBnV196i+vmnIH+tqXbrUou7uHqWkJGvy5HGaPHmc8vNz1dnVrbKycv3HL1/U0aOnrvp+X39jg15/Y4OsITrorqyqUUPDJblc7iu+zWCfjwAidXX3aOMnO2Wz2/Xhh9vk8XhjPaVrVlPboA82bNHGjTtiPRUMc3YrdGGdm6szkJj4RsSJqLGxWW++9ZE+/+jdsZ4KAGAI+HyBLju/3xex/YkvPiCXyy2nMyVGMwNia+LEMVp5x62huLvHpX/72W917vxFXWpuVW5O1jXd73A/rgyWN3NzsvTYo/eEtns8Xm3eslu7dh/Um29/pKKigsvOYorG5/PLsqyb6vUZ7PMRQKS9ew9JsrT28/fol8+9ogMHj2nhgpmxntY18fl8vaP/U/cForHfLJ2AxMSxiBNRdnamTpw8qy1b9+q25QsG3e9CZbX27D2sqsoadfe4lJGRplkzp4Zu4/F49S//9huVlk5QQX6etm3fp54elyZPGqf77l2pHTv3q6zsqFxuj6ZMDmxzOOySJJfLrU2bd6ui4rRcbrfyR+RqxW2LNGHC6Bv2OgBALNTWNmjT5t2qrKqRZVkqLBihZcvma+KEMaF9enpc2rxljyoqTqu7p0c52VmaN2+6FsyfqdbWdm3fsV9nzlaqvb1TKclJmjhxrO5cs0x2u13//C+/VmdXtyRp2/b92rZ9v/LysvXMN76onbsOaOeuA/rak48qp7dQdKzitHbsLFNDQ5McDofGjinWHXfcqrzcwOm6589f1EuvvKuHHlyj8+cv6kj5SXk8Xk0YP1r33bdSzpTkGL2SwGfnTElWdnaGurt71N3do3a7Xc8+/4pmzZyqO25fHNrvF798SSkpyfrSEw9Jkn73+7fk9fp0x+2L9cH6LWq61KJv/tETSk9P0959R7R332G1trYrLc2pqaUTdMftfUVbr8+nDR9uHfS99GnHX5J08uQ5bdm2Vw0Nl+Rw2FVcVKAlS+Zp7Jhiqbej9OONO3X+wkWZpqlRowq1ZtVS5eZe3Wn4Doddq1ctVU1Ngy5UVmt/WblWr1oi9XZyHj58XHX1jfJ6fcrLy9byZQs0tXSCdu0+qI8+3h66nx/93c9kGIYevH+1pk+ffE3zO33mgj7ZtEuNjc3KzcnSqt55hPssn4+StHvPIe0vK1dbW7uyszI1d+40LZg/86Yp/gI3itvt0d59RzR92mSNHJmvSRPHaueuA5o/b7pM0wztV3WxVr/7/Vv6g7tWqKamXkfKT8g0TS1eNFtz507X+x9s1unT52Wz2bRwwUwtX9b3OfZpx0Pt7Z1X9Xl8+4pF+mjjdtXXNyk9PU13rFis6dMn6+V17+nkyXOh+f7Nj/5VDoddT3/98av6gxAgSWbgL4KSJSusMy/wl8jImDz5+MsnoocfulPZ2ZnasnWPTpw8O+h+W7buVXV1nSZNGqtFC2fJNE1t2bondMpTS0ubOju7tX9/uXbsLNOkiWOVkpKso8dO6ee/eFHlR09pSukEpaQk6eixU9qz95DU+5e/3/7+Te3bf0S33DJJq1Yukd1u1+9feltVVbU37HUAgButtbVdv37hdZ05W6kpk8drxvQpqqtv1IsvvaPjJwKfx36/X7954Q3t3XdYKc5kzZxRquTkJG38ZKe8Xq8OHzmu8qMnVVRUoMWLZis/P1eHjxzXB+u3yG63admy+RozOlBEKSkZqWVL52nJrfMkSVVVterpcanpUoskqeL4Gb32+nq1tLRpzuxpGjd2lI6fOKvnnl+n1tZ2qfe0N4/Hq1fWva8LF6o1depEpaamBP4Qt2VPzF5L4LNyuz06dLhCtbWNstlM5eVmq7GpWR0dXaqu7luKw+v1qa6+SVUX+45Rqi7WqrKqRi+ve09er1czZ0yR0+nU++u3aMOHW+VyuTVj+mQVFo7Qvv3lqqmtD912374jOnzkhHJzsmRZ1mXvpU87/qqtbdDL696Ty+XS7SsWaeGCWerq7tGhQ8ek3uOzZ59fp8rKai25da6WLpmrhoZL+tVvXldPj+uaXqvJk8dJUuh18fv9ev+DzepxuTRzRqnmzpmmlpY2vfb6ejU2NWvC+NFavmx+6PZLl8zT8mXzVVIy8prmd/FirV586R3V1TUqIyNNkvTyK+9ddur+Z/l8XL9hqz78aJvycrN155rlKi4u0IYPt2n7jrJres2A4Wx/Wbl6elyaP2+GJGn+/Blqb+/Q4SMnIvar7T1GePudj1Vb16ippRPkdnv0yaZdeva5V9TR0albpk6U2+3W5i17dLH3c/RKjoeu9vN43WsfKC83R5MmjlVra7veeudjdXR2ae6caZo5I7B+a0ZGupYtnaflyxaEPkuAq2FXsDMv1JHXf41I8uTjOZ94UlKS9dij9+i5X63Tm299pK9+5dEB9/vC2vtks9lC8ZQp4/WrX7+mU6fOa+6caaHthmHoyS8/ovT0VFUcP6NXX/tAnZ1d+va3viJnSrLGjinW629sUGVljbREOnrslGpqGrRo4WytWb1UkjRn9i36p588p527D+jzJSwtACA+bd6yWx6PV7evWKxlSwO/tE8tnajfvfiWPvlkp0qnjNfBQxWqb2hSUVG+nvzyI6FOD7/fL9M0tWzpfC1dMi9i+4//8Rc6eSrQXbFg/kz19Lh1obJaY8cU6/YViy+fSO//fx9+tE2StPaxe1UyaqQk6ZNNu7R9x35t31mme/5gRegmBfl5+vrXHpNhGDp//qJe+N2bunCheohfMeD62rGzTDt2RhbEDMPQ6lVLlXIN3dQLF8wKdYZeutSisrJyORx2PfW1x0K/nAffu9XVgSJqZma6nvr6WjlTknX8+Bmte+2DiPfSpx1/1dQ2SJJmz7pFty6eI0kR3anbtu+Ty+XWY5+/R5MnBQqfo0uK9NyvXtXhIyeu6RTczMx0SVKPK1DgNE1Tf/5nT0XMMy0tVZs279KZMxe0aOFs5ecv0rbt+2VZllbctjD0mfXOuxuven67dh+Ueo8X773nDqm3EP3Bhi0R+13r52NbW4f27juskSPz9djnA0sYzJ0zTR2dXdq1+0Do8xpIBD6fT7t3H9So4kKNHJkvSZo4YYxycjK1Y2eZZs0svawrOz8/V09++WFJkt1h1759R5SW6tSXv/Q5SZJps6msrFyVVbUaNWrkFR0PXa27/2BF6IJ1v37hdVVW1ujixTqVThmv5OQkHT5yQlmZ6QMfFwFXyC4F14ZkZEy8MVHl5+fqwftXa91rH+jlde/q/vtWXbbPhcoa7dlzSPUNTeru7gktHN7d0xOxX052ZugqpsFfFvJys0OnogW3udyBLoHgXx537zmoffsPh+7H5/OHOp4AIB4FLzA1pbebS5LGjy+RzWZT06UWud0e1dQEiiylUyZEnCYX/LqlpU1bt+3VxYt16ujsktfrC11Z/Gr+b+vo6FJbW4ecKcmh4ql6O82279ivmurIi2GNGVMcuu+srAwp7HMdGC4K8vNUVBQoCNjsNmVlZqh0yvirPrU9aPasqaGva2oChc3RJUURnU3h72NJmjxpXOgYqbBwhNTvvfRpx1/jxpbI4bDrk027dOZspYpGFmjcuFGh016DnVkvv/KebLZgITHwV5PW1rZrep5tbYHjs/Ai88FDFTpSfkLNl1rlcrvl9QbWGOzujt7lei3zq2+4JEmaOaM0tG3evOna8NG20OefPsPnY/DYtLa2Qf/7//wstD24XqLL5VZyclLU5wXEi0OHKtTR2SWX26033vowtL25OfD+PH78jKb2FiqDwo8jMtIDn3+jBtgW7Bq/kuOhqzV+XEno6+ysDFVW1lzVBeaAKxHqQGVkTMwxcZWWTtCypfO1bfs+vfb6hohca2u7fv/i20pOTtJddy5XXm6O2trate61D/quNNDLtEX+YqABflmQdNntbl+xWFNLJ0RsS0tzfpanBAA3teAv7/6w/4D8/sBFVhTWqRbN7196W83Nbbp9xWKNG1ssR5JDzz3/qrxeb6hAcCU11IHmot7T4wbabgv7rA/e1kr0/0gx7PS/iFR/A711ghcfGYi9d213STLN3vdF/wOe/rex93Vt9n8vXcnxV05Opp75xhd1pPyEqqvrdfhwhXbtPqBZM6fq/vtWhu77K19+WM6UsAvGGVJWZkbUuQ3m5MnzkqRRxYWSpCPlJ/T+B5tVWDhC9923UhnpaTpSflK7dh+4/IBvEFc1v97XJzklsojZvyD6WT8fJ08ap1UrI9dWTUpyUDxFwrAsSzt2HZB6r3dRXn7ysn2279h/WQF1oGMX2wC/IwY/H67keOhqP48j5xC8de/jDXhvwNULdKDK6F0jsrczj5g4QeJEd/uKRaqra9Sp0+cjtjc1tciyLJWMGqkZ0wNrxjRdar4uj1lcXKj9ZeWqr2+MOCXKsqzQL+4AEI+KigrUdKlFJ0+eVWFBniTp/Plq+f1+5eRkKSUlWUVFBVJZuSoqTuvWxXMifiHw+Xxqbm6Tw2EPfX62t3fI6/VGPE5SUuCX/eb/n737im7rOvdF/wcIFjQSBHuvIiVRYpFYVKhGFavbli3LimQ7O3GcOHvv7DPuuA9nnKf7fMc9Yycn20lOTmInthzLstWsYhVLVG+kRJESxSqSYu8kSAAsAIj7AHARCwQoqsUS8P+N4TH9rW9hYS3YmAQmvjnXoPtqM6VSjsBAFYaG9Ghp6UBcXBQAoLGxBQAQHRX+Al4Bopfb5EDZ0JBe2Db5nnicKPt7pqWlE0NDemHa+5OY7eevwEAVli219QEWywR+/8nnqKqux9YtaxATHYG+vkF0dfUK6xfCPhjiekDDPZPJjMtXStDc0g4fHykW5WQAAHrsFaEZ8+cgNSUBAHD7zv1pj/f398Po6BgGB4eEKt+nOb/w8BD0D+jw8GEzwsNsfWdzS4doMOVZ+sfJ/3bdPX0IDFQJNz2FQ8UckTd4UFWPwcEhLFu6SHTjpkknThajvKIaDQ0tz3Tz39l8HnqW/tiZn58vAEA3NOz1M1Hp2dgqUG231JmqzGPM2Gtien37Onz294Pot99UBAAio8Lg5+eLhsYWXL5SAkCCsruVz+X55s9LRWlpBaqqH0L3+SHExkRiZGQE9fWPEBMTiXd2bn4uz0NE9M80+VG8t28A+748Ksr5B/hh86bVWLZ0EaprGnDpcgl6egcgl/vjvv2GDOvXLQcAZMxPxa1b5ejs6sVf/noA8fHR6OsbQE/vAP7bb36K6OgItLd34djx84iICEF5eTV8fHxEAwkJCbabpDx4UI8R4yh8fHywYX3htJNduSIfx0+cx9ffnMCCjDSMjo7hQVU9/P39sHJF3gt+xYhePuHhIZAH+KN/QIev9h+DUqkQ1s98HI0mEFmZc1FeUY1PP/sGaWlJGB0dQ/3DZnzw/o5ZHWM2n78uXLyJe/drMDc9GRpNEAYHh2A0jgjTV5ctW4ya2kacPnMZjY2tCA4ORP+ADg0NzVi9qgAF+dnTnney/+rrH8SBb04CAPQGI/rtU2l9fHywfdtaaDS2O1YnxMfg+o0y3CqpgI+PFH39g6h8ML1SLTEhBtU1Dfjyq+8QEx2BsLCQpzq//PwsVNc0oPjCDXR190IeEICqqnrRPj4+Ps/UPy5alIE7dyrx57/sR2pKAqyworGxBQbDCP7v/+vDWf33I3rV3bCvEZ2VOc9lPid7PsorqnHtxp1nGkCdzeehZ+mPnYWGBkOlVGB42IBPP/sGQZpAZC5IR9pTrLVK3s0ncfGv/x/bCLzVXto8OSJvtf85nYqZZ97T8ns3hbh5azyfX6UsExIEqgNmsefsDenHnuqYvX2D0OsNosX1YZ9KlpwUh9q6JiQnxyMp0ba2VlxcFLq6elFT0wiDwYgtm1ajpbUDKSm2ffz8fFFeUYW42Cik26fiS6VS3LtXg8SkWKEiwVcmQ3lFNeakJiA5KQ5SqRTz58/BxMQEOjq60dTUCoPeiOTkeKxaVQCF/Pm+XkRET+pp+lmJRIJ792swNjYO3dCw6B+DwYiMjDkIDQ1Gamoihof0ePSoDR0d3QgLC8H2rUVItq9fONlHjo2Oodt+p1kfHx8sXZqDqKhwpCTHYWBgCHX1j9DV3Yv8/Cz4+/vB189XuMGfUqmARhOE3p5+dHX3wTIxgUU5CzAyMorOrl4sW7oIcnkAIiJCERaqRV//IBobWzEwqENycjzeenOjsM6pxWJBVfVDZGfNQ0S4bb1GX19f3K+sRWxsJOamp8zwqhA9X0/7GWh0ZAx19Y+weNEChIVq3e4nlUoRHRWOzq4edHT2wGw2Y/Pm1RjS6RGsDRLW4GxubodEAizJzxZVMs1JTYRM5oO+vkE0t7RjdHQMmQvnYv68VFitVtTWNWLhwnRh7VNfX19UVdUjOiYCc9NTZvX5S6MJhMFgRF39I9TUNmBwUId5c1OwceMq+Pn6Qi4PwNy5KTAaR9Dc0oGWlnaYzRZkZ81DXm6maAkBx+u+d68Go2Pj6B/QoX9Ah9HRMahVSsydl4ptW4uEu9cDQHBwEFQqJdraOlFb1wQ/X1+sW7ccDx82I3fxQoTYq03jE2KgGxxCb+8A+voHER8XjfS0pCc+v8BAFaIiw9HT24+Wlk6MjY1jw4YVtsFdqQ/y8zIhkUieqX+cNzcFCkUA+noH0NjUir6+QYSFarFh3QoEBwc+8f9zRD+2J+0vJ6fvz01PRqbD+s6O1GoVurr6MDSkx+LFCzBhtaLyQT0yF6Yjyn7DqbHxcdTUNmJRdgbCwmz9rclsFm6EFxqqhUIhn9Xnodn0x4+a2yGVSFBQMPXji0FvRFtbJ/LzMqFWqyCRSBAfH4Oenj509/RDrzcgY34a39vP6Gn/Jj/umDKfyTEbibD0ylQM+zaJaBsAh20QxnMc/0ZP/rvFYltjt7Ozc9bnFRVlm6klWf1RpUMd3tSgk7hlnnnPzH//v2wdr+M6brZ/n9zPFk/mbY1V2Gb7x3Hb5ONt8ZhJitioIDxPrR26535MIiKawn6W6OXE9yYR0eywv6QX7UX8P9baoYO/78RzGkC1uhxAHR8zAgDKyspmfV45OTkAAOnkIJFjhZ5z5R7zzHtunoiIiIiIiIiIyD2pY0We1WFwCQ5rRjLPvOfmiYiIiIiIiIiI3JPCaVBJ3MLNduaZ95Q8ERERERERERGRe1L3g0ts2XpDS0RERERERERE5J5UfMMcCRgz9qaYiIiIiIiIiIhoJlLbfXSmBpUYM/ammIiIiIiIiIiIaCZS2xjSVGWe1SlmnnmPzhMREREREREREc1AaivJm6rMc26ZZ96j80RERERERERERDOQTq/Mw2Mq95hn3nPyREREREREREREM5FKJIDV6lSZZxVX7jHPvKfmiYiIiIiIiIiIZiK1jSU5VehJxJV7zDPvqXkiIiIiIiIiIqKZSB0r81xV6jHPvCfniYiIiIiIiIiIZiKdHEMSV+rBoVKPeeY9N09ERERERERERDQT+xqocKrUY8zYO2IiIiIiIiIiIqKZOK2B6rpSjzFjT42JiIiIiIiIiIhmInVcG3KyMo8xY2+JiYiIiIiIiIiIZiKdGlSaqsxjzNhbYiIiIiIiIiIioplIIUxrtlXmMWbsbTEREREREREREZE7MsCxIo8tW+9qX1WtHbof+xSIiDwa+1milxPfm0REs8P+kuj5EipQAfHgkvN25pn31DwREREREREREZE7LipQrS7WimSeec/Mv6pio4J+7FMgIvJYrR069rNELyG+N4mIZof9Jb1o3ljhPK0CFZDMWMHHPPOeliciIiIiIiIiInJHCkxV4olbq5vtzDPvWXkiIiIiIiIiIiJ3XFSgvryVgswz/yLyRERERERERERE7kiBqVGkyco8xoy9JyYiIiIiIiIiInJPCkyNIk1W5jFm7D0xERERERERERGRew4VqGzZemNLRERERERERETknkMFKlu23tgSERERERERERG5N60C1fqYij3mmfesPBERERERERERkXv2ClSrUJEncYqZZ96z80RERERERERERO5JJweTxJV5ElitTjHzzHtknoiIiIiIiIiIyD1hDVTnyjyJZObKPeaZ94w8ERERERERERGRe9LJSjyru8o95pn34DwREREREREREdFMpJOVeBJ3lXvMM+/BeSIiIiIiIiIiopnYK1AdKvUYM/aimIiIiIiIiIiIaCZTFahs2XphS0RERERERERiVVX1P/YpEL1UnCpQ2bL1rpaIiIiIiIiIpoyMjuHw0bM/9mkQvVSkEoltWvNUZR5jxt4TExERERH92E6dvoTKyroXdvy//PUAhob0L+z4RORZrFzyjmgamdVqu7HO5KASW7be1Hqj6poG3CmrREdHN0wmMwIDVUhJjsfSJTkIDFTBarXi9598gV3vbEFEeMhzf/6Dh04hKSkOi3IynvuxJ129dhstLR14d9dWt/vo9QZ8+rdvsWvnFkREhD7zc1ZV1SM+PgZKpVzY9uln3yA5OR6rVxU88/GJ6OVmMpnxyR++wI43X0N8fLTb/S5cvIn+/kHsePM1AMAP566irb0bH7z35gs9P/ZH5O0qH9ThVkkFenr6IJFIEBUVjtWrChAbEynar7mlHRcu3kRXVy9kMhnS5iSiqGgZ5AH+wj7t7V24cvU2Wlo7YDabodVqkJ+XhazMucI+JpMZZXcrcb+yDgMDOlgsEwgP02LZ0kVIS0sSPefExAQqH9Rh8eIFAACdbhjniq+jqakVFosFsbGRWFu0DOFhU5/Lfvu7z2AcGXV5rWuLlqIgP3vqfDu6oTcYoVYrhW3DwwacOXsZQ8MG/MsHb007xmyukYg8T1//IM7b+x/Y+5rk5HisKMxFcHAQAODQ4dOormlw+fjU1AS88/ZmAMDwsB6Xr5Si/uEjGI2jUKkUmD8vFatW5sPHx0d4zGz6PHfu3a9B8YUb2LRxFeakJopyI6Nj+P1/fQ6z2TztcZteW4mcF/h9lDyTzLEiz/qYij3mmfe0vLc5deYSysoeYNGiDOTnZcLPzxf9/TrcLa/CZ3/7Fv/xm5/CYpmAXm+A0TjyQs5heNiA4eEXWwGh1xvR0NiC6poGzE1PdrlP8YWb0OuNbr98PKnTZy5RpUJRAAAgAElEQVRj7dplWLggXdiWlTUPoSHBz+X4RPRyM5nNMI6M4sh3P+Df//U9lz/S9Q/ocO36HdGATUpyAkL+Cf0E+yPyZueLr+N+ZR2WLslGVORymExm3LhZhq/2H8PHv9oDlVIBAOjs6sVX+48hLzcTGzeshHFkFOeLr+PAgRP44P0dAID6h49w+MgZ5C5eiLzcTPj6yVBVVY8TJ4uhVMiRmpoAALhxswzt7d3Iz8uEVquBxWLB/co6fHvoFD782TsId/iRurGpFQqFHGGhWphMZuz7x1GEhgRj187NkEp9UFJagX1fHsVHH+6CSmUbBP3Fh+9ifHxcdJ3d3X04ePg0oqMjRNtrahqQNidR6Jcq7tXg7A9XMDY2DpVKMe31mu01EpFn0RuM+PyLw4iICMXOtzYhMFAFvcGIsrIH+PyLw/iP3/wUALBl8xqsWb1E9Fiz2YJP//YNoqNs/Y9xZBR/+vNXmDMnERs3rIRKrUR7exfOF1+H1WrF2qJlgP3Hptn0ec4MhhF8d/wHdHf3wWAYwYiL73TjY+Mwm814d9dWhGg1opzjD0pEs8UKVLZe3XqT6poG3LlTiZ1vbxL9OhcfF43srHkvfFDzny02NhIXLt7EnNQE0S+csH9B6usbgL+/33N7PqvVCqvTVJfFixY8t+MT0ashRBuE8opqZGfNm5Y7d/4akhJjYTJNVUIkJcX+U86L/RF5s4KCbKxckQ+ZbOrzQExMBP7nf/4Vj5rakJExBwBw5WopUlMSULRmqbDfzrc24ZM/7kP9w0dITUlAYkIMfv3xXigVUzNOYmMi0drWidq6RmFwcUVh3rTziIuNQkVFFXp6+0UDqLW1jcIPvnfLq2CxWPDWjo3C+W7bWoS/fHoAN29VYG2R7dyUSrlo1gsAnDl7BSnJ8YiLjRJtr6lpwPr1hULc2NiCbVuKMKgbxq2S8mnnOdtrJCLP8uBBPaQSCXbt3Cx8f9JqNYiPixZVcfr7+037HnXj5l34+/sjPy8TAKCQB+CjD99FUJBa2Cc6KhxDQ3rU1DYKA6iz7fOcdXX3IlCtwhuvb8Af/rhvxutSq5Si8yB6Wg4VqHAaXHLezjzznpf3Jrfv3EdiYuy0qQ2T1GqVKDYYjDh46BQam1ohlUqxICMN69ctFwaea2obUXa3Eh0dPTCZTIiJicTmjauEqR2lt++hs7MXcXFRuHK1FJogNfb85HWXz20ymXHh4k08qKqD2WxBZEQoitYsQ1RUGADAbDbjh3PXUF3TgPFxE0JDNFhSkIP581PdXm+wJgjh4SEoKb2HJQXZotwP565i9aoCHDx8WrT9aa5p3txUnDpzCQBw/EQxjp8oRnhYCD78+Ts4fOQMkpLikJ01D1arFZ/8cR+2b12LW6UVaHLzuhLRq23linwcPfYD5s9LhZ+fr7C9ubkdIyOjmJuegurqh8L227fvo629C9u3rQUAdHb24FZJBR41t8FoHIE2WIM1a5YgNcU2YNHT248D35zEtq1FOHP2Cvr6BhEREYrt29ait6cfxRdvYHBwGBHhIdi+bS209ooLx/6IyNs4DgRO8vWVQSqVCO9Tq9WKpqZWbN64WrSfWq1EbEwkGhtbkJqSAJlMBplMNu14/v7+ove8s5HRMZSUlEOtViE5KU7YbrVaUVvbiJ07bVNeGxtbMCc1UTTYK5FIMDc9GTW1jQBcDyY0t7TjYUMzfv6zd0Tbe3r7YTCOIClx6sea17evAwDcKqlweaynvUYierVZLBb4B/hPKz6BvV9wZ3R0DNeu38HKFXmiPsLVoKW/v59on6ft85KT4kR9KdE/AytQ2Xp1603a27uwbOmiWe9/5uwVbFhfiA3rV6CzswcHD59GRESosPZVXV0j5qanYOOGlfDxkeL02Ss4fqIY7+19A7BP1a+qrkdv3wDWr1s+rRrC0beHvoevzBc/++lOqFQKPKiqx1dfHxOmbVy6XIL2jm588N4OqFQKNLe0o6qqfsYBVABYsTwPf/3sADIXpkNh//JUW9sIiUSCxMTpVV9Pc01yeQCysubif/3+71i9egkWLkiHj48UsK/no9MNAQAslgkMDelx6PBpbNy4Cls2rUZHZw+++fak6HUloldbYKAK8+am4Nr1O6L1Rn84dxXr1xWio7NHtP/QsB6Dg0NC3NjUCq02CEuX5kChkKO8vAqHj5zBb/7tA/j7+8FoHIVON4zLV0rx+vZ1CPD3x5HvzmL/18ehUinw9o5N8POT4fDRszh95jJ2v7sNcOqPiAioq2+Cj48PYmNtS2oYjaMYHzdBqw2atm9wcCAGBt2/fwyGEbS0dGBpQc603OdfHEZ7RzcmJiagUMixe9dWyOUBQr61tRNSHymio8IBAAMDOiQkTF9HWaMJEvUVzoqLbyBj/pxp69fX1DQgNTUBUqnU7WNnY6ZrJCLPkJ6WhEuXS3D6zGXk5i6cNu3dnes3yuDv74ec7MevKVpT04CU5Hghfto+70nUP3yEEyeL0dc/CIVCjuyseVhSkO114wH07KSAuEKPMWNvi72B1WqFyWSGPCBgFnvbFORnY0FGGtRqJebMSURSYixaWtqF/NYtRcjOmgeNJhBqtQp5uZloae0Qva4SiQTvvrMFaXOSRF8WHDU3t6O1tRPbt62FWq2ERCJBxvw5SEmJR+UD291o+/oHkRAfjeDgQPj6ypCSHI+tW4oeew1KpRxZmfNw8dItwH6ThvPF16et2fOs1zT5K62PjxQymc+Mf4wLCrIxNz0ZcnkAkpPikJQYJ3pdiejVt2zZYpSXV0GnGwYAVNyrhlKpQFyc+x+SJi1dkoPC5bkIC9VCqZBjSUE2zGYLOrt6RfutXpmPsFAt1GolFmVnYHBwCBvWr0BIiAZqtQo52fPR2tb5wq6R6FVmMIzgzNkrWLZ0kfC3fHI9UVdVVjJfGcxmi8tjWa1WHD9xHgnx0S6X5Hj7rY34xc93Ye+e15GSHI/9Xx/H0NDUsknVNQ1IT5tar31s3OTyHHx9ZaLlPxzV1jaio7MHq1bmT8vV1DRgbprr9eBn63HXSESeQavV4Kfv78Cw3oC/fvoN/vO3n+LAtydRXlGNiYkJl4/R6w0oKa3AyhX5QhGJO9eu34FebxTNDnyaPu9JVdyrRkFBNn7y7nYsXrQAl6+U4tLlW8/l2ORdZAArUNl6b+stJBIJ/P39MDI6+xsmRUaK70yvUMgxPm4S4obGFpTdfYC+vgFYJ6zo6x8E7AuI+/ra/ghqtRoEONy11pW29i6YTGZ8+rdvRdtHR8cQGqIFAGRnzsOR785iWG9AfGw0EhJiEBIyu19ElxRk40//+x/IXbwQjU2tCA3TClUezp7XNc0k3KkyRC4PEL2uRPTqkwf4Izd3Ic4XX8fWLUW4eOmWcEfax+nrH8TNm3fR2dmDcfsXB9uPYOJ+wvHGUwFyW5/keJMoeUDAc/viQeRJRkfHsP/rY4iNicTSJVPVlJN/5129b8wmM/zdTF0/cbIYg7ohvL/3TZd5hUIOhUKOkBDbOoKf/u1blN6+J6yzWlvXKPpR2N2ggclkdrl2u9VqxYWLN5GdbfsB2JFON4y+fh2SHaq9nsbjrpGIPEdERCje3rERExMT6O7pR3NzOy5dLkHFvWrs2b19WjX75SulCA4OwgL7WtLulFdU49r1O/jJ7u2i71JP2uc9icBAFTZvWo0FGWnCEgFRUWHCjQRXrSx47DGIHMngVJnHmLFXxV4kKiocj5rbsXzZ4lnt72qq1+Qr1t3Th/1fH8e2rUWYu3UtfH1l6Ojoxmd/Pyh6XaWzHKSOjAjFz/5lp9v8nDmJ+PiXP8HDhha0tnbg4uVbSE6Ow+vb1j322P7+fliyJAfHTpzHkG4Ye/e84XK/531N7sz0uhKR58jPy8If//Qlvjn4PeJioxAREfrYx0xMTODLL48ifW4y3t21VVh65P/9//7PtI7CVV8ilXrPD4NET2NsbBz/2H8MGk0gtm9bK/oxXalUQCaToX9gUFiDfVJ/v27ane0B4PtTF9Ha2om9e95wO9PGWVioFv39OsC+5vH4uAnxDtXpwcGBGBjQTXvcwMDgtAFSAKi4VwPd0DAKl+dOy1XXNCA5KU4YHH4aT3ONRPTqk0qliIwIRWREKFJT4vGnP3+FtrYu0Wya/v5B3C2vws63Ns1YnHS/shZnf7iCXTu3TCtkedI+70lIJBKXa7/HxkRgbGwco6Njz1QYQ95HCisA+//rEokEsAISp5h55j0270UW5WSgqakVdXVNLvOO08kep7u7DzKZDxYuSBc+lE9Waz6Oj4+PaBpcZGQYevsGYDCMzPg4lUqJrMy52LJ5DX76/luorKyb9bo4uYsXYGDAVoERGhrscp9nuSbYp/eNjY3Pen8i8my+vjIUFuaiqakVK11Mq3XFYBiB3mDEwgVT6zbr9QbRnW+J6OmMj5uw/+vjUKuVePONDdN+hJBIJEhKjEWVw03eAGB4WI+29i4kJ4tvVnL67GU0PWrF3j2vQ6VSTHs+g9H155runj6oA5UAgJraBqTNSRR9Jk1OikNdfZPos5LVakV1TQNSnM7BbLbg0uUS5OdlQqWcfg41NQ1IT3/66fuPu0Yi8ixG4wgslulT9Sen2Fudfs29cPEmYqIjkJqa4PaYD6rqcer0Jex8e7PLpYyepM97UmazGcaR6TMwu3v6ERDgz8FTemKT7wRbI1TmQVSpxzzzHp33EnPTk7F48QJ8e+gUFi3KQEpyPPz9/DAwOITy8ir09Q3gv/3Hv8zqWFFR4ZiYsKL09j3kZGegp6fP7Z1cnYWFa1FT24iM+XOg1WqQmBCD6OgIfHvoFNYVLUVwcBD6+3W4VVqBjHmpSE9PxnfHziE1JQFJyXGQ+fig/uEj+Pn5QqVSzuo5fXx88NGHu+Dv7/6P5LNcEwBER0eg7O4DxMZEQaVSQK2e3bkRkedalJOBxIQYaIOn35TGFZVKgaAgNUpKK7Bxw0qYTCZ8f/qSy7vhEtHsmc1mfH3gBMbHTdi2tQjDwwYh5+fvB7n9S3Th8lz8/YtDOF98HQsy0mAcGcX589cQGxMpuov9ufPXUV5ejd3vboXFMiGsd+zjIxU+mxw8eApjY+PIzV2I8DAtJiasuFtuWyZocgZNTU0jiorEd5jOzpqPWyUVOHjoFAoLc+EjleLmrXIYDSPIzc0U7Vt6+x5MJhOWuLixk8Ewgo7ObryTOn35EINhBGazGaOjo5iYsEKnG4ZEIkFgoOqJrpGIPMvFS7dQ//AR8vOyEBMdAV9fGQYGh3D1aikiI8NENwXu6OhGdU2DcLNdV2prG3Hk6Fls2bwGmiC10I/APr3eViE6uz7v+1MXkZAQg/nzbDcRtlgs0OuNgP17/uRNNgMC/IWp/3X1j3Ds+DksylmApKRYKBVytLR24MLFm1hRmPdCXkPybKI1UCGBvUJvco1I22AT88x7at7bvLZ+BRLiY3Dnzn08eFCPsbFxqNVKpKcl4623NgL2D8ZqtRJKe/XTpMBAJcbHbVVQIVoN3tm5GWfOXEbxhRuIjY3Exg0rcPDwGWF9GbVaicAg9bRzKFyei/6+Qfz9i8PIy12IojVLsWvnFly8dAuHjpyF0TgCTZAaGRlpwppd6enJuHnzLk6duQSLxYLIiDC8u2ur8FzOVCrFtHVF1WrVtP0CA1VQ2KejPcs1AcCGdctx/GQxPt93GH5+vviXD95CUJAagYFqh9dVNePrSkSvLl+ZDEqlfNp6XVqnO9iqlAqoHH5gCVSrEKSx9RMSiQR7dm/HsePn8bvf/w1arQYb1hVCrzdAobT1HQpFAFQqpaj/UyptA6+OFXVKpVw09c2xPyLyNq2tnWhp7QAA/OnPX4lyGk0gfv2rPYB9bbx3d23FhQs3UFJ6DwH+fkhLSxLWK4W9kvVO2X2YzWZ8se+I6FhSqRS/+mg3NJpA7H53G27fuY/S0nvoHxiEj48PoqMjsPcnryM0NBj9/YMYGtaLBmYBwM/PF3t/8jp+OHcNX+0/BgCIi43C3r1vTPsMUV39EKtW5rtcJ7C2tgHx8dHTKqxMJjP+8Kd9ojUHP/njPgDArne2ICU5ftbXSESe5bUNKxBWpsX9yjpcuHgDFssENJpApKclo3D5YlG1/IOqh5g3L1U0qOrsVqmtGOXEyeJpuW1b12LhgrRZ93ltbV2iH2+uXS/D5SslQny++DrOF19HTHQEPnh/BwBg3twU+PrKUFp6DxX3qmEymaAN1mDd2uXIyZ7/zK8XeR/Jyg/veVcZHpGD0/81F3BaD9U6WaIKqxCLqldhFbbZ/nHcNvl4WzxmkiI2anaVR7PV2qF77sckIqIp7GeJXk6e9N58UFWPxsYWbNm85oUc/9TpS4iJicTCBWkv5PhE9HJ71v7SODKK3/7uM/yP//7xcz0v8hwv4m9ya4cO/r4T9sF6CSQSCSQSOMSwb5OItgFw2AZhPMdx0H/y38fHbJXLZWVlsz6vnBzbTA/RiuJCpR5jxl4SExERERH9s82flypMRX0RNr628oUdm4g8n69MhuBgVpoTORKtnu68JiRjxt4UExEREREREXk7X18ZPv7lnh/7NIheKrYB1McV4jHPvCfniYiIiIiIiIiI3LANoD6uEI955j05T0RERERERERE5IbU6jS6JIolTjHzzHtYnoiIiIiIiIiIaCZSidMokii2OsXMM+9heSIiIiIiIiIioplIJ8eQ3FXqMc+8J+eJiIiIiIiIiIhmIp2sx3NXqcc8856cJyIiIiIiIiIimonUanWq1GPM2ItiIiIiIiIiIiKimUglEqdKPYkEVqeYeeY9NU9ERERERERERDSTqQpUh1biFDPPvKfmiYiIiIiIiIiIZjJVgTpZmceYsRfFREREREREREREM5HOVLnHmLGnx0RERERERERERDORSiQS22CSY2UeY8ZeEhMREREREREREc1EOjmYJKrMY8zYS2IiIiIiIiIiIqKZiCpQhdapUo955j01T0RERERERERENBOpy0Emp0o95pn31DwREREREREREdFMpHCqzBPFVqeYeeY9LU9ERERERERERDQDGWaq1GPL1sPbV1Vrh+7HPgUiIo/Gfpbo5cT3JhHR7LC/JHq+ZJMVeWzZemX7ioqNCvqxT4GIyGO1dujYzxK9hPjeJCKaHfaX9KJ54wC9dLIClS1br2yJiIiIiIiIiIhmIIX9hjqOFXmMGXtTTERERERERERE5I4UwLSKPMaMvSkmIiIiIiIiIiJyRwo4VeYxZuxVMRERERERERERkXtSwDadGZOVeYwZe1VMRERERERERETknhQA4FSZx5ixV8VERERERERERERu2AZQnSrzGDP2qpiIiIiIiIiIiMgNhwpUtmy9tCUiIiIiIiIiInJDKhpCEirypir1mGfek/NEREREREREREQzkYqGkISKvKkKPeaZ9+Q8ERERERERERHRTGxT+OFUqQfJtJZ55j03T0RERERERERE5Jp9ANWpUg/WaS3zzHtunoiIiIiIiIiIyDXxGqiQOM1qnl65xzzznpQnIiIiIiIiIiKaidS5Mk98X53plXvMM+9JeSIiIiIiIiIiopkIFajTWqub7cwz70F5IiIiIiIiIhKrqqr/sU+B6KUiVKBOayVutjPPvAfliYiIiIiIiGjKyOgYDh89+2OfBtFLRWq1l+K5rdxjnnkPzhMRERER/dhOnb6Eysq6F3b8v/z1AIaG9C/s+ETkWSa/RxPRFJlEYrvRjmNlnjhmnnnPzXuTq9fu4OKlm0IslUqhVMoRGxOJvNxMxMZGPtfnq65pwKnTl/CLD3dBqZC73e///PVrrFu7HEmJsW73OXzkDGJiIpCflzWr57Zarfj9J19g1ztbEBEe8lTnT0T0JEwmMz75wxfY8eZriI+PdrvfhYs30d8/iB1vvgYA+OHcVbS1d+OD9958oef36WffIDk5HqtXFbzQ5yF6WVU+qMOtkgr09PRBIpEgKiocq1cVIDZG/PmnuaUdFy7eRFdXL2QyGdLmJKKoaBnkAf7CPu3tXbhy9TZaWjtgNpuh1WqQn5eFrMy5wj4mkxlldytxv7IOAwM6WCwTCA/TYtnSRUhLSxI958TEBCof1GHx4gUAAJ1uGOeKr6OpqRUWiwWxsZFYW7QM4WFTn2l++7vPYBwZdXmta4uWoiA/e+p8O7qhNxihVithMplx81Y57t+vwaBuGP7+fkhKisXaNUuhVque6BqJyPP09Q/ivL3/gb2vSU6Ox4rCXAQHB4n2rbhXjdLSe+jpHYCfny/S5iRi1cp8qFRKAEDxhRu4fqNs2nOolAr85t8/EOLZ9HmutLV14tKVErS1dcFqtSIuLgqrVuQjKir8mY9N5IrMarUPKlmttsEmIXZumWfe8/LeZHBQh4SEGGzdvAYAYLZYoBscxoOqeny+7zDWrF6CpUtyntvzRYSHYFFOhugLhytDQ3oYDMYZ9xkeNmB42DDr57ZYJqDXG2A0jsz6MUREz8JkNsM4Mooj3/2Af//X9yBx8Uemf0CHa9fviAZsUpITEBIS/MLPLytrHkL/Cc9D9DI6X3wd9yvrsHRJNqIil8NkMuPGzTJ8tf8YPv7VHqiUCgBAZ1cvvtp/DHm5mdi4YSWMI6M4X3wdBw6cwAfv7wAA1D98hMNHziB38ULk5WbC10+Gqqp6nDhZDKVCjtTUBADAjZtlaG/vRn5eJrRaDSwWC+5X1uHbQ6fw4c/eQbjDD7yNTa1QKOQIC9XCZDJj3z+OIjQkGLt2boZU6oOS0grs+/IoPvpwlzAw8YsP38X4+LjoOru7+3Dw8GlER0eIttfUNCBtTiIkEgn2/eMoAKCwMBdarQY63TCKL9zANwdP4Wc/ffuJrpGIPIveYMTnXxxGREQodr61CYGBKugNRpSVPcDnXxzGf/zmp8K+V67exo2bZVhRmIu42CiMjI7hfmUtvvzqO/zyF7ttx9MbkZIcj42vrRQ9j6+fr/Dvs+3znDU9asPXB44jO2s+li9bDFiBxqYWfPnVd/jVR7uhUimf+thE7siEirzJSj0hdm6ZZ97z8t7GVyZDUJBaiEO0GiQnxyE2NhInv7+A+PhoxDh96H5awcFBWLki77kci4joVRGiDUJ5RTWys+ZNy507fw1JibEwmczCtqQk99X3z9PiRQv+Kc9D9DIqKMjGyhX5kMl8hG0xMRH4n//5VzxqakNGxhwAwJWrpUhNSUDRmqXCfjvf2oRP/rgP9Q8fITUlAYkJMfj1x3tFs2tiYyLR2taJ2rpGYXBxReH0z0BxsVGoqKhCT2+/aAC1trYRc9OTAQB3y6tgsVjw1o6Nwvlu21qEv3x6ADdvVWBtke3clEo5lErxDJ8zZ68gJTkecbFRou01NQ1Yv74QAPDWm68hMHCq0jQ6Khy+vjIc+OYk9HoDVCrlrK+RiDzLgwf1kEok2LVzM3x8bP2PVqtBfFw0zOapzy463TAuXynBu+9sFX2OSUmOx8TEhOiYMl/x909ns+3znH1/6iIK8rNFM2vi46OxojAPUqn0mY5N5I5semUeY8beE5NNdtY8lJRWoKysUhhA7ezswa2SCjxqboPROAJtsAZr1ixBakoC2ju6ceToWfzi57vg6ysTjjMwoMMX+47g3/71PfT09OPQkdP4+Jd7hPzd8ipcv1GGoSE9wsO1WLd2+VOdr9VqxdVrt3G3vAp6vRHBwYEoyM+eNmBhMBhx8NApNDa1QiqVYkFGGtavW27/f8CKT/64D9u3rsWt0go0udgHAAYHh3Dm7BU8am6DVCpFTHQEVq0sQFRUGABgZGQU585fQ11dE0xmCyIjQ7Fm1RLExUUJr+ORo2exbdtanP3hKrq6eqFUylG4PNflAAsRvdpWrsjH0WM/YP68VPg5VFg0N7djZGQUc9NTUF39UNh++/Z9tLV3Yfu2tcBj+l4A6Ontx4FvTmLb1iKcOXsFfX2DiIgIxfZta9Hb04/iizcwODiMiPAQbN+2FlqtBrAvhZKUFMd+h7ySq6WEfH1lkEolwvvUarWiqakVmzeuFu2nVisRGxOJxsYWpKYkQCaTQSaTTTuev7+/6D3vbGR0DCUl5VCrVUhOihO2W61W1NY2YufOzQCAxsYWzElNFA32SiQSzE1PRk1tIwDXX/ibW9rxsKEZP//ZO6LtPb39MBhHhKWSHAdPJwX4+9tfE9v5P+01EtGrzWKxwD/AXxg8deTYJ1RVP0RYmNblj8CTg5ez9TR9XkdHDwYGdCjIn768m+PzP21/SuSODI6DS7CV5jFm7DUxCRLiY/DoUZsQNza1QqsNwtKlOVAo5Cgvr8LhI2fwm3/7AGGhWoyMjOJBVb1oLayS0nsIDdNCKpVCbzBiYGAIExMTkEqlqHxQh1OnL+G1DSuQlpaEgX4dfjh3FWNj427OyL1Ll0tQXlGN7VuLEBYWgkfNbTj5/QWYTGbk5S4U9jtz9go2rC/EhvUr0NnZg4OHTyMiIhRZmXNhsUxgaEiPQ4dPY+PGVdiyaTU6OnvwzbcnhX0A4PDRMwgPC8G//fo9wL62a0NjizCA+u3BU5BIJNiz53XIA/xRXlGNL7/6Dj99fwciI8NgMI6gf0CH8+evY8O65QgODsLd8iqh4lfrtJYQEb3aAgNVmDc3Bdeu3xFVRfxw7irWrytER2ePaP+hYT0GB4eEeKa+19/fD0bjqL3yoxSvb1+HAH9/HPnuLPZ/fRwqlQJv79gEPz8ZDh89i9NnLmP3u9sAe7WITjcEIrKpq2+Cj4+PsAa80TiK8XETtNrpf5eDgwMxMOj+/WMwjKClpQNLC6YvhfT5F4fR3tGNiYkJKBRy7N61FXJ5gJBvbe2E1EeKaPuafQMDOiQkTF9HWaMJEvUVzoqLbyBj/pxpa7/X1DQgNTVhxkGNquqHiImJhL+/31NdIxF5hvS0JFy6XILTZy4jN3chQuw/wjrr7gntp7gAACAASURBVO5DZEQYWts6ceHCTfT09EGlViJ30QLk5GSI9h0fG8epM5dQW9sIi9mC6OgIFBUtRVioFnjKPq+7pw9BQWqYzRYcOXoWTY/aIJP5YN7cFKxckS8U+Dxtf0rkjhRW61RlHmy3KWfM2GtiEsjl/hgdGxPipUtyULg8F2GhWigVciwpyIbZbEFnVy98fWXIypyL23fuC/ubTGbcu1+D/NxMl8e/easc2dnzkJM9H0qFHLGxkdiwYcUTn6dt3bK7WL9uORITY6FUyjF/XiqWL1uMa9dvi+4YWZCfjQUZaVCrlZgzJxFJibFoaWkXHa+gIBtz05MhlwcgOSkOSYlxon36+3VIT7Pl5fIA5GTPx/JliwD72jutbZ144431CA8LgVqtQuHyXCQlxk5bMH1t0VJER0dALg/A0iU58PPzRWtr5xNfPxG9/JYtW4zy8irodMOA/SYLSqVCqEyfyUx9r6PVK/MRFqqFWq3EouwMDA4OYcP6FQgJ0UCtViEnez5a29jHELliMIzgzNkrWLZ0kTCYObmeqKvKS5mvDGazxeWxrFYrjp84j4T4aJfVWG+/tRG/+Pku7N3zOlKS47H/6+MYGtIL+eqaBqSnJQvx2LjJ5Tn4+spEy384qq1tREdnD1atzJ+Wq6lpwFyH4ztrbmnHnbJKrF3jvhLrcddIRJ5Bq9Xgp+/vwLDegL9++g3+87ef4sC3J1FeUS2amj86OgajcQTfHTuH/LxM7N3zBhZkpOH705dQevuesJ9EYl/jWS7Hm29swJtvbIDZbMa+fUdgMNjuVfE0fd7o6Cj8/Hzx9YETiImJwJ7d27GuaBkqKqrx3fFzwn5Pc2yimcgmpzNPVeYxZuw9MU0xjowKU7hgvwPjzZt30dnZg3H7Hxir1QqTyQQAyF28ELdKKtDZ2YPIyDDcr6yFQhGAlJR4l8fv6enDkoJs0bboqHCXU0Rm0t8/CIvFgvg48a+J8XFRKL5wA3q9UfgyFBkZKtpHoZBjfNwk2hbuVKkhlweI9lmUk4FjJ85j/rxUxMREICkpTpgK2N3dB21wkHDziUlxcVEor6hyeh7xuQQE+MPkdC5E5BnkAf7IzV2I88XXsXVLES5euoV33t48q8c+ru+d5HjjqQC5re92vEmUPCCAXw6IXBgdHcP+r48hNiZSdPPMyYolV+8bs8kMfzdT10+cLMagbgjv733TZV6hkEOhkCMkxLaO4Kd/+xalt+8J66zW1jVi65Yi0Xm4OgeTyeyyQtRqteLCxZvIzp4HjSZQlNPphtHXr0NysuvPZp1dvfj24CmsW7tMqMR9mmskIs8RERGKt3dsxMTEBLp7+tHc3I5Ll0tQca8ae3Zvh1QqhcxXhurqh/jZv+xEZITtO05YmBZmsxm3SiqQu9g2I3CRvSLV8R4b0dER+K8/fIH7lbUoyM964j4P9h+6enr6sW7tMuTZi3fCwrSQK+T48h9HMTSkR2Cg6qmOTTQTqdVekSeqzGPM2EtimtLc3I4o+/SxiYkJfPnlUfjIfPDurq341Ue78auPdtt+wbMPPGs0gUhNSRCqUG/fuY/cxZku7zw9yXlRcQCQSp/sP4TZYrEfS1wJMjkQ61iB6mq6mvO4+eP2WbN6Cfb8ZDs0mkBU1zTgD3/cJ1yz2WyGxcU1+fhIpw3Qu7pOKxeSIPJY+XlZaGnpwDcHv0dcbBQiIkIf+5jZ9L2TXPVdT9qfEnmbsbFx/GP/MWg0gdi+ba3oM4tSqYBMJkP/wOC0x/X366DRTJ/a//2pi2ht7cSe3a+LpuXPJCxUi/5+HWBf83h83IR4h+r04OBADAzopj1uYGBw2gApAFTcq4FuaBiFy3On5aprGpCcFCdar35Sd3cfvvrqOyxftnjGm8w9zTUS0atPKpUiMiIU+XmZ2LN7G1paOtDW1gUA0ASpIZFIhMHTSTHRkcLsG9iLZZxvUOzn54uwMC2Ghmz7PWmfB0C4KVV0lPjYsTG2WPcMxyaaiRSQ2AYc3FXqMc+8R+cJ9umlPT39WLTItmaNwTACvcGIhQvSobBXW+r1BtHdFwEgLzcTlQ/qUf/wEQYHh0TroToLCwtBS0uHaFtnV++sKqQMxhHhw39oSDB8fKRodjpWc0s7lEq5y5sjPKvwsBAU5Gfh7R0bsX5doTA9PzIiDDrdsGgqHgA0N3cIg9FE5J18fWUoLMxFU1MrVrqYVuvKbPteInpy4+Mm7P/6ONRqJd58Y8O0HyEkEgmSEmNR5XCTNwAYHtajrb0Lyclxou2nz15G06NW7N3zOlQq8UwU2D+7uNLd0wd1oBIAUFPbgLQ5iaKB3OSkONTVN4mWDLBaraiuaUCK0zmYzRZculyC/LzMabNhYJ++n54+ffp+b98A/rH/GJYsyXF5E5bZXiMReRajcQQWy/TikMlp8JPFHynJ8bBareju6RPt197RjWCHgUnn70iw36iqv39Q+FHqSfq8SfFx0fD1laGzS7yufHtHNwBAExT41McmmokMsAp3pGbL1ttab2Mym4VfBS0WCwYHh/Ggqh737tfY1ui0D/qpVAoEBalRUlqBjRtWwmQy4fvTl6ZNt09KikVQoAoHvjmJvNyFM96ZtSA/C98dO4ewMC3mpqdgeFiPsz9cdbu/1WpFX/8gKivr7AuA29bc8vf3Q+7ihTh37hr8/f0QHRWOlpYOXL5SinVrlz+nV8pmaEiP4os3kJM9H1GR4TCZzXjU3IaQEI1w/ZGRYTh85Axe27ACKrUSFRXVeNjQjF/8fNdzPRcievUsyslAYkLMrG8WN9u+l4iejNlsxtcHTmB83IRtW4swPGwQcn7+fpAH2JbBKFyei79/cQjni69jQUYajCOjOH/+GmJjIoW72APAufPXUV5ejd3vboXFMiF8tvLxkUKlsg2OHjx4CmNj48jNXYjwMC0mJqy4W/4AfX0DeH3bOgBATU0jiorEa49mZ83HrZIKHDx0CoWFufCRSnHzVjmMhhHkOq0zX3r7HkwmE5a4uLGTwTCCjs5uvJMqXj5kYECHv39+CPPnpWL+vFRRtZhCIRd+sJ7NNRKRZ7l46RbqHz5Cfl4WYqIj4Osrw8DgEK5eLUVkZBjiYm3V8gkJMUhNScCBb05i08ZV0GgC0dDQjMtXSrBp4yrhePu/Pg6Zrwy5ixcgNCQYY2Mm3LhVBqlUioUL0oAn6PO+P3URCQkxmD8vFX5+vli5Ig/nzl+Dj1SK+IQY9PcN4uT3F5CRMQdqtfKJjk00WzKhMs9NpR7zzHt03otoNIEor6jGJ3/cB9inZSiVcsTGRuG9vW8gNmZq7SuJRII9u7fj2PHz+N3v/watVoMN6wqh1xugUMpFxy1cnouz564iP09cwaBUKqDRBAoVHhnz58BkMuP6jTKcO38d4eEh2LC+EKfPXIbSRdVEbV0TDh46BZVKiXVrlyMhfmrN06I1SxEQ4I/TZy5jeNiAoCAVNqwvxMIF6YD9w71arRTWKp0UGKjE+LjZYR/VjPuo1UqEhWpx+vRlDAwOwVfmg4TEWGyzr1UmkUjw7q6tOHfuGr76+jjGxsYRGRmG9997UxhkVSpsVbHOlS5BQWqo1c+/WpaIfhy+MhmUSvm0NbW0TnewVSkVUKmnBh8C1SoEaWxT0WbT9yoUAVCplJDJpgZVlUrbwKtjP6NUykXT04KC1AgMVL+AKyd6+bW2dqKl1TZz5U9//kqU02gC8etf7QEAREWF4d1dW3Hhwg2UlN5DgL8f0tKShPVKYa9kvVN2H2azGV/sOyI6llQqxa8+2g2NJhC7392G23fuo7T0HvoHBuHj44Po6Ajs/cnrCA0NRn//IIaG9aKBWdint+79yev44dw1fLX/GAAgLjYKe/e+Me0zS3X1Q6xame9yLb/a2gbEx0cjIMBftP1+ZS3GxsZRdvcByu4+EOWyMudiy+Y1s75GIvIsr21YgbAyLe5X1uHCxRuwWCag0QQiPS0ZhcsXiwqQ3trxGi5dLsH3py7CYDAiWBOEzZtWi2Ykvrf3DVy/UYZr1+5gUDcMPz9fJCXF4f29bwp902z7vLa2LtGPNwX52QgICMCtknKc+eEq5PIAZGbOxcoVecI+T9KfEs2GpPBn5ZOLQwqVeYwZe0t85pN5gNO6mbZ/lwgrYVqtViFva6zCNts/jtsmH2+Lx0xSxEbNrvJotlo7dM/9mERENIX9LNHLyZPemw+q6tHY2IItm9e8kOOfOn0JMTGRQpUXEXmXZ+0vjSOj+O3vPsP/+O8fP9fzIs/xIv4mt3bo4O87YR+sl0AikUAigUMM+zaJaBsAh20QxnMcB/0n/318zAgAKCsrm/V55eTYZnrIANtgkmOlHmPG3hMTEREREf1zTU6hf1E2vrbyhR2biDyfr0yG4GBWmhM5kgJTFXmQAIwZe1dMRERERERERJN8fWX4+Jd7fuzTIHqpSIWKPLZsvbIlIiIiIiIiIiJyz1aBCslUZZ6rlnnmPTZPRERERERERETknv12rY+r0GOeeU/OExERERERERERuWYbQJVIYHVbqcc88x6eJyIiIiIiIiIickNYA9U2lOS+Uo955j0zT0RERERERERE5J50qjLPdaUe88x7cp6IiIiIiIiIiGgmUufKPMaMvSkmIiIiIiIiIiKaidQ2hDRVmceYsTfFREREREREREREMxEqUNmy9caWiIiIiIiIiIhoJlLbLGaHyjzGjL0oJiIiIiIiIiIimolUIgGsjpV5jBl7UUxERERERERERDQTqdUKSJwq80Qx88x7cJ6IiIiIiIiIiGgmUxWoDpV5oph55j04T0RERERERERENBN7BSpElXkSQFS5xzzznponIiIiIiIiIiKaib0CdXKQabIyD06Ve8wz75l5IiIiIiIiIiKimUjFFXls2XpXS0RERERERERENBOZuCJvqoWb7cwz70n5V1Vrh+7HPgUiIo/Gfpbo5cT3JhHR7LC/JHq+ZFarfVDJZSuB1WplnnmPzb+qYqOCfuxTICLyWK0dOvazRC8hvjeJiGaH/SW9aN44QC+F46AS7JV5QmwF88x7dJ6IiIiIiIiIiGgGUjhW5MF2u3LGjL0mJiIiIiIiIiIimoFQgcqWrVe2REREREREREREM5AKpXj2yjzGjL0qJiIiIiIiIiIimoHUVornWJHHmLE3xURERERERERERO5JAafKPFidYuaZ9+w8ERERERERERGRO1NroAqVeZLHVO4xz7wH5YmIiIiIiIiIiGYwtQYqJteGdF+5xzzzHpcnIiIiIiIiIiKagWyqEs+pda7cY555j8wTEREREREREZG3yMnJeeLHSIXKPOfWuXKPeeY9Mk9EREREREREROSe1G2FHlu2XtESERERERERERG5J7UKo0hW+5gSY8beExMREREREREREc1EKoHENphkr8hjzNibYiIiIiIiIiIiopnYKlAlEqEyjzFjb4qJiIiIiIiIiIhmYqtAtVqFyjzGjL0pJiIiIiIiIiKxqqr6H/sUiF4q9jVQJyvynFqJm+3MM+8heSIiIiIiIiKaMjI6hsNHz/7Yp0H0UpFK7INJjhV6QmxfM5J55j01T0RERET0Yzt1+hIqK+te2PH/8tcDGBrSv7DjE5FnsVr5ZZnImczqNKjElq03td7k6rU7uHjppstc4fJcrFyRh5LSCrS1deGN19cLuU8/+wbJyfFYvargmc+ho6MHBw+fwr/9+r1nPlZVVT3i42OgVMqFbSWlFWht68KbDuf/pL4/fQm9Pf14b+8bs37M0JAen/7tW3z8y5/A39/vqZ+biF5dJpMZn/zhC+x48zXEx0e73e/CxZvo7x/EjjdfAwD8cO4q2tq78cF7b77Q83uefTnRq6jyQR1ulVSgp6cPEokEUVHhWL2qALExkaL9mlvaceHiTXR19UImkyFtTiKKipZBHuAv7NPe3oUrV2+jpbUDZrMZWq0G+XlZyMqcK+xjMplRdrcS9yvrMDCgg8UygfAwLZYtXYS0tCTRc05MTKDyQR0WL14AANDphnGu+DqamlphsVgQGxuJtUXLEB4WInqc2WzG1Wt3UPmgDkNDeqjVSmRlzsOSgizIZLKp8+3oht5ghFqtfK7XSESep69/EOft/Q8A/PZ3nyE5OR4rCnMRHBwEADh0+DSqaxpcPj41NQHvvL1ZiMvuPsCtknIMDg5BpbL1UcuXLYLEPht0ZHQMv/+vz2E2m6cda9NrK5GTk+HyeWpqGlB65z56e/sxMjIGjSYQmQvTsXRJzjMfm8gdmetBpccNOjHPvGfkvcngoA4pyfHYvGnVtJxCoQAA6PXGadUJWVnzEBoS/FzOwTgygqEhPSYmJiCVSp/pWKfPXMbatcuwcEG6sE2vN2L4GaorBgeHUFPTgMBAFeofPkJqSsKsHjcyMgqjcQTj4+McQCXyUiazGcaRURz57gf8+7++J3x4d9Q/oMO163dEAzYpyQkIeU597EyeZ19O9Ko5X3wd9yvrsHRJNqIil8NkMuPGzTJ8tf8YPv7VHqiUts9BnV29+Gr/MeTlZmLjhpUwjozifPF1HDhwAh+8vwMAUP/wEQ4fOYPcxQuRl5sJXz8ZqqrqceJkMZQKOVJTbZ8dbtwsQ3t7N/LzMqHVamCxWHC/sg7fHjqFD3/2DsLDpwZDG5taoVDIERaqhclkxr5/HEVoSDB27dwMqdQHJaUV2PflUXz04S6oVErhcd98+z10umGsXJGHEK0GA4NDKCm9h+FhPTZtnPq8V1PTgLQ5iZBIJM/1GonIs+j/f/bu/CuqM98X/7smCqqKqZgnGUQQFQUFRAWcjbNxTGzN2DmdTt9zus+Pd90/4dxz1jl9++amvznd6XSGjtEkapxHBERmkEFlUGYZBAqKoYCqgvr+UMWmNoWIRqOh3q+1snY++7P3rr1JeKj97M/z7CEDvvjyJAICfHFw/zZ4eGgwOGRAWdldfPHlSfzh9+8CAHZsX4/161JF+5rNY/js8xMIDgoQ1pWUVuF6Zh42b0pDSEgAuh7pcPlKDkwmk7C/cdQIs9mMN9/YCR+tl+iYEw99pqpvaEFuXinil8QiPS0JCrkcLa3tyLyRDxcXBZJWxD/zsYlmIrdYLJBI7DqZGDN2otjZyBVyuLtrnmqfFcuXvLDz+SksFstzH1qSX3gbS+NjEeDvi/z827PuQCUimuCj9UR5RTUSlsU55K5dv4XIiFCYTJOVEJGRoT/Leb2qbTnRz2HlygRkpKdALpcJ60JCAvAf//lXNDU+xOLFCwAAN3OLET0/HBvWrxK2O7h/Gz7+5CvhwWpEeAh+99FRqFWTI2BCQwLR+rADtXUNQudielqyw3mEhQahouIeurp1og7U2toGLIyNAgDcLr+HsbEx7N+3VTjfXTs34C+fHUdBYQU2brCeW9WdWrR3dOHD3xwWziUoyB+L4qIxPj4u+tyamnps3pz23K+RiOaWu3fvQyqR4I2D2yGTWdsfrdYL88KCRVWcSqWLQ9FIfsFtKJVKpCQvBWz3ajk5RVi/LlX4TuTnq4VUKsGpH69iVWoiXO2q3t01anh6us/qPKMiwxAVGSZaFxTkjwf1zejq0jls/zTHJpqJXCKBuDLPLrZMiZlnfq7l6clOnrqMyMgwJCyLw507dTh95qrDNhvWr0LqygR0dHShsKgCTc0PYTAMQ+vthfXrUx06Ijs7u3HlWi46OrqgVquQnBSPlORlom1KSquEKgpvb0+sWpmIxYsXoLT0Di5ezgYAnD2XibPnMuHv54MPfn1I2Leisga5t0rQ3z8AXx9vbN26FiHBAZiJYXgElZU1+M0Hb0KjUePqtVy0tT9CcJC/aLuxsXHcyMpHVVUtjCYTwsNDsHzK8I/BIQMKC8tRW9cIvb4fKpUbklbEY1VqorDNx598ha2vZaCoqALNLe3QaFTYvGkNvLw8cOlSDtraO6HRqLF54xosWBAh7FdUXCH8XNzdNbahKsshk/20il4iej4y0lNw+sxVLIqLhouLQljf3NyG4eERLIydj+rqB8L6kpIqPGzrxO5dGwHgie1oV7cOx0+cx66dG3D5yk309PQhIMAXu3dtRHeXDplZ+ejrG0CAvw9279oIra3iwr4tJ3I29h2BExQKOaRSifB7arFY0NjYiu1b14m2c3dXIzQkEA0NLYieHw65XC4aHj9BqVSKfuenGh4ZRVFROdzdNaIbf4vFgtraBhw8aB3y2tDQggXREaLOXolEgoWxUaipbQBg7fi8e/c+4pfETHtt9qN8urp1GDIMIzIi9IVfIxH9so2NjUHpqhQ6T+1N1yZMGBkZxa28UmSkJwttREdHNwzDI1i4cL5o24n7mubmNofpTJ6VyWTGgwdN6GjvQsY0D6+Inhe5xWL9oyxU5nHJpRMt6cn0+gHo9f0AgMWLF2DhwihMFH7W1zfjx7PXEGf7w9jQ2Aqt1hOrViVCpXJDefk9nDx1Gb//53dETykvXs7Gpo1r4O3tifr6Zly8lA2pVCoMt8i9VYrKqhrs3bMZAQG+6OzsxrHjZ6FUumD58sVYtmwh/s+f/o5161IRvyRW1Hn4sK0TbipXHNi3FQqFHFeu5uLkqctPnHe1pKQS4eEhwtPJhIRFyMsrxf59W0XbXb6Sg7r7TdizexP8/HzQ1PwQFy5mibbp7OyGyWTGzh3rofX2REdHN45/dx5BQf6ICA8Rfq5nz17H7l2bsHv3Jty6VYpTp69Aq/WyznPm74Pc3GKcPnMV//r79yCXy3D/QROyc4pw6OB2BAX6o7unF6WlVRgYGISXl8dP+c9MRM+Jh4cGcQvn41ZeqWi+0avXcrF5UxraO7pE2/cPDKKvr1+In9SOGgwj0OsHkHOzGHt2b4KrUolTP17BsW/PQqNR4cC+bXBxkePk6Su4dDkHh9/cBUxpy4kIqLvfCJlMhtBQ65QaBsMIjEYTtFpPh229vT3Q2/f435+hoWG0tLRj1cpEh9wXX55EW/sjjI+PQ6Vyw+E3dsLNzVXIt7Z2QCqTCg9se3v1CA93nEfZy8tT1FZ0PupBXNx8lFdUo7CoHIMDQ/D10yIjPQXhdvMw19TUIzo6HFKpFENDwy/kGoloboiNiUR2ThEuXc5BUlK8w7D3x8nLL4NS6YLEhMmikt4+PRQKuTBFygSZTAYPD41De3P/QRPOnc9Ej64PKpUbEpbFIXVlwoz37DeyClBQeBtjY9aq+927NiJkyrzWz3psoulMVqByyaUTLp1NbW0D/vd//LdonVQqxdtH98LPTzurY0w8kRwaGsaFi1nYsW2d0OloX2EJAKkrE5CVXYiOzm7Rl/l1GakICw0CACyNXwidTo+CwnIkrYiHyWTGrbwSHDq4AwEBvgCAgABfrM1YidKyO4iODhfOQSaTiio0AMDFRYHXd2+GQmF9Spq2ZgX+9vfvodcPPHbohslkRnFJFfbs3iSsW564GB9/8hV0vXpobROmj4yMoryiGnt2b0JEhHXY7aK4aOj1A8i8kS/sOz9qHuZHzRPiqKgwhIYEoqWlTehABYCkpKXC8N3UlctQWFSO+CUxwjYrUxJQVFyJri4dgoL8oNPp4e3tKfzsAgN8sX2buIqEiF6+1atX4NNPv0FiwiJ4erqjorIaarUKYWFBDh2oU82+HU2Bn6+13V6esBinz1zFvr2vwcfHerOTmLAIFy9lv5DrI/qlGxoaxuUrN7F61XKhM9NoNAKPqbKSK+Qwm8emPZbFYsHZc9cRPi942ik5DuzfiuHhUQwZDCgvr8axb8/ivXcPwMPDOqVSdU09YmOihO1HjaZpz0GhkIum/xgZGcH9+00YGBzC1i0ZUCjkKCyqwDfHzuDdd/Yj0PYdqqamHmlrkl7oNRLR3KDVeuHdt/chJ7cYf/3sBBRyGUJCAxEbE4X4JTHTvsNicHAIRcUV2LZ1naioxWg0QfGYqlWFXO7wYqeKympkpKfAy9MDLa3tuJFVAKPRiLUZj3/55ZrVKxC/JBajRiMaG1tx/kIWXF2VDqMfn+XYRNNhBSqXTr10NpGRoXhtc7ponVQqfaY5Yc6cu4YFCyIQFxctrOvR9aGg4DY6OrpgtH3Jt1gsMJlMon3nzQsSxWFhQbiVVwqj0YTunl6YTGacO58p+iNtNJoQ4C9+++x0tFovofMUAFS2oW3GKedgr7ziHtxclaIhde7uasQsiEBBwW3hRQw9uj6Mj49jXpi4MmRemPh6RkeNyMsvQ3NzGwyGYUAigU7Xh6Ap0wH4+U6+0MXV1XoDZ/8ymYl5gSZ+frExkcjLK8XX/ziNqKh5CAsLQkhwgFP+v0z0KnNzVSIpKR7XM/Owc8cGZGUXit5IO5PZtqOitsLN2lbYvyTKzdVV1NlCRFYjI6M49u0ZhIYEih5YTHx3mO73xmwyQ/mYoevnzmeiT9+Pt4/unTavUrlBpXKDj491HsHPPv8OxSWVwhyktXUN2Lljg+g8pjsHk8ksGs2jkMvxoL4Zf/iXd4Vz371rIwYGBlFSUokd29dDrx9Aj06PKNtD3Rd1jUQ0dwQE+OLAvq0YHx/Hoy4dmpvbkJ1ThIrKahw5vNuhEzXnZjG8vT2xxDaX9ASFXA6TefrvISbzZHvm4aHB9m3rsGRxjFAYExTkJ7zsb6ZOToVCLjw4Dg7yh8EwgpybRUIH6k85NtF05JDA1plkq8gTKvQkkzHzzM/VvJNRKBTw9nYctvW0CgrL0a8fxAG74e3j4+P4+uvTiF0YhTff2Cl0XP7bv/83pv6ox8bGRXPryGx/iCUSCSbmB/jg/UPPNM+WbJonowAczkFYbbGgoLAcev2AQ3WuyWSGRCJBRnoK1Go34dzGx8UVGlPnCTp3PhODQwbs2rkR3t7WofXfHj/ncBLTPcWdbt3EXp6e7vjot0fQ0NCCltZ2nD2XCZlUiqNHX4eb3STsRPTypSQvwyd//honvr+AsNAgoaJ+Jk/Tjk7ffvBhCtFMLXbP0gAAIABJREFURkeN+MexM/Dy8sDuXRtFDyDVahXkcjl0vX0ICvIT7afT6RE8zVzqFy5mobW1A0ePvC4alj8TP18tdDo9YJvz2Gg0iR7Eent7oLdX77Bfb2+faLoeTy93KJVK0UNjAAgODkB7+yPAVt0aFRkmbPNzXSMR/fJJpVIEBvgiMMAX0fPn4c+ffoOHDzsRZtde6XR9uF1+Dwf3b3Mo6PD29oDJZMbgoAEazeQwfrN5DP39k9OPSSSSaednDw0JwOioESMjo6KXTc3E31+L8op7Qvw8j00EAFIIFaiwvmjHtrRYLJMx88zP1TyJyGRSmMemH741oaOjCzdzi7H39S2iIWBDQ8MYHDIgfkmscNM/ODjkMDwDAFpa20Vxc0s7PD3doVDI4eurhVwuQ1PTwxnPQ66QY3TU+JRX6Ohe9QMMDg7h1+8dxAfvHxL989GHv4KnpzuKiisAW8WXVCpFc4v4/BsaW0Vx56NuLIiOEDpPAUA3zc3Qs3BxUSA2NgqbNq7Bh//0JowmE2prG57LsYno+VEo5EhLS0JjYysyMlJmtc/TtKNE9HSMRhOOfXsW7u5q7H19i8NDCIlEgsiIUNyze8kbAAwMDOJhWyeiosRvfL50JQeNTa04emSPqHNgwpBheNrzeNTVA3cPNQCgprYeMQsiRB0PUZFhqLvfKBpOb7FYUF1Tj/l25zA/Khzd3TqHYfftHV3Cw/KamnrExk5OD/C8r5GI5haDYViYT9TexD3f1AKkG1kFCAkOQHR0uMM+gYF+cHNVOrQ3tXUNkEqlwpRkZrMZhuERh/0fdeng6qqctoNzdNQ47ZQjnZ098HDXCPGzHJtoJvKJiryJSj3GjJ0qdjJmkxkDA4MO61UqFWQyKfz8fJB7qxR19xsREhwg3MBPMJnMOHn6CtZmpMDHxwvj49Y/sFKpFBqNSuhs3LolAyaTCRcuZU/7Fsecm8WQSaXw9/dBfUML8gtuY8P6VMDWQZi6MhEXLmVj3GJBaEgghodHUF5xD1KpFOvXWbcLDg5A2e27CA0Jgkajgru7+pl+JvkFt5GctPSx1WHpacm4fCUHq1cth6urEsuWLsS1a7egVLogOMgfLS3tKCmtEu0TEhyIqju1WBQXDZXKDTey8h2G3z6L3FulkMmkWLzIetyHDzthMAwLQ1eI6NWyPHExIsJDhHmUn+Rp2lEimj2z2Yxvj5+D0WjCrp0bMDAwJORclC7CKI60NUn4+5c/4HpmHpYsjoFheATXr99CaEggIiMm5/68dj0P5eXVOPzmToyNjUOvHwBsD6I1Guv3ke+/v4jRUSOSkuLh76fF+LgFt8vvoqenF3t2Wedcr6lpwIYNq0TnmrBsEQqLKvD9DxeRlpYEmVSKgsJyGIaGkZS0VNguJXkpyiuq8e2Jc1i3diUUCjmKiyvR0tKGzRvXYGhoGO0dj3AoWjx9yPO8RiKaW7KyC3H/QRNSkpchJDgACoUcvX39yM0tRmCgn9DpCQDt7Y9QXVOPt46+Pu2xpFIp0tKScSMrHwqFHKEhgXj0qAeXruRgVWqCMIS/7n4Tzpy9huWJSxAZGQq1yk2YpzQ9LVk43oWLWQgPD8GiuGjkF5ShrOwukpOXIiQkEEoXBRoaW1FcUil6P8Rsj000W3JrhZ51ZOrk3JCMGTtH7Ey8vDxQXlGNP338pUMubc0KZKSnYGFsFJYtXYjTP16Fr4833n1nPzw93eHhYZ0j9cGDJvT26nH5yk1cvnJT2D8mJhIH9m3FkcO7cebsdfzxT59Dq/XClk1pGBwcgkpt7YhVq9zg5eWBbVvX4tLlbHR0dEGtVmHd2hQkrYgXjpeRngy12g1Z2QXo7e2HWu2GqMgw4SUIALBl0xqcPZ+JL746CRcXBd57Zz/c3dXCSxkmKJUuUKncph12Njg4hIGBQSTb3ZBMtXhRNPLzy9Da2oGoqDBs2ZwOFxcFzp7LhMlkQkREKA7s24pvj5+Di4v1i8D2bWtx4WI2Pv3LMbi5uSJ1ZQIWxUWLbjg8Pd2t0wLYyGRSeHhoROvkchk0GjXUto7sBdHhyMopREHhbYyMGOHt5YEtm9MROs3bJono56WQy6FWu4nmKIRtXmZ7GrUKGrsHPh7uGnh6WdtYiUTyxHZUpXKFRqMWvUBPrbZ2vNpX1KnVbuLhvnZtOZGzaW3tEEa//PnTb0Q5Ly8P/O63RwDb3HhvvrETN27ko6i4Eq5KF8TERArzlcJWyVpaVgWz2YwvvzolOpZUKsVvf3MYXl4eOPzmLpSUVqG4uBK63j7IZDIEBwfg6K/2wNfXGzpdH/oHBkWdlrA9SD76qz24eu0Wvjl2BgAQFhqEo0dfF74PwDZP+jtv7UXmjXwcP3EeJpMJQUH+OPKrPfDz06Ks7A7mzQt2qLB6ntdIRHPLa1vS4VemRdWdOtzIysfY2Di8vDwQGxOFtDUrRPfPd+89QFxctKhTdarkpHhIJRLk5ZdBrx+Ah4cGq1ITkboyQdgmbuF84QFQRWU1TCYTtN5e2LRxDRITFgnbPXzYKdxLrc1YCX9/XxQXVyIvvwxjY+Pw9fHCzh3rEb8k9qmPTTRbktXv3bZWYtv3JTFm7CTxtU8WW1fZVaNa/10izDxpsViEvHVhEdZZ/7FfN7G/NR41SREa9NPnHLXX2q5/7sckIqJJbGeJXk1z6Xfz7r37aGhowY7t61/I8S9eykZISCDil8S8kOMT0avtp7aXhuER/Ncf/4b/9T8/eq7nRXPHi/ib3Nquh1Ixbuusl0AikUAigV0M2zqJaB0Au3UQ+nPsO/0n/t04anjm85PjFakEZMz4ZcRERERERD+3RXHRWBQX/cKOv/W1jBd2bCKa+xRyueh9DkQESEVzQ9oK7xgzdpqYiIiIiIiIiAQKhRwffXjkZZ8G0StFKgxnnpgTkjFjZ4qJiIiIiIiIiIhmYH3bgH1lHmPGzhYTERERERERERE9hrUDVTLZqcSYsdPFREREREREREREjzFZgQq7TiX7mHnm53qeiIiIiIiIiIjoMaQWWESVeRMv2BFi5pmfw3kiIiIiIiIiIqKZSCWQiCryGDN2ppiIiIiIiIiIiGgmwhyoE5V6Fjymco955udqnoiIiIiIiIiI6DGEOVAnKvMkmLlyj3nm51yeiIiIiIiIiIjoMaxzoE6MZp6ozJtgFzPP/FzMExERERERERERzUQqgQSWib6kicq8CbaYeebnap6IiIiIiIiIiGgmUgsskMC+Us9xyTzzczVPREREREREREQ0E+lERd5kpd5kPHXJPPNzLU9ERERERERERDQT6atSCcg88y8jT0RERERERERENBPbHKiWKZV6jBk7R0xERERERERERDQT6URnkrhSjzFj54iJiIiIiIiIiIhmYqtAFVfmMWbsLDEREREREREREdFM5BaLBRKJXecSY8ZOFP9StbbrX/YpEBHNaWxniV5N/N0kIpodtpdEz5cc9p1LsEAcA8wzP6fzv1ChQZ4v+xSIiOas1nY921miVxB/N4mIZoftJb1ozthBL4XFrjIPEohjgHnm53SeiIiIiIiIiIhoBtKJijyhMm9KzDzzczpPREREREREREQ0A6EC9XGVeswzP6fzREREREREREREM5Ba+5LsK/UYM3aimIiIiIiIiIiIaAZS62hm+0o9xoydKCYiIiIiIiIiIpqBdQ5Uy5TKPMaMnSUmIiIiIiIiIiKagRS2TiX7yjzGjJ0mJiIiIiIiIiIimoEUEgidShOVeUKMKTHzzM+1PBERERERERER0QyksMBWkTdZmSfEmBIzz/xcyxMREREREREREc3ArgKVSy6dcElERERERERERDQDuwpU2IY52wrzpqxnnvk5mSciIiIiIiIiIpqBFBBX5Ekw0blkV6HHPPNzOU9ERERERERERPQY1g5UoTLPVpHHmLEzxURERERERERERI8hVKBKIK7YY8zYaWIiIiIiIiIiIqLHkFpgG84MW2UeY8ZOFBMRERERERGR2L1791/2KRC9UqTWSjxbZD9HJGPGThATERERERER0aThkVGcPH3lZZ8G0StFqEAV+pTs46lL5pmfY3kiIiIiopft4qVs3LlT98KO/5e/Hkd//+ALOz4RzS0WFhsROZBPVOQJo5rt46lL5pmfY3lnknurFFnZBdPm0tYkISM9GUXFFXj4sBOv79ks5D772wlERc3DurUrf/I5tLd34fuTF/HPv3vrJx/r3r37mDcvBGq1m7CuqLgCrQ87sdfu/J/WhUvZ6O7S4a2jr896n/7+QXz2+Xf46MNfQal0eebPJqJfLpPJjI//35fYt/c1zJsX/NjtbmQVQKfrw769rwEArl7LxcO2R3jnrb0v9PyeZ1tO9Et0524dCosq0NXVA4lEgqAgf6xbuxKhIYGi7Zpb2nAjqwCdnd2Qy+WIWRCBDRtWw81VKWzT1taJm7klaGlth9lshlbrhZTkZVi2dKGwjclkRtntO6i6U4feXj3Gxsbh76fF6lXLERMTKfrM8fFx3LlbhxUrlgAA9PoBXMvMQ2NjK8bGxhAaGoiNG1bD389H2Of+gyYcP3He4TolEgk+eP8Q/Py0k+fb/giDQwa4u6tnfY01NfUoLq1Cd7cOw8Oj8PLywNL4WKxKTYSE02ARzVk9uj5ct7U/APBff/wboqLmIT0tCd7engCAH05eQnVN/bT7R0eH49CB7aJ1D9s6celSNsLDQ7Bxw2qHfWbT5k01mzZqeGQUf/q/X8BsNjvsv+21DCQmLn7Knw45O7nF1qlksU0JabEwZuw8sTPp69NjftQ8bN+21iGnUqkAAIODBofqhGXL4uDr4/1czsEwPIz+/kGMj49DKpX+pGNdupyDjRtXI35JrLBucNCAgZ9QXdHX14+amnp4eGhw/0EToueHz2q/4eERGAzDMBqN7EAlclImsxmG4RGc+vEq/uV/vDVtB4OuV49beaWiDpv5UeHweU5t7EyeZ1tO9EtzPTMPVXfqsCo1AUGBa2AymZFfUIZvjp3BR789Ao3a+j2oo7Mb3xw7g+Skpdi6JQOG4RFcz8zD8ePn8M7b+wBbx+XJU5eRtCIeyUlLoXCR4969+zh3PhNqlRuio63fHfILytDW9ggpyUuh1XphbGwMVXfq8N0PF/HB+4fg7z/ZMdDQ2AqVyg1+vlqYTGZ89Y/T8PXxxhsHt0MqlaGouAJffX0av/ngDWg01k5Qg2EYrq5K/Pq9g6JrlUolcHfXiNbV1NQjZkEEJBLJrK6xvqEFuXmliF8Si/S0JCjkcrS0tiPzRj5cXBRIWhH/gv+LEdHLMDhkwBdfnkRAgC8O7t8GDw8NBocMKCu7iy++PIk//P5dAMCO7euxfl2qaF+zeQyffX4CwUEBwjqLxYKr126h7PYdmM1j8JumQ3S2bZ692bZRxlEjzGYz3nxjJ3y0XqJjTDxQInoacqEzCZOVeYwZO0vsbOQKucOX6idZsXzJCzufn8JisTz3oSX5hbexND4WAf6+yM+/PesOVCKiCT5aT5RXVCNhWZxD7tr1W4iMCIXJNFkJERkZ+rOc16valhP9HFauTEBGegrkcpmwLiQkAP/xn39FU+NDLF68AABwM7cY0fPDsWH9KmG7g/u34eNPvhIerEaEh+B3Hx2FWjU5AiY0JBCtDztQW9cgdKCmpyU7nEdYaBAqKu6hq1sn6kCtrW3AwtgoAMDt8nsYGxvD/n1bhfPdtXMD/vLZcRQUVmDjhslzkwDw9HR/4vXX1NRj8+a0WV9jVGQYoiLDRMcICvLHg/pmdHXpnvh5RPTLdPfufUglErxxcDtkMmv7o9V6YV5YsKiKU6l0cSgayS+4DaVSiZTkpcK6IcMw+vr68d47B3DjMSMhn6bNm/C0bZS7Rj2rtpLoScQVqFxy6WRLerKTpy4jMjIMCcvicOdOHU6fueqwzYb1q5C6MgEdHV0oLKpAU/NDGAzD0Hp7Yf36VIeOyM7Obly5louOji6o1SokJ8UjJXmZaJuS0ioUFVdiYGAQ3t6eWLUyEYsXL0Bp6R1cvJwNADh7LhNnz2XC388HH/z6kLBvRWUNcm+VoL9/AL4+3ti6dS1CggMwE8PwCCora/CbD96ERqPG1Wu5aGt/hOAgf9F2Y2PjuJGVj6qqWhhNJoSHh2D5lOEfg0MGFBaWo7auEXp9P1QqNyStiMeq1ERhm48/+QpbX8tAUVEFmlvaodGosHnTGnh5eeDSpRy0tXdCo1Fj88Y1WLAgQtivqLhC+Lm4u2tsQ1WWQyb7aRW9RPR8ZKSn4PSZq1gUFw0XF4Wwvrm5DcPDI1gYOx/V1Q+E9SUlVXjY1onduzYCwBPb0a5uHY6fOI9dOzfg8pWb6OnpQ0CAL3bv2ojuLh0ys/LR1zeAAH8f7N61EVpbxYV9W07kbOw7OycoFHJIpRLh99RisaCxsRXbt64TbefurkZoSCAaGloQPT8ccrkccrnc4XhKpVL0Oz/V8MgoiorK4e6uEd34WywW1NY24OBB65DXhoYWLIiOEHX2SiQSLIyNQk1tAwDHzoSZdHXrMGQYRmRE6KyvcSqTyYwHD5rQ0d6FjGk6holobhgbG4PSVSl0ntqbrt2bMDIyilt5pchITxa1gxq1CgcPbJvxM59Hm8c2in4u8lehE4tLLl/Wkp5Mrx+AXt8PAFi8eAEWLozCROFnfX0zfjx7DXEL5wO2IWharSdWrUqESuWG8vJ7OHnqMn7/z++InlJevJyNTRvXwNvbE/X1zbh4KRtSqVQYbpF7qxSVVTXYu2czAgJ80dnZjWPHz0KpdMHy5YuxbNlC/J8//R3r1qUifkmsqPPwYVsn3FSuOLBvKxQKOa5czcXJU5efOO9qSUklwsNDhKeTCQmLkJdXiv37toq2u3wlB3X3m7Bn9yb4+fmgqfkhLlzMEm3T2dkNk8mMnTvWQ+vtiY6Obhz/7jyCgvwRER4i/FzPnr2O3bs2YffuTbh1qxSnTl+BVutlnfPH3we5ucU4feYq/vX370Eul+H+gyZk5xTh0MHtCAr0R3dPL0pLqzAwMAgvL4+f8p+ZiJ4TDw8N4hbOx628UtF8o1ev5WLzpjS0d3SJtu8fGERfX78QP6kdNRhGoNcPIOdmMfbs3gRXpRKnfryCY9+ehUajwoF92+DiIsfJ01dw6XIODr+5C5jSlhMRUHe/ETKZDKGh1ik1DIYRGI0maLWeDtt6e3ugt+/xvz9DQ8NoaWnHqpWJDrkvvjyJtvZHGB8fh0rlhsNv7ISbm6uQb23tgFQmFR7Y9vbqER7uOI+yl5enqK2A7btsQeFtlN2+h6EhA7RaT6xZvQIxCybnWK2pqUd0dDikUimGhoaf6hpvZBWgoPA2xsbGAQC7d21EyJQ5Y4lo7oiNiUR2ThEuXc5BUlK8w7D3x8nLL4NS6YLEhKefU/Rp2rypZttG3X/QhHPnM9Gj64NK5YaEZXFIXZnA+ZzpqcktFgskEoldp5IFEtjFzDM/h/POpra2Af/7P/5btE4qleLto3tFLxuYycQTyaGhYVy4mIUd29YJnY72FZYAkLoyAVnZhejo7Ea43UtV1mWkIiw0CACwNH4hdDo9CgrLkbQiHiaTGbfySnDo4A4EBPgCAAICfLE2YyVKy+4gOjpcOAeZTCp6WgkALi4KvL57MxQK61PStDUr8Le/fw+9fuCxQzdMJjOKS6qwZ/cmYd3yxMX4+JOvoOvVQ2ubMH1kZBTlFdXYs3sTIiKsw24XxUVDrx9A5o18Yd/5UfMwP2qeEEdFhSE0JBAtLW1CByoAJCUtFYbvpq5chsKicsQviRG2WZmSgKLiSnR16RAU5AedTg9vb0/hZxcY4Ivt28RVJET08q1evQKffvoNEhMWwdPTHRWV1VCrVQgLC3LoQJ1q9u1oCvx8re328oTFOH3mKvbtfQ0+PtabncSERbh4KfuFXB/RL93Q0DAuX7mJ1auWC52ZRqMReEyVlVwhh9k8Nu2xLBYLzp67jvB5wdNOyXFg/1YMD49iyGBAeXk1jn17Fu+9ewAeHtYplapr6hEbEyVsP2o0TXsOCoVcNP0HIMHIyCg6O3uwedMauLoqUVVVi+++v4jDb+wSzqWmph5pa5Ke6RrXrF6B+CWxGDUa0djYivMXsuDqquQUR0RzlFbrhXff3oec3GL89bMTUMhlCAkNRGxMFOKXxEz7DovBwSEUFVdg29Z1zzQibvZtnqPZtlEVldXISE+Bl6cHWlrbcSOrAEajEWsz+GJNejpyiDqXIO58AsA883M672QiI0Px2uZ00TqpVPpMc8KcOXcNCxZEIC4uWljXo+tDQcFtdHR0wWj7g2exWGAymUT7zpsXJIrDwoJwK68URqMJ3T29MJnMOHc+U/RH2mg0IcD/8W9inKDVegmdpwCgsg3bM045B3vlFffg5qoUDalzd1cjZkEECgpuY9vWtcL1jY+PY16Y+CnpvDDx9YyOGpGXX4bm5jYYDMOARAKdrg9BU6YD8POdfKGLq6v1Bs7+ZTKutrfhTvz8YmMikZdXiq//cRpRUfMQFhaEkOAAPj0lesW4uSqRlBSP65l52LljA7KyCx3eSPs4s21HRW2Fm7WtsH9JlJur6xNvPIic0cjIKI59ewahIYGiBxYT3x2m+70xm8xQPmZ4/rnzmejT9+Pto3unzatUblCp3ODjY51H8LPPv0NxSaUwB2ltXQN27tggOo/pzsFkMotG80RFhmLf61uw0DYKCABCggOg0/WhqKQCkZGh0OsH0KPTI8r2UPdpr1GhkAsPZYKD/GEwjCDnZhE7UInmsIAAXxzYtxXj4+N41KVDc3MbsnOKUFFZjSOHdzt0oubcLIa3tyeW2OaSflqzbfMet+9MbZSHhwbbt63DksUxQtFNUJCf8CJBdqDS05JjoiJPqNRjzNh5YmejUCjg7e04bOtpFRSWo18/iAN2w9vHx8fx9denEbswCm++sVPouPy3f/9vh97qsbFx0dw6MtsfYolEgon5AT54/9CMc4k9jmyaJ6PA43vMLRYLCgrLodcPOFTnmkxmSCQSZKSnQK12E85tfFxcoTF1nqBz5zMxOGTArp0b4e1tHVr/7fFzDicx3VPc6dZN7OXp6Y6PfnsEDQ0taGltx9lzmZBJpTh69HW42TpbiejVkJK8DJ/8+Wuc+P4CwkKDhIr6mTxNOzp9++F8f9eInsboqBH/OHYGXl4e2L1ro+i7oFqtglwuh663D0FBfqL9dDo9gqeZS/3CxSy0tnbg6JHXRcPyZ+Lnq4VOpwdscx4bjSbRg1hvbw/09uod9uvt7RNN16PRqEWdpxNCQgJRW9cA2KpboyLDhI7TZ7lGe/7+WpRX3JvVdRLRL5tUKkVggC8CA3wRPX8e/vzpN3j4sBNhdu2VTteH2+X3cHD/tme+t55tmzcbU9soiUQy7dzvoSEBGB01YmRkVChYIZoNKWwVeZOVeuKYeebndp7syWRSmMemH6I2oaOjCzdzi7H39S2i4RZDQ8MYHDIgfkmscNM/ODgkemPjhJbWdlHc3NIOT093KBRy+PpqIZfL0NT0cMbzkCvkGB01PuUVOrpX/QCDg0P49XsH8cH7h0T/fPThr+Dp6Y6i4grAVvEllUrR3CI+/4bGVlHc+agbC6IjhM5TANBN88XgWbi4KBAbG4VNG9fgw396E0aTCbW1Dc/l2ET0/CgUcqSlJaGxsRUZGSmz2udp2lEiejpGownHvj0Ld3c19r6+xeEhhEQiQWREKO7ZveQNAAYGBvGwrRNRUeI3Pl+6koPGplYcPbIHGo3K4fOGDMPTnsejrh64e6gBADW19YhZECHqeIiKDEPd/UbRcHqLxYLqmnrMtzsHg2F42mkFHnX1CJ0ONTX1iI2dnB5gttc4Omqc9tidnT3wcNdMe11E9MtnMAwL84nam7jns0y5g76RVYCQ4ABERz97Vfps2zx7s22jzGYzDMMjDts96tLB1VXJzlN6anK8IpWAjBm/jNjZmE1mDAwMOqxXqVSQyaTw8/NB7q1S1N1vREhwgHADP8FkMuPk6StYm5ECHx8vjI9b/8BKpVJoNCqhs3HrlgyYTCZcuJQ97Vscc24WQyaVwt/fB/UNLcgvuI0N61MBWwdh6spEXLiUjXGLBaEhgRgeHkF5xT1IpVKsX2fdLjg4AGW37yI0JAgajQru7upn+pnkF9xGctLSx1aHpacl4/KVHKxetRyurkosW7oQ167dglLpguAgf7S0tKOktEq0T0hwIKru1GJRXDRUKjfcyMp3GH77LHJvlUImk2LxIutxHz7shMEwLAxdIaJXy/LExYgIDxHmUX6Sp2lHiWj2zGYzvj1+DkajCbt2bsDAwJCQc1G6CKM40tYk4e9f/oDrmXlYsjgGhuERXL9+C6EhgYiMmJzf9Nr1PJSXV+PwmzsxNjYOvX4AsD2I1mis30e+//4iRkeNSEqKh7+fFuPjFtwuv4uenl7s2WWdc72mpgEbNojfMJ2wbBEKiyrw/Q8XkZaWBJlUioLCchiGhpGUtFTYLvtmEWprG7AyZRmCAv0hk0lx5+591NU14q2jr2NoaBjtHY9wKFo8fchsrjG/oAxlZXeRnLwUISGBULoo0NDYiuKSSs69TjSHZWUX4v6DJqQkL0NIcAAUCjl6+/qRm1uMwEA/4T0MANDe/gjVNfV46+jrMx6zv38QFosFZpMZRqkUev0A5HK5dXTfU7R5Fy5mITw8BIviomfdRtXdb8KZs9ewPHEJIiNDoVa5CXOgpqclv5CfIc1t8ukr8yxPqNxjnvk5knciXl4eKK+oxp8+/tIhl7ZmBTLSU7AwNgrLli7E6R+vwtfHG+++sx+enu7w8LDOkfrgQRN6e/W4fOUmLl+5KewfExOJA/u24sjh3Thz9jr++KfPodV6YcumNAwODkFl+wOpVrnBy8sD27auxaXL2ejo6IJarcK6tSlIWhEvHC/zU7hGAAAgAElEQVQjPRlqtRuysgvQ29sPtdoNUZFhwksQAGDLpjU4ez4TX3x1Ei4uCrz3zn64u6uFlzJMUCpdoFK5TTu0bnBwCAMDg0i2++M81eJF0cjPL0NraweiosKwZXM6XFwUOHsuEyaTCRERoTiwbyu+PX4OLi7WeXq2b1uLCxez8elfjsHNzRWpKxOwKC5auKmCbTj+xBcH2G66PDw0onVyuQwajRpqW0f2guhwZOUUoqDwNkZGjPD28sCWzekI5RtxiV46he1mYOp8Xdopb7DVqFXQ2D3w8XDXwNPL2sZKJJIntqMqlSs0GrXoBXpqtbXj1b6iTq12Ew19s2/LiZxNa2uHMPrlz59+I8p5eXngd789AtjmxnvzjZ24cSMfRcWVcFW6ICYmUpivFLZK1tKyKpjNZnz51SnRsaRSKX77m8Pw8vLA4Td3oaS0CsXFldD19kEmkyE4OABHf7UHvr7e0On60D8wKOqYhe1B8tFf7cHVa7fwzbEzAICw0CAcPfq68H0AALZsSoOvjzcqq2qQlV0EiQQICvTHkcO7ERoSiLKyO5g3L9ihwmo217g2YyX8/X1RXFyJvPwyjI2Nw9fHCzt3rEf8ktjn8F+EiF5Fr21Jh1+ZFlV36nAjKx9jY+Pw8vJAbEwU0tasEFXL3733AHFx0aJO1amamh7i629+FK2rqamHTCbDv/7+XSiVLrNu8x4+7BTupWbbRsUtnA+FQo7i4kpUVFbDZDJB6+2FTRvXIDFh0XP92ZFzkKS+XWqRSOwq87jk0omW1/+/JYBtmMAE679PvmbKYrEIeevCIqyz/mO/bmJ/azxqkiI06KfPOWqvtV3/3I9JREST2M4SvZrm0u/m3Xv30dDQgh3b17+Q41+8lI2QkEDEL4l5IccnolfbT20vDcMj+K8//g3/639+9FzPi+aOF/E3ubVdD6Vi3NZZL4FEIoFEArsYtnUS0ToAdusg9OfYd/pP/Ltx1PDM5ydUoE6/tDxmPfPMz5E8EREREdHPbFFcNBbFRb+w4299LeOFHZuI5j6FXC56nwMRAdKJt0rDYrHOCCmKJWCe+TmdJyIiIiIiIiKBQiHHRx8eedmnQfRKkUJi62Syq8xjzNhpYiIiIiIiIiIiohlIJzqTRJV5U2LmmZ+zeSIiIiIiIiIiohmIKlCFyrwpMfPMz9k8ERERERERERHRDKSP62TikkunWBIREREREREREc3AsQIVmLnTiXnm51KeiIiIiIiIiIhoBo4VqMDjO5+YZ36u5YmIiIiIiIiIiGYwWYGKqZV6jBk7QUxERERERERERDQDqfBCHViXjBk7U0xERERERERERDQTqQTiOSEZM3ammIiIiIiIiIiIaCZSCyCqzGPM2JliIiIiIiIiIiKimQgVqFxy6YxLIiIiIiIiIiKimVgrUGFXmceYsRPFREREREREREREM5FKAFggrsxjzNhZYiIiIiIiIiIioplILQAkUyrzGDN2lpiIiIiIiIiIiGgm1grUKZV5jBk7S0xERERERERERDQTawUqIKrMY8zYWWIiIiIiIiIiIqKZyDHRmSSqzJuMmWd+rud/iVrb9S/7FIiI5jS2s0SvJv5uEhHNDttLoudLDvuKPGEpmRzuzDzzczj/SxUa5PmyT4GIaM5qbdeznSV6BfF3k4hodthe0ovmjB300olOJYg6mRw7n5hnfi7miYiIiIiIiIiIZiK1WCBU4kkgwUQsdDYxz/wczhMREREREREREc1ECom4Mk8cA8wzP6fzREREREREREREM5BioiJvolKPMWNniomIiIiIiIiIiGYgVKByyaVTLomIiIiIiIiIiGYghcXWjSRU6E2+nXwiZp75OZsnIiIiIiIiIiKagRSSyUkhrZV5EqEybyJmnvk5myciIiIiIiIiIpqBFBYLJJLpK/VgWzLP/JzNExERERERERERzUAqVORNU6kH2FXsMc/8XMwTERERERERERHNQDwHqmRK5R6mVO4xz/xcyxMREREREREREc1g2jlQrfEMlXvMMz9X8kRERERERERERDOwVqBOqcxjzNhpYiIiIiIiIiIiohlI7SvyuOTS6ZZEREREREREREQzkFrsK/IkAGPGzhQTERERERERERHNRCqx9ioJFXmMGTtTTERERERERERi9+7df9mnQPRKkVpg7UyaqMxjzNiZYiIiIiIiIiKaNDwyipOnr7zs0yB6pQgVqMJySqUe88zP5TwRERER0ct28VI27type2HH/8tfj6O/f/CFHZ+I5hYL75WJHMgtsHYqWSxccul8S2dUW9eA0rI7aGt7BKPRBLVahYjwEKSmJsDPV/uyT+8nGxsbQ2nZHVTdqUNPTy/Gxsbg5eWBmAWRSF2ZADc315d9ikQ0B5lMZnz8/77Evr2vYd684MdudyOrADpdH/btfQ0AcPVaLh62PcI7b+19oef32d9OICpqHtatXflCP4foVXXnbh0KiyrQ1dUDiUSCoCB/rFu7EqEhgaLtmlvacCOrAJ2d3ZDL5YhZEIENG1bDzVUpbNPW1ombuSVoaW2H2WyGVuuFlORlWLZ0obCNyWRG2W3r95HeXj3Gxsbh76fF6lXLERMTKfrM8fFx3LlbhxUrlgAA9PoBXMvMQ2NjK8bGxhAaGoiNG1bD389HtJ/ZbEburVLcuVuH/v5BuLursWxpHFJXLoNcLp883/ZHGBwywN1dDZPJjILCclRV1aBPPwCl0gWRkaHYuH4V3N01T3WNRDT39Oj6cN3W/gDAf/3xb4iKmof0tCR4e3sCAH44eQnVNfXT7h8dHY5DB7YLcdntuygsKkdfXz80GmsbtWb1ctG9+GzbPHs1NfUoLq1Cd7cOw8Oj8PLywNL4WKxKTRSOPTwyij/93y9gNpsd9t/2WgYSExf/hJ8UOSO5BHadSbZKPcuUyj3mmZ+reWdz+cpNlJRWITFxEZKTlsJV6YLevn7U1TXis7+dwIf/dBheXh4v+zSfmclkxj+++RG6Xj1SkpchdF0qJBIJenp6UV5RjeqaB/jowyMv+zSJaA4ymc0wDI/g1I9X8S//461pH9LpevW4lVcq6rCZHxUOHx/vF35+y5bFwfdn+ByiV9H1zDxU3anDqtQEBAWugclkRn5BGb45dgYf/fYINGoVAKCjsxvfHDuD5KSl2LolA4bhEVzPzMPx4+fwztv7AAD3HzTh5KnLSFoRj+SkpVC4yHHv3n2cO58JtcoN0dHhAID8gjK0tT1CSvJSaLVeGBsbQ9WdOnz3w0V88P4h+PtPdgw0NLZCpXKDn68WJpMZX/3jNHx9vPHGwe2QSmUoKq7AV1+fxm8+eAMajVrY78R3F6DXDyAjPRk+Wi/09vWjqLgSAwOD2LZ1rbBdTU09YhZEQCKR4Kt/nAYApKUlQav1gl4/gMwb+Tjx/UW8/+6Bp7pGIppbBocM+OLLkwgI8MXB/dvg4aHB4JABZWV38cWXJ/GH378LANixfT3Wr0sV7Ws2j+Gzz08gOChAWFdSWoXrmXnYvCkNISEB6Hqkw+UrOTCZTML+T9PmTahvaEFuXinil8QiPS0JCrkcLa3tyLyRDxcXBZJWxAMAjKNGmM1mvPnGTvhovUTHcHd3PC7Rk7AClUunXjqTmpp6FJdU4uD+bViwIEJYHxISiCWLY9DVpYOnp/tLPcefKvNGPnp0ffj1ewdF1zJvXjASExfjUVfPSz0/Ipr7fLSeKK+oRsKyOIfcteu3EBkRCpNpshIiMjL0ZzmvFcuX/CyfQ/QqWrkyARnpKZDLZcK6kJAA/Md//hVNjQ+xePECAMDN3GJEzw/HhvWrhO0O7t+Gjz/5CvcfNCF6fjgiwkPwu4+OQq1yE7YJDQlE68MO1NY1CJ2L6WnJDucRFhqEiop76OrWiTpQa2sbsDA2CgBwu/wexsbGsH/fVuF8d+3cgL98dhwFhRXYuMF6blV3atHe0YUPf3NYOJegIH8siovG+Pi46HNrauqxeXMaAGD/3tfg4TFZaRoc5A+FQo7jJ85jcHAIGo161tdIRHPL3bv3IZVI8MbB7ZDJrO2PVuuFeWHBoipOpdIFSqWLaN/8gttQKpVISV4K2KYAyMkpwvp1qcJ3Ij9fLaRSCU79eBWrUhPh6qqcdZtnLyoyDFGRYaJ1QUH+eFDfjK4uncP27hr1L/4+l14NcodKPcaMnSh2JsWlVYiMDBV1ntrz8xMP3zeZzLiRVYC79+pgNo8hMMAXG9avRlCQn7BNdfUD3LxVgp6eXri5uWHJ4gWiG5QfTl5CVNQ8dHfrUFlVi6QV8UhPS8LwyCguX8lBXV0jZFIp4uKiET0/HDdzi/HuO/uF45eUVgmVFN7enli1MlG4yZlqbGwMt8vvIm1N0mP/QNoPAykuqURHRzfCwoJwM7cYXp7uOPKrPbP63L6+fly9fgtNTQ+hkMsRHhGCjRtWCxUsP5y8hMjIMPT26lFRWQOj0YTwecHYsWO9sA0RzU0Z6Sk4feYqFsVFw8VFIaxvbm7D8PAIFsbOR3X1A2F9SUkVHrZ1YveujQCAjo4uFBZVoKn5IQyGYWi9vbB+fSqi51s7LLq6dTh+4jx27dyAy1duoqenDwEBvti9ayO6u3TIzMpHX98AAvx9sHvXRmhtFRcnT11GZGTYtB27RHOdfUfgBIVCDqlUIvyeWiwWNDa2YvvWdaLt3N3VCA0JRENDC6Lnh0Mul4uGx09QKpWi3/mphkdGUVRUDnd3jejG32KxoLa2AQcPWoe8NjS0YEF0hKizVyKRYGFsFGpqGwBYOxPu3r2P+CUx016bVCoV/r2rW4chwzAiI6wPa+w7Tye4KpW2n4n1/J/1Gonol21sbAxKV6XQeWpvujZhwsjIKG7llSIjPVloIzo6umEYHsHChfNF207cizY3tyEmJnLWbd5MTCYzHjxoQkd7FzKmeXhF9LxYK1AhgagSlTFjJ4mdSVtbJ9asXjHr7b/74QIUcgXef/cgNBoV7t67j2++PSMMpWhsbMWpH6/itS3piImJRK9Oj3MXMqHr1ePAvq0AgP7+QVy5ehMLY6Ow7/UtCLENW/3m2BnIZDK8dXQvVG5KVFTW4MzZa6Iv/Lm3SlFZVYO9ezYjIMAXnZ3dOHb8LJRKl2krH7q6dDCbxxAeHjKr6xsYGMK96vvo7unF5k1rEBYaNKvPNQyP4IuvTiIxYTF279wIqVSCG1kFOPHdBbz79j5IJBL09w/i0uUcZKQn44NfH8Lw8Ai+/+ESrl/PEzpJiGhu8vDQIG7hfNzKKxXNN3r1Wi42b0pDe0eXaPv+gUH09fULcUNjK7RaT6xalQiVyg3l5fdw8tRl/P6f34FS6QKDYQR6/QBybhZjz+5NcFUqcerHKzj27VloNCoc2LcNLi5ynDx9BZcu5+Dwm7sA2/xien0/iMiq7n4jZDIZQkOt300MhhEYjSZotZ4O23p7e6C37/G/P0NDw2hpaceqlYkOuS++PIm29kcYHx+HSuWGw2/sFM3H3traAalMiuAgfwBAb68e4eGO8yh7eXmK2orORz2Ii5uP8opqFBaVY3BgCL5+WmSkpyDcbh7mmpp6REeHi75jTXWv+gFCQgIdKspme41ENDfExkQiO6cIly7nICkp3mHY++Pk5ZdBqXRBYsLknKK9fXooFHKH4hGZTAYPD43Qps62zZvOjawCFBTextiYtep+966Nwv2mvfsPmnDufCZ6dH1QqdyQsCwOqSsTnK4/gH46uQSA0IlqscA+xpSYeebnWt5ZWCwWmExmqKZUKVzPzEPZ7buA7UnfG4d2ICQ4AM3NbWht7cAf/uVd4Sni4kULcP9BE+7crcPKlATk3CxGQkIcEhMWAbbqjl07N+Lzv3+P7p5eYa69wAA/7No52WlYX9+Czs5u/PPv3hLmnlmzegUePuxEe/sjwPYU8VZeCQ4d3IGAAF8AQECAL9ZmrERp2Z1pO1BHRo0AANWUl0T9/cuT6O62DuVwcXHB7377K+GpqkQiwZuHdsDV9mKI2XxuSUkVtN5eSE9LEj5j08Y1+NPHX6CzsxuBgdYK3YiIEKxetRwAoFGrkLAsDiWlVc/835CIfjlWr16BTz/9BokJi+Dp6Y6Kymqo1SqEhQU5dKBOtSpV3DmRujIBWdmF6OjsFnWKrMtIEV78tzxhMU6fuYp9e1+Dj4/1ZicxYREuXsp+IddH9Es3NDSMy1duYvWq5UJnptFo/R4xXZWVXCGH2Tw27bEsFgvOnruO8HnB007JcWD/VgwPj2LIYEB5eTWOfXsW7717QKgEra6pR2xMlLD9qNE07TkoFHLR9B8jIyO4f78JA4ND2LolAwqFHIVFFfjm2Bm8+85+BNq+x9TU1CNtTZLD8SY0t7ShtOwOjhze/dhtnnSNRDQ3aLVeePftfcjJLcZfPzsBhVyGkNBAxMZEIX5JzLQPYgYHh1BUXIFtW9dBJpvMG40mKB5TtaqQy4UpAWbb5k1nzeoViF8Si1GjEY2NrTh/IQuurkph1M6EispqZKSnwMvTAy2t7biRVQCj0Yi1GXyxJj0duQWYrMh7XKUe88zP0byzkEgkUCpdMDIyKlqfkZ4szIt37PhZDA0aAAAP2zphMpnx2effibYfGRmFr4/1hv1RV4/wttgJwUH+kMlk6OjoEjpQg4P9Rdt0dfdA6+3pMHF3VFSY0IHa1a2DyWTGufOZoj/URqMJAf7Tv41x4gZo6jW+cXA7RkeNGB014i+fHYfJZBbN6eNq91bd2XxuW1snmlva8OdPvxF9jslkxqjRJMQB/r6ivErlCqNdnojmLjdXJZKS4nE9Mw87d2xAVnah6I20M+nR9aGg4DY6OrpgtN04WB+CidsP+xdPubpZ2zH7l0S5ubo+8caDyBmNjIzi2LdnEBoSKHpgoVBYb+Cn+70xm8xQPmbo+rnzmejT9+Pto3unzatUblCp3ODjY51H8LPPv0NxSaUwz2ptXQN27tggOo/pzsFkMosqRBVyOR7UN+MP//KucO67d23EwMAgSkoqsWP7euj1A+jR6REVNW/ac+vo7MZ331/Epo2rhUrcZ7lGIpo7AgJ8cWDfVoyPj+NRlw7NzW3IzilCRWU1jhze7dCJmnOzGN7enlgyZZo1hVwOk3n67yEm82R7Nts2bzoKhVx4cBwc5A+DYQQ5N4uEDlQPDw22b1uHJYtjhCkCgoL8hBcJsgOVnpZdBerjKvWYZ37u5p1JUJA/mpoeInVlgrBOLpcL84VOnesmMMAX77938LHHM5vHHF5SAABSqURU3Dv1j+zY2DjMY45VHFKJ3Xa2A3zw/qFZz7Xlo/WCi4sCTc1tCAqa7LR1dVXC1VXp0LFq/cwpneiz+FwLLEhJXoZNG1fPeD5S6TQd9E5U9Uzk7FKSl+GTP3+NE99fQFhokFDVPpPx8XF8/fVpxC6Mwptv7BRGDfzbv/83pv7Jmq4KZNp2h4j+f/bu/KupPM8f/zM3gQBJWCI7CIIIouIK4gKouO+WlqWW1jI9NT3d85npmR++53vmzB/wPZ8zZz5nuk9/urumZ2q1qsvSUqvKfUNwBUEREAFRQNlBAmELkJB8f0i45JIQEbXV5Pk4p8/b133d3NxLNZfkfV/3dUWDg0P4y6ETCAz0x7atqyW3b6pUflAoFNB1dkn6vQOATqdHZGSYw/bOnM1DQ0MLDuzfIbkt35WQYC10Oj1g63k8NGREzNQIMR8U5I/OTr3D6zo7uxAY6C/GAYEaKJVKcfJ0RGRkmHhBurKqBvFxUx3WAYC2tg58993PWL5skcuHzE3mGIno7ScIAsLDghEeFoyE6TH49M/fobGxFVPtzlc6XRfullRg966NDrfDBwX5w2g0obe3H2r16G38JtMwurt7xfPZRM95ExEaqkVJaYUYy2Qyp73fo6PCMDg4hIGBQUkxDdGzCKMVqGMrUccuZ55598t7koULZuNRzRM8qnnyzHXDw0PwtKMTfX2GcdcJCwtGfX2zZFlL61MYjSaHLx5jX6fX9zj8oayprRf/HRyshUIhx+PHjc/c1xEKhRwpKUnIL7iL7u7eCb/O3kTeNyI8BE+eTHy/iMgzeXkpkJGRirq6BmRlLZ7Qa/r6DOjt60fKnCRx8rS3t0/y5FsimpyhISMOfX8SGo0K7+xY53ARQiaTIW5aNCrsHvIGAD09vWhsakV8vPSJz+cuXEXd4wYc2L9dMjkwoq/f+WeotvYOaPytd+FUPahB4oxpkomH+LipqH5YJ2kZYLFYUFlVg+l2+zA9PhZPn+ocWgs0t7QjKMjax7WqqgZJSfEY62lHJ/5y6ASWLFmA9MXzxvmJPfsYici99PcbxH6i9kZusR9bgJSbV4CoyDCn7dXCw0Pg66N0OKc+qK6FIAji8ycmes6zNzg45LStSmtrB/w1ow/KM5lM6DcMOKzX1q4Ti2yInocC9pV5tl8I+4o95pl397ynmJkUj9RFKTjywxksXDAbCQmxUPn5wjAwiLa2DrS1dYgf4KfFRiEyMgw/HDuLNdlLERQUAJ1Oj1tFpZidnICkpHgsX7YQR4+dQ0iIFjOTpqOnpxcnT1/GnNmJkttIx4qbFo3Q0Ck4dvwc1q3LhL9GjXvl1WhqbhXX8fb2wpL0BThz7grMFguio8JhMAygpLQCgiBg1colTredvXIpmpvb8fmXP2Bx2lxMnRoBL4UCff0GPHpknTh21Sx8Iu+7aFEKiu9W4PSZXCxePA++Pj5oaGzBrcISbN+6xunTbYnIMy1cMBvTYqOgDXJ8KI0zarUfAgI0KCwqxYZ1WTAajThz7orTp+ES0cSZTCZ8f/gUhoaM2LolGz09fWLOW+kNX9uX6Izlqfjq4DHkXL6JObMT0W8YQE7ODURHhYtPsQeASzk3UVJSiX17t2B42Ay9vgcAIJcLUKutk6NHj57F4OAQUlNTEBqihdlswd2S++jo6MT2rWsAAFVVtcjOlj5hev68WbhVWIqjx84iIyMVckFAwa0S9PcZkJo6V1xvcdpclJRW4vsjp7ByRTq8vBQoKipDfX0T1q5ejr4+A5pb2vBegrR9SGenHl99fQyzkhMwKzlB3HfY2g2MVKtO5BiJyL3kXbmFh48eY3HaPERFhsHLS4HOrm5cv16E8PAQcdITAJqb21BZVYMPDuxwui1BEJCRkYbcvHx4eSkQHRWOtrYOnLtwFUuXzBdvz5/oOe/M2TzExkZhVnIC8guKUVx8H2lpc60PwPP2Qm1dA4pul2HTxpXia6ofPsaJk5ewcMEcxMVFQ+XnK/ZAzcxIe6U/S3JPCjjrgcqRo4eMnmbd2gzETYtG8d37OHkyB/2GAfj4KBEQoMHSJQsQY3tAiUwmw57dm5F35RaO/XgB/f0GBAZoMHt2othHa0bCNOzYvhbXb9zGpZwbUCqVmDd3JrIyRyut/P3VkquAsP0x3btnC85fuIbDR05DkMkwe3YisjIX49r1InG9rMw0qFS+yLtSgM7ObqhUvoiPm+ryQQheXgp8eGAH7hSXo7y8GgUFdzFkNFp7j2kDsW5thvjHWqNRwd/WvsDes95XrfLDxx/uRE5uPg4ePA7T8DBCgrVITU0RJ0/9/dXQjDlutUqFgOe8DYWI3h5eCgVUKl+Hfl3aMU+wVav8oLbrAe2vUSMg0Houkslk2L9vG06czMHvfv8ltNpArFuTgd7ePviprBWpfn4+UKtVYi8v2G49DgjQSCrqVCpf6e2+ARr4+zue84g8QUNDC+obrHfNjO1hHhjoj3/41X7A1htv754tyM3NR2FRGXyU3khMjBP7lcJWyXqn+B5MJhMOfvOjZFuCIOBXv9yHwEB/7Nu7Fbfv3ENRURl0nV2Qy+WIjAzDgfe3Izg4CDpdF7p7eiUTs7BdzD3w/nZcvHQD3x06AQCYGh2BAwd2QGX3MFAfHyU++uAdXM7Nx+Ejp2E0GhEREYr9729HSIgWxcXliImJdKiwulf+AIODQyi+e198kOiIeXNnYvOmVRM+RiJyL+vXZSKkWIt75dXIzcvH8LAZgYH+SEqMR8byRZJClPsVj5CcnCCZVB0rLTUFgkyGm/nF0Ot74O+vxtIlCyQt5SZ6zmtsbBUv3qzISkdoaDCKispwM78Yw8NmBE8JxJbNq5AyJ0l8TfLM6eLFpdKyShiNRmiDArFm9XLxQchEz0O2+IPbnlWGR2Qn77+tV7Usdr0prf+21qiOxCN562ARl1n/Z79s5PXWeNAoIDpiYpVHE9XQrH/p23wTXLl6C0/qm3Hg/e2ve1eIyMO563mW6G3nTr+b9yseora2Hps3rXol2z977gqiosKRMifxlWyfiN5sL3q+7DcM4Le/+wL/9q+/fqn7Re7jVfxNbmjWQ+lltk3WyyCTySCTwS6GbZlMsgyA3TKI8zn2k/4j/x4a7J/0/gmwAKNvIQNjxh4V02tx6PuTuH3nHnS6LvT3G/CguhaFRWWYN9exyTcRERGRu5mVnPDKJk8BYMP6LE6eEtGkeSkUCApipTmRPYVtTgkY6QnJmLEnxfRaLF26ELduleD69dswDAwiMFCDlVnp/KBPRERERET0mnl5KfDrv9//uneD6I2igMVaymqx2Erz7GKZzHrLMvPMu2ueXo/YmEjE2vqtEhERERERERG9yQRrRZ7kvmZppR7zzLtznoiIiIiIiIiIyAXB7n5msUckY8YeExMREREREREREbkgYORh4/aVeowZe0pMRERERERERETkgjAymWRfmceYscfERERERERERERELlgrUGE3qcSYsSfFRERERERERERELggWi20WyTa5NBKOxswz7755IiIiIiIiIiIiVwSZTCa5rVk2plKPeebdOU9EREREREREROSKYLGv1LObXBIL95hn3o3zRERERERERERErggysTLPeaUe88y7c56IiIiIiIiIiMgVYaQyb2ylHmPGnhATERERERERERG5Isggk1bqMWbsQTEREaz2nZwAACAASURBVBEREREREZErggUjFXm2kTFjD4qJiIiIiIiIiIhcGa1AhQwW+wo9xow9ICYiIiIiIiIiInJltAIVFsjsK/QYM/aAmIiIiIiIiIiIyBXBWolnGVOZx5ixZ8RERERERERERESuKKyVeLZJJY4cPWx8WzU061/3LhARuTWeZ4neTPzdJCKaGJ4viV4uhX1F3ugIOF/OPPPulX9bRUcEvO5dICJyWw3Nep5nid5A/N0kIpoYni/pVfPECXrBAtuk0kglKiyQAWNi5pl3zzwREREREREREZErAmA3yWQBGDP2rJiIiIiIiIiIiGh8Auwr9AAwZuxZMRERERERERER0fjEClSOHD1zJCIiIiIiIiIiGp8A24N1RirzHEbmmXfnPBERERERERERkQsCZHCoyJPEzDPvznkiIiIiIiIiIiIXBABjKvXgUKHHPPPunCciIiIiIiIiIhrPaA/U110JyDzzryVPREREREREREQ0PgEW66QS7Cr1GDP2mJiIiIiIiIiIiMgFwTqHJK3UY8zYY2IiIiIiIiIiIiIXBOsckl1lHmPGnhQTERERERERERG5MFqBypGjJ45EREREREREREQuCJaROSSxMk86Ms+8O+eJiIiIiIiIiIhcEWQysSXkaGWeZbRCj3nm3TlPRERERERERETkirUHqmxMpZ5sTKUe88y7a56IiIiIiIiIJCoqHr7uXSB6owgjFXmSSj2LxWFknnm3zBMRERERERGRyDAwiOM/XXjdu0H0RhHEh5HbV+oxZuwhMRERERHR63b23BWUl1e/su3/z2eH0d3d+8q2T0TuxcJiIyIHirGVeYwZe1LsSa7fuI36+mbs3bNl3HV6e/vw+Zc/YM/uzQgLC36h9/v8iyOIj4/ByhXpk3p9XV0DLly8jr/7ZM8L7QcR0V+D0WjCH/54EDvfWY+YmMhx18vNK4BO14Wd76wHAFy8dB2NTW346IN3Xun+veg5mehtV36/GrcKS9He3gGZTIaIiFCsXJGO6KhwyXpP6puQm1eA1tanUCgUSJwxDdnZy+DroxTXaWpqxbXrt1Hf0AyTyQStNhCL0+Zh3tyZ4jpGownFd8txr7wanZ16DA+bERqixbKlC5GYGCd5T7PZjPL71Vi0aA4AQK/vwaXLN1FX14Dh4WFER4djdfYyhIZMkbzOZDLh+o07KL9fje7uXmg0Ksybm4wl6fOgUChG97e5Db19/dBoVOKynp4+nL9wFd09ffibj3Y5/LwmcoxE5H46dF3IsZ1/AOC3v/sC8fExyMxIRVBQAADg2PFzqKyqcfr6hIRYvPfuJsmyxqZWnDt3BbGxUVidvUySMwwM4vf/92uYTCaHbW1cn4UFC2Y7fZ+qqhoU3bmHp091MBgGERjoj7kpSVi6ZAFktkKpyW6baDwKi8XWEpIjRw8cPUlvbz9qautRWVWDmUnxTte5nFuA3t5+9BsGXvj95s1LRvCUoEm/vrevH1367hfeDyKivwajyYR+wwB+/Pki/ul/fSB+eLen69Tjxs07kgmb6fGxmPIC58qJetFzMtHbLOfyTdwrr8bSJfMREb4cRqMJ+QXF+O7QCfz6V/uhVvkBAFpan+K7QyeQljoXG9Zlod8wgJzLN3H48Cl89OFOAMDDR49x/MfzSF2UgrTUufDyVqCi4iFOnb4MlZ8vEhJiAQD5BcVoamrD4rS50GoDMTw8jHvl1fjh2Fl88ov3EBo6OhlaW9cAPz9fhARrYTSa8M1ffkLwlCDs2b0JgiBHYVEpvvn2J/zykz1Qq0cnQY/8cAZ6fQ+yMtMwRRuIzq5uFBaVoaenFxs3rBDXq6qqQeKMaeJ5qbSsChcuXsPg4BDUaj+Hn9dEj5GI3EtvXz++PngcYWHB2L1rI/z91ejt60dx8X18ffA4/vk3HwMANm9ahVUrl0heazIN4/MvjyAyIkxcZrFYcPHSDRTfLYfJNIyQMReBAGBocAgmkwl792zBFG2gJGd/0cdeTW09rt+8g5Q5ScjMSIWXQoH6hmZczs2Ht7cXUhelTHrbRK6IFagOI8ZZzjzzbpT3NNHR4cjNK8CMhFjI5XJJrqX1KTo6OqFUer+U91q0cM5L2Q4R0dtkijYAJaWVmD8v2SF3KecG4qZFw2gcrYSIi4v+q+wXz8nkydLT5yMrczEUitHPPlFRYfg///kZHtc1YvbsGQCAa9eLkDA9Ftmrlorr7d61EX/40zd4+OgxEqbHYlpsFP7h1weg8vMV14mOCkdDYwseVNeKk4uZGWkO+zE1OgKlpRVof6qTTKA+eFArXty+W1KB4eFh7Nq5QdzfrVuy8T+fH0bBrVKszrbu273yB2huacff/3KfuC8REaGYlZwAs9ksed+qqhqsXZshxrW19di6ORtd+h7cKixx2M+JHiMRuZf79x9CkMmwZ/cm8buiVhuImKmRkipOpdLb4TtjfsFdKJVKLE6bKy7r6zegq6sbf/PRu8i9UuDyvTVqFQICNBPaz/i4qYiPmypZFhERikc1T9DernuhbRO5orBYLJDZekM6r9Rjnnn3zXuaoMAAhIZOQWFRGZakz5fkLl66jpUr0nH0+DnJ8qoHtSi+W47m5nYYjUZERYVj04YV4i0cRbfL0NLyFFOnRuDa9SIEBmiw//3tOP7jecTFTcX8eckwm80oLCrD/YpqPH3aCblcjsQZ07B+XRa8vBSYLINhAJdybqC6ug5G0zDCw4OxasUSTJ0aAdiuev7fP36D7dtWo+j2PdTUPIFcLsfMmdOxJnuZ5L1v37knVm0EBQVgafoC8QvV6TO5uFtS4fD+H324E1GRYQ7LichzZWUuxk8nLmJWcgK8vb3E5U+eNMFgGMDMpOmorHwkLr99+x4am1qxbetqAEBLSztuFZbi8ZNG9PcboA0KxKpVS5Aw3Tph0f5Uh8NHTmPrlmycv3ANHR1dCAsLxratq/G0XYfLefno6upBWOgUbNu6GlpbxYX9OZnI09hPBI7w8lJAEGTi76nFYkFdXQM2bVgpWU+jUSE6Khy1tfVImB4LhUIhuT1+hFKplPzOj2UYGERhYQk0GrXki7/FYsGDB7XYvdt6y2ttbT1mJEyTTPbKZDLMTIpH1YNaANYJ1Pv3HyJlTqLTYxMEQfx3+1Md+voNiJs2erFm+7Y1AIBbhaVO93Wyx0hEb7fh4WEofZQOhTawnRfGMzAwiBs37yArM01yjlCr/LD73Y2vbH9HGI0mPHr0GC3N7chycvGK6GVRyDA6uTRSmSeNmWfeffOeKHN5Gj774jDmpiTBz/ah+8GDWshkMkyb5lgJVV1di5lJ07FhXRbkcgHnLlzDyVOX8cGBHYCth1ZF5UM87ejE2jXLMTXaOnmp1/dAb7sFv6/PgOaWNmQuT0N4eAgMhgEcPXYWN/PvICtz8aSP5YejZyGTybB//3b4+ihRUlqJb7/7GR9/uBPh4SEYHjajp6cXR4+excYNK7B540q0P9XhxMkc/HziInbt3AAAuH7jDsruVeGd7WsRFhaM1tanOHT4JJRKbyQkxGLTxpVYtzZTfN/Lufmob2hGRHjIpPediNyTv78ayTOn48bNO5J+oxcvXcfaNRlobmmXrN/d04uurtF2JbV1DdBqA7B06QL4+fmipKQCx388j9/840dQKr3R3z8Avb4HV68VYfu2NfBRKvHjzxdw6PuTUKv98O7OjfD2VuD4Txdw7vxV7Nu7FRhzTiYioPphHeRyOaKjrS01+vsHMDRkhFYb4LBuUJA/OrvG//3p6zOgvr4ZS9MXOOS+PngcTc1tMJvN8PPzxb49W+Dr6yPmGxpaIMgFREaEAgA6O/WIjXXsoxwYGCA5V7S2dSA5eTpKSitxq7AEvT19CA7RIitzMWLt+jBXVdUgISFWMqk6Ga6OkYjcQ1JiHK5cLcS581eRmpricNv7eG7mF0Op9MaC+ZPvKfrw0WOcOn0ZHbou+Pn5Yv68ZCxJn++0JdKI3LwCFNy6i+Fha9X9tq2rETWmr/Vkt03kjDDyMHKLxTq7NBpjTMw88+6X90QqlS/mzU1G3pVbgO3BBTmXbzr0sRmxZXM25s9LRmCgPzQaNdJS56K+oVnyZEaZTIa9721G4ow4yZeCERqNCju2rUVCQizUaj+EhGgxe/YMPHnSPOnjqHvciIbGFuzYsRahIVOg0aiRsTwVcdOicTO/WLLuggWzMXPmdCiV3oiOCsfG9VmoelALvb4HRqMJN27exsYNK8QHZ4WFBWNFVjruFJeL21Ao5FAo5GhobEFpWSXe2b7uhb+MEJF7WrZsEUpKKqDX9wAASssqoVL5idXxrixdsgAZy1MREqyFys8XS9Lnw2QaRkvrU8l6K7MWIyRYC41GhYXzZ6Orqxvr1mZiypRAaDRqLJg/Cw2NLa/sGIneZn19Bpy/cA3Lli4UP7cMDQ0B41RZKbwUMJmGnW7LYrHg5KkcxMZEOm3J8e6uDfi7v92DA/u3Y3p8DA59fxLd3b1ivrKqBkmJo73pB4eMTvfBy0shaf8xMDCAhw8fo6S0AhvWZWHf3q0I8Nfgu0MnJOeLqqoazEx03vt+op51jETkHrTaQHz84U709Pbhs8+P4D9/+zkO/3AaJaWVDq1BRvT29qGwqBRZmYshl0/+u1FpWSXS0+fj/b3bsGjhHFy9VoQrV2+5fM3yZYvwyS/24OOPdmHlinScPpOHh48ev5RtEzmjECvyRir1xHjsyDzz7pf3VEvS5+PT//oLUheloLauAcEhWrHyYaya2noU372Pjo5OWMwWdOi6AFuj8JFb4LXaQPjYPZ3WmTvF5ah6UINuvfVLQ4euC+EvUMHZ1tYBbVCA+OCHEVOnRqCkVHq7/dgnYo9Um7S36+Cn8oXRaMKp05clE6JDQ0aEhUobnRsMA/j5xEVsWJeFoCD/Se87Ebk3Xx8lUlNTkHP5JrZszkbelVsOT6QdT4euCwUFd9HS0o4h22SJxWKB0WiUrGf/4CkfX+v51/4hUb4+PpLJFiKyGhgYxKHvTyA6KhxLl4xWU458pnH2e2MymqAc59b1U6cvo0vfjQ8PvOM07+fnCz8/X0yZYu0j+PmXP6DodpnYZ/VBdS22bM6W7IezfTAaTZKeg14KBR7VPME//9PH4r5v27oaPT29uH27DJs3rYJe34MOnR7x8THP8RN6/mMkIvcRFhaMd3dugNlsRlu7Dk+eNOHK1UKUllVi/75tDgUkV68VISgoAHNsrc+el7+/Gps2rsSc2Yli65KIiBDxYX8rstLHfa2XlwJTplirZCMjQtHfP4Cr1wrFtkcvsm0iZxQWjO0RyZix58SeSqn0xpIlC3DiVA669T04sH+H0/Xa2jtw6PuT2LolGzO3rIaXlwLNzW344qujkgpU4Rk/zNu37+Hq9SK8u2sDIiNCIQgC8gvu4n7Fw0kfg8lkwrCTK6FyueAwOW4elq4n/uG3m0n/5BfvPbOv18lTlxEfFyP2RiUiGs/itHn406ff4sjRM5gaHSFWuLtiNpvx7bc/IWlmPPbu2SK2Wfn3//hvh7YzzirgBcGD/7ARTcDg4BD+cugEAgP9sW3rasntmyqVHxQKBXSdXYiIkF7g1en0iHTS8/zM2Tw0NLTgwP4dTu/AcSYkWAudTg/Yeh4PDRkRY1edHhTkj85OvcPrOju7EBg4evE2IFADpVLp0Es+MjIMzc1tgK26NT5u6gv1m5/MMRLR208QBISHBSM8LBgJ02Pw6Z+/Q2Njq+RuGp2uC3dLKrB718ZJ3w4vk8mc9mePjgrD4OAQBgYGn1moMyI0VCsppHmZ2yYCAAFjKvMYM/as2HOlLpqDzk5rVUJwcJDTddraOqBQyJEyJ0n88D1Sgfo8WtueIiI8BNFR4eKXft0ktmMvPCwEen2P5DY4AHjypBkRY6ppn9Q3jVnHGocEaxEcrIVCIcfjx40u36/odhk6dF1Yvy7T5XpERLBVRWRkpKKurgFZWRPr9dzXZ0BvXz9S5oz2qO7t7ZM8+ZaIJmdoyIhD35+ERqPCOzsc2/DIZDLETYtGhd1D3gCgp6cXjU2tiI+XPvH53IWrqHvcgAP7t0Otlt4NA9vTp51pa++Axl8FAKh6UIPEGdMkEw/xcVNR/bBO0jLAYrGgsqoG0+32YXp8LJ4+1Tm0FmhuaRcf9FlVVYOkpMnfvv+sYyQi99LfbxD7idobaStiGXM1NzevAFGRYUhIiJ30e5pMJvQbBhyWt7Xr4OOjdDrBOTg45LStSmtrB/w16hfaNpErCogVqE5GyGBhnnk3znsyuVyOX36yB0rl+H84IiJCYTZbUHS7DAvmz0Z7e8e4T2x1JSoqHOcvXEV9QzOiIsNwv+IhamrrxQmC8VgsQEeH40SrSuWLuLhohIeH4PiP57F+XSbUGhVKSyvxqOYJ/u5v90jWLympwJQpQUiYHgtdZxfOnMtDUlI8AgI0AIAl6Qtw5twVmC0WREeFw2AYQElpBQRBwKqVS9DerkNuXgH279sOuVwQewCxByoRubJwwWxMi42CNsjxoTTOqNV+CAjQoLCoFBvWZcFoNOLMuStOn4ZLRBNnMpnw/eFTGBoyYuuWbPT09Ik5b6U3fG1fojOWp+Krg8eQc/km5sxORL9hADk5NxAdFS55iv2lnJsoKanEvr1bMDxsFvsdy+UC1Grr5OjRo2cxODiE1NQUhIZoYTZbcLfE2hJp+9Y1AICqqlpkZy+V7Ov8ebNwq7AUR4+dRUZGKuSCgIJbJejvMyA1da643uK0uSgprcT3R05h5Yp0eHkpUFRUhvr6JqxdvVx8gOd7CY7tQ/r6DDCZTBgYGIDZbIFe3wOZTAZ//9GJh4kcIxG5l7wrt/Dw0WMsTpuHqMgweHkp0NnVjevXixAeHiI+LBgAmpvbUFlVIz5YeDzd3b2wWCwwGU0YEgTo9T1QKBRQqazfA6sfPsaJk5ewcMEcxMVFQ+Xni/qGZuTmFSAzI03czpmzeYiNjcKs5ATkFxSjuPg+0tLmIioqHEpvL9TWNaDodhk2bVwpvmai2yaaKMVoRZ5sTIWezHZ9gXnm3TnvOdRqPwwNSXvoaeyu0I3w91fDz3aL1hRtIN7bvQnnz1/F5dx8REeHY8O6TBw9fl7sI6PRqOBvm4i0FxCggb+/dfm8uTNhMAzg2LFzMJvNmJmcgFUrl6Ci4pHD68T9VflheHgY//Xf3znkkhLjsGvnBuzdswWXLt3Ad9+fxODgEMLDQ/DhB++IvXBGbFifhcqqGly4eA2CICB55nSsWb1czGdlpkGl8kXelQJ0dnZDpfJFfNxUZCxPBWz9W4eGjPjiqx8k2127JgNpqSnjHgMReQ4v25cB+x6FsPWItqdW+UGtGZ188NeoERBoPVfKZDLs37cNJ07m4He//xJabSDWrclAb28f/GxfNPz8fKBWq8RzMGy3HgcEaCQXdVQqX+ntvnbnZCJP09DQgvoG64MrP/2z9HNFYKA//uFX+wFbb7y9e7YgNzcfhUVl8FF6IzExTuxXClsl653iezCZTDj4zY+SbQmCgF/9ch8CA/2xb+9W3L5zD0VFZdB1dkEulyMyMgwH3t+O4OAg6HRd6O7plUzMAoC3txcOvL8dFy/dwHeHTgAApkZH4MCBHVDZXXj28VHiow/eweXcfBw+chpGoxEREaHY//52hIRoUVxcjpiYSIcKK6PRhD9++o2kz+of/vQNAGDPe5sxPT5mwsdIRO5l/bpMhBRrca+8Grl5+RgeNiMw0B9JifHIWL5IUi1/v+IRkpMTJJOqYz1+3Ihvv/tZsqyqqgZyuRz/8puPoVR6I3nmdPECUGlZJYxGI7RBgVizejkWzJ8lvq6xsVW8eLMiKx2hocEoKirDzfxiDA+bETwlEFs2r0LKnCTxNRPdNtFEyVL3F1rESr2xFXtjlzPPvJvlr3w2D7DdGjXC+m8ZRhrOWSwWMW8dLOIy6//sl4283hoPGgVER0ys8miiGpr1L32b7spkGsa//8efsW/vVocvKERE4+F5lujN5E6/m/crHqK2th6bN616Jds/e+4KoqLCkTIn8ZVsn4jebC96vuw3DOC3v/sC//avv36p+0Xu41X8TW5o1kPpZbZN1ssgk8kgk8Euhm2ZTLIMgN0yiPM59pP+I/8eGuyf9P5ZK1Btb2Bfsed0OfPMu12eiIiIiOiva1ZyAmYlJ7yy7W9Yn/XKtk1E7s9LoUBQECvNiewJgMXWCZIjR08cyZ2N9Oka6bFDRERERERErnl5KfDrv9//uneD6I1iq0C1jKnUY8zYU2JyZzKZDL/5xw9f924QERERERER0VvMVoEqG1OZx5ixp8RERERERERERETjE5xX5o0dmWfeXfNERERERERERETjEyA+fdxWmWf3BPLRmHnm3TRPRERERERERETkggCZdTJJrMiTxADzzLt1noiIiIiIiIiIyAVBrMhzOmKc5cwz7yZ5IiIiIiIiIiIiF0YrUDly9MSRiIiIiIiIiIjIBcEypjKPMWNPiomIiIiIiIiIiFwRrIV4oxV5jBl7UkxEREREREREROSKYH2ezmhlnmVMzDzzbp0nIiIiIiIiIiJyQeyBOlKZJ5PJbKPzyj3mmXerPBERERERERERkQuC08o82TMq95hn3k3yRERERERERERErgjWgjz7Cj3Hyj3mmXfXPBERERERERERkSuCdS7JvkLPsXKPeebdNU9EREREREREROSKYF+Z56xSj3nm3TlPRERERERERETkijBSiCet1MOYij3mmXfPPBERERERERERkSsKaUtICxgz9qT4bdXQrH/du0BE5NZ4niV6M/F3k4hoYni+JHq5FNZCPJl4e/NopR5jxu4fv62iIwJe9y4QEbmthmY9z7NEbyD+bhIRTQzPl/SqeeIEvWAtxLOrzGPM2INiIiIiIiIiIiIiV4SRVpBiJSpjxh4UExERERERERERuSJgTGUeY8aeFhMREREREREREY1HgKQiz7qQMWNPiomIiIiIiIiIiMYjVqBCUpk3GjPPvLvniYiIiIiIiIiIxmOtQLUF1so8iyRmnnl3zxMREREREREREY3HWoFqC6wVebIxMfPMu3eeiIiIiIiIiIhoPNIKVMloGWc588y7V56IiIiIiIiIiGg80gpUySgbZznzzLtXnoiIiIiIiIiIaDyC/X3MI5V5kph55t05T0RERERERERE5IJg/ySdkco8Scw88+6cJyIiIiIiIiIickEQp5HESr1xRuaZd8s8ERERERERERHR+ASxIk+s1BtnZJ55t8wTERERERERERGNTxhbmWcZW6nHPPPunCciIiIiIiIiInLB1gPVIlbkycbEzDPv1nkiIiIiIiIikqioePi6d4HojWKrQJWNVuYxZuxJMRERERERERGJDAODOP7Thde9G0RvFGGkN6RYmceYsSfFRERERESv2dlzV1BeXv3Ktv8/nx1Gd3fvK9s+EbkXFhwROVJYLBbrZJLFOrnEmLEnxZ7k+o3bqK9vxt49W8Zdp7e3D59/+QP27N6MsLBgdHf34vMvjmDL5mwkJMS63L7FYsHv/3AQe97bjLDQKa/gCEYdPXYWcXFTsXDB7HHX+e7QCcTGRmHZ0oXjrvPw0WOcPpOL3/zjRy+8Tz09vWhqbkdSYpy47Hl+fkT0djMaTfjDHw9i5zvrERMTOe56uXkF0Om6sPOd9QCAi5euo7GpDR998M4r3b/PvziC+PgYrFyR/krfh+hNVX6/GrcKS9He3gGZTIaIiFCsXJGO6KhwyXpP6puQm1eA1tanUCgUSJwxDdnZy+DroxTXaWpqxbXrt1Hf0AyTyQStNhCL0+Zh3tyZ4jpGownFd8txr7wanZ16DA+bERqixbKlC5Fo91kBAMxmM8rvV2PRojkAAL2+B5cu30RdXQOGh4cRHR2O1dnLEBoy+vnq4aPHOHzktMNxymQyfPKL9xASoh3d3+Y29Pb1Q6NRict6evpw/sJVdPf04W8+2uWwnaqqGhTduYenT3UwGAYRGOiPuSlJWLpkga0QgYjcUYeuCzm28w8A/PZ3XyA+PgaZGakICgoAABw7fg6VVTVOX5+QEIv33t0kWdbY1Ipz564gNjYKq7OXSXKGgUH8/v9+DZPJ5LCtjeuzsGCc73sTOUdNdttE41GMnUxizNiTYk/S29uPmtp6VFbVYGZSvNN1LucWoLe3H/2GAQCAn58vFi6cLfkQPp7hYTN6e/vQ32946fs+Vk9PH3p6XFdR9PT2ITevAHNmJ8LfX+2QN5vNOP7jeRiNJpjNZgiC8EL79KC6DvkFdyUTqM/z8yOit5vRZEK/YQA//nwR//S/PnA6waDr1OPGzTuSCZvp8bGYMiXole/fvHnJCP4rvA/Rmyjn8k3cK6/G0iXzERG+HEajCfkFxfju0An8+lf7oVb5AQBaWp/iu0MnkJY6FxvWZaHfMICcyzdx+PApfPThTsA2cXn8x/NIXZSCtNS58PJWoKLiIU6dvgyVn694wTS/oBhNTW1YnDYXWm0ghoeHca+8Gj8cO4tPfvEeQu0uNtfWNcDPzxchwVoYjSZ885efEDwlCHt2b4IgyFFYVIpvvv0Jv/xkD9Rq6yRof78BPj5K/O3f7JYcqyDIoNFIP/dUVdUgccY08bxUWlaFCxevYXBwCGq1n8PPq6a2Htdv3kHKnCRkZqTCS6FAfUMzLufmw9vbC6mLUl76fyMiev16+/rx9cHjCAsLxu5dG+Hvr0ZvXz+Ki+/j64PH8c+/+RgAsHnTKqxauUTyWpNpGJ9/eQSREWHiMovFgouXbqD4bjlMpmGEhDgW2QwNDsFkMmHvni2Yog2U5Owv+tib6DlqMtsmckWsQOXI0RNHTxMdHY7cvALMSIiFXC6X5Fpan6KjoxNKpbe4TKGQIytz8WvY05cjNiYSl/PysX3rGodc0e17iI4KR63t6uqLslgssIy51eVt//kR/9YRlgAAIABJREFU0fObog1ASWkl5s9LdshdyrmBuGnRMBpHKyHi4qL/Kvu1aOGcv8r7EL2J0tPnIytzMRSK0c8+UVFh+D//+Rke1zVi9uwZAIBr14uQMD0W2auWiuvt3rURf/jTN3j46DESpsdiWmwU/uHXB6Dy8xXXiY4KR0NjCx5U14oTqJkZaQ77MTU6AqWlFWh/qpNMoD54UCte3L5bUoHh4WHs2rlB3N+tW7LxP58fRsGtUqzOHt03GYCAAM0zj7+qqgZr12aIcW1tPbZuzkaXvge3Cksc1o+Pm4r4uKmSZRERoXhU8wTt7bpnvh8RvZ3u338IQSbDnt2bxO+KWm0gYqZGSqo4lUpvyXdGAMgvuAulUonFaXPFZX39BnR1deNvPnoXuVcKXL63Rq2a0PkMkzhHPc+2iVwRK1A5cvTE0dMEBQYgNHQKCovKsCR9viR38dJ1rFyRjqPHz4nLLBYL/vjpt3hv9yaEBFurKDs6unDh4jXUNzRDIZcjemoE1q3JgMpWvdHX14+jx86itq4BgiBgzuxErF2zXJywbmlpx63CUjx+0oj+fgO0QYFYtWoJEqaP3uLe1dWNizk38PhxI7wUCsROs97uMVIhMlFz5iShsLAUTU2tiIwcvRo6MDCIwqJSbN60SjKBajabUVhUhvsV1Xj6tBNyuRyJM6Zh/boseHkpANstK/HxMXj6VIeyew+QuigFd4rvoa/PWnn7//3vPwEAdu3cgMQZ0yQ/v5aWdvz40wVs3boaFy5eR2vrU6hUvshYniqZbHF1/Hp9D/70X3+B2WyWHOv0+BjseW/zc/18iOjly8pcjJ9OXMSs5AR4e3uJy588aYLBMICZSdNRWflIXH779j00NrVi29bVwATOke1PdTh85DS2bsnG+QvX0NHRhbCwYGzbuhpP23W4nJePrq4ehIVOwbatq6G1VVwc//E84uKmOp3YJXJ39pOdI7y8FBAEmfh7arFYUFfXgE0bVkrW02hU1guutfVImB4LhUIBhULhsD2lUin5nR/LMDCIwsISaDRqyRd/i8WCBw9qsXu39ZbX2tp6zEiYJpnslclkmJkUj6oHtQCWOt3+eNqf6tDXb0DctNGLNdu3WS8s3yosndA2jEYTHj16jJbmdmQ5mRgmIvcwPDwMpY/SodAGgNPz3oiBgUHcuHkHWZlpkvOgWuWH3e9ufGX7O4LnKPprYQUqR48ePVHm8jR89sVhzE1Jgp/tC8WDB7WQyWSYNk1aCTU8bIZe34Pe3n6EBGvR12fAl18fxYyEafj4w13w8lKgtKwST+qbkTxzOgDg/IVrWLc2A+vWZqKlpR1Hj59DWFiw2Bestq4BWm0Ali5dAD8/X5SUVOD4j+fxm3/8CEqlN/oNA/j6m+NYMH82tm1ZDUGQITevAEd+OIOPP9z5XP/dZDJg5Yp0XLh4Xbz1DgCuXivEvLnJkn5mANDXZ0BzSxsyl6chPDwEBsMAjh47i5v5d8RK0u7uXly4eA0zk+Kxc8c6REWFY/myhSi6fQ+3Ckvwq1++D5kMkMvlMJmGpT+/fgN0nXrk5NzEujXLERQUgLslFTh9JhcxMZHQBgU88/gDAjT4f/+fv4PZbL0A0Nvbh8++OIL582dN+v8TRPTy+PurkTxzOm7cvCPpN3rx0nWsXZOB5pZ2yfrdPb3o6uoW42eeI/sHoNf34Oq1ImzftgY+SiV+/PkCDn1/Emq1H97duRHe3goc/+kCzp2/in17twK2nop6fTeIyKr6YR3kcjmio60tNfr7BzA0ZIRWG+CwblCQPzq7xv/96eszoL6+GUvTFzjkvj54HE3NbTCbzfDz88W+PVvg6+sj5hsaWiDIBURGhAIAOjv1iI117KMcGBggOVfA9jjUglt3UXy3An19/dBqA7B82SIkzhhtJ1RVVYOEhNhJtSrKzStAwa27GB62XrTdtnU1osb0jCUi95GUGIcrVwtx7vxVpKamONz2Pp6b+cVQKr2xYP7ke4o+fPQYp05fRoeuC35+vpg/LxlL0ue7/O430XPUZLZN5IxgLcSzr8xjzNhzYk+kUvli3txk5F25BdiqLnMu33ToY+NMYVEp/Px8sHVLNkJCtAgM9EdW5mKkzEkU10lfPB9zZidCo1FhxoxpiJsWjfr6JjG/dMkCZCxPRUiwFio/XyxJnw+TaRgtrU8BWzWWNigQmRmp8Pb2gkKhwJrVy9Hb24dW2zrPIyEhFjJBhvv3HwK2HoSVVTWS20tGaDQq7Ni2FgkJsVCr/RASosXs2TPw5EmzZL3wsBBs3bIasbFRUCjkEAQBgmD9A6xQyJ1etbW3OnspIiPD4Ovrg6VLFsDb2wsNDS0TPn5BEGzvI+DUmVzMnj1D0nuViF6vZcsWoaSkAnp9DwCgtKwSKpUfpk6NeOZrn3WOHLEyazFCgrXQaFRYOH82urq6sW5tJqZMCYRGo8aC+bPQ0Njyyo6R6G3W12fA+QvXsGzpQnEyc2hoCBinykrhpYDJNOx0WxaLBSdP5SA2JtJpS453d23A3/3tHhzYvx3T42Nw6PuT6O4e7eNeWVWDpMTR3vSDQ0an++DlpZC0/wBkGBgYRGtrB9auWY69e7YgMiIMPxw9i9ra0btrqqpqMDPRee/7Z1m+bBE++cUefPzRLqxckY7TZ/Lw8NHjSW2LiN58Wm0gPv5wJ3p6+/DZ50fwn7/9HId/OI2S0kqHu99G9Pb2obCoFFmZiyGXT/6ZEqVllUhPn4/3927DooVzcPVaEa5cveXyNRM9R01m20TOKKzP03n9lYAcOb6O0VMtSZ+PT//rL0hdlILaugYEh2jFygdX2to7EB0V4fJnFx4eLIn9/HwxNGQU4w5dFwoK7qKlpR1Dti8CFosFRqN1naamVjypb8Knf/5Osh2j0YRBu+08j+yVS/HjzxeQmBiHSzk3sCR9wbi32d0pLkfVgxp063vF/Q0PD5GsExn57J+VK6Gh0p+Rj48SxqHnP/6b+cUw9A9gze7lL7Q/RPRy+fookZqagpzLN7FlczbyrtxyeCLteJ51jhxh/+ApH19rNb39Q6J8fXzGTLYQEWy3mh76/gSio8KxdMloxehIqx5nvzcmownKcT43nDp9GV36bnx44B2neT8/X/j5+WLKFGsfwc+//AFFt8vEPqsPqmuxZXO2ZD+c7YPRaJL0HIyPi8bOHesw03YHEABERYZBp+tC4e1SxMVFQ6/vQYdOj/j4mAn+dKS8vBSYMsVagRYZEYr+/gFcvVYoabtERO4lLCwY7+7cALPZjLZ2HZ48acKVq4UoLavE/n3bHKrZr14rQlBQAObYekk/L39/NTZtXIk5sxPF1iURESHiw/5WZKWP+9pnnaNeZNtEzihGJ5MgnVzCmJh55t0w76mUSm8sWbIAJ07loFvfgwP7d0zoddYrj65/bs5uERt5hdlsxrff/oSkmfHYu2eL2ELg3//jv8WVLLBgcdo8rFm97HkPa1zR0eEIDZ2CIz+cRoeuCzt3rHe63u3b93D1ehHe3bUBkRGhEAQB+QV3cb/i4TOP8XmMVKvas9h+ABM9/qamVtzML8ZHH+6U9EkjojfD4rR5+NOn3+LI0TOYGh2BsLDgZ75mIufIEc7OQ87OLUQ0anBwCH85dAKBgf7YtnW15IKwSuUHhUIBXWcXIiKkF051Or2kl/qIM2fz0NDQggP7d0huy3clJFgLnU4P2HoeDw0ZEWNXnR4U5I/OTr3D6zo7uxAY6C/GarVKMnk6IioqHA+qawFbdWt83FRxcvhFhYZqUVJa8VK2RURvNkEQEB4WjPCwYCRMj8Gnf/4OjY2tkrtpdLou3C2pwO5dGyddnCSTyZz2Z4+OCsPg4BAGBgbhM6bt2njGnqNe5raJAEAYnVQaU4mKsZWpzDPvfnlPlrpoDjo7rVUJwcFBE3iF9crek/rmcW/heJa+PgN6+/qRMme0/2pvb5/kqY4R4SF48qTR5XZG+os+j1UrlqC2rsHl7SWtbU8RER6C6KhwcXJCp+ua0PYVCoWk0nayJnL8g4ND+PHni1idvUxScUZEbw4vLwUyMlJRV9eArKzFE3rNRM6RRDQ5Q0NGHPr+JDQaFd7Zsc7hIoRMJkPctGhU2D3kDQB6enrR2NSK+HjpE5/PXbiKuscNOLB/O9Rqx4dc9vUbnO5HW3sHNP4qAEDVgxokzpgm+UwaHzcV1Q/rJJ9zLBYLKqtqMN1uH/r7DU4/C7W1d4gTrVVVNUhKev7b9wcHh5xuu7W1A/4a9XNvj4jeDv39BrGfqL2RtiKWMVdzc/MKEBUZhoSEyVelm0wm9BsGHJa3tevg46N0OsE50XPUZLZN5IoCYyv1xsTMM+/ueU8ll8vxy0/2QKmc+B+OhQvn4Pbte/j5xCUsX74I3l5eKC2rQnBwEGYkTHvm69VqPwQEaFBYVIoN67JgNBpx5twVSc/QRYtSUHzX+mClxYvnwdfHBw2NLbhVWILtW9fA31+NkFAtqh7UYvasGdBqA10+9XZESIgWf//LfS6boUdFheP8hauob2hGVGQY7lc8RE1tvTiR4UpkZCgGBgZxM78YyTOnw9fX55m9UJ2ZyPGfPXcFYWHBmJuSJE5my2Qyj78oQPSmWbhgNqbFRkEb5PhQGmcmco4koudnMpnw/eFTGBoyYuuWbPT09Ik5b6W3+FDJjOWp+OrgMeRcvok5sxPRbxhATs4NREeFS55ifynnJkpKKrFv7xbxgZsAIJcLUKutk6NHj57F4OAQUlNTEBqihdlswd2S++jo6MT2rWsAAFVVtcjOXirZ1/nzZuFWYSmOHjuLjIxUyAUBBbdK0N9nQGrqaP/2K9cK8eBBLdIXz0NEeCjkcgHl9x+iuroOHxzYIT4Y870Ex/YhfX0GmEwmDAwMwGy2QK/vgUwmg7+/deIhv6AYxcX3kZY2F1FR4VB6e6G2rgFFt8uwaePKl/xfh4jeFHlXbuHho8dYnDYPUZFh8PJSoLOrG9evFyE8PARTo0erT5ub21BZVYMPDri+k7G7uxcWiwUmowlDggC9vgcKhQIqlfX7VfXDxzhx8hIWLpiDuLhoqPx8Ud/QjNy8AmRmpInbOXM2D7GxUZiVnDDhc9REt000UQo4VOpx5Og5oydRq/0cKiQ1TqoI/P3V8LPdhiaXC/D3V0OtslZWqFV++OCDd5CTcxNffX0MgiAgPm4q5s+bCblcgEajgmrMZKO/vwpDQ9bqKZlMhv37tuHEyRz87vdfQqsNxLo1Gejt7YOf7Y+oWuWHjz/ciZzcfBw8eBym4WGEBGuRmpoifrDPWJ4KXUcXvjp4HGmpKWIfMemxqaBSSStCxk6e+vr6QKNRi1Uo8+bOhMEwgGPHzsFsNmNmcgJWrVyCiorRahR/f7XT6ovQkClYvzYTN/LvIO/KLSxcMBtr1yyX/PxUfr7w91c7VL0EBGjE/xbPOv7evn7cr3gIi8WC//3v/yU5ln/5zcce9/9rojeFl+3LgH2PQtgeyGBPrfKDWqMSY3+NGgGBGmCC50g/Px+o1SpJ6w6Vyjrxan9uUal8Jbf7BgRo4O+veQVHTvTma2hoQX2D9YGQY3uMBwb64x9+tR+w9cbbu2cLcnPzUVhUBh+lNxIT4ySfM4aGjLhTfA8mkwkHv/lRsi1BEPCrX+5DYKA/9u3ditt37qGoqAy6zi7I5XJERobhwPvbERwcBJ2uC909vZKJWQDw9vbCgfe34+KlG/ju0AkAwNToCBw4sEPyGWvdmgwETwlC2b0q5F0phEwGRISHYv++bYiOCkdxcTliYiIdKqyMRhP++Ok3kj6rf/jTNwCAPe9txvT4GKzISkdoaDCKispwM78Yw8NmBE8JxJbNq5AyJ+mF/3sQ0Ztp/bpMhBRrca+8Grl5+RgeNiMw0B9JifHIWL5I8j3jfsUjJCcnSCZVx3r8uBHffvezZFlVVQ3kcjn+5TcfQ6n0RvLM6fDyUqCoqAylZZUwGo3QBgVizerlWDB/lvi6xsZW8QLVRM9RE9020UTJFu27JanDk43pcMiYsTvH17+wPjzAvhrV+u/RNS0Wi101K6w3L1js/2e/bOT11njQKCA6YmKVRxPV0Kx/6dskIqJRPM8SvZnc6XfzfsVD1NbWY/OmVa9k+2fPXUFUVDhS5iS+ku0T0ZvtRc+X/YYB/PZ3X+Df/vXXL3W/yH28ir/JDc16KL3Mtsl6me0uS9jFo3de2i+Dwx2Z1vkc+0n/kX8PDfZPev8Ujr0iLZBBBgtcVO4xz7yb5ImIiIiI/tpmJSdgVnLCK9v+hvVZr2zbROT+vBQKBAX5T2BNIs8hYKQnpF0VngVjYuaZd+M8EREREREREVl5eSnw67/f/7p3g+iNImCkAtVa/ArGjD0tJiIiIiIiIiIiGo9YgQpbZR5jxp4WExERERERERERjUfyKOixPSEZM/akmIiIiIiIiIiIaCzJBOrYnpCMGXtSTERERERERERENJbgbOGz6vKYZ96d80RERERERERERCOcTqA+qy6PeebdOU9ERERERERERDRCcJhNYszYk2IiIiIiIiIiIiIXBIf7mRkz9qSYiIiIiIiIiIjIhdFb+C3jjMwz7wl5IiIiIiIiIiIiJ0YnUGXjjMwz7wl5IiIiIiIiIiIiJwSLxVaKNzJYpKV5zDPvznkiIiIiIiIiIiJXBJlMZp1cslXkyWTS0jzmmXfnPBERERERERERkSvWClTZaGWeZUylHvPMu3OeiIiIiIiIiIjIFWGkIm+kUk82plKPeebdOU9EREREREREROSKMH6lnpOReebdLE9EREREREREROSKIJPJYLFIK/UYM/aUmIiIiIiIiIiIyBWFxWKxTSpx5Oh549uqoVn/uneBiMit8TxL9Gbi7yYR0cTwfEn0cinsK/I4cvS08W0VHRHwuneBiMhtNTTreZ4legPxd5OIaGJ4vqRXzRMn6AVrJR7AkaMnjkRERERERERERK4IgP1tzYBsTMw88+6dJyIiIiIiIiIiGp8AjEwm2SrzxsTMM+/eeSIiIiIiIiIiovEJIxV50ko9y2ilHvPMu3GeiIiIiIiIiIjIFWGkIk9aqScbrdRjnnk3zhMREREREREREbkijK3MwzMq95hn3r3yRERERERERERE4xPGVubhGZV7zDPvXnkiIiIiIiIiIqLxiRWoHDl65khERERERERERDQ+AbBOJsG+Ym9MzDzz7psnIiIiIiIiIiIan2AdpBV5Foyt0GOeeXfOExEREREREREROScAECvyrJV6GFO5xzzz7p0nIiIiIiIiIiIajwCxIg+2SSWMqdxjnnn3zhMREREREREREY3Hdgu/fWUexlTuMc+8u+eJiIiIiIiIiIics+uB+uZVBjLP/F8nT0RERERERERE5JykApUjR88ciYiIiIiIiGhERcXD170LRG8UhXUY2xOSI0dPGomIiIiIiIgIAAwDgzj+0wUkJye87l0heqU++uijcXNfffWVJBYskjkkGRgz9qSYiIiIiOh1O3vuCsrLq1/Z9v/ns8Po7u59ZdsnIvdikX5xJnJbYydJXS1XyCRzSBYwZuxJsSe5eq0IV68VSpb5+fogLCwYmRlpiI4Of2nvVVhUisbGVuzYvtZp/re/+wL9hgGX20hdlIJ1azNw9NhZxE2bioULZ7+0/SMietmMRhP+8MeD2PnOesTERI67Xm5eAXS6Lux8Zz0A4OKl62hsasNHH7zzSvfv8y+OID4+BitXpL/S9yF6U5Xfr8atwlK0t3dAJpMhIiIUK1ekIzpK+vnnSX0TcvMK0Nr6FAqFAokzpiE7exl8fZTiOk1Nrbh2/TbqG5phMpmg1QZicdo8zJs7U1zHaDSh+G457pVXo7NTj+FhM0JDtFi2dCESE+Mk72k2m1F+vxqLFs0BAOj1Pbh0+Sbq6howPDyM6OhwrM5ehtCQKeJrXH2WWp29FOmL54/ub3Mbevv6odGoXuoxEpH76dB1Icd2/oHtXBMfH4PMjFQEBQX8/+2d+VMUaZrHP1QVFFUgt9xYXOKt0ILihQfaggJOe7Tt2q3tbG9Pu3P9IRsT+8PO7ETM7nR0255t26ioraigoiKKCnhwyaFcJSXFTUGd8wNFSlKl2xraO8r7iSAy3vfNN/PNDPKpzO/7PM8LwI/556ipbXTbPzFRx8dbN8jq2tqfcu7cFXS6KDLXLHXp83Ns3kRqaxspv3OfZ8+MmEwjBAT4MX/eDJakp0iLR5uGR/ivP+/DarW69M9en0FKivi+FIzy7bffyjxRXySqqhwO8PAA+dYDh8Phpl60i/b3q30y0dfXT2xsNHm5maMVDhgcHOJOxUMOHj7Jnt1bmTo16I2ca2Bg6KVeDv/2xSeYzWapfOjIKZKmx7Lwg7lSna/v6Et+f/8g/QPCY0IgEPxzY7FaGTINc/zkBX7/28+kl/fxGLt7uV56RybYJMTrCA4OfOvjW7BgFiG/wHkEgn9GiopLuf+gniXpyUSEL8NisXKj7C6HDhew96ud+PpoAdA/fcahwwWkpc4n68MMhkzDFBWX8v33p9m9azMAjxoek3+8kNSF80hLnY+nl4rq6kecPlOMj1ZDYqIOgBtld2lv72RR2nyCggKw2Wzcf1DPDz+e5Ytff0xo6HNhoKm5Fa1Ww9SQICwWK/sPniAkOJDt2zagUCi5VV7F/gMn+PKL7dL70cR3KYDOzi6O5Z8jMjJMVl9b20jS9Fg8PDze6DUKBIL3i4HBIfZ9l09YWAjbtmTj5+fLwOAQd+8+ZN93+fzxD58DsHHDalavSpf1tVptfP3NUSIjntsfh8PBhYvXuVvxAKvVxlQ3gujPtXnjaWxq4VrpHebNncGK5al4qlS0tHZQfOkGXl6epC6cB4B5xIzVauWT7TkEBwXIjjE2oSQQjDEmor5IPGW8B6p868B9vWgX7e9X+2RDpVRKHwkAvr5astdn0Naqp6a24Y0JqP8XPj4afHw0UlmhUODt7S3NagoEAsG7SnCQP5VVNSQvmOXSdrHoOnGx0Vgszz0h4uKif5FxjZ+gEggmG4sXJ5OxYhEqlVKqi4oK40//+XceN7cxZ850AK5eKycxQcea1Uuk/bZtyeYvf93Po4bHJCboiNVF8e97P8VH+/w9JjoqnNY2PXX1TZK4uGJ5mss4YqIjqKqqxvDMKBNQ6+qamDkjHoCKympsNhtbNmdJ483NWcP/fv09ZTeryFwzOraJ71IAheevkhA/jZjoCFl9bW0j69Ytf+PXKBAI3i8ePnyEwsOD7ds2oFSO2p+goACmxUTKvDjVai/Uai9Z3xtlFajVahalzZfqBodM9PT0sWf3Vi5dKXN7zp9r88YTHxdDfFyMrC4iIpSGxicYDEaX/af4+uDvP+WV74dg8vEy8RRXD9SJnnuiLMrvd1kwiqenCpvNDkBtXRN3Kx7Q0WHAYrEQFRXOhqyVkrh5vfQOPT19bMheJfXX6w0cyz/Hb/d++lbGZ7c7KCoupepeLWazBd20SDZuXC0Tg2tqGrh6/TZdXd1oNBrmzpku+1g6UXCBqMgwurp6uP+gDoVCQVrqfNJS53G28Ar19c0oFQpSU+ezYnkqOGdN//zf+9mUl0n57fs0Nj5BqVQyc2YCa9csxdNzdB0+q9XKhYvXqaltxGy2EBIcQPriFGbPHk26bjINc7HoOvX1zVisNsLDQ1i9Mp2YmAjpPH/5637ycjK5WV5Fc3MrCoWCuXOSWLd2mfhfFQjeITJWLOJEwQVmz0rEy8tTqn/ypB2TaZiZMxKoqWmQ6m/fvk9b+1MpOkCvN3DzVhWPn7QxNGQiKDCA1avTSUwYFSwMz4x8f/QMuTlrKDx/la6uHsLCQsjLzeSZwUjx5Rv09PQTFhpMXm4mQU6Pi/zjhcTFxbgVdgWC953xQuAYnp4qFAoP6Tl1OBw0N7eyIWuVbL8pU3yIjgqnqamFxAQdKpUKlUrlcjy1Wi175idiGh7h1q1KpkzxlX34OxwO6uqa2LZtNOS1qamF6YmxMrHXw8ODmTPiqa1rAlzFBJxh+Q2NT/jXX38sqzc8MzI4ZCIuNvqtX6NAIHi3sdlsqL3Vkng6Hnc2YYzh4RGul94hY0WazEb4+mjZtjX7ped8XZs3HovFSkPDY/QdBjLcTF4JBG8K1XMxCckzT5RFebKUJztms4XKqmraOzqlfDT19U3MnJFA1ocZKJUKzp2/yqnTxXz26a/AGVI/MTx/cMhEb28/drsdhULxxsd5o6yCZUsXsmf3FkymYfJPFFJUVCoJDs3NrRw/eYH1H64gKSmObmMvp38qxtjdy9bNWaPj7hvk/MNrrF+3gr1f7eTx4zbyjxdy/0Ed6YuTWbd2Oc1NrRw/eZ64uGiio8Kx2ez09w9w7NhZsrNWsjF7FYZnRgpOFXGy4AJbnMe+UnKL9o5Odn+2GV9fLU9a2qmufiQJqD8cO4uHhwc7d25C462msqqGA4dO8vmuzYSHT8Vms9PXN8CP+efIcp6nQ2/g6A9nCAsLEfnGBIJ3CD8/X2bNTOB66R1ZvtELF6+xbu1yOvQG2f59/QP09PRJ5abmVoKC/FmyJAWtVkNlZTX5xwv5w+92o1Z7MTQ0TG9vPyVXy9mUtxZvtZrjJ89z+MgpfH21bN2cjZeXivwT5zlXWMKOT3LBmV+st7cPgUAwSv2jZpRKpZQDfmhoGLPZQlCQazRMYKAf3T0vfn4GB020tHSwZHGKS9u+7/Jp7+jEbrej1WrYsT0HjcZbam9t1aNQKoiMCAWgu7sXnc41j3JAgL/MVkykuPgGc2ZPJyxUHiJbW9tIYqIOhULB4KDprVyjQCB4P5iRFMeVklucKywhNXWeS9j7iyi9cRe12ouU5FfPKfq6Ng9nXvmymxWSI1BebiZRUa7rejxqeMzpM8V0GXvQajUkL5hF+uJk4aQieGVekANVbMV2cmwnGw2NT/iPP/0PMHoPrFZktca5AAAFA0lEQVQrfn6+5OaskT4gcjaukfVJS53PgYMnnN67/z83LVYXRcaK0dlEf/8ppCTP4fad+1J7ydVykpNnkZI8G5yeJrk5mXzz7TGedXVLef9idVHSYlSzZiZwKdCf4KAAySNr9uxEii/foLVVL8tRmJIyh5kzE8AZwpa9PoODhwvo7e3H338KXcYedNMiCQz0AyAhfhoJ8dMAaH7cRmubnt//bpfkMbt8WSptbU8pvXGXj371oXSexYuTpRC++LgY4mJjaGlpFwKqQPCOsXTpQv72t0OkJM/G338KVfdq8PHREhMT4SKgTmRJulycSF+czOUrN9E/fYZu3OJUqzIWMTVkNO3KB8lzOFFwgc0frSc4ePRjJyV5NmfPXXkr1ycQvOsMDpooPH+VpUs+kMTMsXyi7rysVJ4qrFab22M5HA5OnS5CNy3SbUqOrVuyMJlGGBwaorKyhsNHTrHn8634+fkCUFPbyIykeGn/EbPF7Rg8PVWy9B/jqatrokNvYFPeWpe22tpGli9LfavXKBAI3g+CggL4fNdmSq6V8/evj+KpUhIVHc6MpHjmzU1y6ygzMDDIrfIqsrNWoVS+uiPN69i8MZYtXci8uTMYMZtpbm7lzE+X8fZWS1E7Y1TdqyFjxSIC/P1oae3g0uUyzGYzKzPEwpqCV0OWA3W8qCTKojwZypONaTER40LvPdBqvV3y1zQ2tXC34iFdXd047A66jD3gTAw+FrL+SxMWFiIra7XemM0Wqdxp6JJWrh0jMiIUpVKJXm+QBNSQEPkCKhpvtWudxtvlx3riitpjYrPBYMTffwrJ82dx/OR5+gcGmRYdiU4XJYkYnZ1dBAX6y9INAMTERFBZVS2rC53gNaLRyK9TIBC8G2i81aSmzqOouJScjWu4fOWmy4q0L6LL2ENZWQV6vQGz0xY5HA4sFrktGL/wlLdmdOXs8YtEabxdbZlAIBgNNT18pIDoqHDZhMXYO46758ZqsaJ+Qej66TPF9PT2sevTj9y2a7UatFoNwcGjeQS//uYHym/fk3KQ1tU3ySavXyQaWCxWl3c2nPbh0uUykpNnERDgJ2vr7e2ny9hLvHNS921do0AgeH8ICwth6+Ys7HY7nQYjT560c6XkFlX3ati5I89FRC25Wk5goD9znbmkX5VXtXkT+459c0VGhDI0NEzJ1VuSgOrn58uG7FXMnZMkpQiIiJgqLSQoBFTBq6JwOFWk5555oizKk6c82fD09CQw0N/55+fyo9Rp6OLwkVMkTY9lz+6t/ObLHezZvQV4fu9wc9/sdvtbHbfb2cxxCrjVanM7BoXCQyaUu5s1VSjc/SPI1XW7TX5s6TjOrtOnx7L3N/9CXGwMHfpO9u3P50TBBefYrNjcjE2pVLiI+O7GNwl1foHgvWBR2gJaWjo4euwnYqIjXCaC3GG32zlw4ARKlZJPtufw1Zc7+OrLHaOeGT/DXri3ZwKBYIyRETMHDxcQEOBHXm6mLLLGx0eLSqXC2N3j0s9o7CUgwDXs/aezl2lt1bNzxyZZWP7LmBoShNHYC86cx2azhWkxzxd9Cgz0o7u716Vfd3ePi0AKUHWvlt6+fsnLdDw1tY3Ex8VIwukvdY0CgeDdR6FQEB4WwqK0+ezckUtLSwdtbU9l+xiNPVRUVrN6ZfprRyq+qs17GaGhz+0rzlyqyQtmyfKrAkRHhTEyYmZ4eOS1xiyYvPwDUTy27b6ctW8AAAAASUVORK5CYII=' />]]>
    </system-out>
  </testcase> <!-- dashboardTest -->
  <testcase classname="org.automation.tests.vendorportal.VendorPortalTest" name="loginTest" time="1.120"/>
  <testcase classname="org.automation.tests.vendorportal.VendorPortalTest" name="logoutTest" time="0.000">
    <skipped/>
  </testcase> <!-- logoutTest -->
  <testcase classname="org.automation.tests.vendorportal.VendorPortalTest" name="logoutTest" time="1.566"/>
  <testcase classname="org.automation.tests.vendorportal.VendorPortalTest" name="dashboardTest" time="1.592"/>
  <testcase classname="org.automation.tests.vendorportal.VendorPortalTest" name="loginTest" time="1.111"/>
  <system-out>
    <![CDATA[<img width=700px src='data:image/png;base64,iVBORw0KGgoAAAANSUhEUgAABVAAAANbCAYAAACkabSxAAAAAXNSR0IArs4c6QAAIABJREFUeJzs3XecXHW9//H3mbq9J5tNIwlpJJCQhC5IrwoCAlIFlZ9exXqxXStevaLYvUoRvKhIFRFQOgiYgLR00hvpu5uts212Z+ac3x+zMzt9Z3dnZtvr+XjkMTnn+z1nvjO75zNnP/M532NcdPMuS8A49cRPZwz3EAAAAAAAAJBlHo9n0NvaMjoSAAAAAAAAABhDSKACAAAAAAAAQBIkUAEAAAAAAAAgCRKoAAAAAAAAAJAECVQAAAAAAAAASIIEKgAAAAAAAIBx68knn0zZTgIVAAAAAAAAwLgUSp6mSqKSQAUAAAAAAAAw7sQmTZMlUUmgAgAAAAAAABhXkiVLE6135GA8AAAAAAAAADBiXHTRRWn3pQIVAAAAAAAAAJIggQoAAAAAAAAASZBABQAAAAAAAIAkSKACAAAAAAAAQBLcRAoAAAAAAADAuLB69eq0+y5ZskSiAhUAAAAAAADj0b6DrcM9BIwSJFABAAAAAAAAIIkxfQl/ebFdkyc4VFZkl91uqNNr6lCLX/vqfAqYwz06AAAAAAAAACPdmEugzp7m0hnLinT8kYWqKrMn7NPjt/TuDq+Wr+7QijUd6vFbOR8nAAAAAAAAMBqYpimv16uenh75/X75/X5JksPhkMPhkNvtltvtls02Ni92HzMJ1OMWFOijHyjXtGpnv31dDkNL5+Vr6bx83fDBCv31ny36+wqPTKpSAQAAAAAAAEmS1+tVS0uLLCtx8aHP55PP51NXV5ckyTAMlZWVKS8vL8cjza5Rn0CtKrXrU5dW6riFBYPavrTIpo9fVKFTlhTpZ/fX62CDP+NjBAAAAAAAAEYLn8+npqYmmQOsNrQsS83NzbLZbKqsrJTDMepTj9Jov4nUtGqnfvKFyYNOnkaaM82lX/7nFJ28uDAjYwMAAAAAAABGG4/Ho4aGhgEnTyOZpqlDhw6pra0to2MbLqM2gTpriku3fqZGFSWJ5zkdjDyXoZuvmaATjxp6QhYAAAAAAAAYTZqbm9XR0ZGx/bW3t6uhoSFj+xsuo7KOtijfpm99vFrFhZnP/9ps0pevnajv3V2rddu9Gd8/AAAAAABAIv7tW+S59w7539shs6W53/5GfoEc02eq6MqPyn3c+3IyxqHqfus1tT/yZ/nf2yGrqzOqzSgskmP6TBVfd6Nci5cN2xjHq8bGRvX09GR8vz6fTw0NDaqqqsr4vnPFPu+kL94y3IMYqC9dPUHzDnNnbf82m3TU4fl67s02BQJZexqMAFedUzbcQwAAAAAAQIF9e9TwhRsVOLBPljfNgi6/T2bjIXlffVHOWbPlmHZYtoc5JN0r31DzLV+V2VAv+X3xHXw9Mhvq1fXSs3ItOEr2milZHY+nvVslxWPrZkeD1dbWFr4RVDKrVq3Xo48+pf37D+rtt9aosalF1dUT5HT2f0N30zTl9/uVn5+fwVEPTHd3tySptrY27W1qamqk0ViBesrRhTppUfYvsZ9QbteVZ5fpj0/1/40PAAAAAADAUHQ8/kjipGKa2v9yv9wnvj+jY8q0jr89PIC+D8m15NisjgdBPp9P7e3tSds7Ojr1o1t/o3feWSun0yGfzy+Xy6meHp+Kigr1yU9dq7PP7v93z+v1qqenRy6XK8OvIPtGVQLVZpOuOb98SPt4d4dXz73Rpromv6rKHDrjmCIdc0Ti7PdF7y/VE//yqKWNMlQAAAAAAJB5O3fVK2Baqtz7XtT60pu/LdcRR0qmKc9dv1L3yjdS7scfs/1IFNi/p2/B4VTVL+6WkZ8vw+WSraJKdZefG76sfzS8nrGiqakpZXsoeSpJPp9fktTTE0z2t7d36Oc/u0veLq8uvOictJ5r0qRJGRl3Lo2qBOrxCwtUUzn4IT/6z1bd93RfRemW3d16bW2HPn5RhT70/pK4/g67dOrSQj3xqmfQzwkAAAAAAJBId49f7R3By4oDMfOBdjzyJ7Xu3S33sSeq6Kob+k2gWp2Zu/FPtgRaW/oW/D41fO4GSVLhJVfKteSYqDlRzQzeyAjJdXd3yzTNpO2rVq0PJ09Tuf32P+qEE5dpwoTKlP0sy1JXV9ewXso/GKMqgXrGMUUp27fv61Fdo09L5xco321EtW3a1a37nm6WzZBOXVqkJfPyZVqW/rW6Q/vqk5fIn3lMccYSqDVVDv34s5N1sNGnW35Xq65uK66Pwy59+xPVOnyqW9+4/aD21AbHNrnKoVtvqtGhloC++usDMns3/dSllTrzmCL97yMNWr6mL7jUVDr05WsnqqrMrs/+dL/aOkzZDOnHn6vR3Onx88ealvTICy168PmWuDYAAAAAAJA5/oCpPXsb1d7eN9ep1+tT5EyS/r27JUm24lKZrX3FYHmnnyPD6VLX8//I6Zgj1da16lCDR1Z8WiOlCZYlI2adkV+gwsuvVdN3bs7kEEe0P/7pMZ1x+omaNq0mrm3Xe/v073+v0tVXXaSOzi797u6H9OlPXS2Xy6nb77xfn/3MdRkdS0tL6jzQ00+9lLTtsKoKdfv9qm0J5s3e+PfKtKpQPR4PCdRscdilxXOSv7nL13Top38+JEmaVu3UL/9zihz2vvZ124MT4X7xqgk6dWlheP3py1InZQ+rcaq6wqG6Jv+QX8OMGpdKi2wqLXLruvPL9bvH40ukLz+zTEfPDb7OmZNd4QTqnOlulRXbw/+aPMFpBZbMzZfbZWjRnLxwArWm0qH/+UyNKkvt2lvnk7c3UVtWbA8nT709lgJmX6QzTamrO/k3DgAAAAAAYOgCpqXtO+rU09NPnsHpUtXP7pRj5mx5bv+Z5HCo7MvfkWPyVMmwyb3seLX8/AdS741xcqn+0OAKzSwpLoFaeOmV6nl3rfzbt2RkbKNBq6dNz7+wXJ/4+BVxbc8+9y/ZbTZJUmFBvj5+w2XKy3PL7w/I42mXaZqy9bYPlWmaKatPJWnbtl1yu5y6cOlCeX1+5Tnsqikv1aTyUp0w+zC5nA5d/vP/U22LR+3t6VUNh543U68jF0ZNAnVatUtuV+xh1ueVlX2T3e6t8+m9Az2aPa1vUtozjy1WdYUzKnmarnmHuTOSQDUihn/+SSV68e127dzfE143qdKhS88oHdB+QpHH6P1PTZVD//PpYPJ090Gfvn3XQfn8Vtx23/99nd7dkeZd/QAAAAAAQEbU17f2nzw1DDkmTVbD5z8ue80UTbjrAXU+93e1/Og7yj/rfBlOtzqfeTxXQ46Tn+9SV1dPGj1TM0pKVfihK9T45U9nZFyjhcPhkM8f0JYtOzVv3qzw+g0btsmyLNnsfYnF0tLirI2jpye9n+G5i4/Qty49N2n7bdd+SB/9zX0qKk5dpBj73Hl5eWn3H26jJtU7uSp1rnf+jL43vbTIpmnVzqj2qjK7Tls28OSpJE2Z4Eyj18AYhvTpD1dGJTU/dUmlnPbkSeL+1FQ59MPeytOd+3v0zTsOqrWdqlIAAAAAAEaKVk9Xv30Md56KP/5pTbjnYVV8/+dqf+gPwUtHJVldnTKHeb7Tw2dOVEX5wHMsRkz9af77z5R3xcvy79mVwdGNDmef9T69+q+3ZPXOg2Cappa/9o7OPOOkcB/TNPWb2+8L94n0yqtv6rkXlku9N3J69LFn9cBDf9f9DzyhFa+tTGsM3WlUL8+eOU0XHH1Eyj6Lpk/W3Z+6StMnV6f1vBpA8nakGDUVqEUF9pTtl51RqvJiu/bX+3TW8UUpq1UT6e6xZBiSyxm/XVlx6uceqJa2gDbs9Op9iwt1zvHFeu6NNp20qEBL5+dr+eoOLZiVp8rSgT3npN7kaUWJXVv3dOuW39Wpw5s8efrtT1RHXcLf0WnqB/fWaffB5PPBAgAAAACAoQndxTyWWVoh7Q8mEi1vl5q/97WE/byvvZpwvX1i+smrodq2o1aHTatSUWGe9h1okmmmngzVZjM0dXKFesrKZNbXhdd3/uOxpNvYJ46+O7UPRHV1laZMqdaatZu05OgFWrV6g2bOmKqqyvJwH9O05PG0RyVQTdPUP556WQHT1EUfPEOS9Ne/Pa/jj1us+b3VrE/8/UVt375bs2cflnIMfn//V1tf9ZGLdIK//yuYjzpsivbMmdVvv5DRlkAdNRWo/TEM6azjinT9B8vTqhg1TWnrnm498mKrvnF7ra7+9m59+kf7lOiYdzgGXxWazH3PNCtgStddUK6JFQ594kOVCpjS/c82p7F1vKMOz1NFSTDp+szrbSmTp5KU5zJUmGcL/ysqsMuZhdcJAAAAAACCLMtKeuMl/+QZQ9q3Y9acIW0/EN3dfm3bUauAaWru7EnKz0ueh8nLc2ru7EkyTVNd1akTepGcOXw9w+XUU4/Xm2+tVUdnl955Z71OOeXYfre57/7H5c5z6ZIPnS273a72jk7t31+rTZt36G9PvKC/PfGC2to61NHZf6Wzz9d/Ed3sBXMVcLn67WcrKVbxAC7hT+e5R5JRU4Ha3jX0S9EPNPi1dmuX1mzt0rrtXer0RkethtaAurymCvOj88pd/SQjB+Ngg1/Pv9Gm808q1t3fmCpJeubfbTrYOLi5Vles7VBVmUPzD3Prpsur1N5p6q2NnUn7f/OOWuZABQAAAAAgh7zdyf/m73z/B5S/8lXZmhsGvF8jL1/FN/zHEEc3MJYl7T/QrJKSfM2cMVH1hzxqaGyL6lNVWayJE0q0/0CTWj1dsp9zuVxb18voTp3cMwqLVHzdjVl+BcOvqLBARx05T7+7+yGdeMISFeTnqaszda5mQlWlGg41qbu7R263S7Kk/Pw8XfKhswf8/IZhJJweIJanulrle/em7NNWUzPg5x9NRk0Cta5p4Jnp1nZT67YHE6ZrtnapoSXQ7zaBBLnShpah30AqkYdeaNHpxxQpz2Wou8fSw8+3DHpfXV5Lt/yuVt/9f5N0xAy3vnb9RN36hzq9s6n/bxwAAAAAAED2tbUl/xvdcuer8Ys/Vv4bL8rw9aiwwKWiojRusmPYVHD2BbJNyN0l/JE8ni5t6wpe0l9clKcDtcEraydPKpfdbtO2HbXy+YL5mMDEqWr8ys80Y/cqKZAkR2O3q+DcC2Urr8zlyxg2xx+3WO0dHTr2mEVp9b/g/FP11tvrdN+fH9dHrrhAxcVFKi8v1br1W7ToqHmSpAMH65WX51ZFeeoblTscjrQupfeWl8vb2qo8jydhe8DlUk/hwObEdThGTUpSGk0J1N0HffIHJEeKqUF7fJY27vJq7Vav1mzt0s4DA5tPweU0VFIYP6vBrgHuJ10tbQH99Z8tuua8cj32cqua2/pP8KbS1W3pe3fX6rs3TtIRM936+vUT9cM/1GvVZpKoAAAAAAAMJ58/oIaGtpR9rLwCdZ52kSSpy2aoYvYkuVwjP3Xj8wW0fWedJk4o0eEzg4ncxqY21dXHJ9zM4nIVXXnDMIxy5CgsLJCzN4HocNh17tmnhNucTocKCvKl3rljS0qKZLPZJJkqLi6UYRg64fijVVZWor/89Vl9/IbL9OFLztVzLyzX22+vlc1uV2lJkc4+6339jiPdBKokNc+YocodO+Tq6AiWH4fuim4YsmwDnyHU6cz8DduzaeQfhb18fksbdnq1eE78ty9d3ZZ++ud6rdnaJf8QcpALZ8Xvu8dnadOu/u9Klo5QVXRkcfQjL7Zq+ZoOHWzoq3Ltr3g6qro6vM/gf7q6Ld1yd61u+X/BJOo3bpior/z6oHYd6InaLvYmUqYpPfpSix5/NfG3CQAAAAAAYPB272mQP9Flr0mYpqVduxs0b87ouZlS/SGP6g+RV+jP9dddkrStpKRIV195oSTJZrPps5+5Lvz/z9300XC/+fNmhW8aVVxcqMsuPW/A43C5XOrsTD79Y6yu8vJgAtWIuIeOZcnh9crX2i5nafpzoLrd7oEOd1iNqptIvfxOe8L19c1+vbNpaMlTSTptafwP+q2Nnerx9z8fRDr21PnU3mVq/fbo+Swik6eStG5blzq6TL0XUfm6fW+PWttN7dzfo5b2vhe6akuXunusqH16e4JJ1Lc3Bt+Tot45XVvaAtq6J5gMjr2JVGG+TfnuUfXrAAAAAADAqGEzBn7jZtsYvNfzIN4GZMlAk5j+FP2/95O/65VXN2XtuYebcdHNuzKTHcwBt8vQn26ZrjxX/NH2nbtqtXbb4G+KNH2SU7+6eUpccPrG7Qe1YWdmKlAx8jzx06Hd5RAAAAAAgPGmtq510JWmEyeUaFJ16rk5c2XfwVZNrRkZYxkudXV1Ms3+K6NbWjr10vOr9dn5xXFtG2rb9f3nd0iSKsoLteToGVq6ZKYmTy5Pur+aYbjplKd3DtfVq1envc2SJUuk0XQJvyR191j6xwqPLjsj/pf7k5dU6uZfHpC3Z+D5YJfD0JeunhCXPF233UvyFAAAAAAAZMXmrQfV0xO8KtVut2nhEVOGe0hpmVRdOmKSoBiakpIStbSkvqn5W2/v0N+eeFuzppZLik+g7mzsu/dOU3OHXnp5g156eYMmTijRsqUzteToGZowoSTcp7R09P3ujLprth9+oUX1Tf649VMnOvXlayfK6RhYLbjLaehr10/UrMmuqPXdPZbueLRhyOMFAAAAAABIZOrkcjmddjkcNk2bUjHcw8E4lJ+fLyPJvArt7V7d/ft/6sGHX5fX61NZXuI6zE21iW+OVn/Io2eeW6sf/vhxffM7D+uFF9dLkgoKCjL4CnJj1CVQe3yW7vhro8wEhabHLsjX9/9jkmqq0iusnTvdrds+V6NjjsiPa7vnySYdaIhP1AIAAAAAAGRCUVGejpg3WQvmT1FJSXxuAsiF8vL4S+3Xrd+jW297Qhs37Q+v27q7Ua/tatGhDp+6/aa2HOrU7Sv2aOW+/qZzMNTZ2aOnn10jw3D103dkGlWX8Ies2tKlOx5t1E2XV8a1HTHDrf/98hS98Fa7XnizLe7u85Wldi2Zl6/TlhbpyMPzEk5e/PLKdj3/RuLsOQAAAAAAADBWuN1u5eXlyev1yuv16YGHXtf6d/fE9Wto69b/Lt8dtz5ZBassSRFNC46YqkmT4nN5o8GoTKBK0vNvtinPbejjF1bEJUGdDkMXnFSsC04qVle3pbomn0xLqip1qKQwddHt82+06fa/NmZ38AAAAAAAAMAIUV5eroaGBv38l09r794GJaw4HII8t1Pf+saVGd1nLo3aBKokPfkvj3bX9uiLV05QRYk9YZ98t6EZNf2XB/sD0qMvtejB51NPnAsAAAAAAACMNVVVVTJsRsaSp5YRLEC12wz97s7PyWYbdTOJho3ekfdau9Wrz/90v15Z2RF1qf5AbNjp1Rd/vp/kKQAAAAAAAMatH/3PxzRlSoUspZdkS9YrdPX+tKmV+tMfbpbLNaprOEd3BWpIW6epXzx4SI+93KILTynVyUcXKt+dOlve6bX0+roO/fOdNm3Y2Z2zsQIAAAAAAAAjkc1m6Ge33ag3396q3/3uaXV09qTsb8TMcxrejyFdfeVpuvCDx2VvsDk0JhKoIbtrffrNXxp052MNWjAzT7OnuVVT6VBRgV2WpLaOgOoa/dq+r1ub3+tWj3+QJasAAAAAAADAGHX8sXN17LI5euzx1/SXv74uWVbCm0XF5k/tNkOXXnyiLrnkZI3iK/bjjKkEaog/IK3b7tW67d7hHgoAAAAAAAAw6thshi679GRddunJ2rxln3bvrtXWbfu1Z2+DamtbZFmSy2lXQWGejl48U+ecdbSmT68e7mFnxZhMoAIAAAAAAADIjPnzpmr+vKk695xjhnsow2IMFdMCAAAAAAAAQGaRQAUAAAAAAACAJEigAgAAAAAAYNyZWlM63EPAKEECFQAAAAAAAACSIIEKAAAAAAAAAEmQQAUAAAAAAACAJEigAgAAAAAAAEASJFABAAAAAAAAIAkSqAAAAAAAAACQBAlUAAAAAAAAAEiCBCoAAAAAAAAAJEECFQAAAAAAAACSIIEKAAAAAAAAAEmQQAUAAAAAAACAJEigAgAAAAAAAEASJFABAAAAAAAAIAkSqAAAAAAAAACQBAlUAAAAAAAAAEjCMdQdTJ7gzMxIgEE4cMg3pO1bPR2yLMmyLBlG8FGKfOz7v2SFt+tbF+wTyYpdodTthjGklwAAAAAAADCixaZKjH6SIbHtkYvRbUZ4XWh1qN0wDFlWX9tQ0i9DTqAONYEFDLfgcWX0JlFjHxU+GEMHe/wxHpswJSMKAAAAAAAQEptL6T+Bmrx/KDGqqGRp7HJ08nSohpxABUaz2ERpsDrUkGRFHJyhBGkokWpFJEmtBAd96gpUEqwAAAAAAGA86y+pmTjB2lfglixxGuoXmzw1DKP/dE0KJFAx7kUnURVxoClcjRoUeaRFV6X27Sud58vMuAEAAAAAAMaiyCrTyHVBVsLEaWTVabI+g0UCFeNa/CX70Y+SkSCRGreXQT73kIYOAAAAAAAwqvRz25gIsZfeRxe+JUqcRidP+y7lV5KE7ECQQMW4Fjq4kidIB5JI7d3CMGIu8wcAAAAAAED/xWTJ8zPxN5ZKlDiN7zvU5KlIoGK8i02exlahRvSM2S7HAwUAAAAAABjz4hOl4RYjdjrFUJVq9E3AY6tP+4rnBj8qEqgY56zeytLgUrKEarREN5PqS6qmU6UKAAAAAACAxOKTpYq5MVT0Jf2R2yim6jTUfyhIoGJci75BVOrkaapkamSfdC/dJ8cKAAAAAADGk3SrQKOTpeG1KZOmSlB1GjklwFBSqCRQgajKU8XNe6q0k6mR85+G1+Rg9AAAAAAAACNf6mIyK6Jf4nlQE7VFJk37Eq9WivlUB44EKsa1RNWmkYnU2LZEy5G4fB8AAAAAAGAwEidGE/aMytNEX9ofmzjNRJ6GBCqQJJGqJMnUyMrUyH7K0EEJAAAAAACAoNhcS2SlabA9Mmma2cRpCAlUjGuRidNUy4pKpiomoaqIMvKBj8Eaym3gAAAAAAAARrjBJDND6ZLIG38rnDBVwqRpoueiAhXIkP4Sp7HrFJdQjdpbXL9+nn1wgwYAAAAAABgF+kuNxCc5E+VcEidME29PBSqQQUZUIjQ2kaokydTY9Yn0JV4zPWYAAAAAAICxJLZ4rf9kSrK8TKJL/oeaTCWBinGub47TyITnQJOmiapMmQ8VAAAAAABgaNLJryRKmobWh+ZIHQoSqIAUUxqePJka7h2TMCVZCgAAAAAAkH3Ji9v62iPnSc0EEqg5YrcZyncbcrtscjoMOR2Swx78gfsDlnx+Sz6/1N1jqrPblGkO94jHh0SX7CdLpiricvx0L98HAAAAAABA+tItUotMvaRKmnITqRHObjdUWmhTYb5NLqctaT+XzZDLGd5KktTjM9XRZaq1w1QgQDIu25Jdsh8/aXGihGv8PKdUpAIAAAAAAAxdbI1aKOfSlzBVVpKmkUigZoHdbqisyK7SItugf2AuZzDpWlZsqbXdVEt7gERqjsTPmxF/QCb+sfZ/qT8AAAAAAADiJc6hxRa2KeFl+dkuZCOBmkGZSJzGMgxDZcXBfba2m2ppCyhgkpTLFMMw+k1ypjMHau/aBNsOaXgAAAAAAADjRHr5rsHk3IaapyOBmiGGpIpiu0qK7NnZf28i1WZIDS3+DE2BC6W8fD+9bfpDFSoAAAAAAEBy2aggzeQ+SaBmgM0m1VQ6ledOPs9pppQU2eVyGjrY6ONGU1mQ+vL9zOwTAAAAAAAAmZXN/Ev2M37jQE1VbpKnIXlum2oqnWn0xFAF7+IW/w8AAAAAAAC5Nxy5GipQh6iqzK48V+7z0Hlum6rK7GpoCeT8uUFVKQAAAAAAwHhBBeoQFBfaVFo0fDno0iKHigv5EQ4FiVAAAAAAAICxbaj5H7Jvg2S3SRPKhr+Ad0KZQ3Z+ikPC5fkAAAAAAABjR6ZzPaTeBqm8xD4ikm2GYais2D7cwxhTmPMUAAAAAABgdMhFHmf4SyhHIYddKi0cOUnL0iK7WtoCCpjDPZKxa7AHn2VZGR8LAAAAAADAWDOSC9hIoA5CRYlDGkE/VMMwVF7CDaVGotDBv3rNet11173q6fHF9XE4HCoqKlB5Wblmz56lRYsWaOHC+cMw2tTuuedPWrt2g77ylc9p+vSpOd9+rHjjzXf0hz88oIsuOl8XnH/2cA8HAAAAAAD0g0v4B8HtGjnJ05B8Nz/KkWzL5m3h5GlsWbnf71dLi0e73tutF158WT/7+W91yy0/1vbtO4d72FG2bNuhjs5O7X5v77BsP1bs2LFLPT0+bdu6Y7iHAgAAAAAA0kAF6gA5HYZczpGXrHQ5bXI6DPn8XDI+Epm9l/IfccRcfeXLn4tq8/v9am/v0J49+7R23QatWPGG9uzdpx/f9ivd8NGr9L6TTximUUczen+1LA3ud2yo248VVvh9AAAAAAAAo8HIywSOcIX5mXvLbDZp6bx8HXtEvuwZ2G0mx4bccTgcKisr1aJFC3XdtVfo1lu/o8NnzVQgYOrePz6ozZu3DfcQAQAAAAAAxi0ybgOUl6HL9202adm8fE0od6ii1KHqiqEXA7ucI29qAQxcRXmZbr75Jk2qrpZpmvrDHx+UaXKHMAAAAAAAgOFAAnWA7PahJylDydOK0mDStKHFr9pG/5D36+CnOWbk5bl17bWXS5Lq6w/pnZVrhntIAAAAAAAA4xJzoA7QUC+1T5Q8Xb2lS2YGJkTMRHIXI8eCBfNUXT1RdXX1WrvmXR137NK4Pu+9t0dvvLlSW7dsV11dvXp8PpWUFOnwWTN15lmnat7c2Un3v+u93XrpxVe1desOtbR6ZLfbNXFilY5ceITOOOP9qqwsT7qt3+/X8uVv6LXX31RtbZ0CAVMTJlTp+OOX6rxzz5Tdbk/52gKBgF5/7S39a/m/VVtbJ9MKbb9Mp512svLz8pJu29Li0fPPv6x16zeosbFRNsOmispyLV50pE477WRVVVUk3bapqVmv//ttbdi4SQf216oJ+Sb6AAAgAElEQVSjo1OFhQWaPGWS3nfSCTr5fcfHbePz+fWd794qp8Oh7373a2ppadWzz76k9e9uVGurRx+54mKddtrJ4f7Nza166aVXtWbNejU2Ncntdmvq1Mk666xTdfTio1K+LwAAAAAAYOQhgTpADtvQkpSL52QneSpJDhKoY868ebNVV1evrdvj79h+55336q23V4WX3W63yspK1NTUondWrtHKVWv1sY9dkzAp+OKLr+qBBx+VJBUVFWra1CnyB/w6cOCg9u7dr3++vFyfvelGLVw4P25bb3e3fv7L27V50za5XE4VFhaopcWjffv2a9++/dq0aatu/s+bZBiJfx99Pr9+/evfaf27G+VwOFRaVqL2tuBNtPbs2acVK97Ul7746YSJ0HXrNujOu+6V19stSSopKZLD7tD+/Qe1f/9BvfTPf+nGG6/TsqWL47Z96aVX9eBDj4WnQ7Db7aooL1Orx6Mtm7dry+bt2rp1uz7+sWuitmtt9aiurl6StG3rDt1x1/+pra1dkmSz2aKSxdu379T//ubucHt+fp6cLqe2bNmujRu36Nxzzkj4ngAAAAAAgJGLBOoAWZKGkqYkxYmBmFxTLUlqbmqJa3tv915NmzZFZ51xqhYtXqjS0hJJUnd3jx5+5G965ZUVuv/+v+iYZUcrL88d3q6+7pAefOivkqTrrr1Cp576PtlswdLqzs4uLV/xbz3zzAs6eLAuYQL1ySefkcPh0E033aijFx8lu90mn8+np556Xk/+/Vlt3LhFb721Sscfvyzha3rmmRfU0dmpj91wtU488Vg5HA6ZpqnVq9frj396UAcP1urOu+7VN7/xn1FJ2D179uk3v71Hfr9fixYt1FVXXqrq6omSpKbmFv3lL4/rzTdX6o47/k/f+ubNmjFjetTz7tm7X8XFRTr99FN03HFLVD1xogzDkGVZWrHiDd37hwe0YsUbOunE4zR//py+Da2+bzh+/4c/y+/z68MfvlALFszT1ClT5HQGw2h7e4d+89tg8rS6eqKuv/5KzZ8X3I/X262X/vmqHnvsH6qsSF7ZCwAAAAAARh4SqAPkD1hyDaEKdc22rvAl/FVlDi2Zl5+xKlR/IEOlrBgxCgsKJEmmaaqry6v8/L5L2//nB9+SPcGcEm63S1df9WGtWrVWHk+bNmzcHFWRuWHjZlmWpXnzZ+v000+J2ragIF/nnnNGykrJzs4u/ff3vq6pU6eE1zmdTl188Qe0dfsObd60TWvWrEuaQG1qbtGXvvhpHXXUgvA6m82mZcsWq7yiTD/84c+1c+d7cUnYhx55TH6/X3PnHq4vfP5TUcnVivIyfeqTN6inu0er16zXffc9om9/+8tRz3vD9VdJUlxlrGEYOuWUE7Vm7btavXqdVq1aG51AjdDR3qH/vuW/VDWhMq7tqaeel8fTrsLCAn39a18IJ7TVO6ftBy44R06HQw89/Lek7y0AAAAAABh5uO3QAAWGmKQ0TWnlli41tQZvGhVKog5xZoCMjA0jT6qfaKLkaYjD4dDkKZMkSYcONSTuZA5uTMcfvywqeRpp/ry5kqT6+sak28+Zc3hU8jTSrJmHacmS4DyhkdMTNDY2a/OmbZKkiy/+QNLpAS659INS7/yutbV1UW2GYSTdTpIOO2yqlOr9knTRReclTJ5K0jsrV0uSzjrr1KjkaaQzzzwtaRsAAAAAABiZSKAOkH+QSadIiZKokyqHXgycibFhZOns7JR6KzQjq08T8fn8am31qOFQo+rrDsnvC0iSujq9Uf3mzZ8jwzC0Zet2Pfrok2pubh3QmGbNOixpW3FRoSSpo3fciSxcOC/l/hccEZw24L33dofX7di5S5Lkcjk1d87hSbedOmWySkqKJUnbt+9K+Tymaaq9vUMNjU06VN+gzo4uSVJnlzfpNrMPn5VwvcfTrsbGZknSwgXx0x6E2O22lDf2AgAAAAAAIw+X8A9Qjy8zVZ6hJOrRc/NlN6S6Jv+IGRtGjv0HaiVJFZXx82Z2eb169dXXtH79Ru3ff0AeT3vCfVhW9O/F5JpJuvaay/XgQ4/p6Wde0NPPvKAJE6o0c8Z0zZkzS4uPPkpVlcnvZO92uZO2hWb5tVLUzpaXlaXYXqqoCLZ7PG2yLEuGYai1NZjkLSktCc/XmnT78nJ5PG1qbomeN9ayLL351kq98/Zq7dmzT41NzXHvTW/HpPvOS5LE9rR5wv8vK0/9+sr7aQcAAAAAACMLCdQB6ugyVVmamX2ZprRqc1dmdtY7NowtW7ZslyTNmxNdtdjR0anvff82NRxqVEFBvo46aoFqaiapvLRUDpdDDodDDzzwqFpbPQn3e/rpp2jRoiO1cuVqbdy0NTjn6Nur9Nbbq3T/A4/qtNNO1jVXXxZ1h/lMMfpJgJpm/O+xzbBFPaazvRkzsfBvfnuPVq9eJ5vNpgUL5+mkk45TaWmp3HluOR0OvfLqCm3atHWAr6ZXRNK1vwRv7LgAAAAAAMDIRgJ1gHx+Sz0+Uy7nyJr9oMdnyucnMTOWbNywRfX1hyRJRx99VFTbiy+9ooZDjaqoKNd3vv1VlZQUxW3/2mtvat26DUn3X1lZrnPOOUPn9N4wqr7ukN5euVpPPfW8XnllhUpLivWhD12Q8dfV3Nycsr2pKVg5WlJSHJ6ztKy3arW1tVWmaaZMUoYqT8si5hrdvGWbVq9eJ8Mw9LWvfUFzZsdfit/Y1DjoBGpJSd+3Ks3NzapIUWXa3+sHAAAAAAAjy8jKAo4Snd6RV+lJ9enY0t3drT/f/xdJUnX1RC1duiiqfe+e/ZKkhUfOT5g8laSDB+sSrk9mYvUEfeCCc3T5ZRdLklatXjfI0ae2cWPqJOW7GzZJkmbO6Jtrdeasw2QYhrq7e1LObfre7j1qawtOZXD47Jnh9fv2Bt+vCROqEiZPJWn/gYG9X5FKSorC0x5s2LAlab9AIKBNmwdZ5QoAAAAAAIYFCdRBaO0wE8+dOEwsy1JrOwnUsaK5uVU//elvVVtXJ7vdphtuuCru7vFut0uS1HAo8d3u1659N+nd5P1+f8rf34KCfElSd3fPEF5Fclu2bNOGDZsTtm3fvlNr174rSTru+GXh9RXlZZo/f44k6fEnnko4fsuy9Njf/iFJmnHYdE2dMjnc5nIF36/W1lb5fPHzDTc3t+q1FW8M6XUdc8wSSdJLL70qj6ctYZ9nn3tJHR3Jb7AFAAAAAABGHhKog+D3W2ppCwz3MMJa2gIKMK/iqBUIBNTS4tH69Rv15/v/ov/6xve0Y+cu2e123XDD1Qnv2r502dGSpE2bturll1dEJRTXr9+oe35/n4qLE1em/vi2X+urX79Fy5f/W15vd1RbXV29nvz7s5Kko45ckOFXGjRx4gT99vZ79Pq/31YgEEz8W5alt99ZrV/96i5J0uzZs3Rsb0Iy5JprLpfT6dTmzdv0m9/crYaGpnBbQ2OT7rzzXr27fpNsNpuuvPLSqG0XLVooh8Oh7u4e/em+h6KSw7V1dfrVr+5M+n6l64ILzlZJSbHa2tp1222/1vbtO8NtXV6vnnjyGT322D80qbp6SM8DAAAAAAByizlQB6mlLaDSIrtsNiON3tljmiMrmYvEbL0VpJs2bdUnbvx8VFuiasrp06bq2msv1+wkl5svW7pYp7z/RC3/1791358f1lNPP68JE6rU1NysQ/UNOuH4Y+R0O7X8X/+Oq15dtGiBHn/8ad37hwf0xz89pEnVE1VYWCBPW7vq6uql3grOiy+Jnv/U6t2NoeS/80aKPqHtzz/vTK1Z+67uuedP+vOfH1ZJSYk8Hk84mTt16hT9x6duiBv35JpJ+txnP6m77rpXq9es1+o161VVWSHTNNXc0irLsuR0OvSJT1ynuXMPj9q2rKxUH/3olbr33vv12mtvas3q9Zo8pUbd3m7t2btPk2sm6aILz9f9D/yl70XEvqh+XntRUaE+//lP6de/vksHDtbqh7f+QiUlRXK789TU1KxAIKALzj9bpmnq2efqUuwJAAAAAACMJPZ5J33xluEexGhkSfIHLBXl26RhS4VYqm/yq9tH9elgXX5maRq9hs4f8Gv16nXhistIDodDxcVFqplUrWXLjtYlH/qArvjIxaqoKE+5zyVHH6XqSRPV3t6ppqYmNTY2qrysTBdddJ4+/OEL1dHRpY0bN+vMs05VzaS+qsd5c2fruGOXyOV0y+f3qaGxUfWHGmSapmbOPEznnXuWrrvuCuW53VHPt2fPPjU0NOr8C85SWVni982SpbffXqVFixdqScyNr/bs2aemxmZdeNF5OvOMUzWhqlJNTS1qbgreVGnKlBqdd96Z+uh1VyStBp04sUonnnic3C6XOju71NrqUXdPtyZMqNIJJxyrT37y+qRznE6fPlVHHXmEOjo71dzSqvr6Q3I4HTr1/e/TJz5xrYqLC/Xmmyt19NGLtHDh/PB2LpdTK1etU15eni644Gw5HMm/dyovL9MJJxwrh8OhjvYOtbUH52OddfhhuvbqK3T66Serp6dHa9e+qxNPOk5z5hyedF8AAAAAACBzAn6fJKm2tjbtbWpqaiRJxkU37yL7NgQVJXaVlwxPIW+zx68mD9WnQ/HID6cN9xAAAAAAAACQZd3eDknS6tWr095myZLg9ILMgTpETZ6AvN25v4FTp9ckeQoAAAAAAABkGQnUDKht9Mvvz10S1R+wVNfoy9nzAQAAAAAAAOMVCdQMCJiW9tT65GnPfkWopyOgPQd7ZDLxAgAAAAAAAJB1wzN55xhkSTrU4le3z9SEMkf8nbyH/ASWDrX45enI/XQBAAAAAAAAwHhls6zoUkaWh7bc2h7Qnjqf2joCwbaY9oEuW5alto7gPj0d5rC/vrG2DAAAAAAAAKTiMGIqJVke+rLPb6m+2a9Gj6HyYrtKCm19/WIrU5Msm6YlT4eplvaAAgEronn4X99YWgYAAAAAAABScViSjN7KPMMwZFnBHF54mfZBtwcCwcv6G1okt1MqKnDI7TJkt0k2m2S3Bbe3zOA8qqYpdXWb6vCa8nabwz7+8dAOAAAAAAAApOIIpZBCyaS+QsneZdoz0t7tk7pb/UrXSBv/WG0HAAAAAAAAUnGM1MpA2mnPRftYwLyuwODxZUp6iDPA4BFn0kOcAYaGWJMeYg0weOM9zjgik0tKUrlHO+1jtX2k4QMdyK3BHHOj/cSBOAPkFnEGQC4QawBk23iMM5FswYq8vjci0SPttI/V9uFiWVbCfwBGvtFy/I6WcQKIN1qO39EyTgCJjZZjeLSME0C8sXT8OvrmhgxV6kUsK2aZdtrHWHuujNYAASB9scd5rr9tJc4AYx9xBkAuEGsAZNtwx5nBsKWq1DP6qeSjnfbR3p5No/3bFQBDk4sYQJwBxjfiDIBcINYAyLbREAN650C1Yir1WGZ5fCxnWiYP9pEcOIDxZqgxI/J4zuS+hoo4A4wcxBkAuUCsAZBtIynOZJItlEyKrtRjmeXxsZwp1hC+KbHG0JwgwFiVyeN0sNsSZ4CxjTgDIBeINQCybSTEmWzorUCNrsxjmeXxspwJA91PNg7+kRJQgNHEyMC3mbHH3kD2GYpJg3meTPcfrn0CYx1xZmCIM8DgEGsGhlgDDNxoijPZ4uhLKvHI4/h7HIqBfPAO5kOaD3YguwZyjA3mj4J0tgn1T9aXOAOMbsQZ4gyQC8QaYg2QbaMhzmSbQ4pOKkUvS7TTPrbbByfd4JFOv4F92EcHCk4UgKGL/wCOP64SHWv9fXAP5AM+0Zc6xBlg7CDOxCLOANlArIlFrAEybaTGmVxwSCOjEpBHHofjcaAy9eGfut1I2Cc43ETrAAxNog/96OW+eGFF9EnvEpR0TwYGelJPnAFGE+JMeC1xBsgiYk14LbEGyJKRFWdymUgNV6CGH2Mq9WinfWy3py+d/qn6JG+LHothhALB0McDID2xH7zxx1/weIs87ILbJD4pSPRBns6H/ED6DKyNOAMMN+LMwJ8LwMARawb+XAAGZqTEmVC/XCVRqUDlcVw/pqu/D9yBf/j3ffAbhhUXcPiAB3IrnWPOMIyYY9UKnxQkOyEYyMlA5BgSxSjiDDC6EWcA5AKxBkC2jYQ4E9snF0lUR3hARl9QsmIq9GinfSy396e/fsna49cn/+BPZyycGAC5k+rDO7JPX7fEJwT9nQyE1ic6vvtrT7yeOAOMFsQZALlArAGQbbmOM4n0154JjtDgrBFSEcgjj7l87E9/H7zJThCihZ4vvQ/+gXzYc2IADF06H/iJ+kb2SXRCkM7JwGBiTOL1xBlgJCPOpEacATKDWJMasQYYuuGOM8OZRHXEVeqxzPK4Wh68RNtHr4v/8O9/m3TajLj/czIADFxfJUTk2vhjKdkHf/Q+Ep0QJD4ZGMiJQLL+ESMgzgAjGHEmVRtxBsgUYk2qNmINkAmjIc5kmyM4sOAAQ5V5LLM8XpZTGciHc/yyBvzhH9/HiEr4htcaiYJU8teR+jmAsSf9D9REx2X8voLrUn/4JzpRiD8ZiG+P/EIn2R8VlmVF9Y0cK3EGGB7Emfh9JFsmzgCDR6yJ30eyZWINMDijKc5EbjOQL2syxdH7FFEDCyVVo5dpp32stscbfPI09M1pOn0TbxteirmjZN+JR9KhAcjQyW7fh278cRd74p9oOXIcoZMBK+YbVdM0k54IxL6G6L7EGWC4EWeIM0AuEGuINUC2jZY4E5sYHY4kam8CNTSo3sfQaGPX0077mGtPfLAlk+pD3ErxzWny7YyIQBG9baJh8C0okH2JKiNC64OiJz2P/VY00XLsN6qpTgRiRVZtSAZxBhgDiDPEGSAXiDXEGiDbchFnIo/14UyiRlWghh+tmGXaaR/T7enpP3marC3R/6Pn+En0oZ/sAz9+fea/WQHGj+jjKdUJQOz60DeioW9Hk334x/7fMCTTTHwikOyEQr1xxmaLGDlxBhgliDMJ3xXiDJBhxJqE7wqxBsig4Ykzg02iZprDCn73o1BlnmVZESHFkCWLdtrHbHusdD94kyVPB/Phn+q5Q9/ORq+L65VwzFJ0UhcYr4ZWfJB4rq74D/3EJwOJ/q8kJwLRY45dVlzMiO1HnAGGD3GGOAPkArGGWANk20iLM9GX9IfGmF4SNdPJVUdvfje099hwI9ppH8vtQ5V+8jS9D//YD/1gU/QJSqITjlTjA5CeyA/z5KyUH+6xJwOpvlGNPRFI+oxJThaIM8DoQ5wJvQ/EGSCbiDWh94FYA2TLSI0z2RSeAzWqUi+8HEI77WO5PWig1af9JU/jvzlN1c8I7zP0oR+a8yP6uVOPFUB2JDrkIo/pRCcGqao1Yk8E+o772D8kjLg4k7pCgzgDjFbEGQC5QKwBkG2ZijOpkqjDUYUangM1qlIvLrlEO+1juT25ZMnTvhtTpU6eWhE3lkp8oqDwSYJigkqqD/zocQAYmuQn1fGXqRlxx1+ik4Hob1QVdVIQeyIQ3T9yLPEnE7HbiTgDjBLEGeIMkAvEGmINkG3DG2f69mWlnUTNFEd4gMHvhMLf9oQGFf72h3bax2B7SKIP2lSi9xO9j+gTgL7lQ60B5TslyzIzeHkI36YCmZPoeEr/GDMMyW6zyem0yRm6vsMwwrHANM24E4HQdsliSrI407ev6DhzoLtDJaZbltnf5TQDQZwBMmf0x5k6r0+Flk2WyfkMMHKN/ljj9zapxypWwExczTY4xBogc7IbZxIlUZUizqQcaYYSq47QPkIVetH77Fumnfax2J5KbFI1NjEavS558nR3rV93P+7R7jq/jjrcrVs+WSOHPeVTAxil/H5TXV6f2jt6lOe2y263wicCSlChEfqjwYi57C3yMrfIP1KUJM5s6j6kb+37pzZ3N+ik4mm674jL5TIINMBYNFxxZnunVz/ddkA7Oru1rLxIvzpmrpwZ+GMEwMg0XLHG1rVDxu5fyOndoYLSJco76ieS4RyOtwBAlqWKM4mSqKHHUJyJ7BOSzSpUW18A5JHH8feYrkSXfSS6rCS079CB3O2z9MuHW7W7zi9J+sDJpSRPgTHM4bCpuMitsrIC9fgCUvhDPD7uJP4Cxoi6NC2dONNl+fSFPc9qc3eDJOmGSUtJngJj2HDEGa9p6nub92lHZ7ck6fLp1SRPgTFuOGKNYXXJtvMHsnl3SJKcky8leQqMYUOJM0FGgnXZYwtX6IUuc45Yjn2knfax1q4kB1uyAzBVqbhlRc/ZIUl/e6VdDS2BcJ+5092JNwYwpuS77XK7HPJ2B4//YMVF8EQg2R8QodjR3xQhVsTlc5J0e/1b2u/zhPsuKZqc7ZcHYATIZZy5b+8h1Xb7wn0XlhVm++UBGCFyGWuMAw/I8NWG+9pKjsj2ywMwAsTGmcgkarLcTGTeJdZAcjwDEVWBakQFNMU90k77WGsfmOTVp33fsiqqz7rtvqh1JYW2wTwxgFGooMClgBl7EwX1U41hxH2T2l+cWdG+N2pduTM/K68HwMiTqzjzTktH1Lqy0GRlAMaFXMUao21l9N6dpVl5PQBGnsHFGcXFkmyyRc4dIEVP2qpwVpd22sdmezoiD9JE28W2h75tlaSDjf6ovk5H7g5uAMPL6bArYEZWWfTFCMV88Pf931JozrBE7YnizHs9LVHP6+byfWDcyFWc2dvVE/W8LhvnM8B44nTYFQhkP9bYuvdFP7Hhyu4LAzBiDOScJqS/9kyzhZJJUZV6LLM8bpbjD7L+DrzEJwrRB2+o3R9IuAsA44BhBP9uCF2Wpog/Fkwz8R8SqdaZphUXZ0zTVI9FoAHGq1zFGV8O/igBMHKFikiyHWtkRV+9B2D8CJ3TxMaPyPyNksSURLJxGX+wAjWmUo9llsfLcn8iL0ExklafJr40JZel5ABGsuQxIrLqIhRngrGmbxviDID+EWcA5AKxBkC2pY4zcb2N+G2yxWZZVu/ckH0VdCyzPF6W0xV78Cb6ViS6PfsHL4DRweq9SYIiYkQoHkX3if8X2U6cAZAMcQZALhBrAGRbunEm0WO22RQxJ6TVW5oXWalHO+1juj1GsgMvVfVpspOGgSRoAYxdoRgR+QHfFyOMqBODyG2UIM4k3geA8Y44AyAXiDUAsi02Rijqi5dUVajxMp1YtSliYlajtzQvslKPdtrHdHsKfQebkWR9sv/npnwcwOiQKjb0zSVmJIgnRkwf4gyAxIgzAHKBWAMg21LFhmT/T9Y/08IVqH2VedHLtNM+ptvT0F9ZONWnAJKJveykvxOA2IqMZH2JMwBCiDMAcoFYAyBX+oszkfrL12RSuAI1WaUe7bSP6fZBCn2TGr+Pvm89+BYVgOLiQXTQCMaQxJeiEGcApIs4AyAXiDUAsm2wcSYXbOEnD1fksczyeFruT6IP+qBE354qfFADQLRQbIj/NjVx3DBCczcrfjviDIBEiDMAcoFYAyDbkseZxImcUHI1m2ySJaM3ogWfkGWWx9Nyn1QHZbKy8OhlI3xw8w0qgEihuBCc+ytxtUVk/Ej2BY1kyDRN4gyAOMQZALlArAGQbdHxw4haH9sv1fpEbUPRW4GqiDJYllkeT8upJe/TV5marA/nAQCUIhb0xY7oE4M+Rm8bcQZAasQZALlArAGQbf3FmVSVptn+MsYmWb3P3VuZxzLL42p54BIdlKFvRwa5SwDjhJFgQvSQ/r4pJc4ASAdxBkAuEGsAZFu6cSZXHFJoQpK+yjyWWR4/y4OT7AOfS1AAJBN5yVryttTrUq0HAOIMgFwg1gDItv7izHB8AdNbgZq6Uo922sdue2qRB2WqeTVid2ZZnBAACAp+sRK7NjJmWDF9rYRtxBkAyRBnAOQCsQZAtvUXZ1LlZbKdVLVFVuT1VeZFL9NO+9htT6X/o48PegBDkU4IIcwAGAriDIBcINYAyLb08i/Zy6IGK1AVqsjrfWSZ5XGzHK//g9KI2jR6MmMASC3RXD7B+BEZROLjDHOFAUgXcQZALhBrAGRbKFakjjPxslHsZgsnk6Iq8mIq92infcy2965JcHCF1vU3CXpofXy/zB+wAEYjKypGxP4/9jHdNuIMgD7EGQC5QKwBkG3xuZV05lFOlL9J1G8ooitQwxlcQ1bcetppH4vtAxd/8BlRbVzWD0AJYkV8fDCS9ifOAEgHcQZALhBrAOTaQOJMrtgSJ5ms3qElS0LRTvtYac+GwSVmAYx1mYwNxBkAiRBnAOQCsQZAto282GAL31CnN7kUXZkXccMd2mkfg+0AAAAAAABAKrbg5KvJK/dop30stwMAAAAAAACp2IIppL5KvfCyYpZpp30Mtg9W7HwbsXeR5K6SACL1FyPSmeycOAMgFeIMgFwg1gDItsHEmVywhSryQpV64eXYR9ppH4Pt6crmndwAjG+J7hiZ6i6SADBQxBkAuUCsAZBtw5mbsQWfJ7JSj2WWx89yJiQ7gDlJAKAU8WAgMYI4AyAV4gyAXCDWAMi2TMSZbLEZhmTFVOqxzPJ4WR6M/i4xGQkHNoCRp7/YEBlbiDMABoM4AyAXiDUAsm0gcSZXbJYlGZGVeSyzPI6WkzPSOiC5JAXAYITmZU7vixyrN34RZwCkjzgDIBeINQCybSB5l2AeJzvZ1b4KVB55HIePmcSlJ7n1jxUedXWP7ff778vH/mscb4YaJ4gzufViyw5t6jw03MMYsmeat2lbV+NwDwM5QpwBkAvEGgDZNtLihMOyghna4GPw2yCWWR4vy6Ndh9fUJ/9nn9q7zPA6h1266xvTVFVqlyQdag7oK78+oOsuKNeZxxaF+63Z2qX/vqdOgd5NC/NsWjw3TzddXqWifJvue6ZZO/f36Nsfr5bNFuyz6b1u/erBQ7rzv6aqo8vUZ27br+/eWK0J5Q7ddNs+3XzNRC2ekxd+ju//vk4nHlWos44LPu+BBr/+8I8mrdvWJUmaNcWty88s1ZJ5+ZKkp1Z49I8VHjW0BDShwqFzT+Qu2NUAACAASURBVCjWh95fEve6d+7v0d2PN+nkxYXausenXz54SD/9wmRV9r5mKfgz/uYdtTp6br6uOKtUkrS71qffP9GoTbu65XIaWjIvXzdcWBF+r77+24NaOi9fV5xVFt7PY6+0am+tTxefWqov/WJ/+P2KdNaxRaosc2hPbY++fv3E8Pq2DlM3/WSfvv+pGh1W49Q376jV+xYX6oKTiiVJz73Rpqdfa9OPPlujfHfw9/Hp19v07Ose/frLU/TcG23q8Vn68BmlA/m1ADLuI5se1uuePVHrbp99oS6snC9JMmXpkg0PaG5+pX4y67xwn9ZAt05afZc8gW5JUp7h0MLCifrhzLO1oGCiXm7dpW/tekGPLbxG1c5CSZLX8uuUNXfrgflXaE5+pa7Y9JA+UDFP11cv0aUbH9CppTP1hSknhp/jjoNvaWtng35x+AWSpLZAj36yb7n+0bhFHr9XM/LKdc3ExfrYpKWSpOWtu3XbvuXa0tmgUodb55XP0VemnaISuzvq9Xktv76841l9f8aZOqJgQnj9D/e8qn+27NRTR31UbqMv5vQ3tv5ea7HdrfPW/1GPL7xaM/LKw/s4e929+uLUk/SBinnhdc81b9dXdz6rRxZcqXn5VeH1P9v3mrZ3NeqOORdFvZYVre/pgbq1um/+ZWn/zIFcu3vHAd2z42B4eaLbqSumT9R1MyfpzUaPvrRquwK9f0QVOew6rrJE/7XwMJU4gsfhjvYu/WLzXq1raZfbZtPxVSX6/NxpmpjnlCR95p2tWtnUFt6/Ien2Y+fpnUaPdnd6tay8WD/etCduXJL03SNn6ILJleHle3Yc1NuNHt1x3DzZIvo1dPt0wxub9N+LZmlped8516v1Lfrhht2649h5mlXUd56Uzut6s9Gju7Yf0La2ThXY7TqmslifPHyyDivM0++2H9DuTq/+Z9Es/bvBo9s27dbdx81XlTv4mrtNS5ctX69fHzNXMwvzBCDEVPeaz8oomCHX3K9Kkvz7Hlag8V9yL/5tdM+Wt9Wz5VblHf+oJFvCbYM7aFfXO9cp78jbZBTNUfe6L8g+4TQ5ai5JOIJA4wr1bLtNeYt+JaNgZt9u9vxBvt33hpcN9wTZK06S8/DPS4Yj6X5jt5MkR83Fcs7+UtS6yO19790ts32b3EfeKikYc0zPu+rZ8kPlHXOfut68TO65X5Wt4sSYfXxJ9sr3yVY4Q93vfk2y/H3jLThMecv+lHLf7gU/kHf1jZIViHtf7NUXyDX3awo0Lpfvvd/L6torw1ku+8Sz5ZzxMclwBd/rtz4iBdqDG9lcshXNkWv2f8oonC3vW1fIOf2jsk/6YO+b3S7vmpvknH697BPOSPjzANJhUziZFFGZF7FMO+1jun3ARlbS1dNuqr3L1H9cWqlbb6rRrTfV6EefnazKkr4/6v/2aqtKimx64LnmqORffbNfAVP6wX9M0m2fq9GnL6vU+h1ePfhciyTpULNfqzZ36b5nmsPbNHkCOtgY/ID0dJhqaQuosTWg9k5Tre2mfvLnejW09H0Q1jX5dag52L++ya8v/ny/Dhzy6apzy3X9BytUUWLXk8s9kqTX1nXqd483adkRBfr8R6p02tJCvfJOuzq88RnLZ15v06zJLpUV29XsCajJE9ADzzZH9fnX6g5t2OlVQ0vw+Q82+PXlXx5QV7elT11aqSvOLtPGXV59/TcHws9R1+jX/c+26J1NXeH9HGryq67Jr6nVTt3yyUn67o3VOn1ZkZwOQ9+9sVrfvbFaHzm7TLWNPtU3+6PG0N4VfF8aW4PrDxzyqbbRF25fdkSBGlr8uvOxBknSrgM9+v0TjTrzuGCCdfGcfL3wZpswnhgjLs5I0s6uJl01cZH+uuAq/XXBVXpswdU6q/zwcPtzTdvU6OvUk42btcPbFF7f7OuUJ9Ctb00/TU8svEZ3z7tYAcvUF3Y8LUmq7W7Tnu5WfXrbE/JbweOwM+BTbU+7GnydkqRdXc3a090qSdrrbdVP963QP1t2hp9jf7dH+7qDccRvmbps44P6W8NGXTtxsb4/4yy9r/Qw/b52pdoCPTrY06aPbfmryu15+tHMc/SZycdrQ2e91nfUxb3mZ5q2qdnfpVPKZoTX1fs6dG/dKpmy9NdD70b1729s/b3Wxv/P3n3Ht1Hf/wN/3UmyLct7j9jZeyeEDEYgkKTsvTdfOlht6YK2tIWWMvpjtbRQKFD23oRNIYEwkpBFduLEzvCME8fbssb9/jjd1GnYsexEej0fjzxOn/t87nQy3Fun973vziv/a/C0G//2XU3YHViH4t49S1GQlIZ/Vn9rmL+zqwk73QeCPsvRmUOwuLkStd2MJ4RDNs7s7nBjsCsFT8wcg8eOHI0zBuXjn9uq8d3+VtR1dsMnSfjXEaPwxMwxuGXcYKzc34r/VNSoy1717SZ0+Pz41dhyXD28GGub2vDD5ZvR5pWPS3a1d2F+UTYePXI0Hj1yNP5z5BhMzHJhT6cbezrcOLE4B3+fPhIPThuJkelOjMtIxYPTRuLv00dibkGWYVvru7qx5kAbPqwxVnY/tr0Ge90eNLq7jfMrapCX7MBTO2oN8yN9rv/VN+GnK7chw2HDTWPKcOWwIuxze/BpvXzMo2w7ADR0daOmsxu/W7tDTch2+nxocHuw3+0BUf87NGMNAPgal0LyNMG39zNInfKJEzF9FPwt6+FvWmEY69n1PATX8EDy1HpZAJC8BwDPfvi75StXpM49kDqN+7xhvTufgJCUC8+u5wzz/Z27IaaPQ8r0/yJl2pNwlF8Bb+3b8O37Kux6/Z27IaaNRvLkh9R/jvIrgsbpl5fcdfA3LYOn8nGtv7sRUlc1INggppbBs+tZ4/s0r4W/eRXEjHGQuuoAyW94z+Rxd0Rct5A6GMkT7kXyhL/BVrAQEJKQPOFvSJ7wNzgGXw5fwyfo3ngrRNdwJI36DWyFC+Gtfg3dm27T/ta+NjiGXofkKQ8jedxfAckH95a/AgBs+fPQXfF3SB1VAIDubfcCvg7Yso8M+d+DDlf9G2PsMFSghqrUYz/747O/70V7/5++VVbowOjBcvWUKED9bG2dfny6vBV3XluMe55twNI17Zg7zWVYdkRZMpzJAkYPTsbilW2oadQOsl0pIt5a3IzRg5Mxa0JqxO0QANz9dD3uvqEEdpux77kPm5DsEHDPjcVwpcgHICfNTlf7t+9xIzNNxDVn5Kjz9JWgemu3dapVq4rPV7bh9LmZGFzkgNcnv5/eCx81IdUp4o6fFCE5Sf4DTR3lxI33VuOzFW047Ri50jU9VcT9L+zFAzeVoDDHri5vE4FJI+TqjYo9bogiMG2McRskPwyX3Ls9FuWqOnmZNtxwfh7ufroBE0c48dbiZkwc4cTpgW0ZVZ6MRUtbUL/fa9gWOpz1ReAZmDhTnJSOaWklQOD+P6Lus/y7dgUuK5yCzR178WjtCvxt6ELDssOdOeqymzsacd/upYb+qq4DuGPXYtw2OHJVQJY9BT+tWIT3J16B8mRjdfarjeuxsaMBb42/BNMD7wcAtwfWu7KtGm7Jh1sHH49RTrma7KrCaZbv81XzTgxNyUaWTavaerJuJY7KGIyTc0bhXzXf4qKCyYb/ouG2rTef1cqS5irUdbfizfGXYMH3/8Ut3ceiNCm4Ul9valoxAOCL5ipckD+xV+9Lh5PDN844bSImZMrHKZOz0vDSznpsbulAeuCgYlymC6mBMR/U7MPuji4AwH8qauCy2/DwEaOQYpOPMWbmZuKirzdgUfU+XDhYvjokLzkJEwPrFwTBUD2aYbdhVq68Lz1XZUeyKGJ2Xvh9698VNTixKAdJooDK9i58WLM/aMy3+1rQ4O7Gf44cg0u+3ojrukpRlJJkGBPqcz24ZTdm5WbgwWkj1bEXDS4Mu027O7rwj617cNPosrDjiA7e4RtrvHtegr34TPg7tsOz52Ukjfw1xMypENJGwVP9GpKzZwAApPYd8DevRvLE+8Iu21P+phWQ3I1ImfJPdK28GpL7RxCSdfu2LQVC6jAAgOCXf5sJjvDxSF7OBTF9vPxagFr5GX6ZNHj3vAQxYxxsuccYuuyDLkD3ht/B37oZYrp81ZG3+jWIGRMgpo+Dr10+aay+JwDors4JuW7BBjFLPv4SW7fAJ4gQs2eq3Z7KG2DLmYOkMX+A8imE5Hx4Kh6A1F4BBI7NhNQy9b1t7Tvg2fkEAMAx5Br4D6yCe/OfYS8+E769S5A8+e+AXbsygA4Xh9ZJGFFJKoWt1GM/++O0P178/pE6nP2bKpz9mypc//+q1fkffN2K0jwHRpQlYf6R6XhzcXPQsq98cgDPfdCEB17ci5WbOzFnopZgHT88BRctzMaDL+5FTaM3aFmzX1ycj33NPjz+VvC99rbtcmPiCCdcKSL8EnD5bbtwzs1VuOl+ucpi9kQXOt0SfvuvWrzyaTPWb++C3yL/6PFKqN/vRUmeQ52XmiLg+CPS8Mx78g+X975qQZpTxHRdgrNitxsThqWoyVMAKC9yIC/Lhoo9bnXeeSdkYVR5Mu5+ugHd3p79T7KjphsX/n6n+u9n99VEXGb2xFQsnJWOh15uRHObDz+7ME9NgA8qkD/j7npWjtDAu3/PVxi6/D4MXX4fhi+/X61m/K6tGuva63Bu/nhcXDAZr+/dgL2mKso3Gjfib7u/xB+qPsU/q7/BSbmj1L50WxIeHnkanqpbhXf3bY64HTeWzMKUtGL8eOvb6JKMcWlNWx1y7alq8vRHW9/C8OX3Y/x3/0Btdyump5VicHIW/m/rm7hz1xJ82LQNHX7r/WtrZyOG6i6l7/B78Fz9GlxcMAmn5Y7GXk87Pm6qiHrbevNZrTxauxzn5k3AiJQczEwvw39qv4u4TJEjDS7Rwfug0mHBJ0no9kv4qrEZrV4fSpxasvHJ7TX4d0U1bltXia8bmzGvUN5HN7a0Y1pOupo8BYBhaSkoTEnC5hYtHr24sx5zPlmFOZ+swtxPV6HT6r48UToqLxPJooBXdjUAAP61dQ/OLsszbAMAPF9Vj1NKcjHElYKp2Wl4cWdwxbvV52p0e9DQ5cGxgerXTS0dOPbT1Tj6k1W4f/Nuy21y2W24c/JwvLqrAZ/WNVmOIUp0/pb18Ldtgb1wIexFp8FX/xHgkX9DOEovgL/pW0id8j7mqX4NgmsYxKwjIi7bE549L8FeuBCCczDEzMnwVr9i3MYDq9D55fHo/PI4uNf8GLa84yBmTo382ZpXoXPpPPnfl/Pg2/tZxGVsWZPhGHw1urfcCalzj7EvZw4EZxm81a8CgapS376lsA+6QP+u2nsunQdPxX1RrTsUqXsfpO5GiDmzjNsSSLD627ao83wNH8NT9Tg82x+EZ/ezsOXNlTsEO5LG/hFSZzU8FffBXn4pxIxJUb0/UTiiklQyVKIiuHKP/eyPx/54ccN5ebjvZyW472cl+NM18tlLj1fCu182Y96MNPj8wPHT01BZ0421W7sMy7Z0+LCz1oPFK9tx6Q+yMX+m8czceSdkYsLwFNz9VD3c3eF/aGSm23DzFQX4eFkrPl/ZZugTRAF+v5yQFAXg/ptKcf15eajbLycvRpYl4ZFbBmHWBBcqa9y466kG/PyBarR2GN9TaTtTjP8BL/lBNtZt78Ky9R149dMDuPq0HMN/Y0EU4PMHJ0RtomBI1AoC8MuL89Ha4cOjr/cs2VCa71BvpXDX9cX41aX5USwFXHWaXHW7YFY6stO1s7Yup/wjrKU9+P5ARP3tsoIpWDThMiyacBk+mHA5ipPkCvJ/1yzHiVnDkWlLwdS0YpQmZ+C/dasMy7Z53ajubsFT9atxRPog3DfsJEP/rPQy3FI+F7/a8WHEJJ8oCHhoxKlo8nbi1spPjX0AfJK2Q/9t2A/w0aQr0eJzY7+3E+m2JHw06Ur8tHQW9nk78Jedn2PW6kexui34UrgD3i6k27TEzYsN38Mu2HBs1hA4BBtOzRmDf9csj3rbIn1WpaLXb6rE8UNSq+Q2dezFl807cX7+BHglP87Pn4AXGr5Hs8+NSDLsKWjydkYcRzSQNrd0YM4nq3DMp6vwi1UVOKEwG8cVaicymj0+VLR24oPa/fjJyFKcXirfA1gUBPWydT2bAOi/+n9QnIOnZo3FU7PG4pnZ4+A0JTt7wiYI+OnoMjy1oxZf7m3GmqY2XD2sxDBmW2snlu9rwSklefBJEk4tzcNbexrR6jV+r1t9LjFwEKN8rjEZqXh+zjicMSgPtZ3GWwToTc1Ow3UjB+GODVWoausKOY4oUXn3vAhbzhzAng4xfRyElEJ4qt8AANjyj4eQnA9v9euAtxm+hk/gKL0wqmWjJbVvh//Ad7AXngRIPtgLT4K3dhHg1X47yZfwP4GUaU8iacyf4Nv3FXyNn0dct5g+BslTHw38ewy2vKOj2iZ7+aWwZU6Be+MfAMMxhQB76fnwNX4OqbsR3po3IKQUwZarX6+oe89H4Rh8TZTrtqY+p8R8f1SlslV3nCd5OyC56+GteRNixkQkjbpFG54yCLb8EwAAjvIro/o7EEViN1TmmSv12GY73ttxorRArjLVW7yyHc1tfjz+9n48/rZ2ZvSNxc2YPEq7JPWaM3LhTBbw0MuNeOfLZpxydIb6QCMEEoo3XZSPXzxYg8fejJxQHDM4GVefnoOHX9sHr0/7Iw8vTcLqrZ1o7/LDlSIiL9OG/GzjZel5mTacMTcDZyADzW1+XH7bLizb0IETdQ+/EgObZi4aycmw4ezjM3HnUw04YqwTE0ek4K0lWsXtiEFJWL2lE13dElICVai76z2o3+9VL99XpLtE3HJ5IW7+Zw0cdgHDSo0PlwklJVnAuKHa2NrGKC6bAZDkkLcnJ9043hf4+yn9RAOpMCkNk11FhnmVXU34KFCFOXS5VnHwbP0a3FCqVQ5cXjQVJ2YNx7GZQ/Dz7e9jfXu9elm54ifFM7CqrQY/3vp2xG3Jtjvx6KgzcPaGF5Ak2jAhVT5xNNFViOca1uK7tmockVaKLHsKsuzGB6e4RAfOy5uA8/ImQAKw4Pv/4un61UHbI0KAN5DM9EHC43XfYZ+3AyOXP2AYt7KtxnC7gFDbFumzFiXJca6icz9mpcuX3la5D8Ar+ZHrkG+h8kitnLBdsO4pw/qerV+NG0qMlRpmXsmPZIG3AqFD2xBXCm6bKD9MpSDFgdwkh6H/pjFlSLWJuGNDFV7eWY/zygvgsokYm5GKbxtb0Onzq0nRyvYu1HR244Jy7cqanCQHxmZEviVRtI7Jz8SojFT8anUFfjpqEDIcxu/x56rqAACXfrPRMP/13Xtx5VAtnlp9ruwkO/KTHfhybzPOLy+AAKAsNRlZSXY0dIW/MuXSIYVY39yGW9Zu77PPShQPpM498O2TbyPUuVS7lY639i04yi8BRCfsJefKD2OyJUNwpMNWMC+6ZaPk2fMiAKBr1dWG+d7at2Avu1Ru6C7ht7mGQdj9AvzN62DLOz78ym2pENPGRL0tGgFJo3+PrtU/RPf2Bw099sKF8FQ9Du+el+Ct/yCQIDWefAr/nqHXbcmRDSE5H77938JecrY627f/a/m90sdq21ZyJmw5c+DLPgLdW+6Ev20rxPRx2jsn5QD2DONtBYgOQoh7oHLKaWJM48XOWq0SIckuYFhpEt7+ohkzxjlx4XytcmNjZReeeGc/qmqDKxcuWpiNxava8M4XzbhgvvHeoy6niFuuKMBv/hH6Ruh6px6dgc073fhytXbZ3NnHZ+Lr79tx80O1WDgrHS6niMWr2tSzjP96dR9q93lwzBQXMlw2rNkqV0qVFxp/PKW7bLDbgFaLqsyz5mZi6043rj4tJ6jvnHlZ+Pr7Dvz+4VosmJUOj1fCW0uaUZhjx0LdvVgVI8qS8KOzcvHwa317yWttoxffrpcfjiOKwMThzpAJ0uZ2OUucnc4vfRp41d0tWN4qX34lQMAEVwEeq12BQocLj48+W71DUavPjcs3v4aXGr7HvKxhhnWclTcOj9Qsx927v8DLYy8Ieo/7h52EU9Y/g33ejojbM9lVhD8POQG3VH6szjsjsP6rNr+Bq4unY3BylvpQJREC3mjciH9Uf4MLCyZhcHImdrqbsaOrCWfnjw9af0GSC/sDD7J6b98W7HG34PFRZ6mJTgD4ecV7+HfNcvxn1JkRty3SZ822OzE7owz37P4C7b5uZNiT8VTdarhEB47NHILa7la8u28zfjHoKMPf9Ym6lXiybhV+WCzfr63F68aHTdvU/omuQhQlpeOAtxP5SS6LLSE6dKQEkqGR/HB4CT6s2Y+Xdtbj/4YV4/KhRfisvgnXrtiCMwblw+P34/mqepQ4k3BWWXRXg/TWL8aU4ZFt1TivvMAwv6HLg0/qmvDD4SU4Kl+7J/JLO+vx8s56XGxxL1Pz57p6eDHu2bgLv1hVgWMLsiAAeL9mH0amR/4b/WHCUFz5zUY0dUe+BRNRovBWvwwhKRdJ4+7Ubq3obYd7/W/grXsP9pJzYS8+FZ5dT8G75yU4hvwQEBxRLWvLCT6RKXXtgW/fl3JDECGmlMO39zM4Bl9luETdW/0aPNWvwz7ofHmGrwtSh3x/UX97FaSOKgjFp4dcry1zmro9/pbv1XFiyiAgKfh3kSV7GpLH/QVda641zheTYS85A95dzwD2NNiLfhC0qP49BUcWBGd5dOu2JMBRfhW6t/0N3Ztugy1nFvxdtfDueQG2/BMhuEZA6jLdaqBgPoTdL8JT+R8kT3og5JqJDpZagcoppwk5PcxluES4UkT8+w0tyWe3AXffUILmNh9+f3UhinO1iqMRZUlYvqED32/rQnmRAwU5diQHknd5WTacOy8L67Z34YL5QH6WHZ3d2h9paEkSrj8vD899KFezprtEZKaJyM20IS1Vfp3h0hJ9N5yXh9q9HuRk2tTl77q+GC9+dAAvfNQErxcoyrOrydoz5mbg2feb8Oz7Teh0+1Gc58DPL8rDqHJj9adNBMoLk1BVK1dfZKfbUJgjH9gkJwn44zXaD5LcTDvysuTPP7jIgTuvK8Iz7zXhiXf2wyYC08em4prTc5Bkl/8GhTl25GZpf6+Fs9Kxo7obHV3Gctf8bDtK84yJ3aJcR9D/UxkuEVnpNuRmyussznNg+YYOLN8gJ0wEAfj9VYU4YqwTRbn2oIrcXXXdsInA8EHRVcASxcpQZzZebPgeLzZoB8gPjzgNK9tqcOvg4zHFVJl6Q8ksfN2yC+fkT0C+w4WSwOX+IgTcOvg43FixCJ1+D4qS0lCWrJ2wSbMl4bFRZ+LiTa8gx+FU31t5INOg5Ez11gEAcEnBZKxvr0ebTz4p5BIdeH38xbh79xd4tn4NDng7UeBIw6UFkzHUmY3S5AysaqvBk3UrsdfTjnyHC9cUH4EfFh0R9JnHpxbizUa5amx56x5cXjgFC7NHGMbcNuQE3LT9fUhRbFs0n/WfI07DHTs/x6O1K9Di7cI4VwGeHnMu8h0uLNq/BSOdufhp6WzYoJ10+UP5cThp3dPY0tGIISnZeHPfJvxw61tq/7XFR+KCgonwSH5DpSzRoWaQMxkei1vtAECRMwklziQki3LVU2FKEq4YVoRV+1vxf8OKMTzNiX/PGI1/bavGg1t2wyYIOCovEzeNKUNy4NKVstQUlKUGf58OciYHXf5fmpqsvpeV/GSHut4RaU7cN1WLDcUpSchLTsK65jYMS0vBVcOKYdOdJ/3Z6DJc9s1GbG/rjPi5zh6Uj1SbDS/trMf9m3fDLgAj0lNx1qD8oG3PT3EY7hfrsom4Z8oI3PDdVmSbKnmJEpWvZQMcw65TH4iksJddCv+B1UDJuYAtDY5BF8Fb9z7sxWdEvay9YCHgyIaYJO+fgrNUvvR+31eBkQLsZRdCSB0Ce/llhgc8JQ27Dl2rroG/vRKiswyehk/RtfKqwBtkwF50MuxFp4Rcb9L4O9Xl3Gtv1Lat+Ew4Rtxk2F7BOQiCU77qRkguBHza7X0E1wgkjfw1PFWPG5ZxlJwNX90HsJeeA4jaMyaElEJAEAzvKaQORsr0Z6Jet5BSCMFpfOidregUJIl2eHa/JFf9OtJhH3QhHOWXy8vYswBHDsRk5cSViKRh18G9+S+AvwsQ5auPxJRiiM5SEPUV4ZSfVwSeqKNU5ikv2GY7/tuv3iWfHZN0B86SkmENXLopSZLaL08kdZ78Tz9PWV5uX3O38aFNb987pB937/j10scH8P7XLXj6T+VxVUlsdu9ze9Ha4cftPwr/xF06NEmShD21zUh2+CEIQqDyXdD9PytCECTtXk8AtJIGY0ySJAGAP9CW5ykxbfqOJwzvu3tmz58GS8G+bd2N8za+hP9NuhqjnLkDvTkH5bmGtbhr1xKsnHYdUkRexh9P+ivOnLa60vC+yxZMj/VHI6JDSH/FmvTNZxne13nMklh/NCI6hOjjDCCocUZrK7FHMMwDoJsHNZ+jj0nK6263XMy0evXqqLdr6lT5IW6iXIqnr8hjm+1EatPhaOHsdHR2SajbF9+XpW2q6sLpx2ZEMZKI+tqs9DKMTy3Aytbqgd6Ug/ZdazUuKZjM5CkRERERUS/ZjY8nt6rUYz/747ifDkvZ6TY89OtSFOXGdzLgjmuLDbdgIKL+9eyYc5FqS4pi5KHtlrJjkeVIiWIkERERERFZsasVeerUVKnHfvbHdT8druI9eQqAyVOiAZbviI+HLukffEVERERERD0nyiV5ckMuyFPa5in72R+P/URERERERERERKFp90A95CoD2c/+/ugnIiIiIiIiIiIKTVeBajFFiPnsZ3/c9BMREREREREREYWmq0C1mCLEfPazP276iYiIiIiIiIiIQhMlU6Ue22wnUpuIiIiIiIiIiCgcUYAQuJxZCOSU2GY7cdpEREREREREREThBCpQBbUyj222E6kdj6qqdmPxkq8HejOIKI61tLTigw/+h64u549kFQAAIABJREFU90BvChERERERUczZlYo8TjlNxGk8evqZl7F12w6MGD4UgwYVD/TmEFEc+vCjz/H2Ox/CZrdjwfy5A705REREREREMSVKkr4iTwDbbCdSOx55PF4AQLene6A3hYjilMfjCUwZZ4go/kiShM8Xf4X9+5sGelOIiIjoEGEXBDmZpFbmsc12ArXjhdvtxvsffIblK1Zh165qAMDtf74PEyaMwdxjZ+PIGVPVsXv37sOtf7wbbW3tluuy2+247idXYubMab0aH843367Exx9/jurqOnh9PpQNKsH8E4/F0UfPHJDxRBQ9SZKw9KtlWLzkG2zevA0A8MKLb2L5ijWYNXM6Tph3DJKSHOr4W/94Nyord1muSxAELFhwHC6/9Lygvm+XrcTixV+jsmoXOjs7kZubg8mTxuPkk05AQUGeOm7fviZ8/MlirF69Dg1790EQgPy8XEyfPhmnnjofrtTUiJ+pN+vYvmMn3n7nQ2zfXon29g7k5eVizuwjcOopCwyfv7fjiRLdiu/W4PPPv8KOyp3o6OhAamoqhg0djOOPOwozZkwJGr+/6QDeeecjrFm7Hk1NzUhPd2HypPE455xTkZOdZRhbW1ePZ599DVu2VkCAgIkTx+Lyy85HdnamYdyHH32O555/DaedugAXXnBmzD8zEQ2s/fubcP8Dj+JAczP+fPvNhtixYsUa/PPhJ+H1ei2XTUtz4S+332w4RiGi+GRXkkmSZEwusc12IrTjQUtLK27/y32oq2swzPd6vVizZj3WrFmPeccfjf+7+mIAQG1tfchkqLJce0eH2u7p+FBefuVtvPPuR4Z5FdsrUbG9ElW79uDSi8/p1/FEFD1JkvD3h/6DFSvWBPVVVFSioqISS5Z8jb/e8VvYbDZ4PN6QyVNlfS0trYZ5Pp8fDz/yX3y7bKVhfkNDIz75dAkWL/kad935OxQXFeK7lWvx93/8B36/3zC2uqYO1TV1WPHdGvz5tt8gNdUZcht6s47Vq9fhgb8/Bp/Pp86rra3H62+8h3XrNuF3v/0ZHA5Hr8cTJbrnX3gd73/wP8O81tY2rP1+A9Z+vwE/WDgPl116rtrX0NCIv9xxP/Y3HVDnNTU1Y/GSr7Fq9fe47Y+/RmFhPgCgvaMDd/z1ARw40IKyQSXweL1YvmI1Ghv348+3/0Y9LmxtbcMbb74HQRBw1JwZ/fbZiWhg+Hx+/P0fj6OySj5u2blzjyGBun1HVcjkKQB0dnaiu9vTL9tKRANLuweqPrkUoXKP/eyPl/548Mxzr6rJ04ULjsOcOTOQ5nJhf9MBrFixGl9+uQx79+5Tx+s/989/9iMMGVxmWJ/DYUdWVmavx1vZvmOnmtycccQUnHXmyYAAvPnW+1ixYg0++OB/OGL6ZIwZPaJfxhNRz3y++Cs1eTpxwlicesp85OXloL29A+s3bMFnn32J/U0H4PF4YbPZDBX+p54yHyeecKxhfYIoBFWGvfnWe2rydPbsI3Ds0bPgSnOhpqYWn33+Faqqdqmr3dvQCL/fj6lTJmDOnBkoLMiH292N/332Jb5dthK1tfX4fPFSnHLy/JCfqafrcLvdeOzx5+Dz+VBaWowrr7gAOdlZ+PqbFXj9jfewddsOLHrvEzn+9GI8UaKrq2tQk6cTxo/BJRefg4KCPDQ0NOL5F17H+g2b8eFHn2He8UehtFS+x/vTz76C/U0H4ExJwVVXXYQRw4egYnsV/vvUi2hpacPjTz6P3//25wCAb75ZiQMHWjBp0jjc/Osb4PV6cctv/4odlTuxYeMWTBg/BgDw6mvvoqOjEyfMOwZlZaUD+Bchov7w+huLULG9UpshWf9GtNlsuO//3RY0PzXVCZcr8lUvRHT4s6uVeeapuXKP/eyPw/54sGrV9wCAGTOm4PLLzlfnFxUVYNzYUbj4onNgs4mWy2ZnZSI/Pzfq9+rpeMVHH30OAMjJycYN118Nu90OALjhuqtx0y//hP37m/Dpp0vUBGesxxNRz3y3ci0AICsrE7/65bXqPgYAw4cPwemnLYDX67WspnS5UiPGjfaODix671MAwIL5x+GKy7VYNnzYYBxz9Cz4fL5AchY46aQTcOyxs4N+sIwdOxIbNm5Ba2sb9uypDfuePV3HN9+sVKtmf3bjNWoC5+yzTkF1dR2+XbYSn/7vS5x5xkkQBKHH44kS3c6de9TXP/7x5epJlvLyUlz7kytx/Y23AAAqK3ehtLQY9fV7sWbNegDAhReepVaLFhbmo7OzC/996kVs3LgVtbX1KC4uxJ49NQCA8eNGA4FbEI0dOxK1dfWorq7DhPFjsHt3NT77fClSU50479zT+v1vQET9a9PmbUFXsIUiCEKvfgcRUfywCwKMFXtKW63cYz/747f/cOf3++H1ypeGZmakW45xOOyW8/U6OjqRnJykJif6evyGjVsAAEdMn2xIvNjtdhwxfRI+/mQJNm7a1m/jiahnvIGH07lSnYZ9TCEIQsRL0d3ubgASkpOTg/pWr1oHj8cDQRBw9lnWFZnmeGNV7eH3+9VL8rNNFa5WerIOJc6UDSpRk6GKmTOn4dtlK3HgQDPq6hpQXFzY4/FEiS49Iy1kn/5EsCvNBej2SQCYZboP+8wjp+K/T70IANi4aSuKiwtht8sxRNJVl4mifPJCuTz3mWdfhSRJOPvMk5GeHnp7Dtbi2iY8XVmLnZ1utPv8USxBh4JF08fEdP2CANhtIlKdSUhKiu4Ym3qvvb0DDz/yFCRJwkk/mIcPPvwsquUkSUJHRydSU508AUqUYOySBOsKPU45TYDp4U4URQwfNhhbt+3A4iXfICsrE7NmTo/6x/ii9z9BRUUlmpqagUAl2fnnna5exnaw4xFImhw4II+32i5lXnNzCzo7uyCKYkzHO50pEf8uRGQ0YsRQbNi4BdU1dXjk0acx/4RjMXRoeVQnUdau3YBvv12Jnbvk6rKC/DycdNIJWDB/rjpmR+VOILC/CoKAx594Hiu+W4POzi4MGlSM005ZgNmzj7Bcf0tLK7rcbjQ0NOLdRR+jvb0DqalOzJt3dNSfL5p1KLdKCRdnAKAmUO3W0/FEiW70qBEoKSlCTU0dHnvsWVx22XnIz8tFfX0DXn7lbQBAbm42JoyXK0jr6vYCgQe4pAWSqor09DSkpbnQ1taO2tp6AMCg0hIAwPoNm3HqKfPh9Xqxbv1mIHCiY8V3a7Bx01YUFRVg/vy5+OrrFVi/fhP8koQpk8Zj1qzpfXLs+L+a/fjd+sooRlKikSTA4/WjubULmekpTKLG2H+eeA779zdhwfy5mDJ5QsQEqtfrxZP/fRFffb0cXV1u2Gw2TJ0yAZdccg4K8vkAKaJEoKtAhfHyZv189rM/TvvjweWXn4+773kIbW3teO31RXjt9UVwpaZi2LDBmDhxLI45eiYyQlSnmh8Is317Fe6+5yH88qafYOrUiQc9HoFLcxUuV/ADXVJ1T7nu6OiEIAoxHc8EKlHPnXbaAqxesw67dlVj6dJlWLp0GRwOOwaXl2Hs2JE45uiZQVWWis1bKgzthr2NePqZl7Fv335cdOFZAIADzS1AoCL0rnv+gaqq3er4nTv34J8PP4nmlhb8YOE8w7q+W7kWDzz4qGFeYWE+fvmLa5GXmxPVZ4t2HUosS7WIMy7dg6Y6Ozp7NZ4o0dlsIm7+9Q24976HsW79Jvzm5j8b+ouLCnHTz3+kVru3d8gPuAx178HUVCfa2trREdjH5syZgdfffA/r12/G72+9C52dXWjY24iyslKMGjUcv/3dXwEAl15yLp5+5hV89vlSdV1Lly5DZdUuXHzR2Qf9OZ+pqjvodVD8a+/sRlJS6Ach0sH57POlWLFiDUpLi3HxRWdjy5btUS33v8++VF/7fD58t3ItNm+pwJ13/A65udkx3GIiOhSIkoTAvSJ1lahK2zxlP/vjrD8eDB1Sjnvu+gNOP22hWsXU3tGBdes34YUX38DPf/FHrF69Th2f6pQPxux2Oy684Ew8eP9f8Phj9+OnN1wDZ0oKJEnCM8+92uvxZpJfS1Rb3pNdN9NmE2M+noh6zpmSgr/cfjMuv/Q8jBo5DKIowuPxomJ7Jd5d9DFu/u0deO31Rep4m82GpCQ5yTH32Nm4+87f48nHH8Dtf/q1mmhd9N4naNy3HwDgD1zCum3bDtTWNuBXv7gWTz35d9x9160YPmwwAOCll99Ce3uHcbucKer7KOrr9+Kx/zyL5kBSNuJni3IdaqyxiDP62CMG4kxPxxMRsHLlWjTsbbTsa9y3Dxs2blXbyj4mhXjgi7LvKZXySUkO3HLzjZg0cSxqauvR1t6OmTOn4Zbf3IiPP1mMhr2NmDRxLLKzMvHZ50uRmZmB+++9HXfe8Ts4U1LwwYefob5+70F/xl2d7oNeB8U/H2/tEDO1tfV49rlXYbfbccN1V0e8BZEz8FsoOzsTN97wf3jkX3/DI/+6B+eecyoAoK2tHW+8+V6/bDsRDSw71Mq8QEUe22wnUjtOZGVl4ILzz8AF55+BtrZ2bN9ehe/XbcL/PvsSbrcbj/z7aTzwwJ/hSk3FiBFD8atfXofiogIUFRWo65g5cxr2Nu7Diy+9iYaGRjQ0NKKgIK/H48301VcdHR1B/fqEiMvlgtfnjel4Iuodu92OhQuPx8KFx6O724Oqql3YtLkCn3y6GE1NzXjzrfcxfvxojB0zEqIo4tbf3QSv14fRo4er6xgxYih+/KPL8cc/3QMAWL9+M46bOweuNK2C7OKLzlIr2ssGleC6a6/CL399GzweL9Zv2IyZR2r3Ohw/bjT++8TfAQCdnV3Yum07/v3oM6ioqMTTz7yCn954TcTPFe06Ul1OYK+xql6hjzNpgTjT0/FEiW7t2g3qCdlzzzkVc4+djYyMdLS0tGLJF9/gtdcX4elnXkZJcSEmTBiD1EDlaUeIKm5lP9NXqJaWFOHm39xoGHfgQAvefudDiKKISy85F6sCJ51nzZqOwsJ8AMD0IyZj6dJl2LBxizqPiA4/Pp8P/3z4SXR3e3DpJeeivLw04jIL5s9FSXEhxo0bZYgnZ515MrZVVGLt2g34ft2mGG85ER0KRKiVeYGKPLbZTqR2HEpLc2Hy5PG47NJzcdWVFwKBitTKHbuAwMNepk6ZYEiGKgYPHqS+Vn549HS8mTMlBVlZmQCA6urgp2JX18iXsuXl5cDhsMd8PBEdvKQkB0aNGo4zTl+IP976S3X+Ot0PiOHDhxiSp4ohFnGjqFCLL+Vlxh8zRUUFavV4W1t7yG1yOlMwedJ4LFxwHABg9Zp1oSvTerGOkuIiAEB1dfDlt0qcge7+pj0dT5TovvxqGQBg7NiROOvMk5GTkw273Y6cnGycdebJGDt2JADgq29WAABKAvtOW1s7WlpaDetqbm5RT16UlBSFfd+XX3kLXV1unHjCsSgtLUZzYF3ZgWMLAMjNkR8ot29f00F/znJn8IP0iMx41VRsLPniG/U2Qc89/xouuew6XHLZdbjrnn+oY+69/xFcfc1N2LxZfgCt05mCGTOmWN4uRDmmCfU7iIjii6hU5HHKaUJO40Djvv3weDyWfeaHKiBwqVuoS9AqKqrU17mBe//1dLwV5YEP36383rCtHo8XK1d9DwSqwPprPBH1THt7B1pb2yz7XK5UywerNDQ0Wl6CqI8beXly3Jg0aZw6r2rnbsP46po6dT3KPUk9Hk/IZKryI8bj8cLvDx3ne7qO8YE4U1NTh927qw3jly1bCQQekJWfn9ur8USJrrvb+lhGoRy2dQT2T/0DLL/5dqVh7LfLVqmvx40bFXKdlZW78MWX38LlSsU5Z58CAMhITwNMCZGuLvmy+6SkpJ58JEuXDwmf0CUCAJfz4P9fo2BSlA8Sdrvd6OiUq9u7utzqA3TNlGMa5XiGiOKbHRIAAbrKPOWBO1qb/eyP1/7DXVNTM276xR+RlubC3GNnY9y40cjNyYJfklBZuQuvvvoOEEhwjBw5FADw6mvv4O13PsLQoeU4bu4clJYWI8nhwPfrNuHNt94HAEycMBYZGWm9Gv/Ci2/iy6Xf4uSTTsBppy4AAMw/cS6WfrUcBw4046F/Pan+SHn9jfdw4EAzBEEwPBwm1uOJqGdu//O9aNjbiNmzZ2DalIkoLMyH3W5DfUMj3nnnQ/WE1NQpEwAA69Zvwt33PIScnGzMO/4oDBs2GBkZ6di9qxovK3EpNRVTJo8HAAwuH4RJk8bh++834sWX3kRmRgbGjx+N+oZGPPHk8wCAjIw0NSn5l78+gMrKXZg6dSJmHjkNhYHbh6zfsBkffbwYADB61HC1gmfZ8lV45tlXMHLEMPzspz+EIAg9XsfMmdPw8itvoaWlDf/45xO46ooLkZOThaVfLceK7+QH7J10khZnejqeKNGNHDEUK1euxaZN2/DmW+9rl/C3tmHJkq/VarARI+TjmYKCPDVuvPLq2/KxzoihqNheiVdefRsAMGPGlLAPlHvm2VeAwC0DlJPOQwaXAQDWfr8B5517OgBg3frNAIDhwwcf9Oc8oSQH9wgCnq6sxc5ON9p5r0sKEATAbhOR6kxCUpJtoDcnLp0w7xjMmT0j6ATq1m3b8fAjTwEAfnjNpZg2dZL62+buvz2EiopKTJs6ETNnTkNhYT48Hi8WL/kaGzZuAQAcNefIAfg0RNTf5OtZA0lUrTIPxgo99rM/nvsPYynOZOTkZKGxcT/eXfQx3l30cdAYh8OBa39yJZKT5UvGSktLIAgCKit3obJyV9D47OxMXPN/l6jtno7/5NPF6O724N13P1YTqCNGDMVppy7Au4s+xsqVa7Fy5VrDOs45+1TDPYhiPZ6IeqaktAjVNXX44otv8MUX31iOOevMkzBy5DAAQG5ONlJTndi/v8nwcCmF3W7HtddqcQkArrn6Evz1rgdRX78X//jn44bxNpsNP/nRFbDb5cOWweWDsH17leX+jsDTt6+4/AK1veSLb3DgQAtWfLcGu3fXoLy8tMfrcKak4EfXXIb7H3wUNTV1+OtdDxrGT5o0DifMO6bX44kS3fwT52LZ8lWorNyF115fZBk7hg4tx/wT56rtq668ELfdfi+am1vwyL+fMozNy8vBZZecF/L9vvnmO2zdtgOlJUU4Yd6x6vyJE8di6JByVFbtwm9/dwcgCKipqcPQoeV9djXLccXZOK6YT+wmGghOZwqczhTDPP3D67IyM9TkKQK3Ftq2bQdWrvpevbJNb9y4UTj1lBNjvNVEdCiwjZz109sEQUsyKZV68lQexH72x2v/+Sdmhdg1+qY69Z2lxietXrQg1Pv1jsNux/HHHYWszAx4PF50dnWpl8Clpblw7DGzcN1PrlSrNRA4CJh55DSINhvcbje6utwQRRsKC/Jx3Nw5uP7aq9R7ivZmfFtbOyoqKpGcnKQmUAFgwoQxKCoqQFNTM9o7OpCcnIShQ8pxySXn4MQTtB8u/TWeqD+0tLlht2mXiwmCoMYmQH5trIYPFXuUQKabExj6WNNqw/xfDDqqz7ZfMfPIaSgrK4XP60NXlxudXV1q34wZU3DVlRdi7rFz1Hnp6WmYd/zRSE11wt3djc7OLkiSH9lZmZh+xGRc++MrMXqU8f6oqalOHDXnSNjtdjS3tMLt7kZqqhOTJo7DtT++AmPGjFTHTps6ESNGDAEAuN3dcLu7YbfbUJCfjzmzZ+D666823LdZFG1YvkL+Oy2YfxwyMtJ7vA4E7lc6edI4HDjQjNbWNggCUFRUiFNPmY/LLjlPTfD2djxRb/RHnHmx7oBh/g+Hl/TZ9ivsdjuOPmom0tJc6Opyw93lhs/nQ6rTiSFDynDSD+bhqisvQnKydmmzy5WKObNnoLOzC83NLfB4vMjNzcZRc47EtT++Ajk5oY+73n73Q+zZU4Prr7vKsK8LgoApUydgb0MjqnbuRleXGzOOmIzrrr0aKSm8fyklrv6INcmNLxvmOwZf1WfbH44zJQXLlq9CqtOJs8482bCvT506ESNHDoPkl9DldsPt7kZKSjIGl5fitFMX4orLz4fNxophor5gjDOCGme0thJ7BMM8ALp5UOOPPiYpr30+OV9SVxf8nIJQiouL5XWc/PMK48PIzfGMbbbjuP36PfKlWPpqVEkpUQ0MlCRJ7ZcnkjpP/qefpywvt6+523i/nLfvHYJYu/UPd6Oyahf+8uebMWzowV9q1hu/u/VO5Ofl4qaf/3hA3p/oUCBJEvbUNiPZ4dceXmf4sSFCEMz34lJeG2OSJAkA/IG2cg8veTp9xxOG990989ex/mh4/oXX8f4H/8PFF52FU06eH/P36wvPPf8avly6DI/86x6IIh/OQfGhv+LMaasrDe+7bMH0WH+0mNvfdAD19XsxVndyhois9VesSd98luF9nccsifVHI6JDiD7OHHwCVbJMoHa75Xucr169OngDQpg6dSoAQFQr86BV5rHNdsK045DypHmHwzEg7//tspXYvbsGZwfuQ0pE8UeJLwMVZ3pq374mfPzJEpx7zqlMnhIRACAnO4vJUyIiIopa8D1Q2WY70dpx5vLLzkfVzt0oG9T3l9dFY9So4fjtzT/F4PJBA/L+RBR7Cxcch7Q0F445etZAb0pUsrIycP21V+HII6cO9KYQEREREdFhSE6gClpSiVNOE2oah4YOLcfQoeUD9v452VnIye7be70S0aElMzMDJ590wkBvRtRsNhtmzpw20JtBRERERESHKfk6NqUQj1NOE3FKREREREREREQUgmh4gpQAsM12IrX7HrOyRBROX8QIxhkiCodxhoj6A2MNEcXaoRUjREGfRZIAttlOpDYREREREREREVE4ooTwlXrsZ3889/ccs65EFEsS4wwRxRjjDBH1B8YaIoq1/o0xooDwlXrsZ3889xMREREREREREYUjhqrUY5vtRGj3JUEQIAhMzBJRaL2JE5K+gJ5xhogiYJwhov7AWENEsXawcaaviVaVepJF5R772R+P/aFJUe14ys7ML38i6gk5ZqjRKKqxjDNE1BOMM0TUHxhriCjWep53iU0WVVeBqk0FU5v97I/X/t6IlFjlAQERWYkUG/SxhXGGiHqDcYaI+gNjDRHFWk/iTH+xaxV6SmUe22wnTrsvaGddzfOIiLRLT8xf8j2JE4wzRBQO4wwR9QfGGiKKtVCX7R8KcUKUJFNlHttsJ1A7WofqDkxEhz+rS1J4exAi6kuMM0TUHxhriCjWBjI3IwqCEEgmaYGNbbYTpd1b5h3UfBZ2IMrJiejQFSlGRHMgwDhDROEwzhBRf2CsIaJY602c6Q+iJMnJJGNlnq7NfvbHcT8REREREREREVE4WgWqrjJP0lfqsZ/9cdxPREREREREREQUjqECVZsC1vPZz/746o8NJmaJyEpfxgbGGSKywjhDRP2BsYaIYu3Qiw12CIGkkiBX5rHNdkK1wxDCPiFSP18K6pd4iwCihGe+N48Q9ERJCYIghhivxR9BECBJ/qBxDDNExDhDRP2BsYaI+ptVnIGuCE7ut14uVslXEUoyKVCZxzbbCdUOMB8UIMo+/Rj9OPn1wNzYmIgONYIhRgQfDET3wAXrdTDOEBEYZ4ionzDWEFGsBedWos3J9KavJ+QKVEhqZR7bbCdUO8TOFb6CVFLPkurPmvLMKRFFQw5F2o8GLaYYK9slST9G/sfqdiKKBuMMEfUHxhoiirVAGseQSJXnSWFPvPRV0lRPrkCFoFbmsc12QrXD4pc6EcVaNHGGsYiIDgbjDBH1B8YaIjoUxC7OiHIuSV+ZxzbbCdSOtOvphoS/PMV4H1TlDAkRkXVM0MefcJeoMM4QUWSMM0TUHxhriCjWIsWZcHmZWBe2i1DK7tXKPLbZTqB2L4X6gucXPxGF05PYwThDRL3BOENE/YGxhohi7VCLHboKVF1lnqHNfvbHcX8vhDooEAQh5mc8iOjwJklWFRky/TzGGSLqLcYZIuoPjDVEFGvRxpn+IkICIBgr84xt9rM/jvsjUMYEjw1+kFTwsge/gxLR4S9ULNBih/zQheAfG9qN0RlniCgcxhki6g+MNUQUa5HijBT0oLpweZu+ZVe3QP/kcbbZTqR2gKCbJ1j0W803to0HC72tcCWi+KOcOZVjhh+AYDoI0MZZLQs1pkgQRVE9aGCcISIF4wwR9QfGGiKKNa3qNPgETKQ4Y57fl0lVMbBGrTKPbbYTrR2WVmlqZt4prQ4ciIgUSmwwX4aihCSr8fowxThDRJEwzhBRf2CsIaJYCx1nrPM4kkVlal8T5YSurjLPPGU/++O5v5eUS1GCV6FVsA7EPTmI6NBjjAfGoKF80Yeu0mCcIaLIGGeIqD8w1hBRrPU2zvQHUdKqYY0VeoEp+9kfz/3hmO+jEW15uLmsnIgSl766wursqVWcCTcPjDNEZMI4Q0T9gbGGiPpLqDhjJdq8TV8QBeiSuhaVe+xnfzz3R8d4ttS8Eyt9wWdJBAwrsRvW5PHy6IAoUXR7fLCJgu4sjlZlAd2Bgdan/7IXDOPDxZkJKQWG93VLvlh9JCI6xPRXnBntSjG+r5/HM0SJpL9ijd85yvjGUneMPhERHWp6FmeMr5XK1FhT74EqwVipJ1fu6Sr52M/+eO3X6cnZCuVSFPNy+jMl5UXGBGp7pz/q9RPR4a2zywNR/pYNqsLQ/2gIF3fMccZqHWNS8gzLtHi7YvFxiOgQ1F9xZrgr2bBMm5cnaogSSX/FGsk53LiQty0Gn4aIDkWh4gwM+ZaeXb7f19Wo8uZZVOoJMFbssZ/9cdsfhXBl4cqZVOOBgNw+eXYq0pza2D0Nnqjfk4gOXx6vH+3tbjjsYiA2yPP1l6pZnXgx/9P3h4ozV+VMRaZNS25s79rfnx+ViAZIf8aZ84pzkW4X1bFV7TxRQ5Qo+jPWePPPhWRLV8f6O3b150clogHSmzhjNY010ZBCUir12GY7QdqR6M90WOXpRijsAAAgAElEQVRb9WdSrZYpzLHhlxdnISVJnvPW4mawaIMofnm9fjS3dKJhbytSkm0QRetKdZkUVLkhScZLULT+0HGmPCkTj5SdhlRBrnh/tGY5PBKr3Yni1UDEmZKUJPx1TDmc8s2/8HxlLby8aSFRXBuIWIPkYniG/gWSKN82xLP7ZUDyxvaDEtGA6U2cMTPHmVgSTvrpNh79UMJ68/8NhWTxA0A/T3ktn/Uwz9OmSr/8Wt8vwOeT0NTmgzOpR4WvRHQYEQRAFAXYRAEOu/YjQT5rKpnOoOqX0/q1+4JBN08fj4xxRusX4JX82NvdgQwpGZK/f87CElH/GvA445ewv9sDF0TwPA1R/BroWCNJXvjdzehGOnx+0WILiehwFy7OIKj6NHTVqT4OWV/2D8M8d1c7AGD16tVRb+vUqVMBAHY5RGm3euaU00SaRrdjC4Yv9VAnNfTjAOOBgigCuRk29cyIPimrb5v79WO0ttSjdj9VsxMdksz7T6SzkuZ+84+CwCtD2+oLW94Pg38s+P3B8/TLSJKuCgPGEzLKe8vr0L8PIEl+iBJQ6EiNSZyx2lY9xhlKZAkVZwDkJdkZZ4gGQCLFGkkSISRlI5mxhqhfRYozkdtWfZHijBYrrJOngrqvW22vOfEaS3ZzMoltthOp3TPaThucVNUnT6WgMeoaJBgOQMxnZK2/38N/6VsFsUgHCkSJwvpLPLrxwcsIpvnGL3lljNXBgbJPWlVwGMfEPs5oBzH6T2qOGeH/VowzRBrGGcYZov7AWMNYQxRrPY0z4fY3fRV6T+OMcRuClzNuW//tv6xA5TShp8rOF3zm0fqLVP7Stj4zqU+CWlWtGi9nMa9bMgQGfbCx3obwQUJ7HyJCiH0peEzwIP2+pPUr1RKC6cdC6C95URQDVRZWBw6BtRpuE2J9AKOPM6Ioho0zoT8z4wxRLDDOGD6V+h6h/jaMM0S9w1hj+FTqe4T62zDWEPVcX8eZEGsImyCV9/3QlaXhYkOobTtYhgpUQ1IpUtKJ/eyPg/5ohUuymvu0JKvW7/fLNwqTJD8AJagIEQ8GrLcl2m2ObhwRyawPnvVPgdTPM365h/uhEerg36piQ4lMVj9IIsUZqynjDNGhhXFGv22R/lo9G0dEGsYa/bZF+mv1bBwRyQ4+zsj5EWUfF0XRMMYqzsAUS8x9ofr7il0NSkpSiW22E6gdTnBiVH9GFGopuvUXPdR7+pgvRdG9g+7SE331qWTxBd67IMADAaLge/mEZj4wD94XjfuyuUJDWYfxC1w7QAj+4lcqLrSDBP2Pi8hxxvyDw+ozMc4QxR7jDOMMUX9grGGsIYq1gYozWvGZBFEMPnmjn+oTrLFMmJrZDcklJTCyzXaCtNVd2ZQsjUT/Za+fp1WaSkEHF+aDhcBSgT5lHdr6jNtj3jalHT5Y8FIUomj0bEcJ3l+lwPzgfVw7kRL8o0ER+iEMygGE+eEIxvF+v7YtyjxtvH4583ZH+jswzhD1HcYZ678D4wxR32Kssf47MNYQ9Z3IO4o+4Wm+pF9/giVUYlQfG5TKVPXdIzxYKtz2HCztHqiHWGUg22z3RzuaHc2qClU766mcJfEb+rV1y+9odRCiJVkldZzfH/xefbWzE1Eoxi/uoF7dF3/wWVMELauMFwQh6L49Vq/lig2/YZ4SF+QDBuOPC/OBRjRxRv9ZteoN4wEKEcUS4wzjDFF/YKxhrCGKtZ7EGS1vAst9PnKcUeKF/hJ/8/r042NJuwfqIVYZyDbb/dE272xWVajhkqjy7OADAfNr89T8PsYdPfROHyoe9KR6lojCC787Sbpx5oN6+bVWfeEPigf6sZJ6mZtxncZt8ZsexGB8T/045SSMuXLD+FpSf5won9X8efm7gyj2GGei/EMR0UFhrInyD0VEEYVKVgbHGcFQ1W6+pQd0+78+eQqEP0mjnDBR4ky0ydO+TKraJYvkjiHZxH72x3H/wVC+vM339IFFElW7tF8fIEIfrGjrN26pfGBgdSQUKlgc5IckigPRnl/Qznwa5gZVO8DiC924vBTxAAC62BGJYLrvsn49wSdr5G0MFVtCV2YEH9REGyUZZ4gYZxhniPoHYw1jDVGshYoz5vnW+6A5uRk+zijLSKZL9UPHGcmQT+lvdugyvpK8dYZKPfazP677TfRf3tHMR4gDAePZWKtLT8JXpOrf1zTH0Ip0QMDCVKJIIu0kguWXtH6efL8uQf3yN//4ML+G6T5igDF2WLWV91FuqA7T/h/8WjlhY67u6O2PCsYZot5jnGGcIeoPjDWMNUSxZnVCRb/jWO9f+gRpqBM0yj6utI3FZeFPcIRKqPZ1otWOUBV6nHKaANOeEHSVpEpbOzDQHzTIU/1Bg/kAwlyRaixzD5XE1SdgYVgfEfVW8D4UzRew/keCVXWGebz+RwcA6O+FbjVO39bHGW1+cGyx+qFiPmGjX0eoONib+EhE4TDOmDHOEMUCY40ZYw1RXzPvT0p+JXicoEuuSpJ2SxCrilME7e/GOGOVA1HihHk9sWRXKvKUSj1D2zxlP/vjrd+C/ktbT598tRqrJFGVs7DmACDpKk2t+5QDAiUQBJ9VNR7shPoERHQwrA62JQmm/VcKGhtq/1ZeaxUbxmXNMQUW+7e2Lgnm+4KZxwcv69e9Nr9f8GcnothjnCGi/sBYQ0SxYI4rwbmL4FhhnBrjjDJPv14l4RqugCxccVwsTp6wApXThJ6GYj4AMB8MWLW1ABBcYm4+CJEPFuQbpOvPuuqrVyXJ+qBDGdObgMADCUoEB/Nlqewi5svQ9A9FiFSZYTVPiwnGAwWrHxqwiDPaJS8SlHuY6eOMfrzxfYNPvBg31RxnlM8b7q8UHuMMJQLGGcYZov7AWMNYQxRrfRNnzPusPvmpT5rKhW1yHDDmW0LFGUnS4kyo7TYvfzCfKZzAPVAlU6Ue22wnSDsMc2LUqg+mYGFOoipf7PIOrN0CQBAk9SyN1XtoAcaYVEUg6Jjxy51IE+3+YP3FGqpKwvo99Puqeb2S6ayr/geM+QSNeV64PuNr48mXUJ8/9N/EOsYxzhCFxzjDOEPUHxhrGGuIYq0v4ow5cWp1j2JBEHSVqloc0SdTw1Wd6mNYqFhmlWjtS2ErUJUsEPvZH7f9EYQLJoLpnqhW8+S3EOH3+yGKkqG03Xw/Vav55nWbhRpLRJGZfzBEGmc11modwT8yjMv37MdApB8P2okV84+OcOuNfKBk/eOGiHqGcSYcxhmivsJYEw5jDVFfUPYf4z1Hw5+gMN+fVL8ObR+XAg+WEyEIfovkqnH5cPc81SdZYyFQgWqqzNMln9jP/rjujyDUgQHCnEXVzpAobX/g5ur6ClToxgUfjOjXF/xaX5ouBo0jop6x2n1CffHqxxr3Va0v1I8Mq/eyqvaIrt883/ijA+oJHOt4Eu4JmRZbYTmWiKLHOIMQY8KPJaKeYaxBiDHhxxJRZNb7fvCJl1D5DH11qHJyBoEkqShKAPy6y/W15c3rDpckjWXyFEoFqrlSj222E6UdjvaFHZxENQcCcyWo8jbKsvJ4/ZnU4GRqcLJULn03J06tNjvaQMFEK1G0gveV4P3MeAmbdk8xqxMiodan/TAw75+R+qGLB/ofHfo4o//hEU0lR4yPOYjIgHGGiPoDYw0RhXYwSUftuS3auuTXwYlPBC7Rh1qBqpws8atjtNscBscEfeWpVRJVn5yNVSLVDugr9QJJG7UNsJ/98d1vzepLX5lnlUwNrjo1rseYSIV6QCAFHhalbJu2rHbWJdTZWiZDifpO9CchjMtY/cCItL5wZ0z1MSPUctY/Eqz6rH94QHfiJhLGGaK+wzhjjXGGqG8x1lhjrCGy1pt9Q9nnzDkLbZ1CIDeixQPlRIrcNt7O0Jz8FARtWX1uxVzdqm1H8C1JYpFEtQPGy5055TShphZCBRDrSlN91aj2BS6ZLss3H0Bo69EfXGjJU0mS1LMz2vvzi58oVoJPUBj7raourKsrrPsQ4cdCpO3pzRjzDw9jn/W2xOA4g4gCGGeUbYz4tkR0EBhrlG2M+LZE1EvBV+QGxxDtxIykKzTT8h+hKkqV16GqUc3xKdQ9UWORRLWrySSYkktss50I7R4w79RWyVO98IlUUa02VRKz2jDrs79yf6hL/Ymot6wuYzML9+NBGxN+/ZFCjtWZ0whLRBgXbn3WyyhxpmfbQUSRMM7ox0Rajoh6i7FGPybSckTUc9b3JLUcaZqvJDolSbCsUteqT82X5hvzLeZxsbxk38yuvllgi9hmO5HaZtHu/MY+485sXsZYuapsg3YJP8IEnuAEqWQxLvS28cwrUTQiH0xbfymHX86qwiP82ODKiWgO9K3iT7hxetbLsIKDqO8xzpjmRlyOiHqDscY0N+JyRGQUaVcNv39aJzODE6ZSII8SXJFqrlQ1XtIfepus3revk6t2AboMkCSBbbYTqX0whMB9VLWbHwcnT5XX+orTSGO1hKlV4LFOtoZO/Pb20xHFv558mUZbsRDpkrdQ43t26VpksaiwYNUGUc8xzvQM4wxR7zDW9AxjDVHPBVeGWlWkC4GiMaUdnAwNToxqFalWVaVaxam8/oE8EWKXdB+CU04TbaoXOglpnazUzoAY742q9SvLKe+nzdMHDkmXNJVnKWO019q6w28rEUWvL/ajaONIqGV7Mv5gtpcxg2hgMM4QUX9grCGiWOvZPh48Tx9izMlR/RSmHKUyTqtQ1arazSd6rE4mhZrfG3YBxsq84Cn72R+//ZGESp7KCU8tAWo+42pMshqTp/p1yv2iOk8UzYlV60Bl3A4iirVQX7o9PYY3fsn3eCt0y/Z04VDbzx8hRIcKxhki6g+MNUR0cMLdQtCY+BQEfTWqcgUvQiRKJVglR62qUpV8TLRJ1L5ilyAnmSRdaS3bbCdKW7+j9YRSUWqepxACT6LTB4dujx9enwRRFODx+M2rDMMqADBxSnR4OtQO7hlLiOIP4wwR9QfGGqLEFM2+Jpmmwex2EZLkh90mIMkhV5cqCVdRDJ0U1RKs0W9xXyVW7YG8rbEyD8bKPfazP177w4l86b5Vxak2RqkmFQQB7Z1eZKanwGYT+eVORERERERERAlOgs8noam5A+kuB6BelWusRDVP9Q+V6s8qVFG++6Kg3HVRngpyhZ7SZj/747U/WlaXzIe6xN5clt7l9iMnKxU2m43JUyIiIiIiIiIiCLDZRORmu9Dl1vIrVs/8ts6/CBbzYkfUKvJCVeqxn/3x248QO1uoHTBcqbgkSRbJUy/S01KYOCUiIiIiIiIiMhEEAWmuJLjdPsCURA2Vm9HnXcx6kuPpCVF/ZwJBUCr1YKzYYz/747S/Z0JXn8pT4/okSYLPZ7x/BxERERERERERaWw2AV6/ZJHojPSg7f7Lt4iCklyCVpmnpYJMbfazP876o6HfSa2qT839ciWqPE+0MXlKRERERERERBSaADGQcFFyKvoqU6sK0kj9fc10D1QlucQ22wnS7kVpt9UOar50X+n3ePxh10VERERERERElOg8Xn9QTsV8P9RoE6axuIxf1N8bUqnMY5vtRGlHon94VOjqU8Ew1uqBU0REREREREREFE7o/EqoKlTzMrEiShJ0ySUBbLOdSO1ohbvnhv7Sfq2//54ER0RERERERER0uFMezg1dfsXqal+raayJEIyVeWyznVBti53VSrjqU6udOdT9UomIiIiIiIiIKJj5uTIwFK2Fq0IN1teJVRFKRV5gyjbbCdUOI9Sl+FZnPqzGswKViIiIiIiIiCg64fIqoV6HGt/X1ApUTjlNyGkUIpWFs/qUiIiIiIiIiOjghapCtdKfl/GLkCRDZR7bbCdUu5f0l+8baWc9WIFKRERERERERBQdYy7FmHAJdxl/fxAhyA/W0Srz2GY7gdoRWSVJZVaVp1B3aiIiIiIiIiIi6in9g7qjqURVkquxJN8DVTBV5rHNdqK0dcLtlKHKwo1tQd25WX1KRERERERERNQzxryKYJhvHhduvlXfwdDdA/UQqwxkm+3+aEcQemfTKlND34sj8vqJiIiIiIiIiCh0HsV4xa91pWmsC9lEdet0lXlss50w7V6w2in58CgiIiIiIiIior5h9TApxUBc9SvKWxSozJOULTRW6rGf/XHb30vhngDHy/eJiIiIiIiIiHonXG5l4B4iJQUeR241RYj57Gd/vPRHoK8ojXT/U2PfwO3URERERERERESHGzlxap4b+T6oMOVvYkFXgcoppwk4DSvy3sckKRERERERERFRbEWXf4ldFtUu37cxcH2zIIBtthOpbSXyTilAELSzIsqT4ZTV9qeVm7vwybJWVOzpRkeXH7lZdowpT8ZJc9IwrDSpz96nsrYbmyrdWDAzHXZbn632kLNsQyc+Xt6KHXs86PZIyM2wYdoYJ045Kh352b3/4G8tacEHX7fh1qvzUVbo6NNt3rvfi1sersfRk13/n737jm/rvu/9/z4HAElwD5EUKWoPytpb1rBsDbveju1YTpybOImduk3SpOlte9evt/ndPNLm9jZtb/LrSNPEdhIn8ZD3lGzL2lvUokTtQYqb4h6Y5/cHCBCgSFiSRUEEXs/HQ48vP+dzAHwBEtDhh5/zPfraA9mX5Y9fcOl/P9+oR1Zm6v7lGep2Wfov/1+tvF5LP/r2SGWmmZ/6GIny/QcAAAAA3DyCZZtQLSe0LXqhNHz/68VuKKyYZEnExIkUh7+5Bn7DReaCxdKB9g2/w7546P768e+vN+vD3R2SpJQkQyOy7Gpu92lTWae2HuzUT/+8WCOyr0+163cftOrAiR6NK3Jo2viU63KfN5ufvd6sj3pfz/wcu/KyDNU0evXu9nZtKuvUf/nyCE0dl3xN933iglvN7T7VNHmvewG1tsmn9i6/TlW5B8yfr/Goo9uvs9WBvN9vqb3TL4/Pksd7ZRX/RPj+AwAAAABizeot2QRqKcF6zEC10PAiafDrgS7ufb2KqfZAVSn2nYDExDGJr8Hlb0gjVDy9UReR2ri3Ux/u7pDDbuipB3K0Yl6a7DbJ75f2HOvW8fMuZWdcv1ZBry/wnHzeIV5U5DPyW5J5DVPcuLdTH+3ukDPZ0Pe+OEJzpgSKhC63pf94o1mbyjr1T79v0j9+r0jO5IEK6IM2NF831/rc+ktzmvrX/1osy9KAz2Ug1/P7f72eBwAAAAAgPvUVToO/PPa/7szlhdKhZpf6deYREydUPBSMiG7UofDW1nZJ0iMrM7VqYVpou2lKi6c7tXi6U5LU1OrT//jXOt0+L01fvCsrtN9f/rROaU5Df/10gSSpss6jF95v0bFzLvktqSTfoTUL01Qy0qH/9R8NoU7FHzxbL0m6a3G6nn4oR60dfv12fYv2V3Srs9uvwlyH7lycpnuWZIQ+zH70fIMaWnx66sFsPftWq6obPRpXlKQ/WZur0xfdemlDqxpavBpfnKxvr81VUZ5d6i1Kvru9XRt2daqxxauCXLvWLErT3UsyZBpSZ49f3/1xjdYsTFdulk2vbmxTaoqpf/jTkdp7rFvrPm7ThTqPkh2GJo5O0udWZGr6hIE7SIOv59o1WaHiqSQlJxl65pFcVVxwqa7Jqx2HurRqYZrKT7v0o1836LtfyNOBEz3aUtap2+am6ekHc1TT5NUv32pWxTmX0lJM3bMsfcDHLDveo3Ub23Suxq2sdFPzSp36wl1ZSksxQ6+11yM9fmeWfvlWs2oavfq//7lII7I+e2H8H37bqKZWn/7+OyNlGEP7/R/sefzyzWbVNnn1o28VKskR2Nnnl/7nz+qVl2Xqz54Y8ZmfJwAAAABgOLr5um7slsLbXAfv1CNPPh7zw1FXj6Wqeo8kackMZ9R9q+u9utTm08lKV2ib22vpXI07tJal22vpB79sUI/Lr/uXZyo5WTp62qXXt7Trb/64UI+szNTHezvV0OzVbXNSVZBj18xJyfL5pR8+26BzNW5Nn5issYVJ2nOsW8+93aL6Sz599f7AepwnK91q7/Lrxy80aeF0p+x26WSlSz/4ZYO6evy6dUaqzla7dbLSpV+82az/52v5kqTn3m7RezvatWCqU/cvT9fxC24993aLetyWHrkjU7WNXrV1+vXu9na5PZbGj0rSrTOcOnPRrf/zm0YV5tj1+J2Zcrkt7avo0Sf7OgcsoIa/ngunXf562m3S3Ckpen9Hh45XurRqYZpOV7vkclv66YtN8lvSpNFJmlfqVGe3X9//93o1t/uUkWYqJ8OmF9e3yt+vnr7zSLf+4beNGlPo0JfvyVZLu09vbWlXdZNHf/W1QFH7xHm3XG5Lf/+bRmWkmrptbmrU9UovNrj1w+caLtve1OK7bFvFOZd63JZcHkumqSH9/g/6PCypqt6j7Ye7dMe8wB8B9hzt1slKl0bmpQ76PAEAAAAAuNFCa6Aan9KpR558POaHo85uf+jrzPTP3o3Y1OpTS7tPsyanaO2aTEnSQ7f15R9dmanyMz1qaPbqjrnpmjk5UITcuK9T52rcmjU5JVT0fGRlpr7z42q9v6NdD67IUG5m3/ye/lyulsxwqq3Tr6d/eFENzV7996/ma86UFLW0+/SHf1utirOBQm9Ds0/v72zXhFFJ+suvBDoR1yySWjsChcZH7sgM3W+P29JfP1Wg6RMD8/pod4csS1q5IE0P3hbY77HVfd23UV/PtIFfz+DzaO/wR2xPSTL1t98qDOXf39Gh5nafxo5M0g/+qEApSYbOVrv13/+lLuJ2L3zQIrtN+p9PF4SKoslJhn77QavO17o1dmTfBcDuWZoedf5BXT2WDp7o+dT9FNYfbVk37vvf/3nctThdeyu69dHuzlABdcPuQCfw3UsG7toFAAAAACAWBu1AZWRMhPFaWf1O/w82tQ4WX09Z6X1diG0dPqU7P/0q6tEU5Ng1ZqRDh0726M9/UqvSsckqHZOsxdOdSk4a/DU6URm4KNGC0r5T3jPTTE0ek6yDJ3p0ptqt3My+js7SMUmhfew2yeuTSscGinHZGTaZRqAb1u+XTla5ZFnSmYtuPfFXlaH78PY2U3b29BUyC3LtoeKpJE2fmKKUJEO/39Cqg6d6NLE4STMnpmhO6cAXPwp/PS+1eVU84vKLPLV1Bh4vPTXytZ4zJSWiSHihLtDJunhGYA6SNL44SVPHJ6v8dKA43NrhV12TV5L0Rz+6eNlza2j2aezIvsdYOf/KiomTRyfrh39ccNn29bs69B9vNA96uxv1/e//PGZPSVHxCIeOX3Cpss4jh93Q4VMuTR6drMmjr+1iXQAAAACA4a1/qWagi0LF4hT/iA5UK9SpN/BInny85a9U/4LpYNtuhCSHobEjk3S+1q0dR7r16MooV3Uf4DPF642Mbab0g2cKtfVApyrOu3T4VI827OrQ65sc+tG3C5VkNwZc7SB4ISB/v+0eT+/2fgm77fI7sQ3Q8Bn+qi6Y6tSX7onsvkxJMkPrhEpSkj3yfkfm2fXj7xZp68FOnapya1NZp97a2q475qfpm4/mXvZ4SQ5D44qSdK7Grd3l3frc7ZGvp98v7a8IdHZOHZt82W0Hmnv4/KSBL5qUnWHTXz+dH7HNZhoqyLVHfYzr7UZ9//s/D8OQ7r41Tb98u0Uf7ekM/XzcO8iasQAAAACAxDZQM9xnbZC7UqalQOU21IkaFqtfTJ58vOWvh8GKq0NZYL2vt8j06sY2fbK/Uz5/8HGl/cd79MJ7rXJ7LDlTAs8xfB3Mg6cuP83bmWzozsXp+pO1efrJfy7SwmlOVdV7VNnbUelMChQE65o9odtMGhXoKN17rDtUi27v9OtstUumIU0oTrrsca5U8L7P13k0IsuuUfmO0L+UK7hyfH6OTQ/fkam/+E8j9G//dZSy0k3tPNw16P7Bot1rn7Rp77Hu0HaX29LP32xWdaNHORk2LZsdfW3OsYWB4mtZ2Kn0nd1+nbzgDsVZ6abyc+xq6/DJ51PEc8tIM2NyhfpYff9vn58uZ7Khj/Z2aP2uduVl2XTrDNY/BQAAAIBENFgtJVYNbOHsgeuFh3fmERMnTnwtPu30/Bvxxr5jfppOVrm1YVeH/uWVS3r2rWZlpdvU2uFTt8uSaUhrFqVp7EiHMlJN1TR59YNn65WTbtO+Y5EF1EMne/Tj3zZq4TSnxhUlyeWxAleQd5qh09lnTEzR7qPdeu6dFh040SObKX3rsTy9tbVdR0679P2f12viqCTtqehWt8vSA8szNCL72tdnLci1665b07V+Z4f+7Ce1mjclRZakQyd61Nrp0/N/XTLobX+3vlWbyzq1eHqqCnJtqr/kU1unXzMmDX5a+B3z0nSyMvB6/t2vG5WdYVNupk01jR51uyylphj63hN5UU9pl6Tlc1L16idtOnCiR9//eYMmFDu0t6JbPe7In4kv3Z2lf/pdk/7qZ3VaPCNVaSmmTle5VXHepb/9VqEmjrr24nN/A804uM0wYvv9dyYbWjk/Xe9uD6x9+vDKdNk+24oUAAAAAIBh7tO6SmNxTXDbxEV/8n0j2KEno7c/j5g4MeIv3JUzyFtj4NOW++srllph2/ryPr+htNTrVwwLN3+qU+OLk9Tt8qu9y1JLu085mXbNK03RNx/LVUmBQzbT0KRRyTpb7dbZi265PNIzD+eqqdWnkSMcWjE3TdkZNvn8gfUndx/t1ulKtyaUJOlbn89VQU7gdPIJo5Lk8UjVjV6dq3ErN8uuO+anacnMVHX2WDpR6Vb5mR6lOk09viZLD6/MDL1+x8665LOkB1dkhrorD550yZli6t6lGaHnc+i0S9npNt25KNANOmeKU5mppi7We3X4VI8uNnhVMtKur92Xo8I8u5KTDH2yr1PTx6do4bS+tTYLc+xq7vBpf0W3dh/tVl2zT4unp+obD+WG1iUd7PUcMzJJHT0+tbT51NjiVVa6TUtmpuk7a/M0tqjv++j1SjuOdLU+N+gAACAASURBVGnV/HSNDyt2JjkMzZuaouomj05ecKvukldrFqVrzpQUna/16P5lGcpKt2l0oUNTRierrsWr8tM9OlXlVmqKqUdXZmrBLU4ZhlR+tkemDD0Q9roNxDSkzWVdmjvFqbmDrPO67WCXls9O05QxgSLysXMuOeyG7l2aoZwh/v5/2vPIzjC1YXenkuyGvrP204vUAAAAAID409Xtlt0WLJwaMgwjrIgaGIPbgtvDx8C/yH2Dgl/7fIGzKmtra694XkVFRYH7+INvn7ACxST1Ky4RE8d//MbfT5D6dY32LUhsheJgPnzs+6dAX+sAsctjKj+PNR2Bwby7vV3Pvd2i1YvS9cznBvuDBgAAAAAgnjU0dSjZ4Q8roCqsWBoZD1ZADQjUcwYqoLpdgaX9ysrKrnhec+fOlSSZwQvrDNqpR558HOcBxNY72zskSfct5Q8NAAAAAICbkylDYUWl3u668Jg8+XjOXzWKrsD14vUFGr1vn5emkgJHrKcDAAAAABg2bmx9xq7wTj3DiCguRYzkycdh/vrrO/UfQHR2m/TPf1EU62kAAAAAAG46N1cDm6nejry+Tj1FdOqRJx/veQAAAAAAAGAwZqC21LvoqgxZ/WLy5OM6DwAAAAAAAEQRtgZqZKeeBuvcI08+nvIAAAAAAABAFKEO1FBn3iAjefJxmQcAAAAAAACiCHWgMjIm5AgAAAAAAABEYYZqSGGdecTECRMDAAAAAAAAUZgKLA4Z0ZlHTJwwMQAAAAAAABCFGSwmRXTm9YvJk4/bPAAAAAAAABBFRAdqX2deZEyefNzmAQAAAAAAgCjMAYtMGrz4RJ58XOUBAAAAAACAKAbsQGVkTJgRAAAAAAAAiGLgDlRGxkQZAQAAAAAAgCjoQGVM7BEAAAAAAACIwrQsK6KoREycSDEAAAAAAAAQjWnIiOjIIyZOpBgAAAAAAACIxrQCVaVQZx4xcSLFAAAAAAAAQDShDlRGxkQcAQAAAAAAgGj6OlAZGRNwBAAAAAAAAKKxGzJk9evMIyZOlPhGaGjquDEPBAAAAAAAgOvObsmSYRiyLEbGxBtvhJKirBvyOAAAAAAAAMNRVU1rrKcQlRnekcfImGgjAAAAAAAAEI1pyZKhwJqQRu/akMTEiRIDAAAAAAAA0ZiS0VtUCuvMC4vJk4/vPAAAAAAAADA4U8FiUnhnXlhMnnx85wEAAAAAAIDBmcFiUkSn3gAjefLxmAcAAAAAAACiMS0rUEwKdepZ/YpM5MnHcR4AAAAAAACIxpTRryOPmDiRYgAAAAAAACAKs39nHjFxYsUAAAAAAADA4Mzg2pDBzjxi4sSKAQAAAAAAgMGZsgJFJQU78vp16pEnH9d5AAAAAAAAIAozUEMK68gz1K9Tjzz5OM4DAAAAAAAAUZiBmlJ4px4xcQLFAAAAAAAAQBRmqCMv1KlHTJxAMQAAAAAAABCFGaghhXfm9cX9R/Lk4y4PAAAAAAAARBFYA9Xq15lnRXbskScft3kAAAAAAAAgikAHqtGvM4+YOFFiAAAAAAAAIIqIDlRGxoQbAQAAAAAAgChMy+ptxOvtzCMmTqQYAAAAAAAAiMY0FCwmBTryDKNfTJ58HOcBAAAAAACAaExLgWJSsDPP6tepR558POcBAAAAAACAaMxgR16wU8/o16lHnnw85wEAAAAAAIBozMhOPaNfp55Ennw85wEAAAAAAIBozOBSkKHOvIhYIk8+nvMAAAAAAABANGbvkpARnXrExIkSAwAAAAAAANGYobUhg515A4zkycdrHgAAAAAAAIjGbsmSISOsM8+S0btWZCgmTz5O88PZmTOV2rX7gOrrm9Tjcik7O1O3TJ2oWxfPVVKSQ5Zl6af//Gs9vvY+FRbkxXq6AABgmOvucWnnzjKdOHFWLa3tSnLYNapkpBYvnK2xY0fFdG579h5S1cU6PfzQnTGdBwAAiE/2UHEp1Jln9OvcI08+fvPD1ZHyE3rr7Y916+I5WrRotpKTk9TY2Kz9ZeWqrKzRl554SD6fXx0dnerq6o71dAEAwDDn8Xj1wm/fkGEYWrp0nvJys9XV1aPzFy7qxZff0RfW3q8xY4pjNr+Oji61t3XE7PEBAEB8C3SgGsbAnXoyRJ58POeHq02bd2vxotlaecetoW0lo0Zq9qyp6ujojOncAABA/Kk4flpNTS36zp88KWdKcmj7pEljtXjxHDlTUmI6PwAAgKFk7+vIG6BTT+Ede+TJx19+uPJ6vcrMTL9su2EYysiI3N7Z2aV1r76vs+eqZJqmZkyfojvXLJPRu4aBZVnatn2fDhw8po6OLuXkZGrxojmaM/sWSdKWrXvU3e3SXXcuD91nY2Oz/v0/fq+nn1qrgvy+5QE2fLhVaWmpWrpk3hA+ewAAcKN5PV4lOewRxdOg9LTUiPjc+YvatGmX6hualJaWqhnTJ2vZ0gWy2UxJ0vETZ1V2oFw1NQ3yeDwaNWqk7r37duXkZEmS9u47rNraRo0eXaSt2/YqOytDX3riIVmWpV27D2rvvsPq7OxSTnaW5s+bofnzZ4Qe+9Dh49q2fZ/a2to1Ii9Hd999u0YVF0qSyo+e1Mcbd+jpr6+V00nBFwAAXDkzsAZq2NXJiYkTKB6upt0yWdt37Nfx42fk8Xij7rt+w1aVlk7QM9/4oh64b5X2l5Xr0OHjofzmLXu0v+yo7r93pf7kW1/RbcsX6sOPtmnP3sOSpPwRuTp0uEJery90mwMHj0mSDh6sCG3zen06eKhChYUjhuAZAwCAWJo4cax8fr/efe8TXbrUMuh+lZU1Wvfq+7p18Rz95+89pSe//IjOX6jWJ5t2hvY5efKsppZO1NeefFR//MwTSk5O0tvvbAzl29s7dazilMoOHNWda5bpkYf/QJL0yaZd2rmzTKtXLdU3/+hLWrN6mS5U1cjn80uSLlbX6fiJM/r8I3frmW98UZmZGXrt9fWh+83MTFdxcaEcDvsQvUoAACBe2dWvM4+YOLHi4WnN6qXKzs7Q5i179Orr6zViRI5Gjy7StKmTLlt/bPGiOZoxfYokKSMjTePHlaiyslqzZ02Vx+PVzl0H9OADqzVuXIkkadotk9Ta2q7tO/ZpwfwZmjx5nEzT1KnT5zW1dIIsy9LRYye1bOk8HTxYoTWrl8owDJ08dU5JDocmjB8dk9cEAAAMnczMdH31yUe1ecse/eLZl2W321VcVKAJE0Zr5oxSpfR2pm7asluLFs5SaekESVJamlP337tSv3j2Za1etVSSdP99qyLue+GCWXrht2+ELvYpBc6q+cLa+0L363Z7tGv3Qd17zx26ZepESVJGRromTOg77khKcuhzD94ZKpAuXzZfzz6/Tq2t7crKytDokiKNLim6Ia8XAACIL3YpbK1IRsYEG4crwzC0cMEsLVwwS93dPaqta9T58xf1yqvva9q0Sbr7rhWhfUeOjOwITU11yu32SJIuXWqRz+fTmNGRRdcxo4u08ZOd6ujoUkZGmm6ZOlHlR09qaukEnTt3UaZp6rblC3XwYIXOnb+o8eNKVF5+UtOnTw794gMAAOLLiLwcPfK5u+T3+9XU1KLqmnodPXpSW7ft05f/0+c0Ii9HVVW1unChWuVHT4VuZ1mW7DabPB6vHA67zpytVNmBo2pqapblt9TU29Hq9fpCxc/c3OxQ8VS9xyx+v19jo1yoKjc3O6K7NDXVKUlyezxD8noAAIDEEepAZWRMzHH4czpTNH5cicaPK9HYMaP0uxff0vKl85XSezEH0zQvu03wuXt9gdPy/X5fRN5mswX2623TnTWzVL/57Ztyudw6Un5cM2dMkWmamjZtssrLT6i4qECnz5zX1578/BA/WwAAEGumaSo/P1f5+bmaPWuqfvXr17S7tzvUNA09+sg9mjxp3IC3rW9o0u9ffFsP3L9KU+9fLYfDrpqaej37/LrQcYckmf3+IOv3B07Tt6KcQmQb4JgncKNre54AAABBZt95zIG1IWX1jmExefJxmx+mmgZbe6z3SQXXAvs0I/JyZLOZulBZE7H9QmW10tKcoQtVjRo1UpmZ6SovP6njJ85qxoxSSdLMGVNUcfyMjhw5obzcHBUU5A34OAAAYHhrb+8IncEykOCxx8jCfJ0/f3HQ/errm2S32zRzRmmoW3TQ45owI0bkym636VyU+wYAABgq9sCVdKy+jjwjcHpzeEyefNzmh6GOjk79xy9e0oTxo1VaOkE52Zmy2UzV1Tdp67a9mjRprLKyMiIu+jSY5OQkLZg/Ux99tF3JyUkqLipQZWWNtmzdqzWrl0XsO3NGqd5fv1lFRfnKy82WJBUWjlBWZoY+2LBFq1ctGbLnDAAAYmvHzgOqqDituXOna+TIEcpIT1N3t0uHjxxXdU29Vq8OrG96220L9fIr7yozMyO0dvrJU+d06vR5fWHt/SoqKpDfb2nvvsOaO2e6GhqatHvPoU99/KQkhxYtnK2NG3coOcmhkpIiNTY16/Dh43rg/lWfentJqqyq0Z49h/TgA6tlt3MhKQAAcOXs6l2s3bKsULHJkBFaxN0iTz6O88NRenqanvnGF7Rz9wHt2LFfbe0dMgxDWVkZWrhglhbMnylJstlMZWSkKa13/a+gzMw0ud3eULxq5RKlpCTrg/Vb1N7eqaysdN1153LN7O0yDZo9a6r27T+shQtmRWxfuHCWtmzdE+pKBQAA8efONctUWDhCR4+e1L79R9TT41JqqlOjigv05JcfUVFRviRp/LgSrf38vdqyba82bd4lu92uUcWFum35QklSXm621j52r9av36KNn+xUSclI3X3XbVr32nrZ7YElhDIy0pSZlXHZHO64fbFSUpL1yeZdamvrVHZ2hpbcOleGYQRu03vmTFBycpJSU51yOgPLGrW1dqjqYp08Hi8FVAAAcFWMNd+ssIIden1jUP/t5MnHV/6tf5gU+CpsPa3A18H9A3EwHxis0LbAv/BtwdsHYpfHVElRlgAAAAAAADCwqppWJTv8vc1uhgzDkGEoLFbvNiNim6SwbQrVc8Kb5oJfu11dkqSysrIrntfcuXOlvjVQjd61IY2+NSMjYvLk4zQPAAAAAAAARGGG1og0wtaMtKy+tSLJk4/nPAAAAAAAABCFPVhMYmRMyBEAAABXzOO15PLwR2gkhmSHIYed3xkAAJI9vEOvr6hETJwgMQAAAKLyW5bqLvnU0u6T18fxExKL3SZlZ9hVmGuTSQMGACQsM3TBnN7iEjFxIsUAAAAYXI/Lr1NVbjW2eCmeIiF5fVJji1enqtzqcfljPR0AQIwE/ogW1plHTJxIMQAAAAZmWVJlvUcut9VvO8dQiH/9f85dbkuV9R5OYgOABGUP1JICnXmGEdmpZwwwkicfT/nhrq6uVW3t3TJtpjo7XbGeDuJQWmqy/H6/MjOdKizIivV0AAA3UN0lj3rCiqfdPX519fhlWYGuPCCe2W2BnotUpylnsilJ6nFbqrvk0cg8R6ynBwC4wezBjryIzrywmDz5eM4PZxXHq5Wfn6lRo3LlTHHERUEYNx/LstTd41F3t1vHjlfrltLiWE8JAHCDNLX1VUm7e/zy+6VZk1KUm2WP6byAG+VSq1cnLrjV7fKHiqhNbT4KqACQgMzAkpCG+karX0yefPzmh6tjFRdVMipXebnpSnUmUTzFkDEMQ6nOJOXlpqukOEcVJ2piPSUAwA3g8Vryhy332NXj15QxSRRPkVBys+yaMiZJXd19bwa/P/D+AAAkFtNQsEOvtzOvt+Mo1LlHnnwc54ej+oY2jSzMVnp6SqynggSTkeFUfl6G6upbYz0VAMAQc3n6jpMsy5JlieIpElJull2WZUSsiRr+/gAAJAbTUr/OvN6Oo1DHHnnycZwfjlpbu5SSwmlDiA2n06G29p5YTwMAMMRMs+9rwzBY8xQJzeuLvH6COTx/jQAAfAZmeKeeFd6xN0AnH3ny8ZYfjkzTlNOZFOtpIEE5nUm9/3EAAAAAAJAYetdAVV9nnjRApx558vGZH446u1yxngISmGEY/AwCAIaN737vr2M9BQAAEAfM4FKQ0Tv3yJOPzzwAAAAAAAAQjRnZmad+nXuGyJOP5zwAAAAAAAAQjRm+NmSwU88K79QjTz6O8wAAAAAAAEA09t4lIsM68yxi4oSJ451lWdq+fa/ee3+j/vIvvqnMzPSIfHV1nV559R1duFCt1FSnbl+xWKtXLY/ZfDH0Xn3tHUnSIw/fF+upAAAS3IYPt+jM2Qt65htfuu73/W///htNnjTuut8vAABITHYFi0lhHXnExIkUxyuXy6Wf/+J36ulxqb2jUy63OyLf3dOjf/7X53X7ilv19a8+rvqGJj33/EtyOp1aumR+zOaNofPqa+9o3avvhGKKqACAWJo3d4YmTRyaIucf3Hm7MjPT9eZbG4bk/nHz6uzxat2OSi2alKvSksxQ04RlWTpX16GPDzdo7fLRynA6Yj1VAMAwYiq8A7V3IzFxIsXxym9ZWjh/tv70O08NmN+z56CKigp0150rlJ6epgnjx+hzD92tTZt33PC5Yuj1L56ue/WdUDcqAACxkJeXo/HjRw/JfY8fP1p5eTlDct+4ub27+6J+s/60/scvD2j38SZZliXLslR2uln/47kDevHjM3pzR1WspwkAGGZCHaiMjIk6xitnSooWL54rv98/YP7sucrLuj4mTxqn53/VIJfLreTkpBs0Uwy1/sXToOA2OlEBANfDwYNHdeTocaUkJ+vAwXLZbDatfewBtbd1aMOHm9XW3ql5c2fo8bUPyDAM7dt3SCdPndUXHn9Ifr9f772/UQcOHlVHR6dSU516+HN3a8b0UknSulffVU5Otk6cOK0LldXKzc3Wk195TFu27tKBA+Xy+fy6955VWrZ0gSTpxZfe1IQJY2P8iiAWlk3L1xtbzqmqvlP/+4WD+uHT8+VMtutvf1WmhtYejcxL1dJbRsR6mgCAYcYuWTJkhDryIkYjeMEd8uTjM5/IOto7NanfLxbp6WmBXEcnBdQ48sjD91EkBQAMuY6OTu3efUB/+PQTevSRe7V7zwE99/zLmj37Fv23//ptdXX36G/+9qeaO2e6Sksnqr2jU61tHZIkn8+v9PQ0feuPn1R2dqaOnzitZ597ST/8wV/KZrOpvb1T+/Yf1p/96TeUl5ej3/3+Df39j/9NDz14l/7X9/9cx0+c1s/+/QUtmD9LyclJam/vVHt7R6xfEsRA8YhU/cXa6fq7Fw6osq5N3//5LpmGobrGThXmOvXnj8/Q+KKMWE8TADDMmOotLmmgDj1LIk8+vvOJK9oasIaZ4NVlAABwTUaXFGl6b9fo9GlT5HK5tGbVbbLZbMpIT9PokmLVNzRddjuHw67bV9yq7OxMSVLplIlyuz1qbWsP7bNo4RyNGJErwzA0fdoUOex2LV2yILS/ZVm61Nxyw54rbl6zJ4/QD76xUKNyHbpY06TK6kYVZTv0/acWakFpfqynBwAYhuwKdeRF6dQjTz5O84ksIyNN7R2dEduCnRrpaakxmhWGwmCn8EvSo4/QnQoAuH7S0tJCX9vtdklSenrfcYXNbpPP57vsdj6fT5s271TF8dPyer0yDEM+n08+X99SRGlhxyd2u01p6ZHHK3a7TX7fwEsXIfHYTUuenk55egLHt65uQzaDnw8AwLUxFerIi9KpR558HOcT1bhxo3Xq1LmIbSdPnlVxcaGSkjh9P5488vB9evSRy4ukFE8BADeL3XsOasfO/Xryy5/Xd779dX3jqSdCV08HrlZZxUV9929f0+nzFzUiy6bCHIfOV9Xoez96XbsPn4/19AAAw5AZfh6zIYmYOKHiBLZwwWxV19Tpw4+2qqurW+fOVemNt9Zr5R1LYz01DIH+RVSKpwCAm41hGHI47LIsSx99vDXqckPAYM5VNem//f2rOnm2Srnppv7+z+/TT/7bgyrItquyukb//R9e17HTNbGeJgBgmLGHX0nHkkRMnFBxHDt7tlI//edn5fcHTlX64d/8RKZp6rvfeUpjx4xSaqpTf/xHX9Er697Wu+99rMyMdK1auUyLFs6J9dQxRMILphRPAQDXW3p6mjIywk/htyk7O1MOhyO0LSMjTRkZ6YGv09OUlRn4evGiOaqtrdeP/u5fZLcH1kMdOTJfKSnJodsFL3YpSalpqcrKyox4/JycLDmdKb37p4ceB4ll2/6Tqm1oUFZ6iv7nN+/R1PGFMgxD3//Wffqrf1qnxqYm7Sg7pVsmFsV6qgCAYcRY/UdHrd7LlYuRMdHGt/9xkiRFdDgEvjZCJVbLskL5wGCFtgX+hW8L3j4QuzymSoqyruub9tCRSs2aMfq63idwNfgZBID41+Xy63SVOxTXNnp15+LhV5D87vf+Wv/3H//fWE8DN1B3j1u/e2u7Zt0yRvOnj49YCuLoqYvavPuY/tNDy5WelnLF97lhV4dGjrCH4omjkpSaYl73uQNAIquqaVWyw9/7uW3IMAwZhsJi9W4zIrZJCtumUD0n/PM/+LXb1SVJKisru+J5zZ07V4roQGVkTMQRAAAAQNxwpiTp64/dMWBu2qRRmjZp1A2fEwBg+DNDnXeDjOTJx3MeAAAAAAAAiMY0wk9rliJPcw62uZInH6d5AAAAAAAAIBozWEyK6NQjJk6UGAAAAAAAAIjCDHTkXd6pFxGTJx+v+WEoNS051lNAArMsS2mp/AwCAIYHLiAFAACuh8AaqMandOqRJx+n+eHI8lvq7nZfwZ7A9dfd7ZZ/mP7xAQAAAACAa3HZGqg3TWcgefI3ID8cZWc61d1DARWx0dXtUWamM9bTAADcQJZlyW6L9SyA2LHbxBJgAJDgejtQ+zrzImKjX0yefJzlh6P8/EzVN7Sro6Mn1lNBgmlt61bTpXYV5mfGeioAgCGWkmSGvjYMQ4YhXWr1xnROQCxcavXKMHobMXqlJJtRbwMAiD+hDlRGxkQch6upU4pUVd2spkvt6upy8RdxDBnLstTV5VJjU7tq61pUOrko1lMCANwApiElO/oKRqlOUycuuCmiIqFcavXq+AW3Up19BdNkhyFzmDZiAACund3qLSYxMibiOJxNnVKkuvpWXaxpkWkY6uxyxXpKiENpacny+y1lZjopngJAgsnNtKmmKVAwdSab6nb5dehUj/x+yeeP9eyAoWW3BVb9SnWacoZ1nOZmsp4FACQiu9HbYRTqzJPRLyZPPn7zw11hQZYKC7JiPQ0AABCH8rJsaunwqdsVOGZyJgcKSfHwh2jg0wz0c56SZCgviwIqACQi0+pd18gKrg0pq19Mnnz85gEAADAwwzBUPMIx4HYg3vX/OTcMqaTAwc8/ACQoe6gjL/hXtlDcfyRPPv7yAAAAGFxqiqnpE5JVd8mnlnafvD6On5BY7DYpO8OuwlybTIqnAJCw7OEdeYyMiTYCAAAgOtMwVJRnV1GeXR6vJZeHIioSQ7LDkMPO7wwAAMmufp15xMSJFgMAAODKOOwUlAAAQOIxFVwjUn0decTEiRQDAAAAAAAAgzGDa0Mq1JlHTJw4caI7duyUOju7r2jfXz77sj7ZtGvI5wQAAAAAAHAzMS1JwT68QGeeZMjoF5MnH5/5RPfB+i06c/bCFe07e/YtGj+uZMjnBAAAAAAAcDMJrIHaG4Q689SvU488+TjOJzLLsq74dZg/b8aQzwcAAAAAAOBmY1dvR16oqBQR9x/Jk4+v/HC2b/8R7dl7WO3tHcrJydKSxXM1ffpkSVJtbYNef2ODHnhgtTZ8uE11dY1KS3Nq+bIFmjP7Fu3fX67312+WJL39zka9/c5GFeTn6emn1mrvvsOqrW3U6NFF2rptr7KzMvSlJx7Sa6+v1/jxozVn9i2SJI/Hq0827dLRYyfl9fo0snCEVq1cqqKifEmS1+vVhx9tV8XxM3K7PRqRl61bF8/VtGmTYviqAQAAAAAAXJ3eDtR+nXqyBhnJk4+//HC0bft+HT5yXA8/dKcKC0eorq5Rv3/pbSUnJ2nSpLHq7OrWpeZWffzxDt21ZplycrJ04OAxvfveJxozpljz5k3X7NlT9ZOfPq877rhVM2eUymYzJUnt7Z06VnFKjU3NunPNMo0uKZIktba2q7W1LTSHV159Tw67Q1//6mNKT0/V0WOn9LsX39IfPv240tPTtHnLHlXX1OvJLz+i9PRUXais1rFjpyigAgAAAACAYcUMDwwZCq8p9e/QI08+nvPDhcfj1fYd+3TP3bersHCEJKmwcIRuX7FY+8vKI/ZdvWqJiosL5XSmaMmtc5WU5FBVVa0kyWaz9Y6m7HZbxJqwhmHoC2vv05TJ4+V0plw2hwsXqlVVVasHH1itjIw0GYah6dMma+LEMSo/elKS1HSpRWPHFCsnJ1MOh10TJ4zR/fetGtLXBgAAAAAA4HqzhweWLIXXlPp36JEnH8/54aKh8ZI8Hq/eeXejTLPvbyBut0eFBXkR+xYUjIiIU1KS5XF7PvUxcnOzlZKSPGj+YnWdPB6vfvncKxHbe3pcGpGXK0maM+sWvf7mBrV3dGpMSbHGjh2lvLzsK36eAAAAAAAAN4O+AqqliOISMXFCxcNJ70Wfnv76WiUlOaLuapqXP8krKRybxqe/OCMLR+jrX3ts0PzkyeP0x888odNnKlVVVaNNW3ZrwoTReuiBNZ963wAAAAAAADeLvva1/vUSYuJEioeRESNyZbfbdP78xc98X3aHXS6X+6pvN3JkvhqbmtXZ2R11v/T0NM2eNVX33btSX/3KoyovP6mWlraotwEAAAAAALiZmJc1oxETJ1I8DCUlOXTr4rl674PNOn7irDo7u9XY2KyPPt6ujZ/svKr7Ki4uVNmBo6qpaVB7e+cV327c2FEqLi7UK6++r4sXa9XV1a2qqlq9+vp6HT9+RpL05lsf6ejRU+ruccnj8erU6fNKSnIoPT3tqp8zAAAAAABAqtgFJgAAIABJREFUrNhj3vlHTBzLeJhacdtCpaU5tWnzLjU3tyktzakJ40dr+bIFkqS0VKcyM9Mj1kiVpKysDGVkpIfiu9Ys09vvbtSvfvOakpIc+tqTjyojI02ZWRmXPWZWVoYyMwPbDcPQ44/dp02bd+vV1zeoq6tb2VkZmj59iiZMGCNJKi2doF27Duj99Zvl8/k0sjBfX3j8ftnttiF+dQAAAAAAAK4fY9UzRy0ZgWUVDSNsbch+I3ny8Zh/558mS5Isq681NfB1cKdAHMwHBiu0LfAvfFvw9oHY5TFVUpQVkzc3AAAAAADAcFBV06pkh1+GYUgyZBiGDENhsXq3GRHbJIVtU6ieY4Rd2yX4tdvVJUkqKyu74nnNnTtXkmQq9GBhjzPASJ58XOYBAAAAAACAKMxQ511wICZOoBgAAAAAAACIxjQMo++05mBbKzFxgsQAAAAAAABANIEOVKOvM4+YOJFiAAAAAAAAIJpQByojYyKOAAAAAAAAQDSRHagRowbZTp58/OQBAAAAAACAaExDhizLiujMsywFrlpuSeTJx3MeAAAAAAAAiMa0ZPUWlfo69IzwTj3y5OM4DwAAAAAAAERjhjrywjr1rIhOPfLk4zcPAAAAAAAARGOGOvLCOvWMfp165MnHax4AAAAAAACIxrysM4+YOIFiAAAAAAAAIBrzss48YuIEigEAAAAAAIBo+jpQ+40aZDt58vGUBwAAAAAAAKIJdKDK6OvM6x0VHpMnH6d5AAAAAAAAIBq7pL4i0wCde+TJx3t+uKmqaY31FAAAAAAAQAIrKcqK9RRuKLukvjUhwzv1rAFG8uTjLD9cJdoHFQDcSFU1rXzOAjch3psAcGX4vMRQS8TGLlPhnXkKXxtygJE8+bjLAwAAAAAAAIMz1VtU6lsTkpg4kWIAAAAAAABgcGZg6N+RR0ycSDEAAAAAAAAwMFOSDIV35hETJ1YMAAAAAAAADMaU1Ls2pHqLSsTEiRUDAAAAAAAAgzEDNaRgJ56h8NjoF5MnH3d5AAAAAAAAIAozUEMK68gLi61+MXnycZcHAAAAAAAAoujrQB2sU488+XjOAwAAAAAAAFH0daAO1qlHnnw85wEAAAAAAIAoTCuihmTICqsxRcTkycdhHgAAAAAAAIjGNCJqSJZCsdEvJk8+DvMAAAAAAABANL0dqH2deQOP5MnHZx4AAAAAAACIprcDta8zL2K0gjF58vGZBwAAAAAAAKIxo3buGZ/S2Uee/DDPAwAAAAAAANGYhhEoJoV35ln9OvfIk4/XPAAAAAAAABCNGSwmhXfmERMnSgwAAAAAAABEE9GBGurM6xeTJx+veQAAAAAAACAau2VZMnrXigwUlYiJEydOJBs/2aljFaf1xccfUE5OZkTO7fbo5794UTNnlGrFbQtjNkcAGK5aWtr0q9+8plumTtSda5bHdC5dXd06dPi4ZkyfovT01ND2197YoNOnz+vzj9ytceNKYjpH4EaqqDit19/8UH6/P7TNNE1lZ2Vo6tSJWrpknpKSHEM6h/PnL+q119dr9eqlmjmjdEgf62q1tXXoF8++rO7untA2u92uzIw0jR1XokULZikvL/uq7/fEybPy+fy6ZerE6zzjgJdefletbe16+utrZVzhgf1gn48ALrdn72Ft3bpHd965XDOmT4n1dK6ZZVnav79cRcUFKi4qiPV0MIyZhsKLSxIxcSLFiaSyskYtLW16ed27crs9EbnW1na1trarqqomZvMDgOGsuaVNHR1dunixLtZT0cFDFfp44w6VHTgasb2zo0tut0eufv8HAPGurr5Rfr9fBfl5mj1rqmbPmqrSKePV43Jr+479emXde0M+h5raBnV196i+vmnIH+tqXbrUou7uHqWkJGvy5HGaPHmc8vNz1dnVrbKycv3HL1/U0aOnrvp+X39jg15/Y4OsITrorqyqUUPDJblc7iu+zWCfjwAidXX3aOMnO2Wz2/Xhh9vk8XhjPaVrVlPboA82bNHGjTtiPRUMc3YrdGGdm6szkJj4RsSJqLGxWW++9ZE+/+jdsZ4KAGAI+HyBLju/3xex/YkvPiCXyy2nMyVGMwNia+LEMVp5x62huLvHpX/72W917vxFXWpuVW5O1jXd73A/rgyWN3NzsvTYo/eEtns8Xm3eslu7dh/Um29/pKKigsvOYorG5/PLsqyb6vUZ7PMRQKS9ew9JsrT28/fol8+9ogMHj2nhgpmxntY18fl8vaP/U/cForHfLJ2AxMSxiBNRdnamTpw8qy1b9+q25QsG3e9CZbX27D2sqsoadfe4lJGRplkzp4Zu4/F49S//9huVlk5QQX6etm3fp54elyZPGqf77l2pHTv3q6zsqFxuj6ZMDmxzOOySJJfLrU2bd6ui4rRcbrfyR+RqxW2LNGHC6Bv2OgBALNTWNmjT5t2qrKqRZVkqLBihZcvma+KEMaF9enpc2rxljyoqTqu7p0c52VmaN2+6FsyfqdbWdm3fsV9nzlaqvb1TKclJmjhxrO5cs0x2u13//C+/VmdXtyRp2/b92rZ9v/LysvXMN76onbsOaOeuA/rak48qp7dQdKzitHbsLFNDQ5McDofGjinWHXfcqrzcwOm6589f1EuvvKuHHlyj8+cv6kj5SXk8Xk0YP1r33bdSzpTkGL2SwGfnTElWdnaGurt71N3do3a7Xc8+/4pmzZyqO25fHNrvF798SSkpyfrSEw9Jkn73+7fk9fp0x+2L9cH6LWq61KJv/tETSk9P0959R7R332G1trYrLc2pqaUTdMftfUVbr8+nDR9uHfS99GnHX5J08uQ5bdm2Vw0Nl+Rw2FVcVKAlS+Zp7Jhiqbej9OONO3X+wkWZpqlRowq1ZtVS5eZe3Wn4Doddq1ctVU1Ngy5UVmt/WblWr1oi9XZyHj58XHX1jfJ6fcrLy9byZQs0tXSCdu0+qI8+3h66nx/93c9kGIYevH+1pk+ffE3zO33mgj7ZtEuNjc3KzcnSqt55hPssn4+StHvPIe0vK1dbW7uyszI1d+40LZg/86Yp/gI3itvt0d59RzR92mSNHJmvSRPHaueuA5o/b7pM0wztV3WxVr/7/Vv6g7tWqKamXkfKT8g0TS1eNFtz507X+x9s1unT52Wz2bRwwUwtX9b3OfZpx0Pt7Z1X9Xl8+4pF+mjjdtXXNyk9PU13rFis6dMn6+V17+nkyXOh+f7Nj/5VDoddT3/98av6gxAgSWbgL4KSJSusMy/wl8jImDz5+MsnoocfulPZ2ZnasnWPTpw8O+h+W7buVXV1nSZNGqtFC2fJNE1t2bondMpTS0ubOju7tX9/uXbsLNOkiWOVkpKso8dO6ee/eFHlR09pSukEpaQk6eixU9qz95DU+5e/3/7+Te3bf0S33DJJq1Yukd1u1+9feltVVbU37HUAgButtbVdv37hdZ05W6kpk8drxvQpqqtv1IsvvaPjJwKfx36/X7954Q3t3XdYKc5kzZxRquTkJG38ZKe8Xq8OHzmu8qMnVVRUoMWLZis/P1eHjxzXB+u3yG63admy+RozOlBEKSkZqWVL52nJrfMkSVVVterpcanpUoskqeL4Gb32+nq1tLRpzuxpGjd2lI6fOKvnnl+n1tZ2qfe0N4/Hq1fWva8LF6o1depEpaamBP4Qt2VPzF5L4LNyuz06dLhCtbWNstlM5eVmq7GpWR0dXaqu7luKw+v1qa6+SVUX+45Rqi7WqrKqRi+ve09er1czZ0yR0+nU++u3aMOHW+VyuTVj+mQVFo7Qvv3lqqmtD912374jOnzkhHJzsmRZ1mXvpU87/qqtbdDL696Ty+XS7SsWaeGCWerq7tGhQ8ek3uOzZ59fp8rKai25da6WLpmrhoZL+tVvXldPj+uaXqvJk8dJUuh18fv9ev+DzepxuTRzRqnmzpmmlpY2vfb6ejU2NWvC+NFavmx+6PZLl8zT8mXzVVIy8prmd/FirV586R3V1TUqIyNNkvTyK+9ddur+Z/l8XL9hqz78aJvycrN155rlKi4u0IYPt2n7jrJres2A4Wx/Wbl6elyaP2+GJGn+/Blqb+/Q4SMnIvar7T1GePudj1Vb16ippRPkdnv0yaZdeva5V9TR0albpk6U2+3W5i17dLH3c/RKjoeu9vN43WsfKC83R5MmjlVra7veeudjdXR2ae6caZo5I7B+a0ZGupYtnaflyxaEPkuAq2FXsDMv1JHXf41I8uTjOZ94UlKS9dij9+i5X63Tm299pK9+5dEB9/vC2vtks9lC8ZQp4/WrX7+mU6fOa+6caaHthmHoyS8/ovT0VFUcP6NXX/tAnZ1d+va3viJnSrLGjinW629sUGVljbREOnrslGpqGrRo4WytWb1UkjRn9i36p588p527D+jzJSwtACA+bd6yWx6PV7evWKxlSwO/tE8tnajfvfiWPvlkp0qnjNfBQxWqb2hSUVG+nvzyI6FOD7/fL9M0tWzpfC1dMi9i+4//8Rc6eSrQXbFg/kz19Lh1obJaY8cU6/YViy+fSO//fx9+tE2StPaxe1UyaqQk6ZNNu7R9x35t31mme/5gRegmBfl5+vrXHpNhGDp//qJe+N2bunCheohfMeD62rGzTDt2RhbEDMPQ6lVLlXIN3dQLF8wKdYZeutSisrJyORx2PfW1x0K/nAffu9XVgSJqZma6nvr6WjlTknX8+Bmte+2DiPfSpx1/1dQ2SJJmz7pFty6eI0kR3anbtu+Ty+XWY5+/R5MnBQqfo0uK9NyvXtXhIyeu6RTczMx0SVKPK1DgNE1Tf/5nT0XMMy0tVZs279KZMxe0aOFs5ecv0rbt+2VZllbctjD0mfXOuxuven67dh+Ueo8X773nDqm3EP3Bhi0R+13r52NbW4f27juskSPz9djnA0sYzJ0zTR2dXdq1+0Do8xpIBD6fT7t3H9So4kKNHJkvSZo4YYxycjK1Y2eZZs0svawrOz8/V09++WFJkt1h1759R5SW6tSXv/Q5SZJps6msrFyVVbUaNWrkFR0PXa27/2BF6IJ1v37hdVVW1ujixTqVThmv5OQkHT5yQlmZ6QMfFwFXyC4F14ZkZEy8MVHl5+fqwftXa91rH+jlde/q/vtWXbbPhcoa7dlzSPUNTeru7gktHN7d0xOxX052ZugqpsFfFvJys0OnogW3udyBLoHgXx537zmoffsPh+7H5/OHOp4AIB4FLzA1pbebS5LGjy+RzWZT06UWud0e1dQEiiylUyZEnCYX/LqlpU1bt+3VxYt16ujsktfrC11Z/Gr+b+vo6FJbW4ecKcmh4ql6O82279ivmurIi2GNGVMcuu+srAwp7HMdGC4K8vNUVBQoCNjsNmVlZqh0yvirPrU9aPasqaGva2oChc3RJUURnU3h72NJmjxpXOgYqbBwhNTvvfRpx1/jxpbI4bDrk027dOZspYpGFmjcuFGh016DnVkvv/KebLZgITHwV5PW1rZrep5tbYHjs/Ai88FDFTpSfkLNl1rlcrvl9QbWGOzujt7lei3zq2+4JEmaOaM0tG3evOna8NG20OefPsPnY/DYtLa2Qf/7//wstD24XqLL5VZyclLU5wXEi0OHKtTR2SWX26033vowtL25OfD+PH78jKb2FiqDwo8jMtIDn3+jBtgW7Bq/kuOhqzV+XEno6+ysDFVW1lzVBeaAKxHqQGVkTMwxcZWWTtCypfO1bfs+vfb6hohca2u7fv/i20pOTtJddy5XXm6O2trate61D/quNNDLtEX+YqABflmQdNntbl+xWFNLJ0RsS0tzfpanBAA3teAv7/6w/4D8/sBFVhTWqRbN7196W83Nbbp9xWKNG1ssR5JDzz3/qrxeb6hAcCU11IHmot7T4wbabgv7rA/e1kr0/0gx7PS/iFR/A711ghcfGYi9d213STLN3vdF/wOe/rex93Vt9n8vXcnxV05Opp75xhd1pPyEqqvrdfhwhXbtPqBZM6fq/vtWhu77K19+WM6UsAvGGVJWZkbUuQ3m5MnzkqRRxYWSpCPlJ/T+B5tVWDhC9923UhnpaTpSflK7dh+4/IBvEFc1v97XJzklsojZvyD6WT8fJ08ap1UrI9dWTUpyUDxFwrAsSzt2HZB6r3dRXn7ysn2279h/WQF1oGMX2wC/IwY/H67keOhqP48j5xC8de/jDXhvwNULdKDK6F0jsrczj5g4QeJEd/uKRaqra9Sp0+cjtjc1tciyLJWMGqkZ0wNrxjRdar4uj1lcXKj9ZeWqr2+MOCXKsqzQL+4AEI+KigrUdKlFJ0+eVWFBniTp/Plq+f1+5eRkKSUlWUVFBVJZuSoqTuvWxXMifiHw+Xxqbm6Tw2EPfX62t3fI6/VGPE5SUuCX/eb/n737im7rOvdF/wcIFjQSBHuvIiVRYpFYVKhGFavbli3LimQ7O3GcOHvv7DPuuA9nnKf7fMc9Yycn20lOTmInthzLstWsYhVLVG+kRJESxSqSYu8kSAAsAIj7AHARCwQoqsUS8P+N4TH9rW9hYS3YmAQmvjnXoPtqM6VSjsBAFYaG9Ghp6UBcXBQAoLGxBQAQHRX+Al4Bopfb5EDZ0JBe2Db5nnicKPt7pqWlE0NDemHa+5OY7eevwEAVli219QEWywR+/8nnqKqux9YtaxATHYG+vkF0dfUK6xfCPhjiekDDPZPJjMtXStDc0g4fHykW5WQAAHrsFaEZ8+cgNSUBAHD7zv1pj/f398Po6BgGB4eEKt+nOb/w8BD0D+jw8GEzwsNsfWdzS4doMOVZ+sfJ/3bdPX0IDFQJNz2FQ8UckTd4UFWPwcEhLFu6SHTjpkknThajvKIaDQ0tz3Tz39l8HnqW/tiZn58vAEA3NOz1M1Hp2dgqUG231JmqzGPM2Gtien37Onz294Pot99UBAAio8Lg5+eLhsYWXL5SAkCCsruVz+X55s9LRWlpBaqqH0L3+SHExkRiZGQE9fWPEBMTiXd2bn4uz0NE9M80+VG8t28A+748Ksr5B/hh86bVWLZ0EaprGnDpcgl6egcgl/vjvv2GDOvXLQcAZMxPxa1b5ejs6sVf/noA8fHR6OsbQE/vAP7bb36K6OgItLd34djx84iICEF5eTV8fHxEAwkJCbabpDx4UI8R4yh8fHywYX3htJNduSIfx0+cx9ffnMCCjDSMjo7hQVU9/P39sHJF3gt+xYhePuHhIZAH+KN/QIev9h+DUqkQ1s98HI0mEFmZc1FeUY1PP/sGaWlJGB0dQ/3DZnzw/o5ZHWM2n78uXLyJe/drMDc9GRpNEAYHh2A0jgjTV5ctW4ya2kacPnMZjY2tCA4ORP+ADg0NzVi9qgAF+dnTnney/+rrH8SBb04CAPQGI/rtU2l9fHywfdtaaDS2O1YnxMfg+o0y3CqpgI+PFH39g6h8ML1SLTEhBtU1Dfjyq+8QEx2BsLCQpzq//PwsVNc0oPjCDXR190IeEICqqnrRPj4+Ps/UPy5alIE7dyrx57/sR2pKAqyworGxBQbDCP7v/+vDWf33I3rV3bCvEZ2VOc9lPid7PsorqnHtxp1nGkCdzeehZ+mPnYWGBkOlVGB42IBPP/sGQZpAZC5IR9pTrLVK3s0ncfGv/x/bCLzVXto8OSJvtf85nYqZZ97T8ns3hbh5azyfX6UsExIEqgNmsefsDenHnuqYvX2D0OsNosX1YZ9KlpwUh9q6JiQnxyMp0ba2VlxcFLq6elFT0wiDwYgtm1ajpbUDKSm2ffz8fFFeUYW42Cik26fiS6VS3LtXg8SkWKEiwVcmQ3lFNeakJiA5KQ5SqRTz58/BxMQEOjq60dTUCoPeiOTkeKxaVQCF/Pm+XkRET+pp+lmJRIJ792swNjYO3dCw6B+DwYiMjDkIDQ1Gamoihof0ePSoDR0d3QgLC8H2rUVItq9fONlHjo2Oodt+p1kfHx8sXZqDqKhwpCTHYWBgCHX1j9DV3Yv8/Cz4+/vB189XuMGfUqmARhOE3p5+dHX3wTIxgUU5CzAyMorOrl4sW7oIcnkAIiJCERaqRV//IBobWzEwqENycjzeenOjsM6pxWJBVfVDZGfNQ0S4bb1GX19f3K+sRWxsJOamp8zwqhA9X0/7GWh0ZAx19Y+weNEChIVq3e4nlUoRHRWOzq4edHT2wGw2Y/Pm1RjS6RGsDRLW4GxubodEAizJzxZVMs1JTYRM5oO+vkE0t7RjdHQMmQvnYv68VFitVtTWNWLhwnRh7VNfX19UVdUjOiYCc9NTZvX5S6MJhMFgRF39I9TUNmBwUId5c1OwceMq+Pn6Qi4PwNy5KTAaR9Dc0oGWlnaYzRZkZ81DXm6maAkBx+u+d68Go2Pj6B/QoX9Ah9HRMahVSsydl4ptW4uEu9cDQHBwEFQqJdraOlFb1wQ/X1+sW7ccDx82I3fxQoTYq03jE2KgGxxCb+8A+voHER8XjfS0pCc+v8BAFaIiw9HT24+Wlk6MjY1jw4YVtsFdqQ/y8zIhkUieqX+cNzcFCkUA+noH0NjUir6+QYSFarFh3QoEBwc+8f9zRD+2J+0vJ6fvz01PRqbD+s6O1GoVurr6MDSkx+LFCzBhtaLyQT0yF6Yjyn7DqbHxcdTUNmJRdgbCwmz9rclsFm6EFxqqhUIhn9Xnodn0x4+a2yGVSFBQMPXji0FvRFtbJ/LzMqFWqyCRSBAfH4Oenj509/RDrzcgY34a39vP6Gn/Jj/umDKfyTEbibD0ylQM+zaJaBsAh20QxnMc/0ZP/rvFYltjt7Ozc9bnFRVlm6klWf1RpUMd3tSgk7hlnnnPzH//v2wdr+M6brZ/n9zPFk/mbY1V2Gb7x3Hb5ONt8ZhJitioIDxPrR26535MIiKawn6W6OXE9yYR0eywv6QX7UX8P9baoYO/78RzGkC1uhxAHR8zAgDKyspmfV45OTkAAOnkIJFjhZ5z5R7zzHtunoiIiIiIiIiIyD2pY0We1WFwCQ5rRjLPvOfmiYiIiIiIiIiI3JPCaVBJ3MLNduaZ95Q8ERERERERERGRe1L3g0ts2XpDS0RERERERERE5J5UfMMcCRgz9qaYiIiIiIiIiIhoJlLbfXSmBpUYM/ammIiIiIiIiIiIaCZS2xjSVGWe1SlmnnmPzhMREREREREREc1AaivJm6rMc26ZZ96j80RERERERERERDOQTq/Mw2Mq95hn3nPyREREREREREREM5FKJIDV6lSZZxVX7jHPvKfmiYiIiIiIiIiIZiK1jSU5VehJxJV7zDPvqXkiIiIiIiIiIqKZSB0r81xV6jHPvCfniYiIiIiIiIiIZiKdHEMSV+rBoVKPeeY9N09ERERERERERDQT+xqocKrUY8zYO2IiIiIiIiIiIqKZOK2B6rpSjzFjT42JiIiIiIiIiIhmInVcG3KyMo8xY2+JiYiIiIiIiIiIZiKdGlSaqsxjzNhbYiIiIiIiIiIioplIIUxrtlXmMWbsbTEREREREREREZE7MsCxIo8tW+9qX1WtHbof+xSIiDwa+1milxPfm0REs8P+kuj5EipQAfHgkvN25pn31DwREREREREREZE7LipQrS7WimSeec/Mv6pio4J+7FMgIvJYrR069rNELyG+N4mIZof9Jb1o3ljhPK0CFZDMWMHHPPOeliciIiIiIiIiInJHCkxV4olbq5vtzDPvWXkiIiIiIiIiIiJ3XFSgvryVgswz/yLyRERERERERERE7kiBqVGkyco8xoy9JyYiIiIiIiIiInJPCkyNIk1W5jFm7D0xERERERERERGRew4VqGzZemNLRERERERERETknkMFKlu23tgSERERERERERG5N60C1fqYij3mmfesPBERERERERERkXv2ClSrUJEncYqZZ96z80RERERERERERO5JJweTxJV5ElitTjHzzHtknoiIiIiIiIiIyD1hDVTnyjyJZObKPeaZ94w8ERERERERERGRe9LJSjyru8o95pn34DwREREREREREdFMpJOVeBJ3lXvMM+/BeSIiIiIiIiIiopnYK1AdKvUYM/aimIiIiIiIiIiIaCZTFahs2XphS0RERERERERiVVX1P/YpEL1UnCpQ2bL1rpaIiIiIiIiIpoyMjuHw0bM/9mkQvVSkEoltWvNUZR5jxt4TExERERH92E6dvoTKyroXdvy//PUAhob0L+z4RORZrFzyjmgamdVqu7HO5KASW7be1Hqj6poG3CmrREdHN0wmMwIDVUhJjsfSJTkIDFTBarXi9598gV3vbEFEeMhzf/6Dh04hKSkOi3IynvuxJ129dhstLR14d9dWt/vo9QZ8+rdvsWvnFkREhD7zc1ZV1SM+PgZKpVzY9uln3yA5OR6rVxU88/GJ6OVmMpnxyR++wI43X0N8fLTb/S5cvIn+/kHsePM1AMAP566irb0bH7z35gs9P/ZH5O0qH9ThVkkFenr6IJFIEBUVjtWrChAbEynar7mlHRcu3kRXVy9kMhnS5iSiqGgZ5AH+wj7t7V24cvU2Wlo7YDabodVqkJ+XhazMucI+JpMZZXcrcb+yDgMDOlgsEwgP02LZ0kVIS0sSPefExAQqH9Rh8eIFAACdbhjniq+jqakVFosFsbGRWFu0DOFhU5/Lfvu7z2AcGXV5rWuLlqIgP3vqfDu6oTcYoVYrhW3DwwacOXsZQ8MG/MsHb007xmyukYg8T1//IM7b+x/Y+5rk5HisKMxFcHAQAODQ4dOormlw+fjU1AS88/ZmAMDwsB6Xr5Si/uEjGI2jUKkUmD8vFatW5sPHx0d4zGz6PHfu3a9B8YUb2LRxFeakJopyI6Nj+P1/fQ6z2TztcZteW4mcF/h9lDyTzLEiz/qYij3mmfe0vLc5deYSysoeYNGiDOTnZcLPzxf9/TrcLa/CZ3/7Fv/xm5/CYpmAXm+A0TjyQs5heNiA4eEXWwGh1xvR0NiC6poGzE1PdrlP8YWb0OuNbr98PKnTZy5RpUJRAAAgAElEQVRj7dplWLggXdiWlTUPoSHBz+X4RPRyM5nNMI6M4sh3P+Df//U9lz/S9Q/ocO36HdGATUpyAkL+Cf0E+yPyZueLr+N+ZR2WLslGVORymExm3LhZhq/2H8PHv9oDlVIBAOjs6sVX+48hLzcTGzeshHFkFOeLr+PAgRP44P0dAID6h49w+MgZ5C5eiLzcTPj6yVBVVY8TJ4uhVMiRmpoAALhxswzt7d3Iz8uEVquBxWLB/co6fHvoFD782TsId/iRurGpFQqFHGGhWphMZuz7x1GEhgRj187NkEp9UFJagX1fHsVHH+6CSmUbBP3Fh+9ifHxcdJ3d3X04ePg0oqMjRNtrahqQNidR6Jcq7tXg7A9XMDY2DpVKMe31mu01EpFn0RuM+PyLw4iICMXOtzYhMFAFvcGIsrIH+PyLw/iP3/wUALBl8xqsWb1E9Fiz2YJP//YNoqNs/Y9xZBR/+vNXmDMnERs3rIRKrUR7exfOF1+H1WrF2qJlgP3Hptn0ec4MhhF8d/wHdHf3wWAYwYiL73TjY+Mwm814d9dWhGg1opzjD0pEs8UKVLZe3XqT6poG3LlTiZ1vbxL9OhcfF43srHkvfFDzny02NhIXLt7EnNQE0S+csH9B6usbgL+/33N7PqvVCqvTVJfFixY8t+MT0ashRBuE8opqZGfNm5Y7d/4akhJjYTJNVUIkJcX+U86L/RF5s4KCbKxckQ+ZbOrzQExMBP7nf/4Vj5rakJExBwBw5WopUlMSULRmqbDfzrc24ZM/7kP9w0dITUlAYkIMfv3xXigVUzNOYmMi0drWidq6RmFwcUVh3rTziIuNQkVFFXp6+0UDqLW1jcIPvnfLq2CxWPDWjo3C+W7bWoS/fHoAN29VYG2R7dyUSrlo1gsAnDl7BSnJ8YiLjRJtr6lpwPr1hULc2NiCbVuKMKgbxq2S8mnnOdtrJCLP8uBBPaQSCXbt3Cx8f9JqNYiPixZVcfr7+037HnXj5l34+/sjPy8TAKCQB+CjD99FUJBa2Cc6KhxDQ3rU1DYKA6iz7fOcdXX3IlCtwhuvb8Af/rhvxutSq5Si8yB6Wg4VqHAaXHLezjzznpf3Jrfv3EdiYuy0qQ2T1GqVKDYYjDh46BQam1ohlUqxICMN69ctFwaea2obUXa3Eh0dPTCZTIiJicTmjauEqR2lt++hs7MXcXFRuHK1FJogNfb85HWXz20ymXHh4k08qKqD2WxBZEQoitYsQ1RUGADAbDbjh3PXUF3TgPFxE0JDNFhSkIP581PdXm+wJgjh4SEoKb2HJQXZotwP565i9aoCHDx8WrT9aa5p3txUnDpzCQBw/EQxjp8oRnhYCD78+Ts4fOQMkpLikJ01D1arFZ/8cR+2b12LW6UVaHLzuhLRq23linwcPfYD5s9LhZ+fr7C9ubkdIyOjmJuegurqh8L227fvo629C9u3rQUAdHb24FZJBR41t8FoHIE2WIM1a5YgNcU2YNHT248D35zEtq1FOHP2Cvr6BhEREYrt29ait6cfxRdvYHBwGBHhIdi+bS209ooLx/6IyNs4DgRO8vWVQSqVCO9Tq9WKpqZWbN64WrSfWq1EbEwkGhtbkJqSAJlMBplMNu14/v7+ove8s5HRMZSUlEOtViE5KU7YbrVaUVvbiJ07bVNeGxtbMCc1UTTYK5FIMDc9GTW1jQBcDyY0t7TjYUMzfv6zd0Tbe3r7YTCOIClx6sea17evAwDcKqlweaynvUYierVZLBb4B/hPKz6BvV9wZ3R0DNeu38HKFXmiPsLVoKW/v59on6ft85KT4kR9KdE/AytQ2Xp1603a27uwbOmiWe9/5uwVbFhfiA3rV6CzswcHD59GRESosPZVXV0j5qanYOOGlfDxkeL02Ss4fqIY7+19A7BP1a+qrkdv3wDWr1s+rRrC0beHvoevzBc/++lOqFQKPKiqx1dfHxOmbVy6XIL2jm588N4OqFQKNLe0o6qqfsYBVABYsTwPf/3sADIXpkNh//JUW9sIiUSCxMTpVV9Pc01yeQCysubif/3+71i9egkWLkiHj48UsK/no9MNAQAslgkMDelx6PBpbNy4Cls2rUZHZw+++fak6HUloldbYKAK8+am4Nr1O6L1Rn84dxXr1xWio7NHtP/QsB6Dg0NC3NjUCq02CEuX5kChkKO8vAqHj5zBb/7tA/j7+8FoHIVON4zLV0rx+vZ1CPD3x5HvzmL/18ehUinw9o5N8POT4fDRszh95jJ2v7sNcOqPiAioq2+Cj48PYmNtS2oYjaMYHzdBqw2atm9wcCAGBt2/fwyGEbS0dGBpQc603OdfHEZ7RzcmJiagUMixe9dWyOUBQr61tRNSHymio8IBAAMDOiQkTF9HWaMJEvUVzoqLbyBj/pxp69fX1DQgNTUBUqnU7WNnY6ZrJCLPkJ6WhEuXS3D6zGXk5i6cNu3dnes3yuDv74ec7MevKVpT04CU5Hghfto+70nUP3yEEyeL0dc/CIVCjuyseVhSkO114wH07KSAuEKPMWNvi72B1WqFyWSGPCBgFnvbFORnY0FGGtRqJebMSURSYixaWtqF/NYtRcjOmgeNJhBqtQp5uZloae0Qva4SiQTvvrMFaXOSRF8WHDU3t6O1tRPbt62FWq2ERCJBxvw5SEmJR+UD291o+/oHkRAfjeDgQPj6ypCSHI+tW4oeew1KpRxZmfNw8dItwH6ThvPF16et2fOs1zT5K62PjxQymc+Mf4wLCrIxNz0ZcnkAkpPikJQYJ3pdiejVt2zZYpSXV0GnGwYAVNyrhlKpQFyc+x+SJi1dkoPC5bkIC9VCqZBjSUE2zGYLOrt6RfutXpmPsFAt1GolFmVnYHBwCBvWr0BIiAZqtQo52fPR2tb5wq6R6FVmMIzgzNkrWLZ0kfC3fHI9UVdVVjJfGcxmi8tjWa1WHD9xHgnx0S6X5Hj7rY34xc93Ye+e15GSHI/9Xx/H0NDUsknVNQ1IT5tar31s3OTyHHx9ZaLlPxzV1jaio7MHq1bmT8vV1DRgbprr9eBn63HXSESeQavV4Kfv78Cw3oC/fvoN/vO3n+LAtydRXlGNiYkJl4/R6w0oKa3AyhX5QhGJO9eu34FebxTNDnyaPu9JVdyrRkFBNn7y7nYsXrQAl6+U4tLlW8/l2ORdZAArUNl6b+stJBIJ/P39MDI6+xsmRUaK70yvUMgxPm4S4obGFpTdfYC+vgFYJ6zo6x8E7AuI+/ra/ghqtRoEONy11pW29i6YTGZ8+rdvRdtHR8cQGqIFAGRnzsOR785iWG9AfGw0EhJiEBIyu19ElxRk40//+x/IXbwQjU2tCA3TClUezp7XNc0k3KkyRC4PEL2uRPTqkwf4Izd3Ic4XX8fWLUW4eOmWcEfax+nrH8TNm3fR2dmDcfsXB9uPYOJ+wvHGUwFyW5/keJMoeUDAc/viQeRJRkfHsP/rY4iNicTSJVPVlJN/5129b8wmM/zdTF0/cbIYg7ohvL/3TZd5hUIOhUKOkBDbOoKf/u1blN6+J6yzWlvXKPpR2N2ggclkdrl2u9VqxYWLN5GdbfsB2JFON4y+fh2SHaq9nsbjrpGIPEdERCje3rERExMT6O7pR3NzOy5dLkHFvWrs2b19WjX75SulCA4OwgL7WtLulFdU49r1O/jJ7u2i71JP2uc9icBAFTZvWo0FGWnCEgFRUWHCjQRXrSx47DGIHMngVJnHmLFXxV4kKiocj5rbsXzZ4lnt72qq1+Qr1t3Th/1fH8e2rUWYu3UtfH1l6Ojoxmd/Pyh6XaWzHKSOjAjFz/5lp9v8nDmJ+PiXP8HDhha0tnbg4uVbSE6Ow+vb1j322P7+fliyJAfHTpzHkG4Ye/e84XK/531N7sz0uhKR58jPy8If//Qlvjn4PeJioxAREfrYx0xMTODLL48ifW4y3t21VVh65P/9//7PtI7CVV8ilXrPD4NET2NsbBz/2H8MGk0gtm9bK/oxXalUQCaToX9gUFiDfVJ/v27ane0B4PtTF9Ha2om9e95wO9PGWVioFv39OsC+5vH4uAnxDtXpwcGBGBjQTXvcwMDgtAFSAKi4VwPd0DAKl+dOy1XXNCA5KU4YHH4aT3ONRPTqk0qliIwIRWREKFJT4vGnP3+FtrYu0Wya/v5B3C2vws63Ns1YnHS/shZnf7iCXTu3TCtkedI+70lIJBKXa7/HxkRgbGwco6Njz1QYQ95HCisA+//rEokEsAISp5h55j0270UW5WSgqakVdXVNLvOO08kep7u7DzKZDxYuSBc+lE9Waz6Oj4+PaBpcZGQYevsGYDCMzPg4lUqJrMy52LJ5DX76/luorKyb9bo4uYsXYGDAVoERGhrscp9nuSbYp/eNjY3Pen8i8my+vjIUFuaiqakVK11Mq3XFYBiB3mDEwgVT6zbr9QbRnW+J6OmMj5uw/+vjUKuVePONDdN+hJBIJEhKjEWVw03eAGB4WI+29i4kJ4tvVnL67GU0PWrF3j2vQ6VSTHs+g9H155runj6oA5UAgJraBqTNSRR9Jk1OikNdfZPos5LVakV1TQNSnM7BbLbg0uUS5OdlQqWcfg41NQ1IT3/66fuPu0Yi8ixG4wgslulT9Sen2Fudfs29cPEmYqIjkJqa4PaYD6rqcer0Jex8e7PLpYyepM97UmazGcaR6TMwu3v6ERDgz8FTemKT7wRbI1TmQVSpxzzzHp33EnPTk7F48QJ8e+gUFi3KQEpyPPz9/DAwOITy8ir09Q3gv/3Hv8zqWFFR4ZiYsKL09j3kZGegp6fP7Z1cnYWFa1FT24iM+XOg1WqQmBCD6OgIfHvoFNYVLUVwcBD6+3W4VVqBjHmpSE9PxnfHziE1JQFJyXGQ+fig/uEj+Pn5QqVSzuo5fXx88NGHu+Dv7/6P5LNcEwBER0eg7O4DxMZEQaVSQK2e3bkRkedalJOBxIQYaIOn35TGFZVKgaAgNUpKK7Bxw0qYTCZ8f/qSy7vhEtHsmc1mfH3gBMbHTdi2tQjDwwYh5+fvB7n9S3Th8lz8/YtDOF98HQsy0mAcGcX589cQGxMpuov9ufPXUV5ejd3vboXFMiGsd+zjIxU+mxw8eApjY+PIzV2I8DAtJiasuFtuWyZocgZNTU0jiorEd5jOzpqPWyUVOHjoFAoLc+EjleLmrXIYDSPIzc0U7Vt6+x5MJhOWuLixk8Ewgo7ObryTOn35EINhBGazGaOjo5iYsEKnG4ZEIkFgoOqJrpGIPMvFS7dQ//AR8vOyEBMdAV9fGQYGh3D1aikiI8NENwXu6OhGdU2DcLNdV2prG3Hk6Fls2bwGmiC10I/APr3eViE6uz7v+1MXkZAQg/nzbDcRtlgs0OuNgP17/uRNNgMC/IWp/3X1j3Ds+DksylmApKRYKBVytLR24MLFm1hRmPdCXkPybKI1UCGBvUJvco1I22AT88x7at7bvLZ+BRLiY3Dnzn08eFCPsbFxqNVKpKcl4623NgL2D8ZqtRJKe/XTpMBAJcbHbVVQIVoN3tm5GWfOXEbxhRuIjY3Exg0rcPDwGWF9GbVaicAg9bRzKFyei/6+Qfz9i8PIy12IojVLsWvnFly8dAuHjpyF0TgCTZAaGRlpwppd6enJuHnzLk6duQSLxYLIiDC8u2ur8FzOVCrFtHVF1WrVtP0CA1VQ2KejPcs1AcCGdctx/GQxPt93GH5+vviXD95CUJAagYFqh9dVNePrSkSvLl+ZDEqlfNp6XVqnO9iqlAqoHH5gCVSrEKSx9RMSiQR7dm/HsePn8bvf/w1arQYb1hVCrzdAobT1HQpFAFQqpaj/UyptA6+OFXVKpVw09c2xPyLyNq2tnWhp7QAA/OnPX4lyGk0gfv2rPYB9bbx3d23FhQs3UFJ6DwH+fkhLSxLWK4W9kvVO2X2YzWZ8se+I6FhSqRS/+mg3NJpA7H53G27fuY/S0nvoHxiEj48PoqMjsPcnryM0NBj9/YMYGtaLBmYBwM/PF3t/8jp+OHcNX+0/BgCIi43C3r1vTPsMUV39EKtW5rtcJ7C2tgHx8dHTKqxMJjP+8Kd9ojUHP/njPgDArne2ICU5ftbXSESe5bUNKxBWpsX9yjpcuHgDFssENJpApKclo3D5YlG1/IOqh5g3L1U0qOrsVqmtGOXEyeJpuW1b12LhgrRZ93ltbV2iH2+uXS/D5SslQny++DrOF19HTHQEPnh/BwBg3twU+PrKUFp6DxX3qmEymaAN1mDd2uXIyZ7/zK8XeR/Jyg/veVcZHpGD0/81F3BaD9U6WaIKqxCLqldhFbbZ/nHcNvl4WzxmkiI2anaVR7PV2qF77sckIqIp7GeJXk6e9N58UFWPxsYWbNm85oUc/9TpS4iJicTCBWkv5PhE9HJ71v7SODKK3/7uM/yP//7xcz0v8hwv4m9ya4cO/r4T9sF6CSQSCSQSOMSwb5OItgFw2AZhPMdx0H/y38fHbJXLZWVlsz6vnBzbTA/RiuJCpR5jxl4SExERERH9s82flypMRX0RNr628oUdm4g8n69MhuBgVpoTORKtnu68JiRjxt4UExEREREREXk7X18ZPv7lnh/7NIheKrYB1McV4jHPvCfniYiIiIiIiIiI3LANoD6uEI955j05T0RERERERERE5IbU6jS6JIolTjHzzHtYnoiIiIiIiIiIaCZSidMokii2OsXMM+9heSIiIiIiIiIioplIJ8eQ3FXqMc+8J+eJiIiIiIiIiIhmIp2sx3NXqcc8856cJyIiIiIiIiIimonUanWq1GPM2ItiIiIiIiIiIiKimUglEqdKPYkEVqeYeeY9NU9ERERERERERDSTqQpUh1biFDPPvKfmiYiIiIiIiIiIZjJVgTpZmceYsRfFREREREREREREM5HOVLnHmLGnx0RERERERERERDORSiQS22CSY2UeY8ZeEhMREREREREREc1EOjmYJKrMY8zYS2IiIiIiIiIiIqKZiCpQhdapUo955j01T0RERERERERENBOpy0Emp0o95pn31DwREREREREREdFMpHCqzBPFVqeYeeY9LU9ERERERERERDQDGWaq1GPL1sPbV1Vrh+7HPgUiIo/Gfpbo5cT3JhHR7LC/JHq+ZJMVeWzZemX7ioqNCvqxT4GIyGO1dujYzxK9hPjeJCKaHfaX9KJ54wC9dLIClS1br2yJiIiIiIiIiIhmIIX9hjqOFXmMGXtTTERERERERERE5I4UwLSKPMaMvSkmIiIiIiIiIiJyRwo4VeYxZuxVMRERERERERERkXtSwDadGZOVeYwZe1VMRERERERERETknhQA4FSZx5ixV8VERERERERERERu2AZQnSrzGDP2qpiIiIiIiIiIiMgNhwpUtmy9tCUiIiIiIiIiInJDKhpCEirypir1mGfek/NEREREREREREQzkYqGkISKvKkKPeaZ9+Q8ERERERERERHRTGxT+OFUqQfJtJZ55j03T0RERERERERE5Jp9ANWpUg/WaS3zzHtunoiIiIiIiIiIyDXxGqiQOM1qnl65xzzznpQnIiIiIiIiIiKaidS5Mk98X53plXvMM+9JeSIiIiIiIiIiopkIFajTWqub7cwz70F5IiIiIiIiIhKrqqr/sU+B6KUiVKBOayVutjPPvAfliYiIiIiIiGjKyOgYDh89+2OfBtFLRWq1l+K5rdxjnnkPzhMRERER/dhOnb6Eysq6F3b8v/z1AIaG9C/s+ETkWSa/RxPRFJlEYrvRjmNlnjhmnnnPzXuTq9fu4OKlm0IslUqhVMoRGxOJvNxMxMZGPtfnq65pwKnTl/CLD3dBqZC73e///PVrrFu7HEmJsW73OXzkDGJiIpCflzWr57Zarfj9J19g1ztbEBEe8lTnT0T0JEwmMz75wxfY8eZriI+PdrvfhYs30d8/iB1vvgYA+OHcVbS1d+OD9958oef36WffIDk5HqtXFbzQ5yF6WVU+qMOtkgr09PRBIpEgKiocq1cVIDZG/PmnuaUdFy7eRFdXL2QyGdLmJKKoaBnkAf7CPu3tXbhy9TZaWjtgNpuh1WqQn5eFrMy5wj4mkxlldytxv7IOAwM6WCwTCA/TYtnSRUhLSxI958TEBCof1GHx4gUAAJ1uGOeKr6OpqRUWiwWxsZFYW7QM4WFTn2l++7vPYBwZdXmta4uWoiA/e+p8O7qhNxihVithMplx81Y57t+vwaBuGP7+fkhKisXaNUuhVque6BqJyPP09Q/ivL3/gb2vSU6Ox4rCXAQHB4n2rbhXjdLSe+jpHYCfny/S5iRi1cp8qFRKAEDxhRu4fqNs2nOolAr85t8/EOLZ9HmutLV14tKVErS1dcFqtSIuLgqrVuQjKir8mY9N5IrMarUPKlmttsEmIXZumWfe8/LeZHBQh4SEGGzdvAYAYLZYoBscxoOqeny+7zDWrF6CpUtyntvzRYSHYFFOhugLhytDQ3oYDMYZ9xkeNmB42DDr57ZYJqDXG2A0jsz6MUREz8JkNsM4Mooj3/2Af//X9yBx8Uemf0CHa9fviAZsUpITEBIS/MLPLytrHkL/Cc9D9DI6X3wd9yvrsHRJNqIil8NkMuPGzTJ8tf8YPv7VHqiUCgBAZ1cvvtp/DHm5mdi4YSWMI6M4X3wdBw6cwAfv7wAA1D98hMNHziB38ULk5WbC10+Gqqp6nDhZDKVCjtTUBADAjZtlaG/vRn5eJrRaDSwWC+5X1uHbQ6fw4c/eQbjDD7yNTa1QKOQIC9XCZDJj3z+OIjQkGLt2boZU6oOS0grs+/IoPvpwlzAw8YsP38X4+LjoOru7+3Dw8GlER0eIttfUNCBtTiIkEgn2/eMoAKCwMBdarQY63TCKL9zANwdP4Wc/ffuJrpGIPIveYMTnXxxGREQodr61CYGBKugNRpSVPcDnXxzGf/zmp8K+V67exo2bZVhRmIu42CiMjI7hfmUtvvzqO/zyF7ttx9MbkZIcj42vrRQ9j6+fr/Dvs+3znDU9asPXB44jO2s+li9bDFiBxqYWfPnVd/jVR7uhUimf+thE7siEirzJSj0hdm6ZZ97z8t7GVyZDUJBaiEO0GiQnxyE2NhInv7+A+PhoxDh96H5awcFBWLki77kci4joVRGiDUJ5RTWys+ZNy507fw1JibEwmczCtqQk99X3z9PiRQv+Kc9D9DIqKMjGyhX5kMl8hG0xMRH4n//5VzxqakNGxhwAwJWrpUhNSUDRmqXCfjvf2oRP/rgP9Q8fITUlAYkJMfj1x3tFs2tiYyLR2taJ2rpGYXBxReH0z0BxsVGoqKhCT2+/aAC1trYRc9OTAQB3y6tgsVjw1o6Nwvlu21qEv3x6ADdvVWBtke3clEo5lErxDJ8zZ68gJTkecbFRou01NQ1Yv74QAPDWm68hMHCq0jQ6Khy+vjIc+OYk9HoDVCrlrK+RiDzLgwf1kEok2LVzM3x8bP2PVqtBfFw0zOapzy463TAuXynBu+9sFX2OSUmOx8TEhOiYMl/x909ns+3znH1/6iIK8rNFM2vi46OxojAPUqn0mY5N5I5semUeY8beE5NNdtY8lJRWoKysUhhA7ezswa2SCjxqboPROAJtsAZr1ixBakoC2ju6ceToWfzi57vg6ysTjjMwoMMX+47g3/71PfT09OPQkdP4+Jd7hPzd8ipcv1GGoSE9wsO1WLd2+VOdr9VqxdVrt3G3vAp6vRHBwYEoyM+eNmBhMBhx8NApNDa1QiqVYkFGGtavW27/f8CKT/64D9u3rsWt0go0udgHAAYHh3Dm7BU8am6DVCpFTHQEVq0sQFRUGABgZGQU585fQ11dE0xmCyIjQ7Fm1RLExUUJr+ORo2exbdtanP3hKrq6eqFUylG4PNflAAsRvdpWrsjH0WM/YP68VPg5VFg0N7djZGQUc9NTUF39UNh++/Z9tLV3Yfu2tcBj+l4A6Ontx4FvTmLb1iKcOXsFfX2DiIgIxfZta9Hb04/iizcwODiMiPAQbN+2FlqtBrAvhZKUFMd+h7ySq6WEfH1lkEolwvvUarWiqakVmzeuFu2nVisRGxOJxsYWpKYkQCaTQSaTTTuev7+/6D3vbGR0DCUl5VCrVUhOihO2W61W1NY2YufOzQCAxsYWzElNFA32SiQSzE1PRk1tIwDXX/ibW9rxsKEZP//ZO6LtPb39MBhHhKWSHAdPJwX4+9tfE9v5P+01EtGrzWKxwD/AXxg8deTYJ1RVP0RYmNblj8CTg5ez9TR9XkdHDwYGdCjIn768m+PzP21/SuSODI6DS7CV5jFm7DUxCRLiY/DoUZsQNza1QqsNwtKlOVAo5Cgvr8LhI2fwm3/7AGGhWoyMjOJBVb1oLayS0nsIDdNCKpVCbzBiYGAIExMTkEqlqHxQh1OnL+G1DSuQlpaEgX4dfjh3FWNj427OyL1Ll0tQXlGN7VuLEBYWgkfNbTj5/QWYTGbk5S4U9jtz9go2rC/EhvUr0NnZg4OHTyMiIhRZmXNhsUxgaEiPQ4dPY+PGVdiyaTU6OnvwzbcnhX0A4PDRMwgPC8G//fo9wL62a0NjizCA+u3BU5BIJNiz53XIA/xRXlGNL7/6Dj99fwciI8NgMI6gf0CH8+evY8O65QgODsLd8iqh4lfrtJYQEb3aAgNVmDc3Bdeu3xFVRfxw7irWrytER2ePaP+hYT0GB4eEeKa+19/fD0bjqL3yoxSvb1+HAH9/HPnuLPZ/fRwqlQJv79gEPz8ZDh89i9NnLmP3u9sAe7WITjcEIrKpq2+Cj4+PsAa80TiK8XETtNrpf5eDgwMxMOj+/WMwjKClpQNLC6YvhfT5F4fR3tGNiYkJKBRy7N61FXJ5gJBvbe2E1EeKaPuafQMDOiQkTF9HWaMJEvUVzoqLbyBj/pxpa7/X1DQgNTVhxkGNquqHiImJhL+/31NdIxF5hvS0JFy6XILTZy4jN3chQuw/wjrr7gntp7gAACAASURBVO5DZEQYWts6ceHCTfT09EGlViJ30QLk5GSI9h0fG8epM5dQW9sIi9mC6OgIFBUtRVioFnjKPq+7pw9BQWqYzRYcOXoWTY/aIJP5YN7cFKxckS8U+Dxtf0rkjhRW61RlHmy3KWfM2GtiEsjl/hgdGxPipUtyULg8F2GhWigVciwpyIbZbEFnVy98fWXIypyL23fuC/ubTGbcu1+D/NxMl8e/easc2dnzkJM9H0qFHLGxkdiwYcUTn6dt3bK7WL9uORITY6FUyjF/XiqWL1uMa9dvi+4YWZCfjQUZaVCrlZgzJxFJibFoaWkXHa+gIBtz05MhlwcgOSkOSYlxon36+3VIT7Pl5fIA5GTPx/JliwD72jutbZ144431CA8LgVqtQuHyXCQlxk5bMH1t0VJER0dALg/A0iU58PPzRWtr5xNfPxG9/JYtW4zy8irodMOA/SYLSqVCqEyfyUx9r6PVK/MRFqqFWq3EouwMDA4OYcP6FQgJ0UCtViEnez5a29jHELliMIzgzNkrWLZ0kTCYObmeqKvKS5mvDGazxeWxrFYrjp84j4T4aJfVWG+/tRG/+Pku7N3zOlKS47H/6+MYGtIL+eqaBqSnJQvx2LjJ5Tn4+spEy384qq1tREdnD1atzJ+Wq6lpwFyH4ztrbmnHnbJKrF3jvhLrcddIRJ5Bq9Xgp+/vwLDegL9++g3+87ef4sC3J1FeUS2amj86OgajcQTfHTuH/LxM7N3zBhZkpOH705dQevuesJ9EYl/jWS7Hm29swJtvbIDZbMa+fUdgMNjuVfE0fd7o6Cj8/Hzx9YETiImJwJ7d27GuaBkqKqrx3fFzwn5Pc2yimcgmpzNPVeYxZuw9MU0xjowKU7hgvwPjzZt30dnZg3H7Hxir1QqTyQQAyF28ELdKKtDZ2YPIyDDcr6yFQhGAlJR4l8fv6enDkoJs0bboqHCXU0Rm0t8/CIvFgvg48a+J8XFRKL5wA3q9UfgyFBkZKtpHoZBjfNwk2hbuVKkhlweI9lmUk4FjJ85j/rxUxMREICkpTpgK2N3dB21wkHDziUlxcVEor6hyeh7xuQQE+MPkdC5E5BnkAf7IzV2I88XXsXVLES5euoV33t48q8c+ru+d5HjjqQC5re92vEmUPCCAXw6IXBgdHcP+r48hNiZSdPPMyYolV+8bs8kMfzdT10+cLMagbgjv733TZV6hkEOhkCMkxLaO4Kd/+xalt+8J66zW1jVi65Yi0Xm4OgeTyeyyQtRqteLCxZvIzp4HjSZQlNPphtHXr0NysuvPZp1dvfj24CmsW7tMqMR9mmskIs8RERGKt3dsxMTEBLp7+tHc3I5Ll0tQca8ae3Zvh1QqhcxXhurqh/jZv+xEZITtO05YmBZmsxm3SiqQu9g2I3CRvSLV8R4b0dER+K8/fIH7lbUoyM964j4P9h+6enr6sW7tMuTZi3fCwrSQK+T48h9HMTSkR2Cg6qmOTTQTqdVekSeqzGPM2EtimtLc3I4o+/SxiYkJfPnlUfjIfPDurq341Ue78auPdtt+wbMPPGs0gUhNSRCqUG/fuY/cxZku7zw9yXlRcQCQSp/sP4TZYrEfS1wJMjkQ61iB6mq6mvO4+eP2WbN6Cfb8ZDs0mkBU1zTgD3/cJ1yz2WyGxcU1+fhIpw3Qu7pOKxeSIPJY+XlZaGnpwDcHv0dcbBQiIkIf+5jZ9L2TXPVdT9qfEnmbsbFx/GP/MWg0gdi+ba3oM4tSqYBMJkP/wOC0x/X366DRTJ/a//2pi2ht7cSe3a+LpuXPJCxUi/5+HWBf83h83IR4h+r04OBADAzopj1uYGBw2gApAFTcq4FuaBiFy3On5aprGpCcFCdar35Sd3cfvvrqOyxftnjGm8w9zTUS0atPKpUiMiIU+XmZ2LN7G1paOtDW1gUA0ASpIZFIhMHTSTHRkcLsG9iLZZxvUOzn54uwMC2Ghmz7PWmfB0C4KVV0lPjYsTG2WPcMxyaaiRSQ2AYc3FXqMc+8R+cJ9umlPT39WLTItmaNwTACvcGIhQvSobBXW+r1BtHdFwEgLzcTlQ/qUf/wEQYHh0TroToLCwtBS0uHaFtnV++sKqQMxhHhw39oSDB8fKRodjpWc0s7lEq5y5sjPKvwsBAU5Gfh7R0bsX5doTA9PzIiDDrdsGgqHgA0N3cIg9FE5J18fWUoLMxFU1MrVrqYVuvKbPteInpy4+Mm7P/6ONRqJd58Y8O0HyEkEgmSEmNR5XCTNwAYHtajrb0Lyclxou2nz15G06NW7N3zOlQq8UwU2D+7uNLd0wd1oBIAUFPbgLQ5iaKB3OSkONTVN4mWDLBaraiuaUCK0zmYzRZculyC/LzMabNhYJ++n54+ffp+b98A/rH/GJYsyXF5E5bZXiMReRajcQQWy/TikMlp8JPFHynJ8bBareju6RPt197RjWCHgUnn70iw36iqv39Q+FHqSfq8SfFx0fD1laGzS7yufHtHNwBAExT41McmmokMsAp3pGbL1ttab2Mym4VfBS0WCwYHh/Ggqh737tfY1ui0D/qpVAoEBalRUlqBjRtWwmQy4fvTl6ZNt09KikVQoAoHvjmJvNyFM96ZtSA/C98dO4ewMC3mpqdgeFiPsz9cdbu/1WpFX/8gKivr7AuA29bc8vf3Q+7ihTh37hr8/f0QHRWOlpYOXL5SinVrlz+nV8pmaEiP4os3kJM9H1GR4TCZzXjU3IaQEI1w/ZGRYTh85Axe27ACKrUSFRXVeNjQjF/8fNdzPRcievUsyslAYkLMrG8WN9u+l4iejNlsxtcHTmB83IRtW4swPGwQcn7+fpAH2JbBKFyei79/cQjni69jQUYajCOjOH/+GmJjIoW72APAufPXUV5ejd3vboXFMiF8tvLxkUKlsg2OHjx4CmNj48jNXYjwMC0mJqy4W/4AfX0DeH3bOgBATU0jiorEa49mZ83HrZIKHDx0CoWFufCRSnHzVjmMhhHkOq0zX3r7HkwmE5a4uLGTwTCCjs5uvJMqXj5kYECHv39+CPPnpWL+vFRRtZhCIRd+sJ7NNRKRZ7l46RbqHz5Cfl4WYqIj4Osrw8DgEK5eLUVkZBjiYm3V8gkJMUhNScCBb05i08ZV0GgC0dDQjMtXSrBp4yrhePu/Pg6Zrwy5ixcgNCQYY2Mm3LhVBqlUioUL0oAn6PO+P3URCQkxmD8vFX5+vli5Ig/nzl+Dj1SK+IQY9PcN4uT3F5CRMQdqtfKJjk00WzKhMs9NpR7zzHt03otoNIEor6jGJ3/cB9inZSiVcsTGRuG9vW8gNmZq7SuJRII9u7fj2PHz+N3v/watVoMN6wqh1xugUMpFxy1cnouz564iP09cwaBUKqDRBAoVHhnz58BkMuP6jTKcO38d4eEh2LC+EKfPXIbSRdVEbV0TDh46BZVKiXVrlyMhfmrN06I1SxEQ4I/TZy5jeNiAoCAVNqwvxMIF6YD9w71arRTWKp0UGKjE+LjZYR/VjPuo1UqEhWpx+vRlDAwOwVfmg4TEWGyzr1UmkUjw7q6tOHfuGr76+jjGxsYRGRmG9997UxhkVSpsVbHOlS5BQWqo1c+/WpaIfhy+MhmUSvm0NbW0TnewVSkVUKmnBh8C1SoEaWxT0WbT9yoUAVCplJDJpgZVlUrbwKtjP6NUykXT04KC1AgMVL+AKyd6+bW2dqKl1TZz5U9//kqU02gC8etf7QEAREWF4d1dW3Hhwg2UlN5DgL8f0tKShPVKYa9kvVN2H2azGV/sOyI6llQqxa8+2g2NJhC7392G23fuo7T0HvoHBuHj44Po6Ajs/cnrCA0NRn//IIaG9aKBWdint+79yev44dw1fLX/GAAgLjYKe/e+Me0zS3X1Q6xame9yLb/a2gbEx0cjIMBftP1+ZS3GxsZRdvcByu4+EOWyMudiy+Y1s75GIvIsr21YgbAyLe5X1uHCxRuwWCag0QQiPS0ZhcsXiwqQ3trxGi5dLsH3py7CYDAiWBOEzZtWi2Ykvrf3DVy/UYZr1+5gUDcMPz9fJCXF4f29bwp902z7vLa2LtGPNwX52QgICMCtknKc+eEq5PIAZGbOxcoVecI+T9KfEs2GpPBn5ZOLQwqVeYwZe0t85pN5gNO6mbZ/lwgrYVqtViFva6zCNts/jtsmH2+Lx0xSxEbNrvJotlo7dM/9mERENIX9LNHLyZPemw+q6tHY2IItm9e8kOOfOn0JMTGRQpUXEXmXZ+0vjSOj+O3vPsP/+O8fP9fzIs/xIv4mt3bo4O87YR+sl0AikUAigUMM+zaJaBsAh20QxnMcB/0n/318zAgAKCsrm/V55eTYZnrIANtgkmOlHmPG3hMTEREREf1zTU6hf1E2vrbyhR2biDyfr0yG4GBWmhM5kgJTFXmQAIwZe1dMRERERERERJN8fWX4+Jd7fuzTIHqpSIWKPLZsvbIlIiIiIiIiIiJyz1aBCslUZZ6rlnnmPTZPRERERERERETknv12rY+r0GOeeU/OExERERERERERuWYbQJVIYHVbqcc88x6eJyIiIiIiIiIickNYA9U2lOS+Uo955j0zT0RERERERERE5J50qjLPdaUe88x7cp6IiIiIiIiIiGgmUufKPMaMvSkmIiIiIiIiIiKaidQ2hDRVmceYsTfFREREREREREREMxEqUNmy9caWiIiIiIiIiIhoJlLbLGaHyjzGjL0oJiIiIiIiIiIimolUIgGsjpV5jBl7UUxERERERERERDQTqdUKSJwq80Qx88x7cJ6IiIiIiIiIiGgmUxWoDpV5oph55j04T0RERERERERENBN7BSpElXkSQFS5xzzznponIiIiIiIiIiKaib0CdXKQabIyD06Ve8wz75l5IiIiIiIiIiKimUjFFXls2XpXS0RERERERERENBOZuCJvqoWb7cwz70n5V1Vrh+7HPgUiIo/Gfpbo5cT3JhHR7LC/JHq+ZFarfVDJZSuB1WplnnmPzb+qYqOCfuxTICLyWK0dOvazRC8hvjeJiGaH/SW9aN44QC+F46AS7JV5QmwF88x7dJ6IiIiIiIiIiGgGUjhW5MF2u3LGjL0mJiIiIiIiIiIimoFQgcqWrVe2REREREREREREM5AKpXj2yjzGjL0qJiIiIiIiIiIimoHUVornWJHHmLE3xURERERERERERO5JAafKPFidYuaZ9+w8ERERERERERGRO1NroAqVeZLHVO4xz7wH5YmIiIiIiIiIiGYwtQYqJteGdF+5xzzzHpcnIiIiIiIiIiKagWyqEs+pda7cY555j8wTEREREREREZG3yMnJeeLHSIXKPOfWuXKPeeY9Mk9EREREREREROSe1G2FHlu2XtESERERERERERG5J7UKo0hW+5gSY8beExMREREREREREc1EKoHENphkr8hjzNibYiIiIiIiIiIiopnYKlAlEqEyjzFjb4qJiIiIiIiIiIhmYqtAtVqFyjzGjL0pJiIiIiIiIiKxqqr6H/sUiF4q9jVQJyvynFqJm+3MM+8heSIiIiIiIiKaMjI6hsNHz/7Yp0H0UpFK7INJjhV6QmxfM5J55j01T0RERET0Yzt1+hIqK+te2PH/8tcDGBrSv7DjE5FnsVr5ZZnImczqNKjElq03td7k6rU7uHjppstc4fJcrFyRh5LSCrS1deGN19cLuU8/+wbJyfFYvargmc+ho6MHBw+fwr/9+r1nPlZVVT3i42OgVMqFbSWlFWht68KbDuf/pL4/fQm9Pf14b+8bs37M0JAen/7tW3z8y5/A39/vqZ+biF5dJpMZn/zhC+x48zXEx0e73e/CxZvo7x/EjjdfAwD8cO4q2tq78cF7b77Q83uefTnRq6jyQR1ulVSgp6cPEokEUVHhWL2qALExkaL9mlvaceHiTXR19UImkyFtTiKKipZBHuAv7NPe3oUrV2+jpbUDZrMZWq0G+XlZyMqcK+xjMplRdrcS9yvrMDCgg8UygfAwLZYtXYS0tCTRc05MTKDyQR0WL14AANDphnGu+DqamlphsVgQGxuJtUXLEB4WInqc2WzG1Wt3UPmgDkNDeqjVSmRlzsOSgizIZLKp8+3oht5ghFqtfK7XSESep69/EOft/Q8A/PZ3nyE5OR4rCnMRHBwEADh0+DSqaxpcPj41NQHvvL1ZiMvuPsCtknIMDg5BpbL1UcuXLYLEPht0ZHQMv/+vz2E2m6cda9NrK5GTk+HyeWpqGlB65z56e/sxMjIGjSYQmQvTsXRJzjMfm8gdmetBpccNOjHPvGfkvcngoA4pyfHYvGnVtJxCoQAA6PXGadUJWVnzEBoS/FzOwTgygqEhPSYmJiCVSp/pWKfPXMbatcuwcEG6sE2vN2L4GaorBgeHUFPTgMBAFeofPkJqSsKsHjcyMgqjcQTj4+McQCXyUiazGcaRURz57gf8+7++J3x4d9Q/oMO163dEAzYpyQkIeU597EyeZ19O9Ko5X3wd9yvrsHRJNqIil8NkMuPGzTJ8tf8YPv7VHqiUts9BnV29+Gr/MeTlZmLjhpUwjozifPF1HDhwAh+8vwMAUP/wEQ4fOYPcxQuRl5sJXz8ZqqrqceJkMZQKOVJTbZ8dbtwsQ3t7N/LzMqHVamCxWHC/sg7fHjqFD3/2DsLDpwZDG5taoVDIERaqhclkxr5/HEVoSDB27dwMqdQHJaUV2PflUXz04S6oVErhcd98+z10umGsXJGHEK0GA4NDKCm9h+FhPTZtnPq8V1PTgLQ5iZBIJM/1GonIs+j/f/bu/CuqM98X/7smCqqKqZgnGUQQFQUFRAWcjbNxTGzN2DmdTt9zus+Pd90/4dxz1jl9++amvznd6XSGjtEkapxHBERmkEFlUGYZBAqKoYCqgvr+UMWmNoWIRqOh3q+1snY++7P3rr1JeKj97M/z7CEDvvjyJAICfHFw/zZ4eGgwOGRAWdldfPHlSfzh9+8CAHZsX4/161JF+5rNY/js8xMIDgoQ1pWUVuF6Zh42b0pDSEgAuh7pcPlKDkwmk7C/cdQIs9mMN9/YCR+tl+iYEw99pqpvaEFuXinil8QiPS0JCrkcLa3tyLyRDxcXBZJWxD/zsYlmIrdYLJBI7DqZGDN2otjZyBVyuLtrnmqfFcuXvLDz+SksFstzH1qSX3gbS+NjEeDvi/z827PuQCUimuCj9UR5RTUSlsU55K5dv4XIiFCYTJOVEJGRoT/Leb2qbTnRz2HlygRkpKdALpcJ60JCAvAf//lXNDU+xOLFCwAAN3OLET0/HBvWrxK2O7h/Gz7+5CvhwWpEeAh+99FRqFWTI2BCQwLR+rADtXUNQudielqyw3mEhQahouIeurp1og7U2toGLIyNAgDcLr+HsbEx7N+3VTjfXTs34C+fHUdBYQU2brCeW9WdWrR3dOHD3xwWziUoyB+L4qIxPj4u+tyamnps3pz23K+RiOaWu3fvQyqR4I2D2yGTWdsfrdYL88KCRVWcSqWLQ9FIfsFtKJVKpCQvBWz3ajk5RVi/LlX4TuTnq4VUKsGpH69iVWoiXO2q3t01anh6us/qPKMiwxAVGSZaFxTkjwf1zejq0jls/zTHJpqJXCKBuDLPLrZMiZlnfq7l6clOnrqMyMgwJCyLw507dTh95qrDNhvWr0LqygR0dHShsKgCTc0PYTAMQ+vthfXrUx06Ijs7u3HlWi46OrqgVquQnBSPlORlom1KSquEKgpvb0+sWpmIxYsXoLT0Di5ezgYAnD2XibPnMuHv54MPfn1I2Leisga5t0rQ3z8AXx9vbN26FiHBAZiJYXgElZU1+M0Hb0KjUePqtVy0tT9CcJC/aLuxsXHcyMpHVVUtjCYTwsNDsHzK8I/BIQMKC8tRW9cIvb4fKpUbklbEY1VqorDNx598ha2vZaCoqALNLe3QaFTYvGkNvLw8cOlSDtraO6HRqLF54xosWBAh7FdUXCH8XNzdNbahKsshk/20il4iej4y0lNw+sxVLIqLhouLQljf3NyG4eERLIydj+rqB8L6kpIqPGzrxO5dGwHgie1oV7cOx0+cx66dG3D5yk309PQhIMAXu3dtRHeXDplZ+ejrG0CAvw9279oIra3iwr4tJ3I29h2BExQKOaRSifB7arFY0NjYiu1b14m2c3dXIzQkEA0NLYieHw65XC4aHj9BqVSKfuenGh4ZRVFROdzdNaIbf4vFgtraBhw8aB3y2tDQggXREaLOXolEgoWxUaipbQBg7fi8e/c+4pfETHtt9qN8urp1GDIMIzIi9IVfIxH9so2NjUHpqhQ6T+1N1yZMGBkZxa28UmSkJwttREdHNwzDI1i4cL5o24n7mubmNofpTJ6VyWTGgwdN6GjvQsY0D6+Inhe5xWL9oyxU5nHJpRMt6cn0+gHo9f0AgMWLF2DhwihMFH7W1zfjx7PXEGf7w9jQ2Aqt1hOrViVCpXJDefk9nDx1Gb//53dETykvXs7Gpo1r4O3tifr6Zly8lA2pVCoMt8i9VYrKqhrs3bMZAQG+6OzsxrHjZ6FUumD58sVYtmwh/s+f/o5161IRvyRW1Hn4sK0TbipXHNi3FQqFHFeu5uLkqctPnHe1pKQS4eEhwtPJhIRFyMsrxf59W0XbXb6Sg7r7TdizexP8/HzQ1PwQFy5mibbp7OyGyWTGzh3rofX2REdHN45/dx5BQf6ICA8Rfq5nz17H7l2bsHv3Jty6VYpTp69Aq/WyznPm74Pc3GKcPnMV//r79yCXy3D/QROyc4pw6OB2BAX6o7unF6WlVRgYGISXl8dP+c9MRM+Jh4cGcQvn41ZeqWi+0avXcrF5UxraO7pE2/cPDKKvr1+In9SOGgwj0OsHkHOzGHt2b4KrUolTP17BsW/PQqNR4cC+bXBxkePk6Su4dDkHh9/cBUxpy4kIqLvfCJlMhtBQ65QaBsMIjEYTtFpPh229vT3Q2/f435+hoWG0tLRj1cpEh9wXX55EW/sjjI+PQ6Vyw+E3dsLNzVXIt7Z2QCqTCg9se3v1CA93nEfZy8tT1FZ0PupBXNx8lFdUo7CoHIMDQ/D10yIjPQXhdvMw19TUIzo6HFKpFENDwy/kGoloboiNiUR2ThEuXc5BUlK8w7D3x8nLL4NS6YLEhMmikt4+PRQKuTBFygSZTAYPD41De3P/QRPOnc9Ej64PKpUbEpbFIXVlwoz37DeyClBQeBtjY9aq+927NiJkyrzWz3psoulMVqByyaUTLp1NbW0D/vd//LdonVQqxdtH98LPTzurY0w8kRwaGsaFi1nYsW2d0OloX2EJAKkrE5CVXYiOzm7Rl/l1GakICw0CACyNXwidTo+CwnIkrYiHyWTGrbwSHDq4AwEBvgCAgABfrM1YidKyO4iODhfOQSaTiio0AMDFRYHXd2+GQmF9Spq2ZgX+9vfvodcPPHbohslkRnFJFfbs3iSsW564GB9/8hV0vXpobROmj4yMoryiGnt2b0JEhHXY7aK4aOj1A8i8kS/sOz9qHuZHzRPiqKgwhIYEoqWlTehABYCkpKXC8N3UlctQWFSO+CUxwjYrUxJQVFyJri4dgoL8oNPp4e3tKfzsAgN8sX2buIqEiF6+1atX4NNPv0FiwiJ4erqjorIaarUKYWFBDh2oU82+HU2Bn6+13V6esBinz1zFvr2vwcfHerOTmLAIFy9lv5DrI/qlGxoaxuUrN7F61XKhM9NoNAKPqbKSK+Qwm8emPZbFYsHZc9cRPi942ik5DuzfiuHhUQwZDCgvr8axb8/ivXcPwMPDOqVSdU09YmOihO1HjaZpz0GhkIum/xgZGcH9+00YGBzC1i0ZUCjkKCyqwDfHzuDdd/Yj0PYdqqamHmlrkl7oNRLR3KDVeuHdt/chJ7cYf/3sBBRyGUJCAxEbE4X4JTHTvsNicHAIRcUV2LZ1naioxWg0QfGYqlWFXO7wYqeKympkpKfAy9MDLa3tuJFVAKPRiLUZj3/55ZrVKxC/JBajRiMaG1tx/kIWXF2VDqMfn+XYRNNhBSqXTr10NpGRoXhtc7ponVQqfaY5Yc6cu4YFCyIQFxctrOvR9aGg4DY6OrpgtH3Jt1gsMJlMon3nzQsSxWFhQbiVVwqj0YTunl6YTGacO58p+iNtNJoQ4C9+++x0tFovofMUAFS2oW3GKedgr7ziHtxclaIhde7uasQsiEBBwW3hRQw9uj6Mj49jXpi4MmRemPh6RkeNyMsvQ3NzGwyGYUAigU7Xh6Ap0wH4+U6+0MXV1XoDZ/8ymYl5gSZ+frExkcjLK8XX/ziNqKh5CAsLQkhwgFP+v0z0KnNzVSIpKR7XM/Owc8cGZGUXit5IO5PZtqOitsLN2lbYvyTKzdVV1NlCRFYjI6M49u0ZhIYEih5YTHx3mO73xmwyQ/mYoevnzmeiT9+Pt4/unTavUrlBpXKDj491HsHPPv8OxSWVwhyktXUN2Lljg+g8pjsHk8ksGs2jkMvxoL4Zf/iXd4Vz371rIwYGBlFSUokd29dDrx9Aj06PKNtD3Rd1jUQ0dwQE+OLAvq0YHx/Hoy4dmpvbkJ1ThIrKahw5vNuhEzXnZjG8vT2xxDaX9ASFXA6TefrvISbzZHvm4aHB9m3rsGRxjFAYExTkJ7zsb6ZOToVCLjw4Dg7yh8EwgpybRUIH6k85NtF05JDA1plkq8gTKvQkkzHzzM/VvJNRKBTw9nYctvW0CgrL0a8fxAG74e3j4+P4+uvTiF0YhTff2Cl0XP7bv/83pv6ox8bGRXPryGx/iCUSCSbmB/jg/UPPNM+WbJonowAczkFYbbGgoLAcev2AQ3WuyWSGRCJBRnoK1Go34dzGx8UVGlPnCTp3PhODQwbs2rkR3t7WofXfHj/ncBLTPcWdbt3EXp6e7vjot0fQ0NCCltZ2nD2XCZlUiqNHX4eb3STsRPTypSQvwyd//honvr+AsNAgoaJ+Jk/Tjk7ffvBhCtFMLXbP0gAAIABJREFURkeN+MexM/Dy8sDuXRtFDyDVahXkcjl0vX0ICvIT7afT6RE8zVzqFy5mobW1A0ePvC4alj8TP18tdDo9YJvz2Gg0iR7Eent7oLdX77Bfb2+faLoeTy93KJVK0UNjAAgODkB7+yPAVt0aFRkmbPNzXSMR/fJJpVIEBvgiMMAX0fPn4c+ffoOHDzsRZtde6XR9uF1+Dwf3b3Mo6PD29oDJZMbgoAEazeQwfrN5DP39k9OPSSSSaednDw0JwOioESMjo6KXTc3E31+L8op7Qvw8j00EAFIIFaiwvmjHtrRYLJMx88zP1TyJyGRSmMemH741oaOjCzdzi7H39S2iIWBDQ8MYHDIgfkmscNM/ODjkMDwDAFpa20Vxc0s7PD3doVDI4eurhVwuQ1PTwxnPQ66QY3TU+JRX6Ohe9QMMDg7h1+8dxAfvHxL989GHv4KnpzuKiisAW8WXVCpFc4v4/BsaW0Vx56NuLIiOEDpPAUA3zc3Qs3BxUSA2NgqbNq7Bh//0JowmE2prG57LsYno+VEo5EhLS0JjYysyMlJmtc/TtKNE9HSMRhOOfXsW7u5q7H19i8NDCIlEgsiIUNyze8kbAAwMDOJhWyeiosRvfL50JQeNTa04emSPqHNgwpBheNrzeNTVA3cPNQCgprYeMQsiRB0PUZFhqLvfKBpOb7FYUF1Tj/l25zA/Khzd3TqHYfftHV3Cw/KamnrExk5OD/C8r5GI5haDYViYT9TexD3f1AKkG1kFCAkOQHR0uMM+gYF+cHNVOrQ3tXUNkEqlwpRkZrMZhuERh/0fdeng6qqctoNzdNQ47ZQjnZ098HDXCPGzHJtoJvKJiryJSj3GjJ0qdjJmkxkDA4MO61UqFWQyKfz8fJB7qxR19xsREhwg3MBPMJnMOHn6CtZmpMDHxwvj49Y/sFKpFBqNSuhs3LolAyaTCRcuZU/7Fsecm8WQSaXw9/dBfUML8gtuY8P6VMDWQZi6MhEXLmVj3GJBaEgghodHUF5xD1KpFOvXWbcLDg5A2e27CA0Jgkajgru7+pl+JvkFt5GctPSx1WHpacm4fCUHq1cth6urEsuWLsS1a7egVLogOMgfLS3tKCmtEu0TEhyIqju1WBQXDZXKDTey8h2G3z6L3FulkMmkWLzIetyHDzthMAwLQ1eI6NWyPHExIsJDhHmUn+Rp2lEimj2z2Yxvj5+D0WjCrp0bMDAwJORclC7CKI60NUn4+5c/4HpmHpYsjoFheATXr99CaEggIiMm5/68dj0P5eXVOPzmToyNjUOvHwBsD6I1Guv3ke+/v4jRUSOSkuLh76fF+LgFt8vvoqenF3t2Wedcr6lpwIYNq0TnmrBsEQqLKvD9DxeRlpYEmVSKgsJyGIaGkZS0VNguJXkpyiuq8e2Jc1i3diUUCjmKiyvR0tKGzRvXYGhoGO0dj3AoWjx9yPO8RiKaW7KyC3H/QRNSkpchJDgACoUcvX39yM0tRmCgn9DpCQDt7Y9QXVOPt46+Pu2xpFIp0tKScSMrHwqFHKEhgXj0qAeXruRgVWqCMIS/7n4Tzpy9huWJSxAZGQq1yk2YpzQ9LVk43oWLWQgPD8GiuGjkF5ShrOwukpOXIiQkEEoXBRoaW1FcUil6P8Rsj000W3JrhZ51ZOrk3JCMGTtH7Ey8vDxQXlGNP338pUMubc0KZKSnYGFsFJYtXYjTP16Fr4833n1nPzw93eHhYZ0j9cGDJvT26nH5yk1cvnJT2D8mJhIH9m3FkcO7cebsdfzxT59Dq/XClk1pGBwcgkpt7YhVq9zg5eWBbVvX4tLlbHR0dEGtVmHd2hQkrYgXjpeRngy12g1Z2QXo7e2HWu2GqMgw4SUIALBl0xqcPZ+JL746CRcXBd57Zz/c3dXCSxkmKJUuUKncph12Njg4hIGBQSTb3ZBMtXhRNPLzy9Da2oGoqDBs2ZwOFxcFzp7LhMlkQkREKA7s24pvj5+Di4v1i8D2bWtx4WI2Pv3LMbi5uSJ1ZQIWxUWLbjg8Pd2t0wLYyGRSeHhoROvkchk0GjXUto7sBdHhyMopREHhbYyMGOHt5YEtm9MROs3bJono56WQy6FWu4nmKIRtXmZ7GrUKGrsHPh7uGnh6WdtYiUTyxHZUpXKFRqMWvUBPrbZ2vNpX1KnVbuLhvnZtOZGzaW3tEEa//PnTb0Q5Ly8P/O63RwDb3HhvvrETN27ko6i4Eq5KF8TERArzlcJWyVpaVgWz2YwvvzolOpZUKsVvf3MYXl4eOPzmLpSUVqG4uBK63j7IZDIEBwfg6K/2wNfXGzpdH/oHBkWdlrA9SD76qz24eu0Wvjl2BgAQFhqEo0dfF74PwDZP+jtv7UXmjXwcP3EeJpMJQUH+OPKrPfDz06Ks7A7mzQt2qLB6ntdIRHPLa1vS4VemRdWdOtzIysfY2Di8vDwQGxOFtDUrRPfPd+89QFxctKhTdarkpHhIJRLk5ZdBrx+Ah4cGq1ITkboyQdgmbuF84QFQRWU1TCYTtN5e2LRxDRITFgnbPXzYKdxLrc1YCX9/XxQXVyIvvwxjY+Pw9fHCzh3rEb8k9qmPTTRbktXv3bZWYtv3JTFm7CTxtU8WW1fZVaNa/10izDxpsViEvHVhEdZZ/7FfN7G/NR41SREa9NPnHLXX2q5/7sckIqJJbGeJXk1z6Xfz7r37aGhowY7t61/I8S9eykZISCDil8S8kOMT0avtp7aXhuER/Ncf/4b/9T8/eq7nRXPHi/ib3Nquh1Ixbuusl0AikUAigV0M2zqJaB0Au3UQ+nPsO/0n/t04anjm85PjFakEZMz4ZcRERERERD+3RXHRWBQX/cKOv/W1jBd2bCKa+xRyueh9DkQESEVzQ9oK7xgzdpqYiIiIiIiIiAQKhRwffXjkZZ8G0StFKgxnnpgTkjFjZ4qJiIiIiIiIiIhmYH3bgH1lHmPGzhYTERERERERERE9hrUDVTLZqcSYsdPFREREREREREREjzFZgQq7TiX7mHnm53qeiIiIiIiIiIjoMaQWWESVeRMv2BFi5pmfw3kiIiIiIiIiIqKZSCWQiCryGDN2ppiIiIiIiIiIiGgmwhyoE5V6Fjymco955udqnoiIiIiIiIiI6DGEOVAnKvMkmLlyj3nm51yeiIiIiIiIiIjoMaxzoE6MZp6ozJtgFzPP/FzMExERERERERERzUQqgQSWib6kicq8CbaYeebnap6IiIiIiIiIiGgmUgsskMC+Us9xyTzzczVPREREREREREQ0E+lERd5kpd5kPHXJPPNzLU9ERERERERERDQT6atSCcg88y8jT0RERERERERENBPbHKiWKZV6jBk7R0xERERERERERDQT6URnkrhSjzFj54iJiIiIiIiIiIhmYqtAFVfmMWbsLDEREREREREREdFM5BaLBRKJXecSY8ZOFP9StbbrX/YpEBHNaWxniV5N/N0kIpodtpdEz5cc9p1LsEAcA8wzP6fzv1ChQZ4v+xSIiOas1nY921miVxB/N4mIZoftJb1ozthBL4XFrjIPEohjgHnm53SeiIiIiIiIiIhoBtKJijyhMm9KzDzzczpPREREREREREQ0A6EC9XGVeswzP6fzREREREREREREM5Ba+5LsK/UYM3aimIiIiIiIiIiIaAZS62hm+0o9xoydKCYiIiIiIiIiIpqBdQ5Uy5TKPMaMnSUmIiIiIiIiIiKagRS2TiX7yjzGjJ0mJiIiIiIiIiIimoEUEgidShOVeUKMKTHzzM+1PBERERERERER0QyksMBWkTdZmSfEmBIzz/xcyxMREREREREREc3ArgKVSy6dcElERERERERERDQDuwpU2IY52wrzpqxnnvk5mSciIiIiIiIiIpqBFBBX5Ekw0blkV6HHPPNzOU9ERERERERERPQY1g5UoTLPVpHHmLEzxURERERERERERI8hVKBKIK7YY8zYaWIiIiIiIiIiIqLHkFpgG84MW2UeY8ZOFBMRERERERGR2L1791/2KRC9UqTWSjxbZD9HJGPGThATERERERER0aThkVGcPH3lZZ8G0StFqEAV+pTs46lL5pmfY3kiIiIiopft4qVs3LlT98KO/5e/Hkd//+ALOz4RzS0WFhsROZBPVOQJo5rt46lL5pmfY3lnknurFFnZBdPm0tYkISM9GUXFFXj4sBOv79ks5D772wlERc3DurUrf/I5tLd34fuTF/HPv3vrJx/r3r37mDcvBGq1m7CuqLgCrQ87sdfu/J/WhUvZ6O7S4a2jr896n/7+QXz2+Xf46MNfQal0eebPJqJfLpPJjI//35fYt/c1zJsX/NjtbmQVQKfrw769rwEArl7LxcO2R3jnrb0v9PyeZ1tO9Et0524dCosq0NXVA4lEgqAgf6xbuxKhIYGi7Zpb2nAjqwCdnd2Qy+WIWRCBDRtWw81VKWzT1taJm7klaGlth9lshlbrhZTkZVi2dKGwjclkRtntO6i6U4feXj3Gxsbh76fF6lXLERMTKfrM8fFx3LlbhxUrlgAA9PoBXMvMQ2NjK8bGxhAaGoiNG1bD389H2Of+gyYcP3He4TolEgk+eP8Q/Py0k+fb/giDQwa4u6tnfY01NfUoLq1Cd7cOw8Oj8PLywNL4WKxKTYSE02ARzVk9uj5ct7U/APBff/wboqLmIT0tCd7engCAH05eQnVN/bT7R0eH49CB7aJ1D9s6celSNsLDQ7Bxw2qHfWbT5k01mzZqeGQUf/q/X8BsNjvsv+21DCQmLn7Knw45O7nF1qlksU0JabEwZuw8sTPp69NjftQ8bN+21iGnUqkAAIODBofqhGXL4uDr4/1czsEwPIz+/kGMj49DKpX+pGNdupyDjRtXI35JrLBucNCAgZ9QXdHX14+amnp4eGhw/0EToueHz2q/4eERGAzDMBqN7EAlclImsxmG4RGc+vEq/uV/vDVtB4OuV49beaWiDpv5UeHweU5t7EyeZ1tO9EtzPTMPVXfqsCo1AUGBa2AymZFfUIZvjp3BR789Ao3a+j2oo7Mb3xw7g+Skpdi6JQOG4RFcz8zD8ePn8M7b+wBbx+XJU5eRtCIeyUlLoXCR4969+zh3PhNqlRuio63fHfILytDW9ggpyUuh1XphbGwMVXfq8N0PF/HB+4fg7z/ZMdDQ2AqVyg1+vlqYTGZ89Y/T8PXxxhsHt0MqlaGouAJffX0av/ngDWg01k5Qg2EYrq5K/Pq9g6JrlUolcHfXiNbV1NQjZkEEJBLJrK6xvqEFuXmliF8Si/S0JCjkcrS0tiPzRj5cXBRIWhH/gv+LEdHLMDhkwBdfnkRAgC8O7t8GDw8NBocMKCu7iy++PIk//P5dAMCO7euxfl2qaF+zeQyffX4CwUEBwjqLxYKr126h7PYdmM1j8JumQ3S2bZ692bZRxlEjzGYz3nxjJ3y0XqJjTDxQInoacqEzCZOVeYwZO0vsbOQKucOX6idZsXzJCzufn8JisTz3oSX5hbexND4WAf6+yM+/PesOVCKiCT5aT5RXVCNhWZxD7tr1W4iMCIXJNFkJERkZ+rOc16valhP9HFauTEBGegrkcpmwLiQkAP/xn39FU+NDLF68AABwM7cY0fPDsWH9KmG7g/u34eNPvhIerEaEh+B3Hx2FWjU5AiY0JBCtDztQW9cgdKCmpyU7nEdYaBAqKu6hq1sn6kCtrW3AwtgoAMDt8nsYGxvD/n1bhfPdtXMD/vLZcRQUVmDjhslzkwDw9HR/4vXX1NRj8+a0WV9jVGQYoiLDRMcICvLHg/pmdHXpnvh5RPTLdPfufUglErxxcDtkMmv7o9V6YV5YsKiKU6l0cSgayS+4DaVSiZTkpcK6IcMw+vr68d47B3DjMSMhn6bNm/C0bZS7Rj2rtpLoScQVqFxy6WRLerKTpy4jMjIMCcvicOdOHU6fueqwzYb1q5C6MgEdHV0oLKpAU/NDGAzD0Hp7Yf36VIeOyM7Obly5louOji6o1SokJ8UjJXmZaJuS0ioUFVdiYGAQ3t6eWLUyEYsXL0Bp6R1cvJwNADh7LhNnz2XC388HH/z6kLBvRWUNcm+VoL9/AL4+3ti6dS1CggMwE8PwCCora/CbD96ERqPG1Wu5aGt/hOAgf9F2Y2PjuJGVj6qqWhhNJoSHh2D5lOEfg0MGFBaWo7auEXp9P1QqNyStiMeq1ERhm48/+QpbX8tAUVEFmlvaodGosHnTGnh5eeDSpRy0tXdCo1Fj88Y1WLAgQtivqLhC+Lm4u2tsQ1WWQyb7aRW9RPR8ZKSn4PSZq1gUFw0XF4Wwvrm5DcPDI1gYOx/V1Q+E9SUlVXjY1onduzYCwBPb0a5uHY6fOI9dOzfg8pWb6OnpQ0CAL3bv2ojuLh0ys/LR1zeAAH8f7N61EVpbxYV9W07kbOw7OycoFHJIpRLh99RisaCxsRXbt64TbefurkZoSCAaGloQPT8ccrkccrnc4XhKpVL0Oz/V8MgoiorK4e6uEd34WywW1NY24OBB65DXhoYWLIiOEHX2SiQSLIyNQk1tAwDHzoSZdHXrMGQYRmRE6KyvcSqTyYwHD5rQ0d6FjGk6holobhgbG4PSVSl0ntqbrt2bMDIyilt5pchITxa1gxq1CgcPbJvxM59Hm8c2in4u8lehE4tLLl/Wkp5Mrx+AXt8PAFi8eAEWLozCROFnfX0zfjx7DXEL5wO2IWharSdWrUqESuWG8vJ7OHnqMn7/z++InlJevJyNTRvXwNvbE/X1zbh4KRtSqVQYbpF7qxSVVTXYu2czAgJ80dnZjWPHz0KpdMHy5YuxbNlC/J8//R3r1qUifkmsqPPwYVsn3FSuOLBvKxQKOa5czcXJU5efOO9qSUklwsNDhKeTCQmLkJdXiv37toq2u3wlB3X3m7Bn9yb4+fmgqfkhLlzMEm3T2dkNk8mMnTvWQ+vtiY6Obhz/7jyCgvwRER4i/FzPnr2O3bs2YffuTbh1qxSnTl+BVutlnfPH3we5ucU4feYq/vX370Eul+H+gyZk5xTh0MHtCAr0R3dPL0pLqzAwMAgvL4+f8p+ZiJ4TDw8N4hbOx628UtF8o1ev5WLzpjS0d3SJtu8fGERfX78QP6kdNRhGoNcPIOdmMfbs3gRXpRKnfryCY9+ehUajwoF92+DiIsfJ01dw6XIODr+5C5jSlhMRUHe/ETKZDKGh1ik1DIYRGI0maLWeDtt6e3ugt+/xvz9DQ8NoaWnHqpWJDrkvvjyJtvZHGB8fh0rlhsNv7ISbm6uQb23tgFQmFR7Y9vbqER7uOI+yl5enqK2A7btsQeFtlN2+h6EhA7RaT6xZvQIxCybnWK2pqUd0dDikUimGhoaf6hpvZBWgoPA2xsbGAQC7d21EyJQ5Y4lo7oiNiUR2ThEuXc5BUlK8w7D3x8nLL4NS6YLEhKefU/Rp2rypZttG3X/QhHPnM9Gj64NK5YaEZXFIXZnA+ZzpqcktFgskEoldp5IFEtjFzDM/h/POpra2Af/7P/5btE4qleLto3tFLxuYycQTyaGhYVy4mIUd29YJnY72FZYAkLoyAVnZhejo7Ea43UtV1mWkIiw0CACwNH4hdDo9CgrLkbQiHiaTGbfySnDo4A4EBPgCAAICfLE2YyVKy+4gOjpcOAeZTCp6WgkALi4KvL57MxQK61PStDUr8Le/fw+9fuCxQzdMJjOKS6qwZ/cmYd3yxMX4+JOvoOvVQ2ubMH1kZBTlFdXYs3sTIiKsw24XxUVDrx9A5o18Yd/5UfMwP2qeEEdFhSE0JBAtLW1CByoAJCUtFYbvpq5chsKicsQviRG2WZmSgKLiSnR16RAU5AedTg9vb0/hZxcY4Ivt28RVJET08q1evQKffvoNEhMWwdPTHRWV1VCrVQgLC3LoQJ1q9u1oCvx8re328oTFOH3mKvbtfQ0+PtabncSERbh4KfuFXB/RL93Q0DAuX7mJ1auWC52ZRqMReEyVlVwhh9k8Nu2xLBYLzp67jvB5wdNOyXFg/1YMD49iyGBAeXk1jn17Fu+9ewAeHtYplapr6hEbEyVsP2o0TXsOCoVcNP0HIMHIyCg6O3uwedMauLoqUVVVi+++v4jDb+wSzqWmph5pa5Ke6RrXrF6B+CWxGDUa0djYivMXsuDqquQUR0RzlFbrhXff3oec3GL89bMTUMhlCAkNRGxMFOKXxEz7DovBwSEUFVdg29Z1zzQibvZtnqPZtlEVldXISE+Bl6cHWlrbcSOrAEajEWsz+GJNejpyiDqXIO58AsA883M672QiI0Px2uZ00TqpVPpMc8KcOXcNCxZEIC4uWljXo+tDQcFtdHR0wWj7g2exWGAymUT7zpsXJIrDwoJwK68URqMJ3T29MJnMOHc+U/RH2mg0IcD/8W9inKDVegmdpwCgsg3bM045B3vlFffg5qoUDalzd1cjZkEECgpuY9vWtcL1jY+PY16Y+CnpvDDx9YyOGpGXX4bm5jYYDMOARAKdrg9BU6YD8POdfKGLq6v1Bs7+ZTKutrfhTvz8YmMikZdXiq//cRpRUfMQFhaEkOAAPj0lesW4uSqRlBSP65l52LljA7KyCx3eSPs4s21HRW2Fm7WtsH9JlJur6xNvPIic0cjIKI59ewahIYGiBxYT3x2m+70xm8xQPmZ4/rnzmejT9+Pto3unzatUblCp3ODjY51H8LPPv0NxSaUwB2ltXQN27tggOo/pzsFkMotG80RFhmLf61uw0DYKCABCggOg0/WhqKQCkZGh0OsH0KPTI8r2UPdpr1GhkAsPZYKD/GEwjCDnZhE7UInmsIAAXxzYtxXj4+N41KVDc3MbsnOKUFFZjSOHdzt0oubcLIa3tyeW2OaSflqzbfMet+9MbZSHhwbbt63DksUxQtFNUJCf8CJBdqDS05JjoiJPqNRjzNh5YmejUCjg7e04bOtpFRSWo18/iAN2w9vHx8fx9denEbswCm++sVPouPy3f/9vh97qsbFx0dw6MtsfYolEgon5AT54/9CMc4k9jmyaJ6PA43vMLRYLCgrLodcPOFTnmkxmSCQSZKSnQK12E85tfFxcoTF1nqBz5zMxOGTArp0b4e1tHVr/7fFzDicx3VPc6dZN7OXp6Y6PfnsEDQ0taGltx9lzmZBJpTh69HW42TpbiejVkJK8DJ/8+Wuc+P4CwkKDhIr6mTxNOzp9++F8f9eInsboqBH/OHYGXl4e2L1ro+i7oFqtglwuh663D0FBfqL9dDo9gqeZS/3CxSy0tnbg6JHXRcPyZ+Lnq4VOpwdscx4bjSbRg1hvbw/09uod9uvt7RNN16PRqEWdpxNCQgJRW9cA2KpboyLDhI7TZ7lGe/7+WpRX3JvVdRLRL5tUKkVggC8CA3wRPX8e/vzpN3j4sBNhdu2VTteH2+X3cHD/tme+t55tmzcbU9soiUQy7dzvoSEBGB01YmRkVChYIZoNKWwVeZOVeuKYeebndp7syWRSmMemH6I2oaOjCzdzi7H39S2i4RZDQ8MYHDIgfkmscNM/ODgkemPjhJbWdlHc3NIOT093KBRy+PpqIZfL0NT0cMbzkCvkGB01PuUVOrpX/QCDg0P49XsH8cH7h0T/fPThr+Dp6Y6i4grAVvEllUrR3CI+/4bGVlHc+agbC6IjhM5TANBN88XgWbi4KBAbG4VNG9fgw396E0aTCbW1Dc/l2ET0/CgUcqSlJaGxsRUZGSmz2udp2lEiejpGownHvj0Ld3c19r6+xeEhhEQiQWREKO7ZveQNAAYGBvGwrRNRUeI3Pl+6koPGplYcPbIHGo3K4fOGDMPTnsejrh64e6gBADW19YhZECHqeIiKDEPd/UbRcHqLxYLqmnrMtzsHg2F42mkFHnX1CJ0ONTX1iI2dnB5gttc4Omqc9tidnT3wcNdMe11E9MtnMAwL84nam7jns0y5g76RVYCQ4ABERz97Vfps2zx7s22jzGYzDMMjDts96tLB1VXJzlN6anK8IpWAjBm/jNjZmE1mDAwMOqxXqVSQyaTw8/NB7q1S1N1vREhwgHADP8FkMuPk6StYm5ECHx8vjI9b/8BKpVJoNCqhs3HrlgyYTCZcuJQ97Vscc24WQyaVwt/fB/UNLcgvuI0N61MBWwdh6spEXLiUjXGLBaEhgRgeHkF5xT1IpVKsX2fdLjg4AGW37yI0JAgajQru7upn+pnkF9xGctLSx1aHpacl4/KVHKxetRyurkosW7oQ167dglLpguAgf7S0tKOktEq0T0hwIKru1GJRXDRUKjfcyMp3GH77LHJvlUImk2LxIutxHz7shMEwLAxdIaJXy/LExYgIDxHmUX6Sp2lHiWj2zGYzvj1+DkajCbt2bsDAwJCQc1G6CKM40tYk4e9f/oDrmXlYsjgGhuERXL9+C6EhgYiMmJzf9Nr1PJSXV+PwmzsxNjYOvX4AsD2I1mis30e+//4iRkeNSEqKh7+fFuPjFtwuv4uenl7s2WWdc72mpgEbNojfMJ2wbBEKiyrw/Q8XkZaWBJlUioLCchiGhpGUtFTYLvtmEWprG7AyZRmCAv0hk0lx5+591NU14q2jr2NoaBjtHY9wKFo8fchsrjG/oAxlZXeRnLwUISGBULoo0NDYiuKSSs69TjSHZWUX4v6DJqQkL0NIcAAUCjl6+/qRm1uMwEA/4T0MANDe/gjVNfV46+jrMx6zv38QFosFZpMZRqkUev0A5HK5dXTfU7R5Fy5mITw8BIviomfdRtXdb8KZs9ewPHEJIiNDoVa5CXOgpqclv5CfIc1t8ukr8yxPqNxjnvk5knciXl4eKK+oxp8+/tIhl7ZmBTLSU7AwNgrLli7E6R+vwtfHG+++sx+enu7w8LDOkfrgQRN6e/W4fOUmLl+5KewfExOJA/u24sjh3Thz9jr++KfPodV6YcumNAwODkFl+wOpVrnBy8sD27auxaXL2ejo6IJarcK6tSlIWhEvHC/zU7hGAAAgAElEQVQjPRlqtRuysgvQ29sPtdoNUZFhwksQAGDLpjU4ez4TX3x1Ei4uCrz3zn64u6uFlzJMUCpdoFK5TTu0bnBwCAMDg0i2++M81eJF0cjPL0NraweiosKwZXM6XFwUOHsuEyaTCRERoTiwbyu+PX4OLi7WeXq2b1uLCxez8elfjsHNzRWpKxOwKC5auKmCbTj+xBcH2G66PDw0onVyuQwajRpqW0f2guhwZOUUoqDwNkZGjPD28sCWzekI5RtxiV46he1mYOp8Xdopb7DVqFXQ2D3w8XDXwNPL2sZKJJIntqMqlSs0GrXoBXpqtbXj1b6iTq12Ew19s2/LiZxNa2uHMPrlz59+I8p5eXngd789AtjmxnvzjZ24cSMfRcWVcFW6ICYmUpivFLZK1tKyKpjNZnz51SnRsaRSKX77m8Pw8vLA4Td3oaS0CsXFldD19kEmkyE4OABHf7UHvr7e0On60D8wKOqYhe1B8tFf7cHVa7fwzbEzAICw0CAcPfq68H0AALZsSoOvjzcqq2qQlV0EiQQICvTHkcO7ERoSiLKyO5g3L9ihwmo217g2YyX8/X1RXFyJvPwyjI2Nw9fHCzt3rEf8ktjn8F+EiF5Fr21Jh1+ZFlV36nAjKx9jY+Pw8vJAbEwU0tasEFXL3733AHFx0aJO1amamh7i629+FK2rqamHTCbDv/7+XSiVLrNu8x4+7BTupWbbRsUtnA+FQo7i4kpUVFbDZDJB6+2FTRvXIDFh0XP92ZFzkKS+XWqRSOwq87jk0omW1/+/JYBtmMAE679PvmbKYrEIeevCIqyz/mO/bmJ/azxqkiI06KfPOWqvtV3/3I9JREST2M4SvZrm0u/m3Xv30dDQgh3b17+Q41+8lI2QkEDEL4l5IccnolfbT20vDcMj+K8//g3/639+9FzPi+aOF/E3ubVdD6Vi3NZZL4FEIoFEArsYtnUS0ToAdusg9OfYd/pP/Ltx1PDM5ydUoE6/tDxmPfPMz5E8EREREdHPbFFcNBbFRb+w4299LeOFHZuI5j6FXC56nwMRAdKJt0rDYrHOCCmKJWCe+TmdJyIiIiIiIiKBQiHHRx8eedmnQfRKkUJi62Syq8xjzNhpYiIiIiIiIiIiohlIJzqTRJV5U2LmmZ+zeSIiIiIiIiIiohmIKlCFyrwpMfPMz9k8ERERERERERHRDKSP62TikkunWBIREREREREREc3AsQIVmLnTiXnm51KeiIiIiIiIiIhoBo4VqMDjO5+YZ36u5YmIiIiIiIiIiGYwWYGKqZV6jBk7QUxERERERERERDQDqfBCHViXjBk7U0xERERERERERDQTqQTiOSEZM3ammIiIiIiIiIiIaCZSCyCqzGPM2JliIiIiIiIiIiKimQgVqFxy6YxLIiIiIiIiIiKimVgrUGFXmceYsRPFREREREREREREM5FKAFggrsxjzNhZYiIiIiIiIiIioplILQAkUyrzGDN2lpiIiIiIiIiIiGgm1grUKZV5jBk7S0xERERERERERDQTawUqIKrMY8zYWWIiIiIiIiIiIqKZyDHRmSSqzJuMmWd+rud/iVrb9S/7FIiI5jS2s0SvJv5uEhHNDttLoudLDvuKPGEpmRzuzDzzczj/SxUa5PmyT4GIaM5qbdeznSV6BfF3k4hodthe0ovmjB300olOJYg6mRw7n5hnfi7miYiIiIiIiIiIZiK1WCBU4kkgwUQsdDYxz/wczhMREREREREREc1ECom4Mk8cA8wzP6fzREREREREREREM5BioiJvolKPMWNniomIiIiIiIiIiGYgVKByyaVTLomIiIiIiIiIiGYghcXWjSRU6E2+nXwiZp75OZsnIiIiIiIiIiKagRSSyUkhrZV5EqEybyJmnvk5myciIiIiIiIiIpqBFBYLJJLpK/VgWzLP/JzNExERERERERERzUAqVORNU6kH2FXsMc/8XMwTERERERERERHNQDwHqmRK5R6mVO4xz/xcyxMREREREREREc1g2jlQrfEMlXvMMz9X8kRERERERERERDOwVqBOqcxjzNhpYiIiIiIiIiIiohlI7SvyuOTS6ZZEREREREREREQzkFrsK/IkAGPGzhQTERERERERERHNRCqx9ioJFXmMGTtTTERERERERERi9+7df9mnQPRKkVpg7UyaqMxjzNiZYiIiIiIiIiKaNDwyipOnr7zs0yB6pQgVqMJySqUe88zP5TwRERER0ct28VI27type2HH/8tfj6O/f/CFHZ+I5hYL75WJHMgtsHYqWSxccul8S2dUW9eA0rI7aGt7BKPRBLVahYjwEKSmJsDPV/uyT+8nGxsbQ2nZHVTdqUNPTy/Gxsbg5eWBmAWRSF2ZADc315d9ikQ0B5lMZnz8/77Evr2vYd684MdudyOrADpdH/btfQ0AcPVaLh62PcI7b+19oef32d9OICpqHtatXflCP4foVXXnbh0KiyrQ1dUDiUSCoCB/rFu7EqEhgaLtmlvacCOrAJ2d3ZDL5YhZEIENG1bDzVUpbNPW1ombuSVoaW2H2WyGVuuFlORlWLZ0obCNyWRG2W3r95HeXj3Gxsbh76fF6lXLERMTKfrM8fFx3LlbhxUrlgAA9PoBXMvMQ2NjK8bGxhAaGoiNG1bD389HtJ/ZbEburVLcuVuH/v5BuLursWxpHFJXLoNcLp883/ZHGBwywN1dDZPJjILCclRV1aBPPwCl0gWRkaHYuH4V3N01T3WNRDT39Oj6cN3W/gDAf/3xb4iKmof0tCR4e3sCAH44eQnVNfXT7h8dHY5DB7YLcdntuygsKkdfXz80GmsbtWb1ctG9+GzbPHs1NfUoLq1Cd7cOw8Oj8PLywNL4WKxKTRSOPTwyij/93y9gNpsd9t/2WgYSExf/hJ8UOSO5BHadSbZKPcuUyj3mmZ+reWdz+cpNlJRWITFxEZKTlsJV6YLevn7U1TXis7+dwIf/dBheXh4v+zSfmclkxj+++RG6Xj1SkpchdF0qJBIJenp6UV5RjeqaB/jowyMv+zSJaA4ymc0wDI/g1I9X8S//461pH9LpevW4lVcq6rCZHxUOHx/vF35+y5bFwfdn+ByiV9H1zDxU3anDqtQEBAWugclkRn5BGb45dgYf/fYINGoVAKCjsxvfHDuD5KSl2LolA4bhEVzPzMPx4+fwztv7AAD3HzTh5KnLSFoRj+SkpVC4yHHv3n2cO58JtcoN0dHhAID8gjK0tT1CSvJSaLVeGBsbQ9WdOnz3w0V88P4h+PtPdgw0NLZCpXKDn68WJpMZX/3jNHx9vPHGwe2QSmUoKq7AV1+fxm8+eAMajVrY78R3F6DXDyAjPRk+Wi/09vWjqLgSAwOD2LZ1rbBdTU09YhZEQCKR4Kt/nAYApKUlQav1gl4/gMwb+Tjx/UW8/+6Bp7pGIppbBocM+OLLkwgI8MXB/dvg4aHB4JABZWV38cWXJ/GH378LANixfT3Wr0sV7Ws2j+Gzz08gOChAWFdSWoXrmXnYvCkNISEB6Hqkw+UrOTCZTML+T9PmTahvaEFuXinil8QiPS0JCrkcLa3tyLyRDxcXBZJWxAMAjKNGmM1mvPnGTvhovUTHcHd3PC7Rk7AClUunXjqTmpp6FJdU4uD+bViwIEJYHxISiCWLY9DVpYOnp/tLPcefKvNGPnp0ffj1ewdF1zJvXjASExfjUVfPSz0/Ipr7fLSeKK+oRsKyOIfcteu3EBkRCpNpshIiMjL0ZzmvFcuX/CyfQ/QqWrkyARnpKZDLZcK6kJAA/Md//hVNjQ+xePECAMDN3GJEzw/HhvWrhO0O7t+Gjz/5CvcfNCF6fjgiwkPwu4+OQq1yE7YJDQlE68MO1NY1CJ2L6WnJDucRFhqEiop76OrWiTpQa2sbsDA2CgBwu/wexsbGsH/fVuF8d+3cgL98dhwFhRXYuMF6blV3atHe0YUPf3NYOJegIH8siovG+Pi46HNrauqxeXMaAGD/3tfg4TFZaRoc5A+FQo7jJ85jcHAIGo161tdIRHPL3bv3IZVI8MbB7ZDJrO2PVuuFeWHBoipOpdIFSqWLaN/8gttQKpVISV4K2KYAyMkpwvp1qcJ3Ij9fLaRSCU79eBWrUhPh6qqcdZtnLyoyDFGRYaJ1QUH+eFDfjK4uncP27hr1L/4+l14NcodKPcaMnSh2JsWlVYiMDBV1ntrz8xMP3zeZzLiRVYC79+pgNo8hMMAXG9avRlCQn7BNdfUD3LxVgp6eXri5uWHJ4gWiG5QfTl5CVNQ8dHfrUFlVi6QV8UhPS8LwyCguX8lBXV0jZFIp4uKiET0/HDdzi/HuO/uF45eUVgmVFN7enli1MlG4yZlqbGwMt8vvIm1N0mP/QNoPAykuqURHRzfCwoJwM7cYXp7uOPKrPbP63L6+fly9fgtNTQ+hkMsRHhGCjRtWCxUsP5y8hMjIMPT26lFRWQOj0YTwecHYsWO9sA0RzU0Z6Sk4feYqFsVFw8VFIaxvbm7D8PAIFsbOR3X1A2F9SUkVHrZ1YveujQCAjo4uFBZVoKn5IQyGYWi9vbB+fSqi51s7LLq6dTh+4jx27dyAy1duoqenDwEBvti9ayO6u3TIzMpHX98AAvx9sHvXRmhtFRcnT11GZGTYtB27RHOdfUfgBIVCDqlUIvyeWiwWNDa2YvvWdaLt3N3VCA0JRENDC6Lnh0Mul4uGx09QKpWi3/mphkdGUVRUDnd3jejG32KxoLa2AQcPWoe8NjS0YEF0hKizVyKRYGFsFGpqGwBYOxPu3r2P+CUx016bVCoV/r2rW4chwzAiI6wPa+w7Tye4KpW2n4n1/J/1Gonol21sbAxKV6XQeWpvujZhwsjIKG7llSIjPVloIzo6umEYHsHChfNF207cizY3tyEmJnLWbd5MTCYzHjxoQkd7FzKmeXhF9LxYK1AhgagSlTFjJ4mdSVtbJ9asXjHr7b/74QIUcgXef/cgNBoV7t67j2++PSMMpWhsbMWpH6/itS3piImJRK9Oj3MXMqHr1ePAvq0AgP7+QVy5ehMLY6Ow7/UtCLENW/3m2BnIZDK8dXQvVG5KVFTW4MzZa6Iv/Lm3SlFZVYO9ezYjIMAXnZ3dOHb8LJRKl2krH7q6dDCbxxAeHjKr6xsYGMK96vvo7unF5k1rEBYaNKvPNQyP4IuvTiIxYTF279wIqVSCG1kFOPHdBbz79j5IJBL09w/i0uUcZKQn44NfH8Lw8Ai+/+ESrl/PEzpJiGhu8vDQIG7hfNzKKxXNN3r1Wi42b0pDe0eXaPv+gUH09fULcUNjK7RaT6xalQiVyg3l5fdw8tRl/P6f34FS6QKDYQR6/QBybhZjz+5NcFUqcerHKzj27VloNCoc2LcNLi5ynDx9BZcu5+Dwm7sA2/xien0/iMiq7n4jZDIZQkOt300MhhEYjSZotZ4O23p7e6C37/G/P0NDw2hpaceqlYkOuS++PIm29kcYHx+HSuWGw2/sFM3H3traAalMiuAgfwBAb68e4eGO8yh7eXmK2orORz2Ii5uP8opqFBaVY3BgCL5+WmSkpyDcbh7mmpp6REeHi75jTXWv+gFCQgIdKspme41ENDfExkQiO6cIly7nICkp3mHY++Pk5ZdBqXRBYsLknKK9fXooFHKH4hGZTAYPD43Qps62zZvOjawCFBTextiYtep+966Nwv2mvfsPmnDufCZ6dH1QqdyQsCwOqSsTnK4/gH46uQSA0IlqscA+xpSYeebnWt5ZWCwWmExmqKZUKVzPzEPZ7buA7UnfG4d2ICQ4AM3NbWht7cAf/uVd4Sni4kULcP9BE+7crcPKlATk3CxGQkIcEhMWAbbqjl07N+Lzv3+P7p5eYa69wAA/7No52WlYX9+Czs5u/PPv3hLmnlmzegUePuxEe/sjwPYU8VZeCQ4d3IGAAF8AQECAL9ZmrERp2Z1pO1BHRo0AANWUl0T9/cuT6O62DuVwcXHB7377K+GpqkQiwZuHdsDV9mKI2XxuSUkVtN5eSE9LEj5j08Y1+NPHX6CzsxuBgdYK3YiIEKxetRwAoFGrkLAsDiWlVc/835CIfjlWr16BTz/9BokJi+Dp6Y6Kymqo1SqEhQU5dKBOtSpV3DmRujIBWdmF6OjsFnWKrMtIEV78tzxhMU6fuYp9e1+Dj4/1ZicxYREuXsp+IddH9Es3NDSMy1duYvWq5UJnptFo/R4xXZWVXCGH2Tw27bEsFgvOnruO8HnB007JcWD/VgwPj2LIYEB5eTWOfXsW7717QKgEra6pR2xMlLD9qNE07TkoFHLR9B8jIyO4f78JA4ND2LolAwqFHIVFFfjm2Bm8+85+BNq+x9TU1CNtTZLD8SY0t7ShtOwOjhze/dhtnnSNRDQ3aLVeePftfcjJLcZfPzsBhVyGkNBAxMZEIX5JzLQPYgYHh1BUXIFtW9dBJpvMG40mKB5TtaqQy4UpAWbb5k1nzeoViF8Si1GjEY2NrTh/IQuurkph1M6EispqZKSnwMvTAy2t7biRVQCj0Yi1GXyxJj0duQWYrMh7XKUe88zP0byzkEgkUCpdMDIyKlqfkZ4szIt37PhZDA0aAAAP2zphMpnx2effibYfGRmFr4/1hv1RV4/wttgJwUH+kMlk6OjoEjpQg4P9Rdt0dfdA6+3pMHF3VFSY0IHa1a2DyWTGufOZoj/URqMJAf7Tv41x4gZo6jW+cXA7RkeNGB014i+fHYfJZBbN6eNq91bd2XxuW1snmlva8OdPvxF9jslkxqjRJMQB/r6ivErlCqNdnojmLjdXJZKS4nE9Mw87d2xAVnah6I20M+nR9aGg4DY6OrpgtN04WB+CidsP+xdPubpZ2zH7l0S5ubo+8caDyBmNjIzi2LdnEBoSKHpgoVBYb+Cn+70xm8xQPmbo+rnzmejT9+Pto3unzatUblCp3ODjY51H8LPPv0NxSaUwz2ptXQN27tggOo/pzsFkMosqRBVyOR7UN+MP//KucO67d23EwMAgSkoqsWP7euj1A+jR6REVNW/ac+vo7MZ331/Epo2rhUrcZ7lGIpo7AgJ8cWDfVoyPj+NRlw7NzW3IzilCRWU1jhze7dCJmnOzGN7enlgyZZo1hVwOk3n67yEm82R7Nts2bzoKhVx4cBwc5A+DYQQ5N4uEDlQPDw22b1uHJYtjhCkCgoL8hBcJsgOVnpZdBerjKvWYZ37u5p1JUJA/mpoeInVlgrBOLpcL84VOnesmMMAX77938LHHM5vHHF5SAABSqURU3Dv1j+zY2DjMY45VHFKJ3Xa2A3zw/qFZz7Xlo/WCi4sCTc1tCAqa7LR1dVXC1VXp0LFq/cwpneiz+FwLLEhJXoZNG1fPeD5S6TQd9E5U9Uzk7FKSl+GTP3+NE99fQFhokFDVPpPx8XF8/fVpxC6Mwptv7BRGDfzbv/83pv7Jmq4KZNp2h4j+f/bu/KupPM8f/zM3gQBJWCI7CIIIouIK4gKouO+WlqWW1jI9NT3d85npmR++53vmzB/wPZ8zZz5nuk9/urumZ2q1qsvSUqvKfUNwBUEREAFRQNlBAmELkJB8f0i45JIQEbXV5Pk4p8/b133d3NxLNZfkfV/3dUWDg0P4y6ETCAz0x7atqyW3b6pUflAoFNB1dkn6vQOATqdHZGSYw/bOnM1DQ0MLDuzfIbkt35WQYC10Oj1g63k8NGREzNQIMR8U5I/OTr3D6zo7uxAY6C/GAYEaKJVKcfJ0RGRkmHhBurKqBvFxUx3WAYC2tg58993PWL5skcuHzE3mGIno7ScIAsLDghEeFoyE6TH49M/fobGxFVPtzlc6XRfullRg966NDrfDBwX5w2g0obe3H2r16G38JtMwurt7xfPZRM95ExEaqkVJaYUYy2Qyp73fo6PCMDg4hIGBQUkxDdGzCKMVqGMrUccuZ55598t7koULZuNRzRM8qnnyzHXDw0PwtKMTfX2GcdcJCwtGfX2zZFlL61MYjSaHLx5jX6fX9zj8oayprRf/HRyshUIhx+PHjc/c1xEKhRwpKUnIL7iL7u7eCb/O3kTeNyI8BE+eTHy/iMgzeXkpkJGRirq6BmRlLZ7Qa/r6DOjt60fKnCRx8rS3t0/y5FsimpyhISMOfX8SGo0K7+xY53ARQiaTIW5aNCrsHvIGAD09vWhsakV8vPSJz+cuXEXd4wYc2L9dMjkwoq/f+WeotvYOaPytd+FUPahB4oxpkomH+LipqH5YJ2kZYLFYUFlVg+l2+zA9PhZPn+ocWgs0t7QjKMjax7WqqgZJSfEY62lHJ/5y6ASWLFmA9MXzxvmJPfsYici99PcbxH6i9kZusR9bgJSbV4CoyDCn7dXCw0Pg66N0OKc+qK6FIAji8ycmes6zNzg45LStSmtrB/w1ow/KM5lM6DcMOKzX1q4Ti2yInocC9pV5tl8I+4o95pl397ynmJkUj9RFKTjywxksXDAbCQmxUPn5wjAwiLa2DrS1dYgf4KfFRiEyMgw/HDuLNdlLERQUAJ1Oj1tFpZidnICkpHgsX7YQR4+dQ0iIFjOTpqOnpxcnT1/GnNmJkttIx4qbFo3Q0Ck4dvwc1q3LhL9GjXvl1WhqbhXX8fb2wpL0BThz7grMFguio8JhMAygpLQCgiBg1colTredvXIpmpvb8fmXP2Bx2lxMnRoBL4UCff0GPHpknTh21Sx8Iu+7aFEKiu9W4PSZXCxePA++Pj5oaGzBrcISbN+6xunTbYnIMy1cMBvTYqOgDXJ8KI0zarUfAgI0KCwqxYZ1WTAajThz7orTp+ES0cSZTCZ8f/gUhoaM2LolGz09fWLOW+kNX9uX6Izlqfjq4DHkXL6JObMT0W8YQE7ODURHhYtPsQeASzk3UVJSiX17t2B42Ay9vgcAIJcLUKutk6NHj57F4OAQUlNTEBqihdlswd2S++jo6MT2rWsAAFVVtcjOlj5hev68WbhVWIqjx84iIyMVckFAwa0S9PcZkJo6V1xvcdpclJRW4vsjp7ByRTq8vBQoKipDfX0T1q5ejr4+A5pb2vBegrR9SGenHl99fQyzkhMwKzlB3HfY2g2MVKtO5BiJyL3kXbmFh48eY3HaPERFhsHLS4HOrm5cv16E8PAQcdITAJqb21BZVYMPDuxwui1BEJCRkYbcvHx4eSkQHRWOtrYOnLtwFUuXzBdvz5/oOe/M2TzExkZhVnIC8guKUVx8H2lpc60PwPP2Qm1dA4pul2HTxpXia6ofPsaJk5ewcMEcxMVFQ+XnK/ZAzcxIe6U/S3JPCjjrgcqRo4eMnmbd2gzETYtG8d37OHkyB/2GAfj4KBEQoMHSJQsQY3tAiUwmw57dm5F35RaO/XgB/f0GBAZoMHt2othHa0bCNOzYvhbXb9zGpZwbUCqVmDd3JrIyRyut/P3VkquAsP0x3btnC85fuIbDR05DkMkwe3YisjIX49r1InG9rMw0qFS+yLtSgM7ObqhUvoiPm+ryQQheXgp8eGAH7hSXo7y8GgUFdzFkNFp7j2kDsW5thvjHWqNRwd/WvsDes95XrfLDxx/uRE5uPg4ePA7T8DBCgrVITU0RJ0/9/dXQjDlutUqFgOe8DYWI3h5eCgVUKl+Hfl3aMU+wVav8oLbrAe2vUSMg0Houkslk2L9vG06czMHvfv8ltNpArFuTgd7ePviprBWpfn4+UKtVYi8v2G49DgjQSCrqVCpf6e2+ARr4+zue84g8QUNDC+obrHfNjO1hHhjoj3/41X7A1htv754tyM3NR2FRGXyU3khMjBP7lcJWyXqn+B5MJhMOfvOjZFuCIOBXv9yHwEB/7Nu7Fbfv3ENRURl0nV2Qy+WIjAzDgfe3Izg4CDpdF7p7eiUTs7BdzD3w/nZcvHQD3x06AQCYGh2BAwd2QGX3MFAfHyU++uAdXM7Nx+Ejp2E0GhEREYr9729HSIgWxcXliImJdKiwulf+AIODQyi+e198kOiIeXNnYvOmVRM+RiJyL+vXZSKkWIt75dXIzcvH8LAZgYH+SEqMR8byRZJClPsVj5CcnCCZVB0rLTUFgkyGm/nF0Ot74O+vxtIlCyQt5SZ6zmtsbBUv3qzISkdoaDCKispwM78Yw8NmBE8JxJbNq5AyJ0l8TfLM6eLFpdKyShiNRmiDArFm9XLxQchEz0O2+IPbnlWGR2Qn77+tV7Usdr0prf+21qiOxCN562ARl1n/Z79s5PXWeNAoIDpiYpVHE9XQrH/p23wTXLl6C0/qm3Hg/e2ve1eIyMO563mW6G3nTr+b9yseora2Hps3rXol2z977gqiosKRMifxlWyfiN5sL3q+7DcM4Le/+wL/9q+/fqn7Re7jVfxNbmjWQ+lltk3WyyCTySCTwS6GbZlMsgyA3TKI8zn2k/4j/x4a7J/0/gmwAKNvIQNjxh4V02tx6PuTuH3nHnS6LvT3G/CguhaFRWWYN9exyTcRERGRu5mVnPDKJk8BYMP6LE6eEtGkeSkUCApipTmRPYVtTgkY6QnJmLEnxfRaLF26ELduleD69dswDAwiMFCDlVnp/KBPRERERET0mnl5KfDrv9//uneD6I2igMVaymqx2Erz7GKZzHrLMvPMu2ueXo/YmEjE2vqtEhERERERERG9yQRrRZ7kvmZppR7zzLtznoiIiIiIiIiIyAXB7n5msUckY8YeExMREREREREREbkgYORh4/aVeowZe0pMRERERERERETkgjAymWRfmceYscfERERERERERERELlgrUGE3qcSYsSfFRERERERERERELggWi20WyTa5NBKOxswz7755IiIiIiIiIiIiVwSZTCa5rVk2plKPeebdOU9EREREREREROSKYLGv1LObXBIL95hn3o3zRERERERERERErggysTLPeaUe88y7c56IiIiIiIiIiMgVYaQyb2ylHmPGnhATERERERERERG5Isggk1bqMWbsQTEREaz2nZwAACAASURBVBEREREREZErggUjFXm2kTFjD4qJiIiIiIiIiIhcGa1AhQwW+wo9xow9ICYiIiIiIiIiInJltAIVFsjsK/QYM/aAmIiIiIiIiIiIyBXBWolnGVOZx5ixZ8RERERERERERESuKKyVeLZJJY4cPWx8WzU061/3LhARuTWeZ4neTPzdJCKaGJ4viV4uhX1F3ugIOF/OPPPulX9bRUcEvO5dICJyWw3Nep5nid5A/N0kIpoYni/pVfPECXrBAtuk0kglKiyQAWNi5pl3zzwREREREREREZErAmA3yWQBGDP2rJiIiIiIiIiIiGh8Auwr9AAwZuxZMRERERERERER0fjEClSOHD1zJCIiIiIiIiIiGp8A24N1RirzHEbmmXfnPBERERERERERkQsCZHCoyJPEzDPvznkiIiIiIiIiIiIXBABjKvXgUKHHPPPunCciIiIiIiIiIhrPaA/U110JyDzzryVPREREREREREQ0PgEW66QS7Cr1GDP2mJiIiIiIiIiIiMgFwTqHJK3UY8zYY2IiIiIiIiIiIiIXBOsckl1lHmPGnhQTERERERERERG5MFqBypGjJ45EREREREREREQuCJaROSSxMk86Ms+8O+eJiIiIiIiIiIhcEWQysSXkaGWeZbRCj3nm3TlPRERERERERETkirUHqmxMpZ5sTKUe88y7a56IiIiIiIiIJCoqHr7uXSB6owgjFXmSSj2LxWFknnm3zBMRERERERGRyDAwiOM/XXjdu0H0RhHEh5HbV+oxZuwhMRERERHR63b23BWUl1e/su3/z2eH0d3d+8q2T0TuxcJiIyIHirGVeYwZe1LsSa7fuI36+mbs3bNl3HV6e/vw+Zc/YM/uzQgLC36h9/v8iyOIj4/ByhXpk3p9XV0DLly8jr/7ZM8L7QcR0V+D0WjCH/54EDvfWY+YmMhx18vNK4BO14Wd76wHAFy8dB2NTW346IN3Xun+veg5mehtV36/GrcKS9He3gGZTIaIiFCsXJGO6KhwyXpP6puQm1eA1tanUCgUSJwxDdnZy+DroxTXaWpqxbXrt1Hf0AyTyQStNhCL0+Zh3tyZ4jpGownFd8txr7wanZ16DA+bERqixbKlC5GYGCd5T7PZjPL71Vi0aA4AQK/vwaXLN1FX14Dh4WFER4djdfYyhIZMkbzOZDLh+o07KL9fje7uXmg0Ksybm4wl6fOgUChG97e5Db19/dBoVOKynp4+nL9wFd09ffibj3Y5/LwmcoxE5H46dF3IsZ1/AOC3v/sC8fExyMxIRVBQAADg2PFzqKyqcfr6hIRYvPfuJsmyxqZWnDt3BbGxUVidvUySMwwM4vf/92uYTCaHbW1cn4UFC2Y7fZ+qqhoU3bmHp091MBgGERjoj7kpSVi6ZAFktkKpyW6baDwKi8XWEpIjRw8cPUlvbz9qautRWVWDmUnxTte5nFuA3t5+9BsGXvj95s1LRvCUoEm/vrevH1367hfeDyKivwajyYR+wwB+/Pki/ul/fSB+eLen69Tjxs07kgmb6fGxmPIC58qJetFzMtHbLOfyTdwrr8bSJfMREb4cRqMJ+QXF+O7QCfz6V/uhVvkBAFpan+K7QyeQljoXG9Zlod8wgJzLN3H48Cl89OFOAMDDR49x/MfzSF2UgrTUufDyVqCi4iFOnb4MlZ8vEhJiAQD5BcVoamrD4rS50GoDMTw8jHvl1fjh2Fl88ov3EBo6OhlaW9cAPz9fhARrYTSa8M1ffkLwlCDs2b0JgiBHYVEpvvn2J/zykz1Qq0cnQY/8cAZ6fQ+yMtMwRRuIzq5uFBaVoaenFxs3rBDXq6qqQeKMaeJ5qbSsChcuXsPg4BDUaj+Hn9dEj5GI3EtvXz++PngcYWHB2L1rI/z91ejt60dx8X18ffA4/vk3HwMANm9ahVUrl0heazIN4/MvjyAyIkxcZrFYcPHSDRTfLYfJNIyQMReBAGBocAgmkwl792zBFG2gJGd/0cdeTW09rt+8g5Q5ScjMSIWXQoH6hmZczs2Ht7cXUhelTHrbRK6IFagOI8ZZzjzzbpT3NNHR4cjNK8CMhFjI5XJJrqX1KTo6OqFUer+U91q0cM5L2Q4R0dtkijYAJaWVmD8v2SF3KecG4qZFw2gcrYSIi4v+q+wXz8nkydLT5yMrczEUitHPPlFRYfg///kZHtc1YvbsGQCAa9eLkDA9Ftmrlorr7d61EX/40zd4+OgxEqbHYlpsFP7h1weg8vMV14mOCkdDYwseVNeKk4uZGWkO+zE1OgKlpRVof6qTTKA+eFArXty+W1KB4eFh7Nq5QdzfrVuy8T+fH0bBrVKszrbu273yB2huacff/3KfuC8REaGYlZwAs9ksed+qqhqsXZshxrW19di6ORtd+h7cKixx2M+JHiMRuZf79x9CkMmwZ/cm8buiVhuImKmRkipOpdLb4TtjfsFdKJVKLE6bKy7r6zegq6sbf/PRu8i9UuDyvTVqFQICNBPaz/i4qYiPmypZFhERikc1T9DernuhbRO5orBYLJDZekM6r9Rjnnn3zXuaoMAAhIZOQWFRGZakz5fkLl66jpUr0nH0+DnJ8qoHtSi+W47m5nYYjUZERYVj04YV4i0cRbfL0NLyFFOnRuDa9SIEBmiw//3tOP7jecTFTcX8eckwm80oLCrD/YpqPH3aCblcjsQZ07B+XRa8vBSYLINhAJdybqC6ug5G0zDCw4OxasUSTJ0aAdiuev7fP36D7dtWo+j2PdTUPIFcLsfMmdOxJnuZ5L1v37knVm0EBQVgafoC8QvV6TO5uFtS4fD+H324E1GRYQ7LichzZWUuxk8nLmJWcgK8vb3E5U+eNMFgGMDMpOmorHwkLr99+x4am1qxbetqAEBLSztuFZbi8ZNG9PcboA0KxKpVS5Aw3Tph0f5Uh8NHTmPrlmycv3ANHR1dCAsLxratq/G0XYfLefno6upBWOgUbNu6GlpbxYX9OZnI09hPBI7w8lJAEGTi76nFYkFdXQM2bVgpWU+jUSE6Khy1tfVImB4LhUIhuT1+hFKplPzOj2UYGERhYQk0GrXki7/FYsGDB7XYvdt6y2ttbT1mJEyTTPbKZDLMTIpH1YNaANYJ1Pv3HyJlTqLTYxMEQfx3+1Md+voNiJs2erFm+7Y1AIBbhaVO93Wyx0hEb7fh4WEofZQOhTawnRfGMzAwiBs37yArM01yjlCr/LD73Y2vbH9HGI0mPHr0GC3N7chycvGK6GVRyDA6uTRSmSeNmWfeffOeKHN5Gj774jDmpiTBz/ah+8GDWshkMkyb5lgJVV1di5lJ07FhXRbkcgHnLlzDyVOX8cGBHYCth1ZF5UM87ejE2jXLMTXaOnmp1/dAb7sFv6/PgOaWNmQuT0N4eAgMhgEcPXYWN/PvICtz8aSP5YejZyGTybB//3b4+ihRUlqJb7/7GR9/uBPh4SEYHjajp6cXR4+excYNK7B540q0P9XhxMkc/HziInbt3AAAuH7jDsruVeGd7WsRFhaM1tanOHT4JJRKbyQkxGLTxpVYtzZTfN/Lufmob2hGRHjIpPediNyTv78ayTOn48bNO5J+oxcvXcfaNRlobmmXrN/d04uurtF2JbV1DdBqA7B06QL4+fmipKQCx388j9/840dQKr3R3z8Avb4HV68VYfu2NfBRKvHjzxdw6PuTUKv98O7OjfD2VuD4Txdw7vxV7Nu7FRhzTiYioPphHeRyOaKjrS01+vsHMDRkhFYb4LBuUJA/OrvG//3p6zOgvr4ZS9MXOOS+PngcTc1tMJvN8PPzxb49W+Dr6yPmGxpaIMgFREaEAgA6O/WIjXXsoxwYGCA5V7S2dSA5eTpKSitxq7AEvT19CA7RIitzMWLt+jBXVdUgISFWMqk6Ga6OkYjcQ1JiHK5cLcS581eRmpricNv7eG7mF0Op9MaC+ZPvKfrw0WOcOn0ZHbou+Pn5Yv68ZCxJn++0JdKI3LwCFNy6i+Fha9X9tq2rETWmr/Vkt03kjDDyMHKLxTq7NBpjTMw88+6X90QqlS/mzU1G3pVbgO3BBTmXbzr0sRmxZXM25s9LRmCgPzQaNdJS56K+oVnyZEaZTIa9721G4ow4yZeCERqNCju2rUVCQizUaj+EhGgxe/YMPHnSPOnjqHvciIbGFuzYsRahIVOg0aiRsTwVcdOicTO/WLLuggWzMXPmdCiV3oiOCsfG9VmoelALvb4HRqMJN27exsYNK8QHZ4WFBWNFVjruFJeL21Ao5FAo5GhobEFpWSXe2b7uhb+MEJF7WrZsEUpKKqDX9wAASssqoVL5idXxrixdsgAZy1MREqyFys8XS9Lnw2QaRkvrU8l6K7MWIyRYC41GhYXzZ6Orqxvr1mZiypRAaDRqLJg/Cw2NLa/sGIneZn19Bpy/cA3Lli4UP7cMDQ0B41RZKbwUMJmGnW7LYrHg5KkcxMZEOm3J8e6uDfi7v92DA/u3Y3p8DA59fxLd3b1ivrKqBkmJo73pB4eMTvfBy0shaf8xMDCAhw8fo6S0AhvWZWHf3q0I8Nfgu0MnJOeLqqoazEx03vt+op51jETkHrTaQHz84U709Pbhs8+P4D9/+zkO/3AaJaWVDq1BRvT29qGwqBRZmYshl0/+u1FpWSXS0+fj/b3bsGjhHFy9VoQrV2+5fM3yZYvwyS/24OOPdmHlinScPpOHh48ev5RtEzmjECvyRir1xHjsyDzz7pf3VEvS5+PT//oLUheloLauAcEhWrHyYaya2noU372Pjo5OWMwWdOi6AFuj8JFb4LXaQPjYPZ3WmTvF5ah6UINuvfVLQ4euC+EvUMHZ1tYBbVCA+OCHEVOnRqCkVHq7/dgnYo9Um7S36+Cn8oXRaMKp05clE6JDQ0aEhUobnRsMA/j5xEVsWJeFoCD/Se87Ebk3Xx8lUlNTkHP5JrZszkbelVsOT6QdT4euCwUFd9HS0o4h22SJxWKB0WiUrGf/4CkfX+v51/4hUb4+PpLJFiKyGhgYxKHvTyA6KhxLl4xWU458pnH2e2MymqAc59b1U6cvo0vfjQ8PvOM07+fnCz8/X0yZYu0j+PmXP6DodpnYZ/VBdS22bM6W7IezfTAaTZKeg14KBR7VPME//9PH4r5v27oaPT29uH27DJs3rYJe34MOnR7x8THP8RN6/mMkIvcRFhaMd3dugNlsRlu7Dk+eNOHK1UKUllVi/75tDgUkV68VISgoAHNsrc+el7+/Gps2rsSc2Yli65KIiBDxYX8rstLHfa2XlwJTplirZCMjQtHfP4Cr1wrFtkcvsm0iZxQWjO0RyZix58SeSqn0xpIlC3DiVA669T04sH+H0/Xa2jtw6PuT2LolGzO3rIaXlwLNzW344qujkgpU4Rk/zNu37+Hq9SK8u2sDIiNCIQgC8gvu4n7Fw0kfg8lkwrCTK6FyueAwOW4elq4n/uG3m0n/5BfvPbOv18lTlxEfFyP2RiUiGs/itHn406ff4sjRM5gaHSFWuLtiNpvx7bc/IWlmPPbu2SK2Wfn3//hvh7YzzirgBcGD/7ARTcDg4BD+cugEAgP9sW3rasntmyqVHxQKBXSdXYiIkF7g1en0iHTS8/zM2Tw0NLTgwP4dTu/AcSYkWAudTg/Yeh4PDRkRY1edHhTkj85OvcPrOju7EBg4evE2IFADpVLp0Es+MjIMzc1tgK26NT5u6gv1m5/MMRLR208QBISHBSM8LBgJ02Pw6Z+/Q2Njq+RuGp2uC3dLKrB718ZJ3w4vk8mc9mePjgrD4OAQBgYGn1moMyI0VCsppHmZ2yYCAAFjKvMYM/as2HOlLpqDzk5rVUJwcJDTddraOqBQyJEyJ0n88D1Sgfo8WtueIiI8BNFR4eKXft0ktmMvPCwEen2P5DY4AHjypBkRY6ppn9Q3jVnHGocEaxEcrIVCIcfjx40u36/odhk6dF1Yvy7T5XpERLBVRWRkpKKurgFZWRPr9dzXZ0BvXz9S5oz2qO7t7ZM8+ZaIJmdoyIhD35+ERqPCOzsc2/DIZDLETYtGhd1D3gCgp6cXjU2tiI+XPvH53IWrqHvcgAP7t0Otlt4NA9vTp51pa++Axl8FAKh6UIPEGdMkEw/xcVNR/bBO0jLAYrGgsqoG0+32YXp8LJ4+1Tm0FmhuaRcf9FlVVYOkpMnfvv+sYyQi99LfbxD7idobaStiGXM1NzevAFGRYUhIiJ30e5pMJvQbBhyWt7Xr4OOjdDrBOTg45LStSmtrB/w16hfaNpErCogVqE5GyGBhnnk3znsyuVyOX36yB0rl+H84IiJCYTZbUHS7DAvmz0Z7e8e4T2x1JSoqHOcvXEV9QzOiIsNwv+IhamrrxQmC8VgsQEeH40SrSuWLuLhohIeH4PiP57F+XSbUGhVKSyvxqOYJ/u5v90jWLympwJQpQUiYHgtdZxfOnMtDUlI8AgI0AIAl6Qtw5twVmC0WREeFw2AYQElpBQRBwKqVS9DerkNuXgH279sOuVwQewCxByoRubJwwWxMi42CNsjxoTTOqNV+CAjQoLCoFBvWZcFoNOLMuStOn4ZLRBNnMpnw/eFTGBoyYuuWbPT09Ik5b6U3fG1fojOWp+Krg8eQc/km5sxORL9hADk5NxAdFS55iv2lnJsoKanEvr1bMDxsFvsdy+UC1Grr5OjRo2cxODiE1NQUhIZoYTZbcLfE2hJp+9Y1AICqqlpkZy+V7Ov8ebNwq7AUR4+dRUZGKuSCgIJbJejvMyA1da643uK0uSgprcT3R05h5Yp0eHkpUFRUhvr6JqxdvVx8gOd7CY7tQ/r6DDCZTBgYGIDZbIFe3wOZTAZ//9GJh4kcIxG5l7wrt/Dw0WMsTpuHqMgweHkp0NnVjevXixAeHiI+LBgAmpvbUFlVIz5YeDzd3b2wWCwwGU0YEgTo9T1QKBRQqazfA6sfPsaJk5ewcMEcxMVFQ+Xni/qGZuTmFSAzI03czpmzeYiNjcKs5ATkFxSjuPg+0tLmIioqHEpvL9TWNaDodhk2bVwpvmai2yaaKMVoRZ5sTIWezHZ9gXnm3TnvOdRqPwwNSXvoaeyu0I3w91fDz3aL1hRtIN7bvQnnz1/F5dx8REeHY8O6TBw9fl7sI6PRqOBvm4i0FxCggb+/dfm8uTNhMAzg2LFzMJvNmJmcgFUrl6Ci4pHD68T9VflheHgY//Xf3znkkhLjsGvnBuzdswWXLt3Ad9+fxODgEMLDQ/DhB++IvXBGbFifhcqqGly4eA2CICB55nSsWb1czGdlpkGl8kXelQJ0dnZDpfJFfNxUZCxPBWz9W4eGjPjiqx8k2127JgNpqSnjHgMReQ4v25cB+x6FsPWItqdW+UGtGZ188NeoERBoPVfKZDLs37cNJ07m4He//xJabSDWrclAb28f/GxfNPz8fKBWq8RzMGy3HgcEaCQXdVQqX+ntvnbnZCJP09DQgvoG64MrP/2z9HNFYKA//uFX+wFbb7y9e7YgNzcfhUVl8FF6IzExTuxXClsl653iezCZTDj4zY+SbQmCgF/9ch8CA/2xb+9W3L5zD0VFZdB1dkEulyMyMgwH3t+O4OAg6HRd6O7plUzMAoC3txcOvL8dFy/dwHeHTgAApkZH4MCBHVDZXXj28VHiow/eweXcfBw+chpGoxEREaHY//52hIRoUVxcjpiYSIcKK6PRhD9++o2kz+of/vQNAGDPe5sxPT5mwsdIRO5l/bpMhBRrca+8Grl5+RgeNiMw0B9JifHIWL5IUi1/v+IRkpMTJJOqYz1+3Ihvv/tZsqyqqgZyuRz/8puPoVR6I3nmdPECUGlZJYxGI7RBgVizejkWzJ8lvq6xsVW8eLMiKx2hocEoKirDzfxiDA+bETwlEFs2r0LKnCTxNRPdNtFEyVL3F1rESr2xFXtjlzPPvJvlr3w2D7DdGjXC+m8ZRhrOWSwWMW8dLOIy6//sl4283hoPGgVER0ys8miiGpr1L32b7spkGsa//8efsW/vVocvKERE4+F5lujN5E6/m/crHqK2th6bN616Jds/e+4KoqLCkTIn8ZVsn4jebC96vuw3DOC3v/sC//avv36p+0Xu41X8TW5o1kPpZbZN1ssgk8kgk8Euhm2ZTLIMgN0yiPM59pP+I/8eGuyf9P5ZK1Btb2Bfsed0OfPMu12eiIiIiOiva1ZyAmYlJ7yy7W9Yn/XKtk1E7s9LoUBQECvNiewJgMXWCZIjR08cyZ2N9Oka6bFDRERERERErnl5KfDrv9//uneD6I1iq0C1jKnUY8zYU2JyZzKZDL/5xw9f924QERERERER0VvMVoEqG1OZx5ixp8RERERERERERETjE5xX5o0dmWfeXfNERERERERERETjEyA+fdxWmWf3BPLRmHnm3TRPRERERERERETkggCZdTJJrMiTxADzzLt1noiIiIiIiIiIyAVBrMhzOmKc5cwz7yZ5IiIiIiIiIiIiF0YrUDly9MSRiIiIiIiIiIjIBcEypjKPMWNPiomIiIiIiIiIiFwRrIV4oxV5jBl7UkxEREREREREROSKYH2ezmhlnmVMzDzzbp0nIiIiIiIiIiJyQeyBOlKZJ5PJbKPzyj3mmXerPBERERERERERkQuC08o82TMq95hn3k3yRERERERERERErgjWgjz7Cj3Hyj3mmXfXPBERERERERERkSuCdS7JvkLPsXKPeebdNU9EREREREREROSKYF+Z56xSj3nm3TlPRERERERERETkijBSiCet1MOYij3mmXfPPBERERERERERkSsKaUtICxgz9qT4bdXQrH/du0BE5NZ4niV6M/F3k4hoYni+JHq5FNZCPJl4e/NopR5jxu4fv62iIwJe9y4QEbmthmY9z7NEbyD+bhIRTQzPl/SqeeIEvWAtxLOrzGPM2INiIiIiIiIiIiIiV4SRVpBiJSpjxh4UExERERERERERuSJgTGUeY8aeFhMREREREREREY1HgKQiz7qQMWNPiomIiIiIiIiIiMYjVqBCUpk3GjPPvLvniYiIiIiIiIiIxmOtQLUF1so8iyRmnnl3zxMREREREREREY3HWoFqC6wVebIxMfPMu3eeiIiIiIiIiIhoPNIKVMloGWc588y7V56IiIiIiIiIiGg80gpUySgbZznzzLtXnoiIiIiIiIiIaDyC/X3MI5V5kph55t05T0RERERERERE5IJg/ySdkco8Scw88+6cJyIiIiIiIiIickEQp5HESr1xRuaZd8s8ERERERERERHR+ASxIk+s1BtnZJ55t8wTERERERERERGNTxhbmWcZW6nHPPPunCciIiIiIiIiInLB1gPVIlbkycbEzDPv1nkiIiIiIiIikqioePi6d4HojWKrQJWNVuYxZuxJMRERERERERGJDAODOP7Thde9G0RvFGGkN6RYmceYsSfFRERERESv2dlzV1BeXv3Ktv8/nx1Gd3fvK9s+EbkXFhwROVJYLBbrZJLFOrnEmLEnxZ7k+o3bqK9vxt49W8Zdp7e3D59/+QP27N6MsLBgdHf34vMvjmDL5mwkJMS63L7FYsHv/3AQe97bjLDQKa/gCEYdPXYWcXFTsXDB7HHX+e7QCcTGRmHZ0oXjrvPw0WOcPpOL3/zjRy+8Tz09vWhqbkdSYpy47Hl+fkT0djMaTfjDHw9i5zvrERMTOe56uXkF0Om6sPOd9QCAi5euo7GpDR998M4r3b/PvziC+PgYrFyR/krfh+hNVX6/GrcKS9He3gGZTIaIiFCsXJGO6KhwyXpP6puQm1eA1tanUCgUSJwxDdnZy+DroxTXaWpqxbXrt1Hf0AyTyQStNhCL0+Zh3tyZ4jpGownFd8txr7wanZ16DA+bERqixbKlC5Fo91kBAMxmM8rvV2PRojkAAL2+B5cu30RdXQOGh4cRHR2O1dnLEBoy+vnq4aPHOHzktMNxymQyfPKL9xASoh3d3+Y29Pb1Q6NRict6evpw/sJVdPf04W8+2uWwnaqqGhTduYenT3UwGAYRGOiPuSlJWLpkga0QgYjcUYeuCzm28w8A/PZ3XyA+PgaZGakICgoAABw7fg6VVTVOX5+QEIv33t0kWdbY1Ipz564gNjYKq7OXSXKGgUH8/v9+DZPJ5LCtjeuzsGCc73sTOUdNdttE41GMnUxizNiTYk/S29uPmtp6VFbVYGZSvNN1LucWoLe3H/2GAQCAn58vFi6cLfkQPp7hYTN6e/vQ32946fs+Vk9PH3p6XFdR9PT2ITevAHNmJ8LfX+2QN5vNOP7jeRiNJpjNZgiC8EL79KC6DvkFdyUTqM/z8yOit5vRZEK/YQA//nwR//S/PnA6waDr1OPGzTuSCZvp8bGYMiXole/fvHnJCP4rvA/Rmyjn8k3cK6/G0iXzERG+HEajCfkFxfju0An8+lf7oVb5AQBaWp/iu0MnkJY6FxvWZaHfMICcyzdx+PApfPThTsA2cXn8x/NIXZSCtNS58PJWoKLiIU6dvgyVn694wTS/oBhNTW1YnDYXWm0ghoeHca+8Gj8cO4tPfvEeQu0uNtfWNcDPzxchwVoYjSZ885efEDwlCHt2b4IgyFFYVIpvvv0Jv/xkD9Rq6yRof78BPj5K/O3f7JYcqyDIoNFIP/dUVdUgccY08bxUWlaFCxevYXBwCGq1n8PPq6a2Htdv3kHKnCRkZqTCS6FAfUMzLufmw9vbC6mLUl76fyMiev16+/rx9cHjCAsLxu5dG+Hvr0ZvXz+Ki+/j64PH8c+/+RgAsHnTKqxauUTyWpNpGJ9/eQSREWHiMovFgouXbqD4bjlMpmGEhDgW2QwNDsFkMmHvni2Yog2U5Owv+tib6DlqMtsmckWsQOXI0RNHTxMdHY7cvALMSIiFXC6X5Fpan6KjoxNKpbe4TKGQIytz8WvY05cjNiYSl/PysX3rGodc0e17iI4KR63t6uqLslgssIy51eVt//kR/9YRlgAAIABJREFU0fObog1ASWkl5s9LdshdyrmBuGnRMBpHKyHi4qL/Kvu1aOGcv8r7EL2J0tPnIytzMRSK0c8+UVFh+D//+Rke1zVi9uwZAIBr14uQMD0W2auWiuvt3rURf/jTN3j46DESpsdiWmwU/uHXB6Dy8xXXiY4KR0NjCx5U14oTqJkZaQ77MTU6AqWlFWh/qpNMoD54UCte3L5bUoHh4WHs2rlB3N+tW7LxP58fRsGtUqzOHt03GYCAAM0zj7+qqgZr12aIcW1tPbZuzkaXvge3Cksc1o+Pm4r4uKmSZRERoXhU8wTt7bpnvh8RvZ3u338IQSbDnt2bxO+KWm0gYqZGSqo4lUpvyXdGAMgvuAulUonFaXPFZX39BnR1deNvPnoXuVcKXL63Rq2a0PkMkzhHPc+2iVwRK1A5cvTE0dMEBQYgNHQKCovKsCR9viR38dJ1rFyRjqPHz4nLLBYL/vjpt3hv9yaEBFurKDs6unDh4jXUNzRDIZcjemoE1q3JgMpWvdHX14+jx86itq4BgiBgzuxErF2zXJywbmlpx63CUjx+0oj+fgO0QYFYtWoJEqaP3uLe1dWNizk38PhxI7wUCsROs97uMVIhMlFz5iShsLAUTU2tiIwcvRo6MDCIwqJSbN60SjKBajabUVhUhvsV1Xj6tBNyuRyJM6Zh/boseHkpANstK/HxMXj6VIeyew+QuigFd4rvoa/PWnn7//3vPwEAdu3cgMQZ0yQ/v5aWdvz40wVs3boaFy5eR2vrU6hUvshYniqZbHF1/Hp9D/70X3+B2WyWHOv0+BjseW/zc/18iOjly8pcjJ9OXMSs5AR4e3uJy588aYLBMICZSdNRWflIXH779j00NrVi29bVwATOke1PdTh85DS2bsnG+QvX0NHRhbCwYGzbuhpP23W4nJePrq4ehIVOwbatq6G1VVwc//E84uKmOp3YJXJ39pOdI7y8FBAEmfh7arFYUFfXgE0bVkrW02hU1guutfVImB4LhUIBhULhsD2lUin5nR/LMDCIwsISaDRqyRd/i8WCBw9qsXu39ZbX2tp6zEiYJpnslclkmJkUj6oHtQCWOt3+eNqf6tDXb0DctNGLNdu3WS8s3yosndA2jEYTHj16jJbmdmQ5mRgmIvcwPDwMpY/SodAGgNPz3oiBgUHcuHkHWZlpkvOgWuWH3e9ufGX7O4LnKPprYQUqR48ePVHm8jR89sVhzE1Jgp/tC8WDB7WQyWSYNk1aCTU8bIZe34Pe3n6EBGvR12fAl18fxYyEafj4w13w8lKgtKwST+qbkTxzOgDg/IVrWLc2A+vWZqKlpR1Hj59DWFiw2Bestq4BWm0Ali5dAD8/X5SUVOD4j+fxm3/8CEqlN/oNA/j6m+NYMH82tm1ZDUGQITevAEd+OIOPP9z5XP/dZDJg5Yp0XLh4Xbz1DgCuXivEvLnJkn5mANDXZ0BzSxsyl6chPDwEBsMAjh47i5v5d8RK0u7uXly4eA0zk+Kxc8c6REWFY/myhSi6fQ+3Ckvwq1++D5kMkMvlMJmGpT+/fgN0nXrk5NzEujXLERQUgLslFTh9JhcxMZHQBgU88/gDAjT4f/+fv4PZbL0A0Nvbh8++OIL582dN+v8TRPTy+PurkTxzOm7cvCPpN3rx0nWsXZOB5pZ2yfrdPb3o6uoW42eeI/sHoNf34Oq1ImzftgY+SiV+/PkCDn1/Emq1H97duRHe3goc/+kCzp2/in17twK2nop6fTeIyKr6YR3kcjmio60tNfr7BzA0ZIRWG+CwblCQPzq7xv/96eszoL6+GUvTFzjkvj54HE3NbTCbzfDz88W+PVvg6+sj5hsaWiDIBURGhAIAOjv1iI117KMcGBggOVfA9jjUglt3UXy3An19/dBqA7B82SIkzhhtJ1RVVYOEhNhJtSrKzStAwa27GB62XrTdtnU1osb0jCUi95GUGIcrVwtx7vxVpKamONz2Pp6b+cVQKr2xYP7ke4o+fPQYp05fRoeuC35+vpg/LxlL0ue7/O430XPUZLZN5IxgLcSzr8xjzNhzYk+kUvli3txk5F25BdiqLnMu33ToY+NMYVEp/Px8sHVLNkJCtAgM9EdW5mKkzEkU10lfPB9zZidCo1FhxoxpiJsWjfr6JjG/dMkCZCxPRUiwFio/XyxJnw+TaRgtrU8BWzWWNigQmRmp8Pb2gkKhwJrVy9Hb24dW2zrPIyEhFjJBhvv3HwK2HoSVVTWS20tGaDQq7Ni2FgkJsVCr/RASosXs2TPw5EmzZL3wsBBs3bIasbFRUCjkEAQBgmD9A6xQyJ1etbW3OnspIiPD4Ovrg6VLFsDb2wsNDS0TPn5BEGzvI+DUmVzMnj1D0nuViF6vZcsWoaSkAnp9DwCgtKwSKpUfpk6NeOZrn3WOHLEyazFCgrXQaFRYOH82urq6sW5tJqZMCYRGo8aC+bPQ0Njyyo6R6G3W12fA+QvXsGzpQnEyc2hoCBinykrhpYDJNOx0WxaLBSdP5SA2JtJpS453d23A3/3tHhzYvx3T42Nw6PuT6O4e7eNeWVWDpMTR3vSDQ0an++DlpZC0/wBkGBgYRGtrB9auWY69e7YgMiIMPxw9i9ra0btrqqpqMDPRee/7Z1m+bBE++cUefPzRLqxckY7TZ/Lw8NHjSW2LiN58Wm0gPv5wJ3p6+/DZ50fwn7/9HId/OI2S0kqHu99G9Pb2obCoFFmZiyGXT/6ZEqVllUhPn4/3927DooVzcPVaEa5cveXyNRM9R01m20TOKKzP03n9lYAcOb6O0VMtSZ+PT//rL0hdlILaugYEh2jFygdX2to7EB0V4fJnFx4eLIn9/HwxNGQU4w5dFwoK7qKlpR1Dti8CFosFRqN1naamVjypb8Knf/5Osh2j0YRBu+08j+yVS/HjzxeQmBiHSzk3sCR9wbi32d0pLkfVgxp063vF/Q0PD5GsExn57J+VK6Gh0p+Rj48SxqHnP/6b+cUw9A9gze7lL7Q/RPRy+fookZqagpzLN7FlczbyrtxyeCLteJ51jhxh/+ApH19rNb39Q6J8fXzGTLYQEWy3mh76/gSio8KxdMloxehIqx5nvzcmownKcT43nDp9GV36bnx44B2neT8/X/j5+WLKFGsfwc+//AFFt8vEPqsPqmuxZXO2ZD+c7YPRaJL0HIyPi8bOHesw03YHEABERYZBp+tC4e1SxMVFQ6/vQYdOj/j4mAn+dKS8vBSYMsVagRYZEYr+/gFcvVYoabtERO4lLCwY7+7cALPZjLZ2HZ48acKVq4UoLavE/n3bHKrZr14rQlBQAObYekk/L39/NTZtXIk5sxPF1iURESHiw/5WZKWP+9pnnaNeZNtEzihGJ5MgnVzCmJh55t0w76mUSm8sWbIAJ07loFvfgwP7d0zoddYrj65/bs5uERt5hdlsxrff/oSkmfHYu2eL2ELg3//jv8WVLLBgcdo8rFm97HkPa1zR0eEIDZ2CIz+cRoeuCzt3rHe63u3b93D1ehHe3bUBkRGhEAQB+QV3cb/i4TOP8XmMVKvas9h+ABM9/qamVtzML8ZHH+6U9EkjojfD4rR5+NOn3+LI0TOYGh2BsLDgZ75mIufIEc7OQ87OLUQ0anBwCH85dAKBgf7YtnW15IKwSuUHhUIBXWcXIiKkF051Or2kl/qIM2fz0NDQggP7d0huy3clJFgLnU4P2HoeDw0ZEWNXnR4U5I/OTr3D6zo7uxAY6C/GarVKMnk6IioqHA+qawFbdWt83FRxcvhFhYZqUVJa8VK2RURvNkEQEB4WjPCwYCRMj8Gnf/4OjY2tkrtpdLou3C2pwO5dGyddnCSTyZz2Z4+OCsPg4BAGBgbhM6bt2njGnqNe5raJAEAYnVQaU4mKsZWpzDPvfnlPlrpoDjo7rVUJwcFBE3iF9crek/rmcW/heJa+PgN6+/qRMme0/2pvb5/kqY4R4SF48qTR5XZG+os+j1UrlqC2rsHl7SWtbU8RER6C6KhwcXJCp+ua0PYVCoWk0nayJnL8g4ND+PHni1idvUxScUZEbw4vLwUyMlJRV9eArKzFE3rNRM6RRDQ5Q0NGHPr+JDQaFd7Zsc7hIoRMJkPctGhU2D3kDQB6enrR2NSK+HjpE5/PXbiKuscNOLB/O9Rqx4dc9vUbnO5HW3sHNP4qAEDVgxokzpgm+UwaHzcV1Q/rJJ9zLBYLKqtqMN1uH/r7DU4/C7W1d4gTrVVVNUhKev7b9wcHh5xuu7W1A/4a9XNvj4jeDv39BrGfqL2RtiKWMVdzc/MKEBUZhoSEyVelm0wm9BsGHJa3tevg46N0OsE50XPUZLZN5IoCYyv1xsTMM+/ueU8ll8vxy0/2QKmc+B+OhQvn4Pbte/j5xCUsX74I3l5eKC2rQnBwEGYkTHvm69VqPwQEaFBYVIoN67JgNBpx5twVSc/QRYtSUHzX+mClxYvnwdfHBw2NLbhVWILtW9fA31+NkFAtqh7UYvasGdBqA10+9XZESIgWf//LfS6boUdFheP8hauob2hGVGQY7lc8RE1tvTiR4UpkZCgGBgZxM78YyTOnw9fX55m9UJ2ZyPGfPXcFYWHBmJuSJE5my2Qyj78oQPSmWbhgNqbFRkEb5PhQGmcmco4koudnMpnw/eFTGBoyYuuWbPT09Ik5b6W3+FDJjOWp+OrgMeRcvok5sxPRbxhATs4NREeFS55ifynnJkpKKrFv7xbxgZsAIJcLUKutk6NHj57F4OAQUlNTEBqihdlswd2S++jo6MT2rWsAAFVVtcjOXirZ1/nzZuFWYSmOHjuLjIxUyAUBBbdK0N9nQGrqaP/2K9cK8eBBLdIXz0NEeCjkcgHl9x+iuroOHxzYIT4Y870Ex/YhfX0GmEwmDAwMwGy2QK/vgUwmg7+/deIhv6AYxcX3kZY2F1FR4VB6e6G2rgFFt8uwaePKl/xfh4jeFHlXbuHho8dYnDYPUZFh8PJSoLOrG9evFyE8PARTo0erT5ub21BZVYMPDri+k7G7uxcWiwUmowlDggC9vgcKhQIqlfX7VfXDxzhx8hIWLpiDuLhoqPx8Ud/QjNy8AmRmpInbOXM2D7GxUZiVnDDhc9REt000UQo4VOpx5Og5oydRq/0cKiQ1TqoI/P3V8LPdhiaXC/D3V0OtslZWqFV++OCDd5CTcxNffX0MgiAgPm4q5s+bCblcgEajgmrMZKO/vwpDQ9bqKZlMhv37tuHEyRz87vdfQqsNxLo1Gejt7YOf7Y+oWuWHjz/ciZzcfBw8eBym4WGEBGuRmpoifrDPWJ4KXUcXvjp4HGmpKWIfMemxqaBSSStCxk6e+vr6QKNRi1Uo8+bOhMEwgGPHzsFsNmNmcgJWrVyCiorRahR/f7XT6ovQkClYvzYTN/LvIO/KLSxcMBtr1yyX/PxUfr7w91c7VL0EBGjE/xbPOv7evn7cr3gIi8WC//3v/yU5ln/5zcce9/9rojeFl+3LgH2PQtgeyGBPrfKDWqMSY3+NGgGBGmCC50g/Px+o1SpJ6w6Vyjrxan9uUal8Jbf7BgRo4O+veQVHTvTma2hoQX2D9YGQY3uMBwb64x9+tR+w9cbbu2cLcnPzUVhUBh+lNxIT4ySfM4aGjLhTfA8mkwkHv/lRsi1BEPCrX+5DYKA/9u3ditt37qGoqAy6zi7I5XJERobhwPvbERwcBJ2uC909vZKJWQDw9vbCgfe34+KlG/ju0AkAwNToCBw4sEPyGWvdmgwETwlC2b0q5F0phEwGRISHYv++bYiOCkdxcTliYiIdKqyMRhP++Ok3kj6rf/jTNwCAPe9txvT4GKzISkdoaDCKispwM78Yw8NmBE8JxJbNq5AyJ+mF/3sQ0Ztp/bpMhBRrca+8Grl5+RgeNiMw0B9JifHIWL5I8j3jfsUjJCcnSCZVx3r8uBHffvezZFlVVQ3kcjn+5TcfQ6n0RvLM6fDyUqCoqAylZZUwGo3QBgVizerlWDB/lvi6xsZW8QLVRM9RE9020UTJFu27JanDk43pcMiYsTvH17+wPjzAvhrV+u/RNS0Wi101K6w3L1js/2e/bOT11njQKCA6YmKVRxPV0Kx/6dskIqJRPM8SvZnc6XfzfsVD1NbWY/OmVa9k+2fPXUFUVDhS5iS+ku0T0ZvtRc+X/YYB/PZ3X+Df/vXXL3W/yH28ir/JDc16KL3Mtsl6me0uS9jFo3de2i+Dwx2Z1vkc+0n/kX8PDfZPev8Ujr0iLZBBBgtcVO4xz7yb5ImIiIiI/tpmJSdgVnLCK9v+hvVZr2zbROT+vBQKBAX5T2BNIs8hYKQnpF0VngVjYuaZd+M8EREREREREVl5eSnw67/f/7p3g+iNImCkAtVa/ArGjD0tJiIiIiIiIiIiGo9YgQpbZR5jxp4WExERERERERERjUfyKOixPSEZM/akmIiIiIiIiIiIaCzJBOrYnpCMGXtSTERERERERERENJbgbOGz6vKYZ96d80RERERERERERCOcTqA+qy6PeebdOU9ERERERERERDRCcJhNYszYk2IiIiIiIiIiIiIXBIf7mRkz9qSYiIiIiIiIiIjIhdFb+C3jjMwz7wl5IiIiIiIiIiIiJ0YnUGXjjMwz7wl5IiIiIiIiIiIiJwSLxVaKNzJYpKV5zDPvznkiIiIiIiIiIiJXBJlMZp1cslXkyWTS0jzmmXfnPBERERERERERkSvWClTZaGWeZUylHvPMu3OeiIiIiIiIiIjIFWGkIm+kUk82plKPeebdOU9EREREREREROSKMH6lnpOReebdLE9EREREREREROSKIJPJYLFIK/UYM/aUmIiIiIiIiIiIyBWFxWKxTSpx5Oh549uqoVn/uneBiMit8TxL9Gbi7yYR0cTwfEn0cinsK/I4cvS08W0VHRHwuneBiMhtNTTreZ4legPxd5OIaGJ4vqRXzRMn6AVrJR7AkaMnjkRERERERERERK4IgP1tzYBsTMw88+6dJyIiIiIiIiIiGp8AjEwm2SrzxsTMM+/eeSIiIiIiIiIiovEJIxV50ko9y2ilHvPMu3GeiIiIiIiIiIjIFWGkIk9aqScbrdRjnnk3zhMREREREREREbkijK3MwzMq95hn3r3yRERERERERERE4xPGVubhGZV7zDPvXnkiIiIiIiIiIqLxiRWoHDl65khERERERERERDQ+AbBOJsG+Ym9MzDzz7psnIiIiIiIiIiIan2AdpBV5Foyt0GOeeXfOExEREREREREROScAECvyrJV6GFO5xzzz7p0nIiIiIiIiIiIajwCxIg+2SSWMqdxjnnn3zhMREREREREREY3Hdgu/fWUexlTuMc+8u+eJiIiIiIiIiIics+uB+uZVBjLP/F8nT0RERERERERE5JykApUjR88ciYiIiIiIiGhERcXD170LRG8UhXUY2xOSI0dPGomIiIiIiIgIAAwDgzj+0wUkJye87l0heqU++uijcXNfffWVJBYskjkkGRgz9qSYiIiIiOh1O3vuCsrLq1/Z9v/ns8Po7u59ZdsnIvdikX5xJnJbYydJXS1XyCRzSBYwZuxJsSe5eq0IV68VSpb5+fogLCwYmRlpiI4Of2nvVVhUisbGVuzYvtZp/re/+wL9hgGX20hdlIJ1azNw9NhZxE2bioULZ7+0/SMietmMRhP+8MeD2PnOesTERI67Xm5eAXS6Lux8Zz0A4OKl62hsasNHH7zzSvfv8y+OID4+BitXpL/S9yF6U5Xfr8atwlK0t3dAJpMhIiIUK1ekIzpK+vnnSX0TcvMK0Nr6FAqFAokzpiE7exl8fZTiOk1Nrbh2/TbqG5phMpmg1QZicdo8zJs7U1zHaDSh+G457pVXo7NTj+FhM0JDtFi2dCESE+Mk72k2m1F+vxqLFs0BAOj1Pbh0+Sbq6howPDyM6OhwrM5ehtCQKeJrXH2WWp29FOmL54/ub3Mbevv6odGoXuoxEpH76dB1Icd2/oHtXBMfH4PMjFQEBQX8/+2d+VMUaZrHP1QVFFUgt9xYXOKt0ILihQfaggJOe7Tt2q3tbG9Pu3P9IRsT+8PO7ETM7nR0255t26ioraigoiKKCnhwyaFcJSXFTUGd8wNFSlKl2xraO8r7iSAy3vfNN/PNDPKpzO/7PM8LwI/556ipbXTbPzFRx8dbN8jq2tqfcu7cFXS6KDLXLHXp83Ns3kRqaxspv3OfZ8+MmEwjBAT4MX/eDJakp0iLR5uGR/ivP+/DarW69M9en0FKivi+FIzy7bffyjxRXySqqhwO8PAA+dYDh8Phpl60i/b3q30y0dfXT2xsNHm5maMVDhgcHOJOxUMOHj7Jnt1bmTo16I2ca2Bg6KVeDv/2xSeYzWapfOjIKZKmx7Lwg7lSna/v6Et+f/8g/QPCY0IgEPxzY7FaGTINc/zkBX7/28+kl/fxGLt7uV56RybYJMTrCA4OfOvjW7BgFiG/wHkEgn9GiopLuf+gniXpyUSEL8NisXKj7C6HDhew96ud+PpoAdA/fcahwwWkpc4n68MMhkzDFBWX8v33p9m9azMAjxoek3+8kNSF80hLnY+nl4rq6kecPlOMj1ZDYqIOgBtld2lv72RR2nyCggKw2Wzcf1DPDz+e5Ytff0xo6HNhoKm5Fa1Ww9SQICwWK/sPniAkOJDt2zagUCi5VV7F/gMn+PKL7dL70cR3KYDOzi6O5Z8jMjJMVl9b20jS9Fg8PDze6DUKBIL3i4HBIfZ9l09YWAjbtmTj5+fLwOAQd+8+ZN93+fzxD58DsHHDalavSpf1tVptfP3NUSIjntsfh8PBhYvXuVvxAKvVxlQ3gujPtXnjaWxq4VrpHebNncGK5al4qlS0tHZQfOkGXl6epC6cB4B5xIzVauWT7TkEBwXIjjE2oSQQjDEmor5IPGW8B6p868B9vWgX7e9X+2RDpVRKHwkAvr5astdn0Naqp6a24Y0JqP8XPj4afHw0UlmhUODt7S3NagoEAsG7SnCQP5VVNSQvmOXSdrHoOnGx0Vgszz0h4uKif5FxjZ+gEggmG4sXJ5OxYhEqlVKqi4oK40//+XceN7cxZ850AK5eKycxQcea1Uuk/bZtyeYvf93Po4bHJCboiNVF8e97P8VH+/w9JjoqnNY2PXX1TZK4uGJ5mss4YqIjqKqqxvDMKBNQ6+qamDkjHoCKympsNhtbNmdJ483NWcP/fv09ZTeryFwzOraJ71IAheevkhA/jZjoCFl9bW0j69Ytf+PXKBAI3i8ePnyEwsOD7ds2oFSO2p+goACmxUTKvDjVai/Uai9Z3xtlFajVahalzZfqBodM9PT0sWf3Vi5dKXN7zp9r88YTHxdDfFyMrC4iIpSGxicYDEaX/af4+uDvP+WV74dg8vEy8RRXD9SJnnuiLMrvd1kwiqenCpvNDkBtXRN3Kx7Q0WHAYrEQFRXOhqyVkrh5vfQOPT19bMheJfXX6w0cyz/Hb/d++lbGZ7c7KCoupepeLWazBd20SDZuXC0Tg2tqGrh6/TZdXd1oNBrmzpku+1g6UXCBqMgwurp6uP+gDoVCQVrqfNJS53G28Ar19c0oFQpSU+ezYnkqOGdN//zf+9mUl0n57fs0Nj5BqVQyc2YCa9csxdNzdB0+q9XKhYvXqaltxGy2EBIcQPriFGbPHk26bjINc7HoOvX1zVisNsLDQ1i9Mp2YmAjpPH/5637ycjK5WV5Fc3MrCoWCuXOSWLd2mfhfFQjeITJWLOJEwQVmz0rEy8tTqn/ypB2TaZiZMxKoqWmQ6m/fvk9b+1MpOkCvN3DzVhWPn7QxNGQiKDCA1avTSUwYFSwMz4x8f/QMuTlrKDx/la6uHsLCQsjLzeSZwUjx5Rv09PQTFhpMXm4mQU6Pi/zjhcTFxbgVdgWC953xQuAYnp4qFAoP6Tl1OBw0N7eyIWuVbL8pU3yIjgqnqamFxAQdKpUKlUrlcjy1Wi175idiGh7h1q1KpkzxlX34OxwO6uqa2LZtNOS1qamF6YmxMrHXw8ODmTPiqa1rAlzFBJxh+Q2NT/jXX38sqzc8MzI4ZCIuNvqtX6NAIHi3sdlsqL3Vkng6Hnc2YYzh4RGul94hY0WazEb4+mjZtjX7ped8XZs3HovFSkPDY/QdBjLcTF4JBG8K1XMxCckzT5RFebKUJztms4XKqmraOzqlfDT19U3MnJFA1ocZKJUKzp2/yqnTxXz26a/AGVI/MTx/cMhEb28/drsdhULxxsd5o6yCZUsXsmf3FkymYfJPFFJUVCoJDs3NrRw/eYH1H64gKSmObmMvp38qxtjdy9bNWaPj7hvk/MNrrF+3gr1f7eTx4zbyjxdy/0Ed6YuTWbd2Oc1NrRw/eZ64uGiio8Kx2ez09w9w7NhZsrNWsjF7FYZnRgpOFXGy4AJbnMe+UnKL9o5Odn+2GV9fLU9a2qmufiQJqD8cO4uHhwc7d25C462msqqGA4dO8vmuzYSHT8Vms9PXN8CP+efIcp6nQ2/g6A9nCAsLEfnGBIJ3CD8/X2bNTOB66R1ZvtELF6+xbu1yOvQG2f59/QP09PRJ5abmVoKC/FmyJAWtVkNlZTX5xwv5w+92o1Z7MTQ0TG9vPyVXy9mUtxZvtZrjJ89z+MgpfH21bN2cjZeXivwT5zlXWMKOT3LBmV+st7cPgUAwSv2jZpRKpZQDfmhoGLPZQlCQazRMYKAf3T0vfn4GB020tHSwZHGKS9u+7/Jp7+jEbrej1WrYsT0HjcZbam9t1aNQKoiMCAWgu7sXnc41j3JAgL/MVkykuPgGc2ZPJyxUHiJbW9tIYqIOhULB4KDprVyjQCB4P5iRFMeVklucKywhNXWeS9j7iyi9cRe12ouU5FfPKfq6Ng9nXvmymxWSI1BebiZRUa7rejxqeMzpM8V0GXvQajUkL5hF+uJk4aQieGVekANVbMV2cmwnGw2NT/iPP/0PMHoPrFZktca5AAAFA0lEQVQrfn6+5OaskT4gcjaukfVJS53PgYMnnN67/z83LVYXRcaK0dlEf/8ppCTP4fad+1J7ydVykpNnkZI8G5yeJrk5mXzz7TGedXVLef9idVHSYlSzZiZwKdCf4KAAySNr9uxEii/foLVVL8tRmJIyh5kzE8AZwpa9PoODhwvo7e3H338KXcYedNMiCQz0AyAhfhoJ8dMAaH7cRmubnt//bpfkMbt8WSptbU8pvXGXj371oXSexYuTpRC++LgY4mJjaGlpFwKqQPCOsXTpQv72t0OkJM/G338KVfdq8PHREhMT4SKgTmRJulycSF+czOUrN9E/fYZu3OJUqzIWMTVkNO3KB8lzOFFwgc0frSc4ePRjJyV5NmfPXXkr1ycQvOsMDpooPH+VpUs+kMTMsXyi7rysVJ4qrFab22M5HA5OnS5CNy3SbUqOrVuyMJlGGBwaorKyhsNHTrHn8634+fkCUFPbyIykeGn/EbPF7Rg8PVWy9B/jqatrokNvYFPeWpe22tpGli9LfavXKBAI3g+CggL4fNdmSq6V8/evj+KpUhIVHc6MpHjmzU1y6ygzMDDIrfIqsrNWoVS+uiPN69i8MZYtXci8uTMYMZtpbm7lzE+X8fZWS1E7Y1TdqyFjxSIC/P1oae3g0uUyzGYzKzPEwpqCV0OWA3W8qCTKojwZypONaTER40LvPdBqvV3y1zQ2tXC34iFdXd047A66jD3gTAw+FrL+SxMWFiIra7XemM0Wqdxp6JJWrh0jMiIUpVKJXm+QBNSQEPkCKhpvtWudxtvlx3riitpjYrPBYMTffwrJ82dx/OR5+gcGmRYdiU4XJYkYnZ1dBAX6y9INAMTERFBZVS2rC53gNaLRyK9TIBC8G2i81aSmzqOouJScjWu4fOWmy4q0L6LL2ENZWQV6vQGz0xY5HA4sFrktGL/wlLdmdOXs8YtEabxdbZlAIBgNNT18pIDoqHDZhMXYO46758ZqsaJ+Qej66TPF9PT2sevTj9y2a7UatFoNwcGjeQS//uYHym/fk3KQ1tU3ySavXyQaWCxWl3c2nPbh0uUykpNnERDgJ2vr7e2ny9hLvHNS921do0AgeH8ICwth6+Ys7HY7nQYjT560c6XkFlX3ati5I89FRC25Wk5goD9znbmkX5VXtXkT+459c0VGhDI0NEzJ1VuSgOrn58uG7FXMnZMkpQiIiJgqLSQoBFTBq6JwOFWk5555oizKk6c82fD09CQw0N/55+fyo9Rp6OLwkVMkTY9lz+6t/ObLHezZvQV4fu9wc9/sdvtbHbfb2cxxCrjVanM7BoXCQyaUu5s1VSjc/SPI1XW7TX5s6TjOrtOnx7L3N/9CXGwMHfpO9u3P50TBBefYrNjcjE2pVLiI+O7GNwl1foHgvWBR2gJaWjo4euwnYqIjXCaC3GG32zlw4ARKlZJPtufw1Zc7+OrLHaOeGT/DXri3ZwKBYIyRETMHDxcQEOBHXm6mLLLGx0eLSqXC2N3j0s9o7CUgwDXs/aezl2lt1bNzxyZZWP7LmBoShNHYC86cx2azhWkxzxd9Cgz0o7u716Vfd3ePi0AKUHWvlt6+fsnLdDw1tY3Ex8VIwukvdY0CgeDdR6FQEB4WwqK0+ezckUtLSwdtbU9l+xiNPVRUVrN6ZfprRyq+qs17GaGhz+0rzlyqyQtmyfKrAkRHhTEyYmZ4eOS1xiyYvPwDUTy27b6ctW8AAAAASUVORK5CYII=' />]]>
  </system-out>
</testsuite> <!-- org.automation.tests.vendorportal.VendorPortalTest -->
