<?xml version="1.0" encoding="UTF-8"?>
<!-- Generated by org.testng.reporters.JUnitReportReporter -->
<testsuite hostname="61395a617671" failures="0" tests="6" name="org.automation.tests.vendorportal.VendorPortalTest" time="10.585" errors="0" timestamp="2024-10-02T02:44:19 GMT" skipped="0">
  <testcase classname="org.automation.tests.vendorportal.VendorPortalTest" name="dashboardTest" time="2.612"/>
  <testcase classname="org.automation.tests.vendorportal.VendorPortalTest" name="logoutTest" time="2.159"/>
  <testcase classname="org.automation.tests.vendorportal.VendorPortalTest" name="loginTest" time="1.078"/>
  <testcase classname="org.automation.tests.vendorportal.VendorPortalTest" name="logoutTest" time="1.057"/>
  <testcase classname="org.automation.tests.vendorportal.VendorPortalTest" name="dashboardTest" time="2.604"/>
  <testcase classname="org.automation.tests.vendorportal.VendorPortalTest" name="loginTest" time="1.075"/>
</testsuite> <!-- org.automation.tests.vendorportal.VendorPortalTest -->
