<?xml version="1.0" encoding="UTF-8"?>
<!-- Generated by org.testng.reporters.JUnitReportReporter -->
<testsuite hostname="0970fe2d3d21" failures="0" tests="6" name="org.automation.tests.vendorportal.VendorPortalTest" time="10.841" errors="0" timestamp="2024-10-02T05:26:37 GMT" skipped="0">
  <testcase classname="org.automation.tests.vendorportal.VendorPortalTest" name="logoutTest" time="0.944"/>
  <testcase classname="org.automation.tests.vendorportal.VendorPortalTest" name="dashboardTest" time="3.520"/>
  <testcase classname="org.automation.tests.vendorportal.VendorPortalTest" name="loginTest" time="1.033"/>
  <testcase classname="org.automation.tests.vendorportal.VendorPortalTest" name="dashboardTest" time="2.846"/>
  <testcase classname="org.automation.tests.vendorportal.VendorPortalTest" name="logoutTest" time="1.471"/>
  <testcase classname="org.automation.tests.vendorportal.VendorPortalTest" name="loginTest" time="1.027"/>
</testsuite> <!-- org.automation.tests.vendorportal.VendorPortalTest -->
