<?xml version="1.0" encoding="UTF-8"?>
<!-- Generated by org.testng.reporters.JUnitReportReporter -->
<testsuite hostname="98c07ece0de6" failures="0" tests="10" name="org.automation.tests.flightreservation.FlightReservationTest" time="15.347" errors="0" timestamp="2024-10-02T05:12:58 GMT" skipped="0">
  <testcase classname="org.automation.tests.flightreservation.FlightReservationTest" name="userRegistrationTest" time="1.656"/>
  <testcase classname="org.automation.tests.flightreservation.FlightReservationTest" name="flightReservationConfirmationTest" time="0.681"/>
  <testcase classname="org.automation.tests.flightreservation.FlightReservationTest" name="registrationConfirmationTest" time="1.793"/>
  <testcase classname="org.automation.tests.flightreservation.FlightReservationTest" name="flightSelectionTest" time="1.320"/>
  <testcase classname="org.automation.tests.flightreservation.FlightReservationTest" name="flightsSearchTest" time="1.938"/>
  <testcase classname="org.automation.tests.flightreservation.FlightReservationTest" name="userRegistrationTest" time="1.697"/>
  <testcase classname="org.automation.tests.flightreservation.FlightReservationTest" name="registrationConfirmationTest" time="1.265"/>
  <testcase classname="org.automation.tests.flightreservation.FlightReservationTest" name="flightSelectionTest" time="0.821"/>
  <testcase classname="org.automation.tests.flightreservation.FlightReservationTest" name="flightReservationConfirmationTest" time="2.265"/>
  <testcase classname="org.automation.tests.flightreservation.FlightReservationTest" name="flightsSearchTest" time="1.911"/>
</testsuite> <!-- org.automation.tests.flightreservation.FlightReservationTest -->
