<?xml version="1.0" encoding="UTF-8"?>
<!-- Generated by org.testng.reporters.JUnitReportReporter -->
<testsuite hostname="95a364372e12" failures="0" tests="10" name="org.automation.tests.flightreservation.FlightReservationTest" time="20.301" errors="0" timestamp="2024-10-02T05:26:42 GMT" skipped="0">
  <testcase classname="org.automation.tests.flightreservation.FlightReservationTest" name="userRegistrationTest" time="1.534"/>
  <testcase classname="org.automation.tests.flightreservation.FlightReservationTest" name="flightsSearchTest" time="1.942"/>
  <testcase classname="org.automation.tests.flightreservation.FlightReservationTest" name="flightSelectionTest" time="1.841"/>
  <testcase classname="org.automation.tests.flightreservation.FlightReservationTest" name="userRegistrationTest" time="1.584"/>
  <testcase classname="org.automation.tests.flightreservation.FlightReservationTest" name="flightsSearchTest" time="1.857"/>
  <testcase classname="org.automation.tests.flightreservation.FlightReservationTest" name="flightReservationConfirmationTest" time="2.274"/>
  <testcase classname="org.automation.tests.flightreservation.FlightReservationTest" name="flightReservationConfirmationTest" time="2.244"/>
  <testcase classname="org.automation.tests.flightreservation.FlightReservationTest" name="registrationConfirmationTest" time="2.336"/>
  <testcase classname="org.automation.tests.flightreservation.FlightReservationTest" name="flightSelectionTest" time="2.912"/>
  <testcase classname="org.automation.tests.flightreservation.FlightReservationTest" name="registrationConfirmationTest" time="1.777"/>
</testsuite> <!-- org.automation.tests.flightreservation.FlightReservationTest -->
